[2025-12-26T00:01:30.869+0000] {processor.py:161} INFO - Started process (PID=733) to work on /opt/airflow/dags/weather_etl_dag.py
[2025-12-26T00:01:30.869+0000] {processor.py:830} INFO - Processing file /opt/airflow/dags/weather_etl_dag.py for tasks to queue
[2025-12-26T00:01:30.870+0000] {logging_mixin.py:188} INFO - [2025-12-26T00:01:30.870+0000] {dagbag.py:545} INFO - Filling up the DagBag from /opt/airflow/dags/weather_etl_dag.py
[2025-12-26T00:01:30.877+0000] {processor.py:840} INFO - DAG(s) 'weather_pipeline' retrieved from /opt/airflow/dags/weather_etl_dag.py
[2025-12-26T00:01:30.890+0000] {logging_mixin.py:188} INFO - [2025-12-26T00:01:30.890+0000] {dag.py:3096} INFO - Sync 1 DAGs
[2025-12-26T00:01:30.900+0000] {logging_mixin.py:188} INFO - [2025-12-26T00:01:30.900+0000] {dag.py:3954} INFO - Setting next_dagrun for weather_pipeline to 2025-12-25 00:00:00+00:00, run_after=2025-12-26 00:00:00+00:00
[2025-12-26T00:01:30.907+0000] {processor.py:183} INFO - Processing /opt/airflow/dags/weather_etl_dag.py took 0.042 seconds
[2025-12-26T00:19:03.421+0000] {processor.py:161} INFO - Started process (PID=738) to work on /opt/airflow/dags/weather_etl_dag.py
[2025-12-26T00:19:03.421+0000] {processor.py:830} INFO - Processing file /opt/airflow/dags/weather_etl_dag.py for tasks to queue
[2025-12-26T00:19:03.422+0000] {logging_mixin.py:188} INFO - [2025-12-26T00:19:03.422+0000] {dagbag.py:545} INFO - Filling up the DagBag from /opt/airflow/dags/weather_etl_dag.py
[2025-12-26T00:19:03.429+0000] {processor.py:840} INFO - DAG(s) 'weather_pipeline' retrieved from /opt/airflow/dags/weather_etl_dag.py
[2025-12-26T00:19:03.444+0000] {logging_mixin.py:188} INFO - [2025-12-26T00:19:03.444+0000] {dag.py:3096} INFO - Sync 1 DAGs
[2025-12-26T00:19:03.457+0000] {logging_mixin.py:188} INFO - [2025-12-26T00:19:03.457+0000] {dag.py:3954} INFO - Setting next_dagrun for weather_pipeline to 2025-12-25 00:00:00+00:00, run_after=2025-12-26 00:00:00+00:00
[2025-12-26T00:19:03.466+0000] {processor.py:183} INFO - Processing /opt/airflow/dags/weather_etl_dag.py took 0.049 seconds
[2025-12-26T00:19:33.736+0000] {processor.py:161} INFO - Started process (PID=743) to work on /opt/airflow/dags/weather_etl_dag.py
[2025-12-26T00:19:33.737+0000] {processor.py:830} INFO - Processing file /opt/airflow/dags/weather_etl_dag.py for tasks to queue
[2025-12-26T00:19:33.738+0000] {logging_mixin.py:188} INFO - [2025-12-26T00:19:33.738+0000] {dagbag.py:545} INFO - Filling up the DagBag from /opt/airflow/dags/weather_etl_dag.py
[2025-12-26T00:19:33.749+0000] {processor.py:840} INFO - DAG(s) 'weather_pipeline' retrieved from /opt/airflow/dags/weather_etl_dag.py
[2025-12-26T00:19:33.767+0000] {logging_mixin.py:188} INFO - [2025-12-26T00:19:33.767+0000] {dag.py:3096} INFO - Sync 1 DAGs
[2025-12-26T00:19:33.777+0000] {logging_mixin.py:188} INFO - [2025-12-26T00:19:33.777+0000] {dag.py:3954} INFO - Setting next_dagrun for weather_pipeline to 2025-12-25 00:00:00+00:00, run_after=2025-12-26 00:00:00+00:00
[2025-12-26T00:19:33.784+0000] {processor.py:183} INFO - Processing /opt/airflow/dags/weather_etl_dag.py took 0.053 seconds
[2025-12-26T00:20:04.044+0000] {processor.py:161} INFO - Started process (PID=748) to work on /opt/airflow/dags/weather_etl_dag.py
[2025-12-26T00:20:04.045+0000] {processor.py:830} INFO - Processing file /opt/airflow/dags/weather_etl_dag.py for tasks to queue
[2025-12-26T00:20:04.045+0000] {logging_mixin.py:188} INFO - [2025-12-26T00:20:04.045+0000] {dagbag.py:545} INFO - Filling up the DagBag from /opt/airflow/dags/weather_etl_dag.py
[2025-12-26T00:20:04.055+0000] {processor.py:840} INFO - DAG(s) 'weather_pipeline' retrieved from /opt/airflow/dags/weather_etl_dag.py
[2025-12-26T00:20:04.073+0000] {logging_mixin.py:188} INFO - [2025-12-26T00:20:04.073+0000] {dag.py:3096} INFO - Sync 1 DAGs
[2025-12-26T00:20:04.082+0000] {logging_mixin.py:188} INFO - [2025-12-26T00:20:04.082+0000] {dag.py:3954} INFO - Setting next_dagrun for weather_pipeline to 2025-12-25 00:00:00+00:00, run_after=2025-12-26 00:00:00+00:00
[2025-12-26T00:20:04.089+0000] {processor.py:183} INFO - Processing /opt/airflow/dags/weather_etl_dag.py took 0.049 seconds
[2025-12-26T00:20:34.326+0000] {processor.py:161} INFO - Started process (PID=753) to work on /opt/airflow/dags/weather_etl_dag.py
[2025-12-26T00:20:34.327+0000] {processor.py:830} INFO - Processing file /opt/airflow/dags/weather_etl_dag.py for tasks to queue
[2025-12-26T00:20:34.328+0000] {logging_mixin.py:188} INFO - [2025-12-26T00:20:34.327+0000] {dagbag.py:545} INFO - Filling up the DagBag from /opt/airflow/dags/weather_etl_dag.py
[2025-12-26T00:20:34.338+0000] {processor.py:840} INFO - DAG(s) 'weather_pipeline' retrieved from /opt/airflow/dags/weather_etl_dag.py
[2025-12-26T00:20:34.355+0000] {logging_mixin.py:188} INFO - [2025-12-26T00:20:34.355+0000] {dag.py:3096} INFO - Sync 1 DAGs
[2025-12-26T00:20:34.365+0000] {logging_mixin.py:188} INFO - [2025-12-26T00:20:34.365+0000] {dag.py:3954} INFO - Setting next_dagrun for weather_pipeline to 2025-12-25 00:00:00+00:00, run_after=2025-12-26 00:00:00+00:00
[2025-12-26T00:20:34.372+0000] {processor.py:183} INFO - Processing /opt/airflow/dags/weather_etl_dag.py took 0.052 seconds
[2025-12-26T00:21:04.628+0000] {processor.py:161} INFO - Started process (PID=758) to work on /opt/airflow/dags/weather_etl_dag.py
[2025-12-26T00:21:04.629+0000] {processor.py:830} INFO - Processing file /opt/airflow/dags/weather_etl_dag.py for tasks to queue
[2025-12-26T00:21:04.630+0000] {logging_mixin.py:188} INFO - [2025-12-26T00:21:04.630+0000] {dagbag.py:545} INFO - Filling up the DagBag from /opt/airflow/dags/weather_etl_dag.py
[2025-12-26T00:21:04.640+0000] {processor.py:840} INFO - DAG(s) 'weather_pipeline' retrieved from /opt/airflow/dags/weather_etl_dag.py
[2025-12-26T00:21:04.658+0000] {logging_mixin.py:188} INFO - [2025-12-26T00:21:04.658+0000] {dag.py:3096} INFO - Sync 1 DAGs
[2025-12-26T00:21:04.667+0000] {logging_mixin.py:188} INFO - [2025-12-26T00:21:04.667+0000] {dag.py:3954} INFO - Setting next_dagrun for weather_pipeline to 2025-12-25 00:00:00+00:00, run_after=2025-12-26 00:00:00+00:00
[2025-12-26T00:21:04.674+0000] {processor.py:183} INFO - Processing /opt/airflow/dags/weather_etl_dag.py took 0.051 seconds
[2025-12-26T00:21:34.933+0000] {processor.py:161} INFO - Started process (PID=763) to work on /opt/airflow/dags/weather_etl_dag.py
[2025-12-26T00:21:34.934+0000] {processor.py:830} INFO - Processing file /opt/airflow/dags/weather_etl_dag.py for tasks to queue
[2025-12-26T00:21:34.934+0000] {logging_mixin.py:188} INFO - [2025-12-26T00:21:34.934+0000] {dagbag.py:545} INFO - Filling up the DagBag from /opt/airflow/dags/weather_etl_dag.py
[2025-12-26T00:21:34.945+0000] {processor.py:840} INFO - DAG(s) 'weather_pipeline' retrieved from /opt/airflow/dags/weather_etl_dag.py
[2025-12-26T00:21:34.962+0000] {logging_mixin.py:188} INFO - [2025-12-26T00:21:34.962+0000] {dag.py:3096} INFO - Sync 1 DAGs
[2025-12-26T00:21:34.971+0000] {logging_mixin.py:188} INFO - [2025-12-26T00:21:34.971+0000] {dag.py:3954} INFO - Setting next_dagrun for weather_pipeline to 2025-12-25 00:00:00+00:00, run_after=2025-12-26 00:00:00+00:00
[2025-12-26T00:21:34.978+0000] {processor.py:183} INFO - Processing /opt/airflow/dags/weather_etl_dag.py took 0.050 seconds
[2025-12-26T00:22:05.238+0000] {processor.py:161} INFO - Started process (PID=768) to work on /opt/airflow/dags/weather_etl_dag.py
[2025-12-26T00:22:05.239+0000] {processor.py:830} INFO - Processing file /opt/airflow/dags/weather_etl_dag.py for tasks to queue
[2025-12-26T00:22:05.239+0000] {logging_mixin.py:188} INFO - [2025-12-26T00:22:05.239+0000] {dagbag.py:545} INFO - Filling up the DagBag from /opt/airflow/dags/weather_etl_dag.py
[2025-12-26T00:22:05.250+0000] {processor.py:840} INFO - DAG(s) 'weather_pipeline' retrieved from /opt/airflow/dags/weather_etl_dag.py
[2025-12-26T00:22:05.268+0000] {logging_mixin.py:188} INFO - [2025-12-26T00:22:05.268+0000] {dag.py:3096} INFO - Sync 1 DAGs
[2025-12-26T00:22:05.278+0000] {logging_mixin.py:188} INFO - [2025-12-26T00:22:05.278+0000] {dag.py:3954} INFO - Setting next_dagrun for weather_pipeline to 2025-12-25 00:00:00+00:00, run_after=2025-12-26 00:00:00+00:00
[2025-12-26T00:22:05.285+0000] {processor.py:183} INFO - Processing /opt/airflow/dags/weather_etl_dag.py took 0.053 seconds
[2025-12-26T00:22:35.542+0000] {processor.py:161} INFO - Started process (PID=773) to work on /opt/airflow/dags/weather_etl_dag.py
[2025-12-26T00:22:35.543+0000] {processor.py:830} INFO - Processing file /opt/airflow/dags/weather_etl_dag.py for tasks to queue
[2025-12-26T00:22:35.543+0000] {logging_mixin.py:188} INFO - [2025-12-26T00:22:35.543+0000] {dagbag.py:545} INFO - Filling up the DagBag from /opt/airflow/dags/weather_etl_dag.py
[2025-12-26T00:22:35.553+0000] {processor.py:840} INFO - DAG(s) 'weather_pipeline' retrieved from /opt/airflow/dags/weather_etl_dag.py
[2025-12-26T00:22:35.571+0000] {logging_mixin.py:188} INFO - [2025-12-26T00:22:35.571+0000] {dag.py:3096} INFO - Sync 1 DAGs
[2025-12-26T00:22:35.584+0000] {logging_mixin.py:188} INFO - [2025-12-26T00:22:35.583+0000] {dag.py:3954} INFO - Setting next_dagrun for weather_pipeline to 2025-12-25 00:00:00+00:00, run_after=2025-12-26 00:00:00+00:00
[2025-12-26T00:22:35.591+0000] {processor.py:183} INFO - Processing /opt/airflow/dags/weather_etl_dag.py took 0.054 seconds
[2025-12-26T00:23:05.831+0000] {processor.py:161} INFO - Started process (PID=778) to work on /opt/airflow/dags/weather_etl_dag.py
[2025-12-26T00:23:05.832+0000] {processor.py:830} INFO - Processing file /opt/airflow/dags/weather_etl_dag.py for tasks to queue
[2025-12-26T00:23:05.832+0000] {logging_mixin.py:188} INFO - [2025-12-26T00:23:05.832+0000] {dagbag.py:545} INFO - Filling up the DagBag from /opt/airflow/dags/weather_etl_dag.py
[2025-12-26T00:23:05.840+0000] {processor.py:840} INFO - DAG(s) 'weather_pipeline' retrieved from /opt/airflow/dags/weather_etl_dag.py
[2025-12-26T00:23:05.860+0000] {logging_mixin.py:188} INFO - [2025-12-26T00:23:05.860+0000] {dag.py:3096} INFO - Sync 1 DAGs
[2025-12-26T00:23:05.870+0000] {logging_mixin.py:188} INFO - [2025-12-26T00:23:05.870+0000] {dag.py:3954} INFO - Setting next_dagrun for weather_pipeline to 2025-12-25 00:00:00+00:00, run_after=2025-12-26 00:00:00+00:00
[2025-12-26T00:23:05.877+0000] {processor.py:183} INFO - Processing /opt/airflow/dags/weather_etl_dag.py took 0.051 seconds
[2025-12-26T00:23:36.165+0000] {processor.py:161} INFO - Started process (PID=783) to work on /opt/airflow/dags/weather_etl_dag.py
[2025-12-26T00:23:36.166+0000] {processor.py:830} INFO - Processing file /opt/airflow/dags/weather_etl_dag.py for tasks to queue
[2025-12-26T00:23:36.167+0000] {logging_mixin.py:188} INFO - [2025-12-26T00:23:36.167+0000] {dagbag.py:545} INFO - Filling up the DagBag from /opt/airflow/dags/weather_etl_dag.py
[2025-12-26T00:23:36.177+0000] {processor.py:840} INFO - DAG(s) 'weather_pipeline' retrieved from /opt/airflow/dags/weather_etl_dag.py
[2025-12-26T00:23:36.195+0000] {logging_mixin.py:188} INFO - [2025-12-26T00:23:36.195+0000] {dag.py:3096} INFO - Sync 1 DAGs
[2025-12-26T00:23:36.205+0000] {logging_mixin.py:188} INFO - [2025-12-26T00:23:36.205+0000] {dag.py:3954} INFO - Setting next_dagrun for weather_pipeline to 2025-12-25 00:00:00+00:00, run_after=2025-12-26 00:00:00+00:00
[2025-12-26T00:23:36.212+0000] {processor.py:183} INFO - Processing /opt/airflow/dags/weather_etl_dag.py took 0.052 seconds
[2025-12-26T00:25:03.029+0000] {processor.py:161} INFO - Started process (PID=788) to work on /opt/airflow/dags/weather_etl_dag.py
[2025-12-26T00:25:03.030+0000] {processor.py:830} INFO - Processing file /opt/airflow/dags/weather_etl_dag.py for tasks to queue
[2025-12-26T00:25:03.030+0000] {logging_mixin.py:188} INFO - [2025-12-26T00:25:03.030+0000] {dagbag.py:545} INFO - Filling up the DagBag from /opt/airflow/dags/weather_etl_dag.py
[2025-12-26T00:25:03.037+0000] {processor.py:840} INFO - DAG(s) 'weather_pipeline' retrieved from /opt/airflow/dags/weather_etl_dag.py
[2025-12-26T00:25:03.050+0000] {logging_mixin.py:188} INFO - [2025-12-26T00:25:03.050+0000] {dag.py:3096} INFO - Sync 1 DAGs
[2025-12-26T00:25:03.059+0000] {logging_mixin.py:188} INFO - [2025-12-26T00:25:03.058+0000] {dag.py:3954} INFO - Setting next_dagrun for weather_pipeline to 2025-12-25 00:00:00+00:00, run_after=2025-12-26 00:00:00+00:00
[2025-12-26T00:25:03.065+0000] {processor.py:183} INFO - Processing /opt/airflow/dags/weather_etl_dag.py took 0.039 seconds
[2025-12-26T00:25:33.343+0000] {processor.py:161} INFO - Started process (PID=793) to work on /opt/airflow/dags/weather_etl_dag.py
[2025-12-26T00:25:33.344+0000] {processor.py:830} INFO - Processing file /opt/airflow/dags/weather_etl_dag.py for tasks to queue
[2025-12-26T00:25:33.344+0000] {logging_mixin.py:188} INFO - [2025-12-26T00:25:33.344+0000] {dagbag.py:545} INFO - Filling up the DagBag from /opt/airflow/dags/weather_etl_dag.py
[2025-12-26T00:25:33.356+0000] {processor.py:840} INFO - DAG(s) 'weather_pipeline' retrieved from /opt/airflow/dags/weather_etl_dag.py
[2025-12-26T00:25:33.375+0000] {logging_mixin.py:188} INFO - [2025-12-26T00:25:33.375+0000] {dag.py:3096} INFO - Sync 1 DAGs
[2025-12-26T00:25:33.385+0000] {logging_mixin.py:188} INFO - [2025-12-26T00:25:33.385+0000] {dag.py:3954} INFO - Setting next_dagrun for weather_pipeline to 2025-12-25 00:00:00+00:00, run_after=2025-12-26 00:00:00+00:00
[2025-12-26T00:25:33.391+0000] {processor.py:183} INFO - Processing /opt/airflow/dags/weather_etl_dag.py took 0.054 seconds
[2025-12-26T00:26:03.628+0000] {processor.py:161} INFO - Started process (PID=798) to work on /opt/airflow/dags/weather_etl_dag.py
[2025-12-26T00:26:03.629+0000] {processor.py:830} INFO - Processing file /opt/airflow/dags/weather_etl_dag.py for tasks to queue
[2025-12-26T00:26:03.630+0000] {logging_mixin.py:188} INFO - [2025-12-26T00:26:03.629+0000] {dagbag.py:545} INFO - Filling up the DagBag from /opt/airflow/dags/weather_etl_dag.py
[2025-12-26T00:26:03.639+0000] {processor.py:840} INFO - DAG(s) 'weather_pipeline' retrieved from /opt/airflow/dags/weather_etl_dag.py
[2025-12-26T00:26:03.657+0000] {logging_mixin.py:188} INFO - [2025-12-26T00:26:03.657+0000] {dag.py:3096} INFO - Sync 1 DAGs
[2025-12-26T00:26:03.666+0000] {logging_mixin.py:188} INFO - [2025-12-26T00:26:03.666+0000] {dag.py:3954} INFO - Setting next_dagrun for weather_pipeline to 2025-12-25 00:00:00+00:00, run_after=2025-12-26 00:00:00+00:00
[2025-12-26T00:26:03.672+0000] {processor.py:183} INFO - Processing /opt/airflow/dags/weather_etl_dag.py took 0.049 seconds
[2025-12-26T00:26:33.914+0000] {processor.py:161} INFO - Started process (PID=803) to work on /opt/airflow/dags/weather_etl_dag.py
[2025-12-26T00:26:33.915+0000] {processor.py:830} INFO - Processing file /opt/airflow/dags/weather_etl_dag.py for tasks to queue
[2025-12-26T00:26:33.915+0000] {logging_mixin.py:188} INFO - [2025-12-26T00:26:33.915+0000] {dagbag.py:545} INFO - Filling up the DagBag from /opt/airflow/dags/weather_etl_dag.py
[2025-12-26T00:26:33.928+0000] {processor.py:840} INFO - DAG(s) 'weather_pipeline' retrieved from /opt/airflow/dags/weather_etl_dag.py
[2025-12-26T00:26:33.947+0000] {logging_mixin.py:188} INFO - [2025-12-26T00:26:33.946+0000] {dag.py:3096} INFO - Sync 1 DAGs
[2025-12-26T00:26:33.956+0000] {logging_mixin.py:188} INFO - [2025-12-26T00:26:33.956+0000] {dag.py:3954} INFO - Setting next_dagrun for weather_pipeline to 2025-12-25 00:00:00+00:00, run_after=2025-12-26 00:00:00+00:00
[2025-12-26T00:26:33.963+0000] {processor.py:183} INFO - Processing /opt/airflow/dags/weather_etl_dag.py took 0.056 seconds
[2025-12-26T00:27:04.212+0000] {processor.py:161} INFO - Started process (PID=808) to work on /opt/airflow/dags/weather_etl_dag.py
[2025-12-26T00:27:04.213+0000] {processor.py:830} INFO - Processing file /opt/airflow/dags/weather_etl_dag.py for tasks to queue
[2025-12-26T00:27:04.213+0000] {logging_mixin.py:188} INFO - [2025-12-26T00:27:04.213+0000] {dagbag.py:545} INFO - Filling up the DagBag from /opt/airflow/dags/weather_etl_dag.py
[2025-12-26T00:27:04.223+0000] {processor.py:840} INFO - DAG(s) 'weather_pipeline' retrieved from /opt/airflow/dags/weather_etl_dag.py
[2025-12-26T00:27:04.242+0000] {logging_mixin.py:188} INFO - [2025-12-26T00:27:04.241+0000] {dag.py:3096} INFO - Sync 1 DAGs
[2025-12-26T00:27:04.255+0000] {logging_mixin.py:188} INFO - [2025-12-26T00:27:04.255+0000] {dag.py:3954} INFO - Setting next_dagrun for weather_pipeline to 2025-12-25 00:00:00+00:00, run_after=2025-12-26 00:00:00+00:00
[2025-12-26T00:27:04.262+0000] {processor.py:183} INFO - Processing /opt/airflow/dags/weather_etl_dag.py took 0.057 seconds
[2025-12-26T00:27:34.514+0000] {processor.py:161} INFO - Started process (PID=813) to work on /opt/airflow/dags/weather_etl_dag.py
[2025-12-26T00:27:34.515+0000] {processor.py:830} INFO - Processing file /opt/airflow/dags/weather_etl_dag.py for tasks to queue
[2025-12-26T00:27:34.516+0000] {logging_mixin.py:188} INFO - [2025-12-26T00:27:34.515+0000] {dagbag.py:545} INFO - Filling up the DagBag from /opt/airflow/dags/weather_etl_dag.py
[2025-12-26T00:27:34.525+0000] {processor.py:840} INFO - DAG(s) 'weather_pipeline' retrieved from /opt/airflow/dags/weather_etl_dag.py
[2025-12-26T00:27:34.541+0000] {logging_mixin.py:188} INFO - [2025-12-26T00:27:34.541+0000] {dag.py:3096} INFO - Sync 1 DAGs
[2025-12-26T00:27:34.551+0000] {logging_mixin.py:188} INFO - [2025-12-26T00:27:34.551+0000] {dag.py:3954} INFO - Setting next_dagrun for weather_pipeline to 2025-12-25 00:00:00+00:00, run_after=2025-12-26 00:00:00+00:00
[2025-12-26T00:27:34.557+0000] {processor.py:183} INFO - Processing /opt/airflow/dags/weather_etl_dag.py took 0.048 seconds
[2025-12-26T00:28:04.844+0000] {processor.py:161} INFO - Started process (PID=818) to work on /opt/airflow/dags/weather_etl_dag.py
[2025-12-26T00:28:04.845+0000] {processor.py:830} INFO - Processing file /opt/airflow/dags/weather_etl_dag.py for tasks to queue
[2025-12-26T00:28:04.846+0000] {logging_mixin.py:188} INFO - [2025-12-26T00:28:04.846+0000] {dagbag.py:545} INFO - Filling up the DagBag from /opt/airflow/dags/weather_etl_dag.py
[2025-12-26T00:28:04.856+0000] {processor.py:840} INFO - DAG(s) 'weather_pipeline' retrieved from /opt/airflow/dags/weather_etl_dag.py
[2025-12-26T00:28:04.875+0000] {logging_mixin.py:188} INFO - [2025-12-26T00:28:04.875+0000] {dag.py:3096} INFO - Sync 1 DAGs
[2025-12-26T00:28:04.884+0000] {logging_mixin.py:188} INFO - [2025-12-26T00:28:04.884+0000] {dag.py:3954} INFO - Setting next_dagrun for weather_pipeline to 2025-12-25 00:00:00+00:00, run_after=2025-12-26 00:00:00+00:00
[2025-12-26T00:28:04.891+0000] {processor.py:183} INFO - Processing /opt/airflow/dags/weather_etl_dag.py took 0.052 seconds
[2025-12-26T00:28:35.145+0000] {processor.py:161} INFO - Started process (PID=823) to work on /opt/airflow/dags/weather_etl_dag.py
[2025-12-26T00:28:35.145+0000] {processor.py:830} INFO - Processing file /opt/airflow/dags/weather_etl_dag.py for tasks to queue
[2025-12-26T00:28:35.146+0000] {logging_mixin.py:188} INFO - [2025-12-26T00:28:35.146+0000] {dagbag.py:545} INFO - Filling up the DagBag from /opt/airflow/dags/weather_etl_dag.py
[2025-12-26T00:28:35.151+0000] {processor.py:840} INFO - DAG(s) 'weather_pipeline' retrieved from /opt/airflow/dags/weather_etl_dag.py
[2025-12-26T00:28:35.163+0000] {logging_mixin.py:188} INFO - [2025-12-26T00:28:35.162+0000] {dag.py:3096} INFO - Sync 1 DAGs
[2025-12-26T00:28:35.171+0000] {logging_mixin.py:188} INFO - [2025-12-26T00:28:35.171+0000] {dag.py:3954} INFO - Setting next_dagrun for weather_pipeline to 2025-12-25 00:00:00+00:00, run_after=2025-12-26 00:00:00+00:00
[2025-12-26T00:28:35.177+0000] {processor.py:183} INFO - Processing /opt/airflow/dags/weather_etl_dag.py took 0.035 seconds
[2025-12-26T00:29:05.463+0000] {processor.py:161} INFO - Started process (PID=828) to work on /opt/airflow/dags/weather_etl_dag.py
[2025-12-26T00:29:05.464+0000] {processor.py:830} INFO - Processing file /opt/airflow/dags/weather_etl_dag.py for tasks to queue
[2025-12-26T00:29:05.465+0000] {logging_mixin.py:188} INFO - [2025-12-26T00:29:05.464+0000] {dagbag.py:545} INFO - Filling up the DagBag from /opt/airflow/dags/weather_etl_dag.py
[2025-12-26T00:29:05.475+0000] {processor.py:840} INFO - DAG(s) 'weather_pipeline' retrieved from /opt/airflow/dags/weather_etl_dag.py
[2025-12-26T00:29:05.493+0000] {logging_mixin.py:188} INFO - [2025-12-26T00:29:05.493+0000] {dag.py:3096} INFO - Sync 1 DAGs
[2025-12-26T00:29:05.505+0000] {logging_mixin.py:188} INFO - [2025-12-26T00:29:05.505+0000] {dag.py:3954} INFO - Setting next_dagrun for weather_pipeline to 2025-12-25 00:00:00+00:00, run_after=2025-12-26 00:00:00+00:00
[2025-12-26T00:29:05.511+0000] {processor.py:183} INFO - Processing /opt/airflow/dags/weather_etl_dag.py took 0.054 seconds
[2025-12-26T00:29:35.726+0000] {processor.py:161} INFO - Started process (PID=833) to work on /opt/airflow/dags/weather_etl_dag.py
[2025-12-26T00:29:35.727+0000] {processor.py:830} INFO - Processing file /opt/airflow/dags/weather_etl_dag.py for tasks to queue
[2025-12-26T00:29:35.728+0000] {logging_mixin.py:188} INFO - [2025-12-26T00:29:35.727+0000] {dagbag.py:545} INFO - Filling up the DagBag from /opt/airflow/dags/weather_etl_dag.py
[2025-12-26T00:29:35.733+0000] {processor.py:840} INFO - DAG(s) 'weather_pipeline' retrieved from /opt/airflow/dags/weather_etl_dag.py
[2025-12-26T00:29:35.746+0000] {logging_mixin.py:188} INFO - [2025-12-26T00:29:35.746+0000] {dag.py:3096} INFO - Sync 1 DAGs
[2025-12-26T00:29:35.755+0000] {logging_mixin.py:188} INFO - [2025-12-26T00:29:35.755+0000] {dag.py:3954} INFO - Setting next_dagrun for weather_pipeline to 2025-12-25 00:00:00+00:00, run_after=2025-12-26 00:00:00+00:00
[2025-12-26T00:29:35.762+0000] {processor.py:183} INFO - Processing /opt/airflow/dags/weather_etl_dag.py took 0.039 seconds
[2025-12-26T00:30:06.003+0000] {processor.py:161} INFO - Started process (PID=838) to work on /opt/airflow/dags/weather_etl_dag.py
[2025-12-26T00:30:06.004+0000] {processor.py:830} INFO - Processing file /opt/airflow/dags/weather_etl_dag.py for tasks to queue
[2025-12-26T00:30:06.004+0000] {logging_mixin.py:188} INFO - [2025-12-26T00:30:06.004+0000] {dagbag.py:545} INFO - Filling up the DagBag from /opt/airflow/dags/weather_etl_dag.py
[2025-12-26T00:30:06.013+0000] {processor.py:840} INFO - DAG(s) 'weather_pipeline' retrieved from /opt/airflow/dags/weather_etl_dag.py
[2025-12-26T00:30:06.029+0000] {logging_mixin.py:188} INFO - [2025-12-26T00:30:06.029+0000] {dag.py:3096} INFO - Sync 1 DAGs
[2025-12-26T00:30:06.039+0000] {logging_mixin.py:188} INFO - [2025-12-26T00:30:06.039+0000] {dag.py:3954} INFO - Setting next_dagrun for weather_pipeline to 2025-12-25 00:00:00+00:00, run_after=2025-12-26 00:00:00+00:00
[2025-12-26T00:30:06.045+0000] {processor.py:183} INFO - Processing /opt/airflow/dags/weather_etl_dag.py took 0.046 seconds
[2025-12-26T00:30:36.275+0000] {processor.py:161} INFO - Started process (PID=843) to work on /opt/airflow/dags/weather_etl_dag.py
[2025-12-26T00:30:36.276+0000] {processor.py:830} INFO - Processing file /opt/airflow/dags/weather_etl_dag.py for tasks to queue
[2025-12-26T00:30:36.277+0000] {logging_mixin.py:188} INFO - [2025-12-26T00:30:36.276+0000] {dagbag.py:545} INFO - Filling up the DagBag from /opt/airflow/dags/weather_etl_dag.py
[2025-12-26T00:30:36.283+0000] {processor.py:840} INFO - DAG(s) 'weather_pipeline' retrieved from /opt/airflow/dags/weather_etl_dag.py
[2025-12-26T00:30:36.299+0000] {logging_mixin.py:188} INFO - [2025-12-26T00:30:36.299+0000] {dag.py:3096} INFO - Sync 1 DAGs
[2025-12-26T00:30:36.310+0000] {logging_mixin.py:188} INFO - [2025-12-26T00:30:36.310+0000] {dag.py:3954} INFO - Setting next_dagrun for weather_pipeline to 2025-12-25 00:00:00+00:00, run_after=2025-12-26 00:00:00+00:00
[2025-12-26T00:30:36.318+0000] {processor.py:183} INFO - Processing /opt/airflow/dags/weather_etl_dag.py took 0.047 seconds
[2025-12-26T00:31:06.616+0000] {processor.py:161} INFO - Started process (PID=848) to work on /opt/airflow/dags/weather_etl_dag.py
[2025-12-26T00:31:06.617+0000] {processor.py:830} INFO - Processing file /opt/airflow/dags/weather_etl_dag.py for tasks to queue
[2025-12-26T00:31:06.618+0000] {logging_mixin.py:188} INFO - [2025-12-26T00:31:06.617+0000] {dagbag.py:545} INFO - Filling up the DagBag from /opt/airflow/dags/weather_etl_dag.py
[2025-12-26T00:31:06.628+0000] {processor.py:840} INFO - DAG(s) 'weather_pipeline' retrieved from /opt/airflow/dags/weather_etl_dag.py
[2025-12-26T00:31:06.646+0000] {logging_mixin.py:188} INFO - [2025-12-26T00:31:06.646+0000] {dag.py:3096} INFO - Sync 1 DAGs
[2025-12-26T00:31:06.656+0000] {logging_mixin.py:188} INFO - [2025-12-26T00:31:06.656+0000] {dag.py:3954} INFO - Setting next_dagrun for weather_pipeline to 2025-12-25 00:00:00+00:00, run_after=2025-12-26 00:00:00+00:00
[2025-12-26T00:31:06.663+0000] {processor.py:183} INFO - Processing /opt/airflow/dags/weather_etl_dag.py took 0.053 seconds
[2025-12-26T00:31:36.957+0000] {processor.py:161} INFO - Started process (PID=853) to work on /opt/airflow/dags/weather_etl_dag.py
[2025-12-26T00:31:36.958+0000] {processor.py:830} INFO - Processing file /opt/airflow/dags/weather_etl_dag.py for tasks to queue
[2025-12-26T00:31:36.959+0000] {logging_mixin.py:188} INFO - [2025-12-26T00:31:36.959+0000] {dagbag.py:545} INFO - Filling up the DagBag from /opt/airflow/dags/weather_etl_dag.py
[2025-12-26T00:31:36.970+0000] {processor.py:840} INFO - DAG(s) 'weather_pipeline' retrieved from /opt/airflow/dags/weather_etl_dag.py
[2025-12-26T00:31:36.987+0000] {logging_mixin.py:188} INFO - [2025-12-26T00:31:36.987+0000] {dag.py:3096} INFO - Sync 1 DAGs
[2025-12-26T00:31:36.996+0000] {logging_mixin.py:188} INFO - [2025-12-26T00:31:36.996+0000] {dag.py:3954} INFO - Setting next_dagrun for weather_pipeline to 2025-12-25 00:00:00+00:00, run_after=2025-12-26 00:00:00+00:00
[2025-12-26T00:31:37.004+0000] {processor.py:183} INFO - Processing /opt/airflow/dags/weather_etl_dag.py took 0.052 seconds
[2025-12-26T00:32:07.260+0000] {processor.py:161} INFO - Started process (PID=858) to work on /opt/airflow/dags/weather_etl_dag.py
[2025-12-26T00:32:07.261+0000] {processor.py:830} INFO - Processing file /opt/airflow/dags/weather_etl_dag.py for tasks to queue
[2025-12-26T00:32:07.262+0000] {logging_mixin.py:188} INFO - [2025-12-26T00:32:07.262+0000] {dagbag.py:545} INFO - Filling up the DagBag from /opt/airflow/dags/weather_etl_dag.py
[2025-12-26T00:32:07.272+0000] {processor.py:840} INFO - DAG(s) 'weather_pipeline' retrieved from /opt/airflow/dags/weather_etl_dag.py
[2025-12-26T00:32:07.286+0000] {logging_mixin.py:188} INFO - [2025-12-26T00:32:07.286+0000] {dag.py:3096} INFO - Sync 1 DAGs
[2025-12-26T00:32:07.296+0000] {logging_mixin.py:188} INFO - [2025-12-26T00:32:07.296+0000] {dag.py:3954} INFO - Setting next_dagrun for weather_pipeline to 2025-12-25 00:00:00+00:00, run_after=2025-12-26 00:00:00+00:00
[2025-12-26T00:32:07.303+0000] {processor.py:183} INFO - Processing /opt/airflow/dags/weather_etl_dag.py took 0.049 seconds
[2025-12-26T00:32:37.590+0000] {processor.py:161} INFO - Started process (PID=863) to work on /opt/airflow/dags/weather_etl_dag.py
[2025-12-26T00:32:37.591+0000] {processor.py:830} INFO - Processing file /opt/airflow/dags/weather_etl_dag.py for tasks to queue
[2025-12-26T00:32:37.591+0000] {logging_mixin.py:188} INFO - [2025-12-26T00:32:37.591+0000] {dagbag.py:545} INFO - Filling up the DagBag from /opt/airflow/dags/weather_etl_dag.py
[2025-12-26T00:32:37.602+0000] {processor.py:840} INFO - DAG(s) 'weather_pipeline' retrieved from /opt/airflow/dags/weather_etl_dag.py
[2025-12-26T00:32:37.621+0000] {logging_mixin.py:188} INFO - [2025-12-26T00:32:37.620+0000] {dag.py:3096} INFO - Sync 1 DAGs
[2025-12-26T00:32:37.631+0000] {logging_mixin.py:188} INFO - [2025-12-26T00:32:37.631+0000] {dag.py:3954} INFO - Setting next_dagrun for weather_pipeline to 2025-12-25 00:00:00+00:00, run_after=2025-12-26 00:00:00+00:00
[2025-12-26T00:32:37.638+0000] {processor.py:183} INFO - Processing /opt/airflow/dags/weather_etl_dag.py took 0.054 seconds
[2025-12-26T00:33:07.904+0000] {processor.py:161} INFO - Started process (PID=868) to work on /opt/airflow/dags/weather_etl_dag.py
[2025-12-26T00:33:07.905+0000] {processor.py:830} INFO - Processing file /opt/airflow/dags/weather_etl_dag.py for tasks to queue
[2025-12-26T00:33:07.905+0000] {logging_mixin.py:188} INFO - [2025-12-26T00:33:07.905+0000] {dagbag.py:545} INFO - Filling up the DagBag from /opt/airflow/dags/weather_etl_dag.py
[2025-12-26T00:33:07.916+0000] {processor.py:840} INFO - DAG(s) 'weather_pipeline' retrieved from /opt/airflow/dags/weather_etl_dag.py
[2025-12-26T00:33:07.933+0000] {logging_mixin.py:188} INFO - [2025-12-26T00:33:07.933+0000] {dag.py:3096} INFO - Sync 1 DAGs
[2025-12-26T00:33:07.943+0000] {logging_mixin.py:188} INFO - [2025-12-26T00:33:07.943+0000] {dag.py:3954} INFO - Setting next_dagrun for weather_pipeline to 2025-12-25 00:00:00+00:00, run_after=2025-12-26 00:00:00+00:00
[2025-12-26T00:33:07.950+0000] {processor.py:183} INFO - Processing /opt/airflow/dags/weather_etl_dag.py took 0.051 seconds
[2025-12-26T00:33:38.200+0000] {processor.py:161} INFO - Started process (PID=873) to work on /opt/airflow/dags/weather_etl_dag.py
[2025-12-26T00:33:38.201+0000] {processor.py:830} INFO - Processing file /opt/airflow/dags/weather_etl_dag.py for tasks to queue
[2025-12-26T00:33:38.202+0000] {logging_mixin.py:188} INFO - [2025-12-26T00:33:38.201+0000] {dagbag.py:545} INFO - Filling up the DagBag from /opt/airflow/dags/weather_etl_dag.py
[2025-12-26T00:33:38.213+0000] {processor.py:840} INFO - DAG(s) 'weather_pipeline' retrieved from /opt/airflow/dags/weather_etl_dag.py
[2025-12-26T00:33:38.230+0000] {logging_mixin.py:188} INFO - [2025-12-26T00:33:38.230+0000] {dag.py:3096} INFO - Sync 1 DAGs
[2025-12-26T00:33:38.240+0000] {logging_mixin.py:188} INFO - [2025-12-26T00:33:38.240+0000] {dag.py:3954} INFO - Setting next_dagrun for weather_pipeline to 2025-12-25 00:00:00+00:00, run_after=2025-12-26 00:00:00+00:00
[2025-12-26T00:33:38.246+0000] {processor.py:183} INFO - Processing /opt/airflow/dags/weather_etl_dag.py took 0.052 seconds
[2025-12-26T00:34:08.487+0000] {processor.py:161} INFO - Started process (PID=878) to work on /opt/airflow/dags/weather_etl_dag.py
[2025-12-26T00:34:08.488+0000] {processor.py:830} INFO - Processing file /opt/airflow/dags/weather_etl_dag.py for tasks to queue
[2025-12-26T00:34:08.488+0000] {logging_mixin.py:188} INFO - [2025-12-26T00:34:08.488+0000] {dagbag.py:545} INFO - Filling up the DagBag from /opt/airflow/dags/weather_etl_dag.py
[2025-12-26T00:34:08.498+0000] {processor.py:840} INFO - DAG(s) 'weather_pipeline' retrieved from /opt/airflow/dags/weather_etl_dag.py
[2025-12-26T00:34:08.515+0000] {logging_mixin.py:188} INFO - [2025-12-26T00:34:08.514+0000] {dag.py:3096} INFO - Sync 1 DAGs
[2025-12-26T00:34:08.524+0000] {logging_mixin.py:188} INFO - [2025-12-26T00:34:08.524+0000] {dag.py:3954} INFO - Setting next_dagrun for weather_pipeline to 2025-12-25 00:00:00+00:00, run_after=2025-12-26 00:00:00+00:00
[2025-12-26T00:34:08.531+0000] {processor.py:183} INFO - Processing /opt/airflow/dags/weather_etl_dag.py took 0.049 seconds
[2025-12-26T00:34:38.739+0000] {processor.py:161} INFO - Started process (PID=883) to work on /opt/airflow/dags/weather_etl_dag.py
[2025-12-26T00:34:38.740+0000] {processor.py:830} INFO - Processing file /opt/airflow/dags/weather_etl_dag.py for tasks to queue
[2025-12-26T00:34:38.740+0000] {logging_mixin.py:188} INFO - [2025-12-26T00:34:38.740+0000] {dagbag.py:545} INFO - Filling up the DagBag from /opt/airflow/dags/weather_etl_dag.py
[2025-12-26T00:34:38.750+0000] {processor.py:840} INFO - DAG(s) 'weather_pipeline' retrieved from /opt/airflow/dags/weather_etl_dag.py
[2025-12-26T00:34:38.766+0000] {logging_mixin.py:188} INFO - [2025-12-26T00:34:38.766+0000] {dag.py:3096} INFO - Sync 1 DAGs
[2025-12-26T00:34:38.776+0000] {logging_mixin.py:188} INFO - [2025-12-26T00:34:38.776+0000] {dag.py:3954} INFO - Setting next_dagrun for weather_pipeline to 2025-12-25 00:00:00+00:00, run_after=2025-12-26 00:00:00+00:00
[2025-12-26T00:34:38.783+0000] {processor.py:183} INFO - Processing /opt/airflow/dags/weather_etl_dag.py took 0.049 seconds
[2025-12-26T00:35:09.012+0000] {processor.py:161} INFO - Started process (PID=888) to work on /opt/airflow/dags/weather_etl_dag.py
[2025-12-26T00:35:09.013+0000] {processor.py:830} INFO - Processing file /opt/airflow/dags/weather_etl_dag.py for tasks to queue
[2025-12-26T00:35:09.013+0000] {logging_mixin.py:188} INFO - [2025-12-26T00:35:09.013+0000] {dagbag.py:545} INFO - Filling up the DagBag from /opt/airflow/dags/weather_etl_dag.py
[2025-12-26T00:35:09.022+0000] {processor.py:840} INFO - DAG(s) 'weather_pipeline' retrieved from /opt/airflow/dags/weather_etl_dag.py
[2025-12-26T00:35:09.039+0000] {logging_mixin.py:188} INFO - [2025-12-26T00:35:09.039+0000] {dag.py:3096} INFO - Sync 1 DAGs
[2025-12-26T00:35:09.050+0000] {logging_mixin.py:188} INFO - [2025-12-26T00:35:09.050+0000] {dag.py:3954} INFO - Setting next_dagrun for weather_pipeline to 2025-12-25 00:00:00+00:00, run_after=2025-12-26 00:00:00+00:00
[2025-12-26T00:35:09.058+0000] {processor.py:183} INFO - Processing /opt/airflow/dags/weather_etl_dag.py took 0.050 seconds
[2025-12-26T00:35:39.251+0000] {processor.py:161} INFO - Started process (PID=893) to work on /opt/airflow/dags/weather_etl_dag.py
[2025-12-26T00:35:39.252+0000] {processor.py:830} INFO - Processing file /opt/airflow/dags/weather_etl_dag.py for tasks to queue
[2025-12-26T00:35:39.253+0000] {logging_mixin.py:188} INFO - [2025-12-26T00:35:39.252+0000] {dagbag.py:545} INFO - Filling up the DagBag from /opt/airflow/dags/weather_etl_dag.py
[2025-12-26T00:35:39.258+0000] {processor.py:840} INFO - DAG(s) 'weather_pipeline' retrieved from /opt/airflow/dags/weather_etl_dag.py
[2025-12-26T00:35:39.269+0000] {logging_mixin.py:188} INFO - [2025-12-26T00:35:39.269+0000] {dag.py:3096} INFO - Sync 1 DAGs
[2025-12-26T00:35:39.278+0000] {logging_mixin.py:188} INFO - [2025-12-26T00:35:39.278+0000] {dag.py:3954} INFO - Setting next_dagrun for weather_pipeline to 2025-12-25 00:00:00+00:00, run_after=2025-12-26 00:00:00+00:00
[2025-12-26T00:35:39.284+0000] {processor.py:183} INFO - Processing /opt/airflow/dags/weather_etl_dag.py took 0.037 seconds
[2025-12-26T00:36:09.520+0000] {processor.py:161} INFO - Started process (PID=898) to work on /opt/airflow/dags/weather_etl_dag.py
[2025-12-26T00:36:09.521+0000] {processor.py:830} INFO - Processing file /opt/airflow/dags/weather_etl_dag.py for tasks to queue
[2025-12-26T00:36:09.521+0000] {logging_mixin.py:188} INFO - [2025-12-26T00:36:09.521+0000] {dagbag.py:545} INFO - Filling up the DagBag from /opt/airflow/dags/weather_etl_dag.py
[2025-12-26T00:36:09.532+0000] {processor.py:840} INFO - DAG(s) 'weather_pipeline' retrieved from /opt/airflow/dags/weather_etl_dag.py
[2025-12-26T00:36:09.549+0000] {logging_mixin.py:188} INFO - [2025-12-26T00:36:09.549+0000] {dag.py:3096} INFO - Sync 1 DAGs
[2025-12-26T00:36:09.559+0000] {logging_mixin.py:188} INFO - [2025-12-26T00:36:09.559+0000] {dag.py:3954} INFO - Setting next_dagrun for weather_pipeline to 2025-12-25 00:00:00+00:00, run_after=2025-12-26 00:00:00+00:00
[2025-12-26T00:36:09.565+0000] {processor.py:183} INFO - Processing /opt/airflow/dags/weather_etl_dag.py took 0.051 seconds
[2025-12-26T00:36:39.840+0000] {processor.py:161} INFO - Started process (PID=903) to work on /opt/airflow/dags/weather_etl_dag.py
[2025-12-26T00:36:39.841+0000] {processor.py:830} INFO - Processing file /opt/airflow/dags/weather_etl_dag.py for tasks to queue
[2025-12-26T00:36:39.842+0000] {logging_mixin.py:188} INFO - [2025-12-26T00:36:39.842+0000] {dagbag.py:545} INFO - Filling up the DagBag from /opt/airflow/dags/weather_etl_dag.py
[2025-12-26T00:36:39.854+0000] {processor.py:840} INFO - DAG(s) 'weather_pipeline' retrieved from /opt/airflow/dags/weather_etl_dag.py
[2025-12-26T00:36:39.873+0000] {logging_mixin.py:188} INFO - [2025-12-26T00:36:39.873+0000] {dag.py:3096} INFO - Sync 1 DAGs
[2025-12-26T00:36:39.882+0000] {logging_mixin.py:188} INFO - [2025-12-26T00:36:39.882+0000] {dag.py:3954} INFO - Setting next_dagrun for weather_pipeline to 2025-12-25 00:00:00+00:00, run_after=2025-12-26 00:00:00+00:00
[2025-12-26T00:36:39.889+0000] {processor.py:183} INFO - Processing /opt/airflow/dags/weather_etl_dag.py took 0.055 seconds
[2025-12-26T00:37:10.162+0000] {processor.py:161} INFO - Started process (PID=908) to work on /opt/airflow/dags/weather_etl_dag.py
[2025-12-26T00:37:10.163+0000] {processor.py:830} INFO - Processing file /opt/airflow/dags/weather_etl_dag.py for tasks to queue
[2025-12-26T00:37:10.163+0000] {logging_mixin.py:188} INFO - [2025-12-26T00:37:10.163+0000] {dagbag.py:545} INFO - Filling up the DagBag from /opt/airflow/dags/weather_etl_dag.py
[2025-12-26T00:37:10.174+0000] {processor.py:840} INFO - DAG(s) 'weather_pipeline' retrieved from /opt/airflow/dags/weather_etl_dag.py
[2025-12-26T00:37:10.191+0000] {logging_mixin.py:188} INFO - [2025-12-26T00:37:10.191+0000] {dag.py:3096} INFO - Sync 1 DAGs
[2025-12-26T00:37:10.203+0000] {logging_mixin.py:188} INFO - [2025-12-26T00:37:10.202+0000] {dag.py:3954} INFO - Setting next_dagrun for weather_pipeline to 2025-12-25 00:00:00+00:00, run_after=2025-12-26 00:00:00+00:00
[2025-12-26T00:37:10.209+0000] {processor.py:183} INFO - Processing /opt/airflow/dags/weather_etl_dag.py took 0.052 seconds
[2025-12-26T01:29:00.914+0000] {processor.py:161} INFO - Started process (PID=913) to work on /opt/airflow/dags/weather_etl_dag.py
[2025-12-26T01:29:00.914+0000] {processor.py:830} INFO - Processing file /opt/airflow/dags/weather_etl_dag.py for tasks to queue
[2025-12-26T01:29:00.915+0000] {logging_mixin.py:188} INFO - [2025-12-26T01:29:00.915+0000] {dagbag.py:545} INFO - Filling up the DagBag from /opt/airflow/dags/weather_etl_dag.py
[2025-12-26T01:29:00.925+0000] {processor.py:840} INFO - DAG(s) 'weather_pipeline' retrieved from /opt/airflow/dags/weather_etl_dag.py
[2025-12-26T01:29:00.941+0000] {logging_mixin.py:188} INFO - [2025-12-26T01:29:00.941+0000] {dag.py:3096} INFO - Sync 1 DAGs
[2025-12-26T01:29:00.950+0000] {logging_mixin.py:188} INFO - [2025-12-26T01:29:00.950+0000] {dag.py:3954} INFO - Setting next_dagrun for weather_pipeline to 2025-12-25 00:00:00+00:00, run_after=2025-12-26 00:00:00+00:00
[2025-12-26T01:29:00.956+0000] {processor.py:183} INFO - Processing /opt/airflow/dags/weather_etl_dag.py took 0.047 seconds
[2025-12-26T01:57:23.530+0000] {processor.py:161} INFO - Started process (PID=918) to work on /opt/airflow/dags/weather_etl_dag.py
[2025-12-26T01:57:23.531+0000] {processor.py:830} INFO - Processing file /opt/airflow/dags/weather_etl_dag.py for tasks to queue
[2025-12-26T01:57:23.531+0000] {logging_mixin.py:188} INFO - [2025-12-26T01:57:23.531+0000] {dagbag.py:545} INFO - Filling up the DagBag from /opt/airflow/dags/weather_etl_dag.py
[2025-12-26T01:57:23.545+0000] {processor.py:840} INFO - DAG(s) 'weather_pipeline' retrieved from /opt/airflow/dags/weather_etl_dag.py
[2025-12-26T01:57:23.562+0000] {logging_mixin.py:188} INFO - [2025-12-26T01:57:23.562+0000] {dag.py:3096} INFO - Sync 1 DAGs
[2025-12-26T01:57:23.573+0000] {logging_mixin.py:188} INFO - [2025-12-26T01:57:23.573+0000] {dag.py:3954} INFO - Setting next_dagrun for weather_pipeline to 2025-12-25 00:00:00+00:00, run_after=2025-12-26 00:00:00+00:00
[2025-12-26T01:57:23.581+0000] {processor.py:183} INFO - Processing /opt/airflow/dags/weather_etl_dag.py took 0.057 seconds
[2025-12-26T01:57:53.848+0000] {processor.py:161} INFO - Started process (PID=923) to work on /opt/airflow/dags/weather_etl_dag.py
[2025-12-26T01:57:53.849+0000] {processor.py:830} INFO - Processing file /opt/airflow/dags/weather_etl_dag.py for tasks to queue
[2025-12-26T01:57:53.850+0000] {logging_mixin.py:188} INFO - [2025-12-26T01:57:53.849+0000] {dagbag.py:545} INFO - Filling up the DagBag from /opt/airflow/dags/weather_etl_dag.py
[2025-12-26T01:57:53.861+0000] {processor.py:840} INFO - DAG(s) 'weather_pipeline' retrieved from /opt/airflow/dags/weather_etl_dag.py
[2025-12-26T01:57:53.884+0000] {logging_mixin.py:188} INFO - [2025-12-26T01:57:53.884+0000] {dag.py:3096} INFO - Sync 1 DAGs
[2025-12-26T01:57:53.894+0000] {logging_mixin.py:188} INFO - [2025-12-26T01:57:53.894+0000] {dag.py:3954} INFO - Setting next_dagrun for weather_pipeline to 2025-12-25 00:00:00+00:00, run_after=2025-12-26 00:00:00+00:00
[2025-12-26T01:57:53.901+0000] {processor.py:183} INFO - Processing /opt/airflow/dags/weather_etl_dag.py took 0.059 seconds
[2025-12-26T01:58:24.162+0000] {processor.py:161} INFO - Started process (PID=928) to work on /opt/airflow/dags/weather_etl_dag.py
[2025-12-26T01:58:24.163+0000] {processor.py:830} INFO - Processing file /opt/airflow/dags/weather_etl_dag.py for tasks to queue
[2025-12-26T01:58:24.164+0000] {logging_mixin.py:188} INFO - [2025-12-26T01:58:24.164+0000] {dagbag.py:545} INFO - Filling up the DagBag from /opt/airflow/dags/weather_etl_dag.py
[2025-12-26T01:58:24.175+0000] {processor.py:840} INFO - DAG(s) 'weather_pipeline' retrieved from /opt/airflow/dags/weather_etl_dag.py
[2025-12-26T01:58:24.192+0000] {logging_mixin.py:188} INFO - [2025-12-26T01:58:24.192+0000] {dag.py:3096} INFO - Sync 1 DAGs
[2025-12-26T01:58:24.202+0000] {logging_mixin.py:188} INFO - [2025-12-26T01:58:24.202+0000] {dag.py:3954} INFO - Setting next_dagrun for weather_pipeline to 2025-12-25 00:00:00+00:00, run_after=2025-12-26 00:00:00+00:00
[2025-12-26T01:58:24.210+0000] {processor.py:183} INFO - Processing /opt/airflow/dags/weather_etl_dag.py took 0.052 seconds
[2025-12-26T01:58:54.489+0000] {processor.py:161} INFO - Started process (PID=933) to work on /opt/airflow/dags/weather_etl_dag.py
[2025-12-26T01:58:54.490+0000] {processor.py:830} INFO - Processing file /opt/airflow/dags/weather_etl_dag.py for tasks to queue
[2025-12-26T01:58:54.491+0000] {logging_mixin.py:188} INFO - [2025-12-26T01:58:54.491+0000] {dagbag.py:545} INFO - Filling up the DagBag from /opt/airflow/dags/weather_etl_dag.py
[2025-12-26T01:58:54.501+0000] {processor.py:840} INFO - DAG(s) 'weather_pipeline' retrieved from /opt/airflow/dags/weather_etl_dag.py
[2025-12-26T01:58:54.519+0000] {logging_mixin.py:188} INFO - [2025-12-26T01:58:54.519+0000] {dag.py:3096} INFO - Sync 1 DAGs
[2025-12-26T01:58:54.529+0000] {logging_mixin.py:188} INFO - [2025-12-26T01:58:54.529+0000] {dag.py:3954} INFO - Setting next_dagrun for weather_pipeline to 2025-12-25 00:00:00+00:00, run_after=2025-12-26 00:00:00+00:00
[2025-12-26T01:58:54.536+0000] {processor.py:183} INFO - Processing /opt/airflow/dags/weather_etl_dag.py took 0.053 seconds
[2025-12-26T01:59:24.798+0000] {processor.py:161} INFO - Started process (PID=938) to work on /opt/airflow/dags/weather_etl_dag.py
[2025-12-26T01:59:24.799+0000] {processor.py:830} INFO - Processing file /opt/airflow/dags/weather_etl_dag.py for tasks to queue
[2025-12-26T01:59:24.799+0000] {logging_mixin.py:188} INFO - [2025-12-26T01:59:24.799+0000] {dagbag.py:545} INFO - Filling up the DagBag from /opt/airflow/dags/weather_etl_dag.py
[2025-12-26T01:59:24.810+0000] {processor.py:840} INFO - DAG(s) 'weather_pipeline' retrieved from /opt/airflow/dags/weather_etl_dag.py
[2025-12-26T01:59:24.830+0000] {logging_mixin.py:188} INFO - [2025-12-26T01:59:24.830+0000] {dag.py:3096} INFO - Sync 1 DAGs
[2025-12-26T01:59:24.840+0000] {logging_mixin.py:188} INFO - [2025-12-26T01:59:24.840+0000] {dag.py:3954} INFO - Setting next_dagrun for weather_pipeline to 2025-12-25 00:00:00+00:00, run_after=2025-12-26 00:00:00+00:00
[2025-12-26T01:59:24.846+0000] {processor.py:183} INFO - Processing /opt/airflow/dags/weather_etl_dag.py took 0.054 seconds
[2025-12-26T01:59:55.098+0000] {processor.py:161} INFO - Started process (PID=943) to work on /opt/airflow/dags/weather_etl_dag.py
[2025-12-26T01:59:55.099+0000] {processor.py:830} INFO - Processing file /opt/airflow/dags/weather_etl_dag.py for tasks to queue
[2025-12-26T01:59:55.099+0000] {logging_mixin.py:188} INFO - [2025-12-26T01:59:55.099+0000] {dagbag.py:545} INFO - Filling up the DagBag from /opt/airflow/dags/weather_etl_dag.py
[2025-12-26T01:59:55.110+0000] {processor.py:840} INFO - DAG(s) 'weather_pipeline' retrieved from /opt/airflow/dags/weather_etl_dag.py
[2025-12-26T01:59:55.129+0000] {logging_mixin.py:188} INFO - [2025-12-26T01:59:55.129+0000] {dag.py:3096} INFO - Sync 1 DAGs
[2025-12-26T01:59:55.138+0000] {logging_mixin.py:188} INFO - [2025-12-26T01:59:55.138+0000] {dag.py:3954} INFO - Setting next_dagrun for weather_pipeline to 2025-12-25 00:00:00+00:00, run_after=2025-12-26 00:00:00+00:00
[2025-12-26T01:59:55.145+0000] {processor.py:183} INFO - Processing /opt/airflow/dags/weather_etl_dag.py took 0.052 seconds
[2025-12-26T02:00:25.410+0000] {processor.py:161} INFO - Started process (PID=948) to work on /opt/airflow/dags/weather_etl_dag.py
[2025-12-26T02:00:25.411+0000] {processor.py:830} INFO - Processing file /opt/airflow/dags/weather_etl_dag.py for tasks to queue
[2025-12-26T02:00:25.412+0000] {logging_mixin.py:188} INFO - [2025-12-26T02:00:25.411+0000] {dagbag.py:545} INFO - Filling up the DagBag from /opt/airflow/dags/weather_etl_dag.py
[2025-12-26T02:00:25.420+0000] {processor.py:840} INFO - DAG(s) 'weather_pipeline' retrieved from /opt/airflow/dags/weather_etl_dag.py
[2025-12-26T02:00:25.437+0000] {logging_mixin.py:188} INFO - [2025-12-26T02:00:25.437+0000] {dag.py:3096} INFO - Sync 1 DAGs
[2025-12-26T02:00:25.449+0000] {logging_mixin.py:188} INFO - [2025-12-26T02:00:25.448+0000] {dag.py:3954} INFO - Setting next_dagrun for weather_pipeline to 2025-12-25 00:00:00+00:00, run_after=2025-12-26 00:00:00+00:00
[2025-12-26T02:00:25.455+0000] {processor.py:183} INFO - Processing /opt/airflow/dags/weather_etl_dag.py took 0.050 seconds
[2025-12-26T02:00:55.705+0000] {processor.py:161} INFO - Started process (PID=953) to work on /opt/airflow/dags/weather_etl_dag.py
[2025-12-26T02:00:55.706+0000] {processor.py:830} INFO - Processing file /opt/airflow/dags/weather_etl_dag.py for tasks to queue
[2025-12-26T02:00:55.707+0000] {logging_mixin.py:188} INFO - [2025-12-26T02:00:55.706+0000] {dagbag.py:545} INFO - Filling up the DagBag from /opt/airflow/dags/weather_etl_dag.py
[2025-12-26T02:00:55.717+0000] {processor.py:840} INFO - DAG(s) 'weather_pipeline' retrieved from /opt/airflow/dags/weather_etl_dag.py
[2025-12-26T02:00:55.735+0000] {logging_mixin.py:188} INFO - [2025-12-26T02:00:55.735+0000] {dag.py:3096} INFO - Sync 1 DAGs
[2025-12-26T02:00:55.745+0000] {logging_mixin.py:188} INFO - [2025-12-26T02:00:55.745+0000] {dag.py:3954} INFO - Setting next_dagrun for weather_pipeline to 2025-12-25 00:00:00+00:00, run_after=2025-12-26 00:00:00+00:00
[2025-12-26T02:00:55.752+0000] {processor.py:183} INFO - Processing /opt/airflow/dags/weather_etl_dag.py took 0.053 seconds
[2025-12-26T02:01:26.009+0000] {processor.py:161} INFO - Started process (PID=958) to work on /opt/airflow/dags/weather_etl_dag.py
[2025-12-26T02:01:26.010+0000] {processor.py:830} INFO - Processing file /opt/airflow/dags/weather_etl_dag.py for tasks to queue
[2025-12-26T02:01:26.010+0000] {logging_mixin.py:188} INFO - [2025-12-26T02:01:26.010+0000] {dagbag.py:545} INFO - Filling up the DagBag from /opt/airflow/dags/weather_etl_dag.py
[2025-12-26T02:01:26.020+0000] {processor.py:840} INFO - DAG(s) 'weather_pipeline' retrieved from /opt/airflow/dags/weather_etl_dag.py
[2025-12-26T02:01:26.038+0000] {logging_mixin.py:188} INFO - [2025-12-26T02:01:26.038+0000] {dag.py:3096} INFO - Sync 1 DAGs
[2025-12-26T02:01:26.048+0000] {logging_mixin.py:188} INFO - [2025-12-26T02:01:26.048+0000] {dag.py:3954} INFO - Setting next_dagrun for weather_pipeline to 2025-12-25 00:00:00+00:00, run_after=2025-12-26 00:00:00+00:00
[2025-12-26T02:01:26.055+0000] {processor.py:183} INFO - Processing /opt/airflow/dags/weather_etl_dag.py took 0.052 seconds
[2025-12-26T02:01:56.313+0000] {processor.py:161} INFO - Started process (PID=963) to work on /opt/airflow/dags/weather_etl_dag.py
[2025-12-26T02:01:56.314+0000] {processor.py:830} INFO - Processing file /opt/airflow/dags/weather_etl_dag.py for tasks to queue
[2025-12-26T02:01:56.315+0000] {logging_mixin.py:188} INFO - [2025-12-26T02:01:56.314+0000] {dagbag.py:545} INFO - Filling up the DagBag from /opt/airflow/dags/weather_etl_dag.py
[2025-12-26T02:01:56.325+0000] {processor.py:840} INFO - DAG(s) 'weather_pipeline' retrieved from /opt/airflow/dags/weather_etl_dag.py
[2025-12-26T02:01:56.343+0000] {logging_mixin.py:188} INFO - [2025-12-26T02:01:56.343+0000] {dag.py:3096} INFO - Sync 1 DAGs
[2025-12-26T02:01:56.353+0000] {logging_mixin.py:188} INFO - [2025-12-26T02:01:56.353+0000] {dag.py:3954} INFO - Setting next_dagrun for weather_pipeline to 2025-12-25 00:00:00+00:00, run_after=2025-12-26 00:00:00+00:00
[2025-12-26T02:01:56.359+0000] {processor.py:183} INFO - Processing /opt/airflow/dags/weather_etl_dag.py took 0.051 seconds
[2025-12-26T02:02:26.618+0000] {processor.py:161} INFO - Started process (PID=968) to work on /opt/airflow/dags/weather_etl_dag.py
[2025-12-26T02:02:26.619+0000] {processor.py:830} INFO - Processing file /opt/airflow/dags/weather_etl_dag.py for tasks to queue
[2025-12-26T02:02:26.619+0000] {logging_mixin.py:188} INFO - [2025-12-26T02:02:26.619+0000] {dagbag.py:545} INFO - Filling up the DagBag from /opt/airflow/dags/weather_etl_dag.py
[2025-12-26T02:02:26.629+0000] {processor.py:840} INFO - DAG(s) 'weather_pipeline' retrieved from /opt/airflow/dags/weather_etl_dag.py
[2025-12-26T02:02:26.646+0000] {logging_mixin.py:188} INFO - [2025-12-26T02:02:26.645+0000] {dag.py:3096} INFO - Sync 1 DAGs
[2025-12-26T02:02:26.656+0000] {logging_mixin.py:188} INFO - [2025-12-26T02:02:26.656+0000] {dag.py:3954} INFO - Setting next_dagrun for weather_pipeline to 2025-12-25 00:00:00+00:00, run_after=2025-12-26 00:00:00+00:00
[2025-12-26T02:02:26.663+0000] {processor.py:183} INFO - Processing /opt/airflow/dags/weather_etl_dag.py took 0.049 seconds
[2025-12-26T02:02:56.893+0000] {processor.py:161} INFO - Started process (PID=973) to work on /opt/airflow/dags/weather_etl_dag.py
[2025-12-26T02:02:56.894+0000] {processor.py:830} INFO - Processing file /opt/airflow/dags/weather_etl_dag.py for tasks to queue
[2025-12-26T02:02:56.895+0000] {logging_mixin.py:188} INFO - [2025-12-26T02:02:56.895+0000] {dagbag.py:545} INFO - Filling up the DagBag from /opt/airflow/dags/weather_etl_dag.py
[2025-12-26T02:02:56.906+0000] {processor.py:840} INFO - DAG(s) 'weather_pipeline' retrieved from /opt/airflow/dags/weather_etl_dag.py
[2025-12-26T02:02:56.921+0000] {logging_mixin.py:188} INFO - [2025-12-26T02:02:56.921+0000] {dag.py:3096} INFO - Sync 1 DAGs
[2025-12-26T02:02:56.931+0000] {logging_mixin.py:188} INFO - [2025-12-26T02:02:56.931+0000] {dag.py:3954} INFO - Setting next_dagrun for weather_pipeline to 2025-12-25 00:00:00+00:00, run_after=2025-12-26 00:00:00+00:00
[2025-12-26T02:02:56.938+0000] {processor.py:183} INFO - Processing /opt/airflow/dags/weather_etl_dag.py took 0.050 seconds
[2025-12-26T02:03:27.108+0000] {processor.py:161} INFO - Started process (PID=978) to work on /opt/airflow/dags/weather_etl_dag.py
[2025-12-26T02:03:27.109+0000] {processor.py:830} INFO - Processing file /opt/airflow/dags/weather_etl_dag.py for tasks to queue
[2025-12-26T02:03:27.109+0000] {logging_mixin.py:188} INFO - [2025-12-26T02:03:27.109+0000] {dagbag.py:545} INFO - Filling up the DagBag from /opt/airflow/dags/weather_etl_dag.py
[2025-12-26T02:03:27.119+0000] {processor.py:840} INFO - DAG(s) 'weather_pipeline' retrieved from /opt/airflow/dags/weather_etl_dag.py
[2025-12-26T02:03:27.135+0000] {logging_mixin.py:188} INFO - [2025-12-26T02:03:27.135+0000] {dag.py:3096} INFO - Sync 1 DAGs
[2025-12-26T02:03:27.145+0000] {logging_mixin.py:188} INFO - [2025-12-26T02:03:27.145+0000] {dag.py:3954} INFO - Setting next_dagrun for weather_pipeline to 2025-12-25 00:00:00+00:00, run_after=2025-12-26 00:00:00+00:00
[2025-12-26T02:03:27.152+0000] {processor.py:183} INFO - Processing /opt/airflow/dags/weather_etl_dag.py took 0.048 seconds
[2025-12-26T02:03:57.363+0000] {processor.py:161} INFO - Started process (PID=983) to work on /opt/airflow/dags/weather_etl_dag.py
[2025-12-26T02:03:57.364+0000] {processor.py:830} INFO - Processing file /opt/airflow/dags/weather_etl_dag.py for tasks to queue
[2025-12-26T02:03:57.365+0000] {logging_mixin.py:188} INFO - [2025-12-26T02:03:57.364+0000] {dagbag.py:545} INFO - Filling up the DagBag from /opt/airflow/dags/weather_etl_dag.py
[2025-12-26T02:03:57.373+0000] {processor.py:840} INFO - DAG(s) 'weather_pipeline' retrieved from /opt/airflow/dags/weather_etl_dag.py
[2025-12-26T02:03:57.389+0000] {logging_mixin.py:188} INFO - [2025-12-26T02:03:57.389+0000] {dag.py:3096} INFO - Sync 1 DAGs
[2025-12-26T02:03:57.400+0000] {logging_mixin.py:188} INFO - [2025-12-26T02:03:57.399+0000] {dag.py:3954} INFO - Setting next_dagrun for weather_pipeline to 2025-12-25 00:00:00+00:00, run_after=2025-12-26 00:00:00+00:00
[2025-12-26T02:03:57.407+0000] {processor.py:183} INFO - Processing /opt/airflow/dags/weather_etl_dag.py took 0.047 seconds
[2025-12-26T02:04:27.638+0000] {processor.py:161} INFO - Started process (PID=988) to work on /opt/airflow/dags/weather_etl_dag.py
[2025-12-26T02:04:27.639+0000] {processor.py:830} INFO - Processing file /opt/airflow/dags/weather_etl_dag.py for tasks to queue
[2025-12-26T02:04:27.639+0000] {logging_mixin.py:188} INFO - [2025-12-26T02:04:27.639+0000] {dagbag.py:545} INFO - Filling up the DagBag from /opt/airflow/dags/weather_etl_dag.py
[2025-12-26T02:04:27.645+0000] {processor.py:840} INFO - DAG(s) 'weather_pipeline' retrieved from /opt/airflow/dags/weather_etl_dag.py
[2025-12-26T02:04:27.658+0000] {logging_mixin.py:188} INFO - [2025-12-26T02:04:27.658+0000] {dag.py:3096} INFO - Sync 1 DAGs
[2025-12-26T02:04:27.669+0000] {logging_mixin.py:188} INFO - [2025-12-26T02:04:27.669+0000] {dag.py:3954} INFO - Setting next_dagrun for weather_pipeline to 2025-12-25 00:00:00+00:00, run_after=2025-12-26 00:00:00+00:00
[2025-12-26T02:04:27.676+0000] {processor.py:183} INFO - Processing /opt/airflow/dags/weather_etl_dag.py took 0.042 seconds
[2025-12-26T02:04:57.900+0000] {processor.py:161} INFO - Started process (PID=993) to work on /opt/airflow/dags/weather_etl_dag.py
[2025-12-26T02:04:57.901+0000] {processor.py:830} INFO - Processing file /opt/airflow/dags/weather_etl_dag.py for tasks to queue
[2025-12-26T02:04:57.901+0000] {logging_mixin.py:188} INFO - [2025-12-26T02:04:57.901+0000] {dagbag.py:545} INFO - Filling up the DagBag from /opt/airflow/dags/weather_etl_dag.py
[2025-12-26T02:04:57.907+0000] {processor.py:840} INFO - DAG(s) 'weather_pipeline' retrieved from /opt/airflow/dags/weather_etl_dag.py
[2025-12-26T02:04:57.918+0000] {logging_mixin.py:188} INFO - [2025-12-26T02:04:57.918+0000] {dag.py:3096} INFO - Sync 1 DAGs
[2025-12-26T02:04:57.929+0000] {logging_mixin.py:188} INFO - [2025-12-26T02:04:57.929+0000] {dag.py:3954} INFO - Setting next_dagrun for weather_pipeline to 2025-12-25 00:00:00+00:00, run_after=2025-12-26 00:00:00+00:00
[2025-12-26T02:04:57.937+0000] {processor.py:183} INFO - Processing /opt/airflow/dags/weather_etl_dag.py took 0.040 seconds
[2025-12-26T02:05:28.201+0000] {processor.py:161} INFO - Started process (PID=998) to work on /opt/airflow/dags/weather_etl_dag.py
[2025-12-26T02:05:28.202+0000] {processor.py:830} INFO - Processing file /opt/airflow/dags/weather_etl_dag.py for tasks to queue
[2025-12-26T02:05:28.202+0000] {logging_mixin.py:188} INFO - [2025-12-26T02:05:28.202+0000] {dagbag.py:545} INFO - Filling up the DagBag from /opt/airflow/dags/weather_etl_dag.py
[2025-12-26T02:05:28.209+0000] {processor.py:840} INFO - DAG(s) 'weather_pipeline' retrieved from /opt/airflow/dags/weather_etl_dag.py
[2025-12-26T02:05:28.223+0000] {logging_mixin.py:188} INFO - [2025-12-26T02:05:28.223+0000] {dag.py:3096} INFO - Sync 1 DAGs
[2025-12-26T02:05:28.233+0000] {logging_mixin.py:188} INFO - [2025-12-26T02:05:28.233+0000] {dag.py:3954} INFO - Setting next_dagrun for weather_pipeline to 2025-12-25 00:00:00+00:00, run_after=2025-12-26 00:00:00+00:00
[2025-12-26T02:05:28.240+0000] {processor.py:183} INFO - Processing /opt/airflow/dags/weather_etl_dag.py took 0.042 seconds
[2025-12-26T02:05:58.496+0000] {processor.py:161} INFO - Started process (PID=1003) to work on /opt/airflow/dags/weather_etl_dag.py
[2025-12-26T02:05:58.496+0000] {processor.py:830} INFO - Processing file /opt/airflow/dags/weather_etl_dag.py for tasks to queue
[2025-12-26T02:05:58.497+0000] {logging_mixin.py:188} INFO - [2025-12-26T02:05:58.497+0000] {dagbag.py:545} INFO - Filling up the DagBag from /opt/airflow/dags/weather_etl_dag.py
[2025-12-26T02:05:58.506+0000] {processor.py:840} INFO - DAG(s) 'weather_pipeline' retrieved from /opt/airflow/dags/weather_etl_dag.py
[2025-12-26T02:05:58.523+0000] {logging_mixin.py:188} INFO - [2025-12-26T02:05:58.523+0000] {dag.py:3096} INFO - Sync 1 DAGs
[2025-12-26T02:05:58.533+0000] {logging_mixin.py:188} INFO - [2025-12-26T02:05:58.533+0000] {dag.py:3954} INFO - Setting next_dagrun for weather_pipeline to 2025-12-25 00:00:00+00:00, run_after=2025-12-26 00:00:00+00:00
[2025-12-26T02:05:58.539+0000] {processor.py:183} INFO - Processing /opt/airflow/dags/weather_etl_dag.py took 0.049 seconds
[2025-12-26T02:06:28.812+0000] {processor.py:161} INFO - Started process (PID=1008) to work on /opt/airflow/dags/weather_etl_dag.py
[2025-12-26T02:06:28.813+0000] {processor.py:830} INFO - Processing file /opt/airflow/dags/weather_etl_dag.py for tasks to queue
[2025-12-26T02:06:28.814+0000] {logging_mixin.py:188} INFO - [2025-12-26T02:06:28.813+0000] {dagbag.py:545} INFO - Filling up the DagBag from /opt/airflow/dags/weather_etl_dag.py
[2025-12-26T02:06:28.823+0000] {processor.py:840} INFO - DAG(s) 'weather_pipeline' retrieved from /opt/airflow/dags/weather_etl_dag.py
[2025-12-26T02:06:28.841+0000] {logging_mixin.py:188} INFO - [2025-12-26T02:06:28.840+0000] {dag.py:3096} INFO - Sync 1 DAGs
[2025-12-26T02:06:28.850+0000] {logging_mixin.py:188} INFO - [2025-12-26T02:06:28.850+0000] {dag.py:3954} INFO - Setting next_dagrun for weather_pipeline to 2025-12-25 00:00:00+00:00, run_after=2025-12-26 00:00:00+00:00
[2025-12-26T02:06:28.857+0000] {processor.py:183} INFO - Processing /opt/airflow/dags/weather_etl_dag.py took 0.050 seconds
[2025-12-26T02:06:59.123+0000] {processor.py:161} INFO - Started process (PID=1013) to work on /opt/airflow/dags/weather_etl_dag.py
[2025-12-26T02:06:59.124+0000] {processor.py:830} INFO - Processing file /opt/airflow/dags/weather_etl_dag.py for tasks to queue
[2025-12-26T02:06:59.125+0000] {logging_mixin.py:188} INFO - [2025-12-26T02:06:59.124+0000] {dagbag.py:545} INFO - Filling up the DagBag from /opt/airflow/dags/weather_etl_dag.py
[2025-12-26T02:06:59.135+0000] {processor.py:840} INFO - DAG(s) 'weather_pipeline' retrieved from /opt/airflow/dags/weather_etl_dag.py
[2025-12-26T02:06:59.155+0000] {logging_mixin.py:188} INFO - [2025-12-26T02:06:59.155+0000] {dag.py:3096} INFO - Sync 1 DAGs
[2025-12-26T02:06:59.165+0000] {logging_mixin.py:188} INFO - [2025-12-26T02:06:59.165+0000] {dag.py:3954} INFO - Setting next_dagrun for weather_pipeline to 2025-12-25 00:00:00+00:00, run_after=2025-12-26 00:00:00+00:00
[2025-12-26T02:06:59.172+0000] {processor.py:183} INFO - Processing /opt/airflow/dags/weather_etl_dag.py took 0.054 seconds
[2025-12-26T02:07:29.458+0000] {processor.py:161} INFO - Started process (PID=1018) to work on /opt/airflow/dags/weather_etl_dag.py
[2025-12-26T02:07:29.458+0000] {processor.py:830} INFO - Processing file /opt/airflow/dags/weather_etl_dag.py for tasks to queue
[2025-12-26T02:07:29.459+0000] {logging_mixin.py:188} INFO - [2025-12-26T02:07:29.459+0000] {dagbag.py:545} INFO - Filling up the DagBag from /opt/airflow/dags/weather_etl_dag.py
[2025-12-26T02:07:29.470+0000] {processor.py:840} INFO - DAG(s) 'weather_pipeline' retrieved from /opt/airflow/dags/weather_etl_dag.py
[2025-12-26T02:07:29.489+0000] {logging_mixin.py:188} INFO - [2025-12-26T02:07:29.489+0000] {dag.py:3096} INFO - Sync 1 DAGs
[2025-12-26T02:07:29.499+0000] {logging_mixin.py:188} INFO - [2025-12-26T02:07:29.499+0000] {dag.py:3954} INFO - Setting next_dagrun for weather_pipeline to 2025-12-25 00:00:00+00:00, run_after=2025-12-26 00:00:00+00:00
[2025-12-26T02:07:29.506+0000] {processor.py:183} INFO - Processing /opt/airflow/dags/weather_etl_dag.py took 0.054 seconds
[2025-12-26T02:07:59.781+0000] {processor.py:161} INFO - Started process (PID=1023) to work on /opt/airflow/dags/weather_etl_dag.py
[2025-12-26T02:07:59.782+0000] {processor.py:830} INFO - Processing file /opt/airflow/dags/weather_etl_dag.py for tasks to queue
[2025-12-26T02:07:59.783+0000] {logging_mixin.py:188} INFO - [2025-12-26T02:07:59.783+0000] {dagbag.py:545} INFO - Filling up the DagBag from /opt/airflow/dags/weather_etl_dag.py
[2025-12-26T02:07:59.794+0000] {processor.py:840} INFO - DAG(s) 'weather_pipeline' retrieved from /opt/airflow/dags/weather_etl_dag.py
[2025-12-26T02:07:59.812+0000] {logging_mixin.py:188} INFO - [2025-12-26T02:07:59.812+0000] {dag.py:3096} INFO - Sync 1 DAGs
[2025-12-26T02:07:59.822+0000] {logging_mixin.py:188} INFO - [2025-12-26T02:07:59.822+0000] {dag.py:3954} INFO - Setting next_dagrun for weather_pipeline to 2025-12-25 00:00:00+00:00, run_after=2025-12-26 00:00:00+00:00
[2025-12-26T02:07:59.829+0000] {processor.py:183} INFO - Processing /opt/airflow/dags/weather_etl_dag.py took 0.054 seconds
[2025-12-26T02:08:30.113+0000] {processor.py:161} INFO - Started process (PID=1028) to work on /opt/airflow/dags/weather_etl_dag.py
[2025-12-26T02:08:30.113+0000] {processor.py:830} INFO - Processing file /opt/airflow/dags/weather_etl_dag.py for tasks to queue
[2025-12-26T02:08:30.114+0000] {logging_mixin.py:188} INFO - [2025-12-26T02:08:30.114+0000] {dagbag.py:545} INFO - Filling up the DagBag from /opt/airflow/dags/weather_etl_dag.py
[2025-12-26T02:08:30.124+0000] {processor.py:840} INFO - DAG(s) 'weather_pipeline' retrieved from /opt/airflow/dags/weather_etl_dag.py
[2025-12-26T02:08:30.140+0000] {logging_mixin.py:188} INFO - [2025-12-26T02:08:30.140+0000] {dag.py:3096} INFO - Sync 1 DAGs
[2025-12-26T02:08:30.150+0000] {logging_mixin.py:188} INFO - [2025-12-26T02:08:30.150+0000] {dag.py:3954} INFO - Setting next_dagrun for weather_pipeline to 2025-12-25 00:00:00+00:00, run_after=2025-12-26 00:00:00+00:00
[2025-12-26T02:08:30.158+0000] {processor.py:183} INFO - Processing /opt/airflow/dags/weather_etl_dag.py took 0.050 seconds
[2025-12-26T02:09:00.373+0000] {processor.py:161} INFO - Started process (PID=1033) to work on /opt/airflow/dags/weather_etl_dag.py
[2025-12-26T02:09:00.373+0000] {processor.py:830} INFO - Processing file /opt/airflow/dags/weather_etl_dag.py for tasks to queue
[2025-12-26T02:09:00.374+0000] {logging_mixin.py:188} INFO - [2025-12-26T02:09:00.373+0000] {dagbag.py:545} INFO - Filling up the DagBag from /opt/airflow/dags/weather_etl_dag.py
[2025-12-26T02:09:00.380+0000] {processor.py:840} INFO - DAG(s) 'weather_pipeline' retrieved from /opt/airflow/dags/weather_etl_dag.py
[2025-12-26T02:09:00.392+0000] {logging_mixin.py:188} INFO - [2025-12-26T02:09:00.392+0000] {dag.py:3096} INFO - Sync 1 DAGs
[2025-12-26T02:09:00.402+0000] {logging_mixin.py:188} INFO - [2025-12-26T02:09:00.402+0000] {dag.py:3954} INFO - Setting next_dagrun for weather_pipeline to 2025-12-25 00:00:00+00:00, run_after=2025-12-26 00:00:00+00:00
[2025-12-26T02:09:00.409+0000] {processor.py:183} INFO - Processing /opt/airflow/dags/weather_etl_dag.py took 0.039 seconds
[2025-12-26T02:09:30.564+0000] {processor.py:161} INFO - Started process (PID=1038) to work on /opt/airflow/dags/weather_etl_dag.py
[2025-12-26T02:09:30.565+0000] {processor.py:830} INFO - Processing file /opt/airflow/dags/weather_etl_dag.py for tasks to queue
[2025-12-26T02:09:30.565+0000] {logging_mixin.py:188} INFO - [2025-12-26T02:09:30.565+0000] {dagbag.py:545} INFO - Filling up the DagBag from /opt/airflow/dags/weather_etl_dag.py
[2025-12-26T02:09:30.576+0000] {processor.py:840} INFO - DAG(s) 'weather_pipeline' retrieved from /opt/airflow/dags/weather_etl_dag.py
[2025-12-26T02:09:30.593+0000] {logging_mixin.py:188} INFO - [2025-12-26T02:09:30.593+0000] {dag.py:3096} INFO - Sync 1 DAGs
[2025-12-26T02:09:30.602+0000] {logging_mixin.py:188} INFO - [2025-12-26T02:09:30.602+0000] {dag.py:3954} INFO - Setting next_dagrun for weather_pipeline to 2025-12-25 00:00:00+00:00, run_after=2025-12-26 00:00:00+00:00
[2025-12-26T02:09:30.609+0000] {processor.py:183} INFO - Processing /opt/airflow/dags/weather_etl_dag.py took 0.050 seconds
[2025-12-26T02:10:00.871+0000] {processor.py:161} INFO - Started process (PID=1043) to work on /opt/airflow/dags/weather_etl_dag.py
[2025-12-26T02:10:00.872+0000] {processor.py:830} INFO - Processing file /opt/airflow/dags/weather_etl_dag.py for tasks to queue
[2025-12-26T02:10:00.873+0000] {logging_mixin.py:188} INFO - [2025-12-26T02:10:00.873+0000] {dagbag.py:545} INFO - Filling up the DagBag from /opt/airflow/dags/weather_etl_dag.py
[2025-12-26T02:10:00.884+0000] {processor.py:840} INFO - DAG(s) 'weather_pipeline' retrieved from /opt/airflow/dags/weather_etl_dag.py
[2025-12-26T02:10:00.902+0000] {logging_mixin.py:188} INFO - [2025-12-26T02:10:00.902+0000] {dag.py:3096} INFO - Sync 1 DAGs
[2025-12-26T02:10:00.912+0000] {logging_mixin.py:188} INFO - [2025-12-26T02:10:00.912+0000] {dag.py:3954} INFO - Setting next_dagrun for weather_pipeline to 2025-12-25 00:00:00+00:00, run_after=2025-12-26 00:00:00+00:00
[2025-12-26T02:10:00.919+0000] {processor.py:183} INFO - Processing /opt/airflow/dags/weather_etl_dag.py took 0.053 seconds
[2025-12-26T02:10:31.166+0000] {processor.py:161} INFO - Started process (PID=1048) to work on /opt/airflow/dags/weather_etl_dag.py
[2025-12-26T02:10:31.167+0000] {processor.py:830} INFO - Processing file /opt/airflow/dags/weather_etl_dag.py for tasks to queue
[2025-12-26T02:10:31.167+0000] {logging_mixin.py:188} INFO - [2025-12-26T02:10:31.167+0000] {dagbag.py:545} INFO - Filling up the DagBag from /opt/airflow/dags/weather_etl_dag.py
[2025-12-26T02:10:31.178+0000] {processor.py:840} INFO - DAG(s) 'weather_pipeline' retrieved from /opt/airflow/dags/weather_etl_dag.py
[2025-12-26T02:10:31.195+0000] {logging_mixin.py:188} INFO - [2025-12-26T02:10:31.194+0000] {dag.py:3096} INFO - Sync 1 DAGs
[2025-12-26T02:10:31.205+0000] {logging_mixin.py:188} INFO - [2025-12-26T02:10:31.204+0000] {dag.py:3954} INFO - Setting next_dagrun for weather_pipeline to 2025-12-25 00:00:00+00:00, run_after=2025-12-26 00:00:00+00:00
[2025-12-26T02:10:31.211+0000] {processor.py:183} INFO - Processing /opt/airflow/dags/weather_etl_dag.py took 0.051 seconds
[2025-12-26T02:11:01.454+0000] {processor.py:161} INFO - Started process (PID=1053) to work on /opt/airflow/dags/weather_etl_dag.py
[2025-12-26T02:11:01.455+0000] {processor.py:830} INFO - Processing file /opt/airflow/dags/weather_etl_dag.py for tasks to queue
[2025-12-26T02:11:01.455+0000] {logging_mixin.py:188} INFO - [2025-12-26T02:11:01.455+0000] {dagbag.py:545} INFO - Filling up the DagBag from /opt/airflow/dags/weather_etl_dag.py
[2025-12-26T02:11:01.466+0000] {processor.py:840} INFO - DAG(s) 'weather_pipeline' retrieved from /opt/airflow/dags/weather_etl_dag.py
[2025-12-26T02:11:01.484+0000] {logging_mixin.py:188} INFO - [2025-12-26T02:11:01.484+0000] {dag.py:3096} INFO - Sync 1 DAGs
[2025-12-26T02:11:01.495+0000] {logging_mixin.py:188} INFO - [2025-12-26T02:11:01.495+0000] {dag.py:3954} INFO - Setting next_dagrun for weather_pipeline to 2025-12-25 00:00:00+00:00, run_after=2025-12-26 00:00:00+00:00
[2025-12-26T02:11:01.502+0000] {processor.py:183} INFO - Processing /opt/airflow/dags/weather_etl_dag.py took 0.054 seconds
[2025-12-26T02:11:31.785+0000] {processor.py:161} INFO - Started process (PID=1058) to work on /opt/airflow/dags/weather_etl_dag.py
[2025-12-26T02:11:31.785+0000] {processor.py:830} INFO - Processing file /opt/airflow/dags/weather_etl_dag.py for tasks to queue
[2025-12-26T02:11:31.786+0000] {logging_mixin.py:188} INFO - [2025-12-26T02:11:31.786+0000] {dagbag.py:545} INFO - Filling up the DagBag from /opt/airflow/dags/weather_etl_dag.py
[2025-12-26T02:11:31.796+0000] {processor.py:840} INFO - DAG(s) 'weather_pipeline' retrieved from /opt/airflow/dags/weather_etl_dag.py
[2025-12-26T02:11:31.813+0000] {logging_mixin.py:188} INFO - [2025-12-26T02:11:31.813+0000] {dag.py:3096} INFO - Sync 1 DAGs
[2025-12-26T02:11:31.823+0000] {logging_mixin.py:188} INFO - [2025-12-26T02:11:31.823+0000] {dag.py:3954} INFO - Setting next_dagrun for weather_pipeline to 2025-12-25 00:00:00+00:00, run_after=2025-12-26 00:00:00+00:00
[2025-12-26T02:11:31.830+0000] {processor.py:183} INFO - Processing /opt/airflow/dags/weather_etl_dag.py took 0.051 seconds
[2025-12-26T02:12:02.104+0000] {processor.py:161} INFO - Started process (PID=1063) to work on /opt/airflow/dags/weather_etl_dag.py
[2025-12-26T02:12:02.105+0000] {processor.py:830} INFO - Processing file /opt/airflow/dags/weather_etl_dag.py for tasks to queue
[2025-12-26T02:12:02.106+0000] {logging_mixin.py:188} INFO - [2025-12-26T02:12:02.105+0000] {dagbag.py:545} INFO - Filling up the DagBag from /opt/airflow/dags/weather_etl_dag.py
[2025-12-26T02:12:02.116+0000] {processor.py:840} INFO - DAG(s) 'weather_pipeline' retrieved from /opt/airflow/dags/weather_etl_dag.py
[2025-12-26T02:12:02.133+0000] {logging_mixin.py:188} INFO - [2025-12-26T02:12:02.133+0000] {dag.py:3096} INFO - Sync 1 DAGs
[2025-12-26T02:12:02.143+0000] {logging_mixin.py:188} INFO - [2025-12-26T02:12:02.143+0000] {dag.py:3954} INFO - Setting next_dagrun for weather_pipeline to 2025-12-25 00:00:00+00:00, run_after=2025-12-26 00:00:00+00:00
[2025-12-26T02:12:02.149+0000] {processor.py:183} INFO - Processing /opt/airflow/dags/weather_etl_dag.py took 0.050 seconds
[2025-12-26T02:12:32.407+0000] {processor.py:161} INFO - Started process (PID=1068) to work on /opt/airflow/dags/weather_etl_dag.py
[2025-12-26T02:12:32.408+0000] {processor.py:830} INFO - Processing file /opt/airflow/dags/weather_etl_dag.py for tasks to queue
[2025-12-26T02:12:32.408+0000] {logging_mixin.py:188} INFO - [2025-12-26T02:12:32.408+0000] {dagbag.py:545} INFO - Filling up the DagBag from /opt/airflow/dags/weather_etl_dag.py
[2025-12-26T02:12:32.417+0000] {processor.py:840} INFO - DAG(s) 'weather_pipeline' retrieved from /opt/airflow/dags/weather_etl_dag.py
[2025-12-26T02:12:32.436+0000] {logging_mixin.py:188} INFO - [2025-12-26T02:12:32.435+0000] {dag.py:3096} INFO - Sync 1 DAGs
[2025-12-26T02:12:32.447+0000] {logging_mixin.py:188} INFO - [2025-12-26T02:12:32.447+0000] {dag.py:3954} INFO - Setting next_dagrun for weather_pipeline to 2025-12-25 00:00:00+00:00, run_after=2025-12-26 00:00:00+00:00
[2025-12-26T02:12:32.454+0000] {processor.py:183} INFO - Processing /opt/airflow/dags/weather_etl_dag.py took 0.052 seconds
[2025-12-26T02:13:02.745+0000] {processor.py:161} INFO - Started process (PID=1073) to work on /opt/airflow/dags/weather_etl_dag.py
[2025-12-26T02:13:02.746+0000] {processor.py:830} INFO - Processing file /opt/airflow/dags/weather_etl_dag.py for tasks to queue
[2025-12-26T02:13:02.747+0000] {logging_mixin.py:188} INFO - [2025-12-26T02:13:02.747+0000] {dagbag.py:545} INFO - Filling up the DagBag from /opt/airflow/dags/weather_etl_dag.py
[2025-12-26T02:13:02.758+0000] {processor.py:840} INFO - DAG(s) 'weather_pipeline' retrieved from /opt/airflow/dags/weather_etl_dag.py
[2025-12-26T02:13:02.775+0000] {logging_mixin.py:188} INFO - [2025-12-26T02:13:02.775+0000] {dag.py:3096} INFO - Sync 1 DAGs
[2025-12-26T02:13:02.784+0000] {logging_mixin.py:188} INFO - [2025-12-26T02:13:02.784+0000] {dag.py:3954} INFO - Setting next_dagrun for weather_pipeline to 2025-12-25 00:00:00+00:00, run_after=2025-12-26 00:00:00+00:00
[2025-12-26T02:13:02.791+0000] {processor.py:183} INFO - Processing /opt/airflow/dags/weather_etl_dag.py took 0.052 seconds
[2025-12-26T02:13:33.037+0000] {processor.py:161} INFO - Started process (PID=1078) to work on /opt/airflow/dags/weather_etl_dag.py
[2025-12-26T02:13:33.038+0000] {processor.py:830} INFO - Processing file /opt/airflow/dags/weather_etl_dag.py for tasks to queue
[2025-12-26T02:13:33.039+0000] {logging_mixin.py:188} INFO - [2025-12-26T02:13:33.038+0000] {dagbag.py:545} INFO - Filling up the DagBag from /opt/airflow/dags/weather_etl_dag.py
[2025-12-26T02:13:33.049+0000] {processor.py:840} INFO - DAG(s) 'weather_pipeline' retrieved from /opt/airflow/dags/weather_etl_dag.py
[2025-12-26T02:13:33.067+0000] {logging_mixin.py:188} INFO - [2025-12-26T02:13:33.067+0000] {dag.py:3096} INFO - Sync 1 DAGs
[2025-12-26T02:13:33.077+0000] {logging_mixin.py:188} INFO - [2025-12-26T02:13:33.077+0000] {dag.py:3954} INFO - Setting next_dagrun for weather_pipeline to 2025-12-25 00:00:00+00:00, run_after=2025-12-26 00:00:00+00:00
[2025-12-26T02:13:33.084+0000] {processor.py:183} INFO - Processing /opt/airflow/dags/weather_etl_dag.py took 0.052 seconds
[2025-12-26T02:14:03.317+0000] {processor.py:161} INFO - Started process (PID=1083) to work on /opt/airflow/dags/weather_etl_dag.py
[2025-12-26T02:14:03.318+0000] {processor.py:830} INFO - Processing file /opt/airflow/dags/weather_etl_dag.py for tasks to queue
[2025-12-26T02:14:03.319+0000] {logging_mixin.py:188} INFO - [2025-12-26T02:14:03.319+0000] {dagbag.py:545} INFO - Filling up the DagBag from /opt/airflow/dags/weather_etl_dag.py
[2025-12-26T02:14:03.329+0000] {processor.py:840} INFO - DAG(s) 'weather_pipeline' retrieved from /opt/airflow/dags/weather_etl_dag.py
[2025-12-26T02:14:03.348+0000] {logging_mixin.py:188} INFO - [2025-12-26T02:14:03.348+0000] {dag.py:3096} INFO - Sync 1 DAGs
[2025-12-26T02:14:03.359+0000] {logging_mixin.py:188} INFO - [2025-12-26T02:14:03.358+0000] {dag.py:3954} INFO - Setting next_dagrun for weather_pipeline to 2025-12-25 00:00:00+00:00, run_after=2025-12-26 00:00:00+00:00
[2025-12-26T02:14:03.365+0000] {processor.py:183} INFO - Processing /opt/airflow/dags/weather_etl_dag.py took 0.053 seconds
[2025-12-26T02:14:33.604+0000] {processor.py:161} INFO - Started process (PID=1088) to work on /opt/airflow/dags/weather_etl_dag.py
[2025-12-26T02:14:33.605+0000] {processor.py:830} INFO - Processing file /opt/airflow/dags/weather_etl_dag.py for tasks to queue
[2025-12-26T02:14:33.606+0000] {logging_mixin.py:188} INFO - [2025-12-26T02:14:33.605+0000] {dagbag.py:545} INFO - Filling up the DagBag from /opt/airflow/dags/weather_etl_dag.py
[2025-12-26T02:14:33.616+0000] {processor.py:840} INFO - DAG(s) 'weather_pipeline' retrieved from /opt/airflow/dags/weather_etl_dag.py
[2025-12-26T02:14:33.633+0000] {logging_mixin.py:188} INFO - [2025-12-26T02:14:33.632+0000] {dag.py:3096} INFO - Sync 1 DAGs
[2025-12-26T02:14:33.642+0000] {logging_mixin.py:188} INFO - [2025-12-26T02:14:33.642+0000] {dag.py:3954} INFO - Setting next_dagrun for weather_pipeline to 2025-12-25 00:00:00+00:00, run_after=2025-12-26 00:00:00+00:00
[2025-12-26T02:14:33.648+0000] {processor.py:183} INFO - Processing /opt/airflow/dags/weather_etl_dag.py took 0.050 seconds
[2025-12-26T02:15:03.861+0000] {processor.py:161} INFO - Started process (PID=1093) to work on /opt/airflow/dags/weather_etl_dag.py
[2025-12-26T02:15:03.861+0000] {processor.py:830} INFO - Processing file /opt/airflow/dags/weather_etl_dag.py for tasks to queue
[2025-12-26T02:15:03.862+0000] {logging_mixin.py:188} INFO - [2025-12-26T02:15:03.862+0000] {dagbag.py:545} INFO - Filling up the DagBag from /opt/airflow/dags/weather_etl_dag.py
[2025-12-26T02:15:03.866+0000] {processor.py:840} INFO - DAG(s) 'weather_pipeline' retrieved from /opt/airflow/dags/weather_etl_dag.py
[2025-12-26T02:15:03.878+0000] {logging_mixin.py:188} INFO - [2025-12-26T02:15:03.878+0000] {dag.py:3096} INFO - Sync 1 DAGs
[2025-12-26T02:15:03.886+0000] {logging_mixin.py:188} INFO - [2025-12-26T02:15:03.886+0000] {dag.py:3954} INFO - Setting next_dagrun for weather_pipeline to 2025-12-25 00:00:00+00:00, run_after=2025-12-26 00:00:00+00:00
[2025-12-26T02:15:03.892+0000] {processor.py:183} INFO - Processing /opt/airflow/dags/weather_etl_dag.py took 0.034 seconds
[2025-12-26T02:15:34.144+0000] {processor.py:161} INFO - Started process (PID=1098) to work on /opt/airflow/dags/weather_etl_dag.py
[2025-12-26T02:15:34.145+0000] {processor.py:830} INFO - Processing file /opt/airflow/dags/weather_etl_dag.py for tasks to queue
[2025-12-26T02:15:34.146+0000] {logging_mixin.py:188} INFO - [2025-12-26T02:15:34.145+0000] {dagbag.py:545} INFO - Filling up the DagBag from /opt/airflow/dags/weather_etl_dag.py
[2025-12-26T02:15:34.151+0000] {processor.py:840} INFO - DAG(s) 'weather_pipeline' retrieved from /opt/airflow/dags/weather_etl_dag.py
[2025-12-26T02:15:34.162+0000] {logging_mixin.py:188} INFO - [2025-12-26T02:15:34.162+0000] {dag.py:3096} INFO - Sync 1 DAGs
[2025-12-26T02:15:34.170+0000] {logging_mixin.py:188} INFO - [2025-12-26T02:15:34.170+0000] {dag.py:3954} INFO - Setting next_dagrun for weather_pipeline to 2025-12-25 00:00:00+00:00, run_after=2025-12-26 00:00:00+00:00
[2025-12-26T02:15:34.177+0000] {processor.py:183} INFO - Processing /opt/airflow/dags/weather_etl_dag.py took 0.036 seconds
[2025-12-26T02:16:04.457+0000] {processor.py:161} INFO - Started process (PID=1103) to work on /opt/airflow/dags/weather_etl_dag.py
[2025-12-26T02:16:04.458+0000] {processor.py:830} INFO - Processing file /opt/airflow/dags/weather_etl_dag.py for tasks to queue
[2025-12-26T02:16:04.459+0000] {logging_mixin.py:188} INFO - [2025-12-26T02:16:04.458+0000] {dagbag.py:545} INFO - Filling up the DagBag from /opt/airflow/dags/weather_etl_dag.py
[2025-12-26T02:16:04.469+0000] {processor.py:840} INFO - DAG(s) 'weather_pipeline' retrieved from /opt/airflow/dags/weather_etl_dag.py
[2025-12-26T02:16:04.486+0000] {logging_mixin.py:188} INFO - [2025-12-26T02:16:04.486+0000] {dag.py:3096} INFO - Sync 1 DAGs
[2025-12-26T02:16:04.496+0000] {logging_mixin.py:188} INFO - [2025-12-26T02:16:04.496+0000] {dag.py:3954} INFO - Setting next_dagrun for weather_pipeline to 2025-12-25 00:00:00+00:00, run_after=2025-12-26 00:00:00+00:00
[2025-12-26T02:16:04.503+0000] {processor.py:183} INFO - Processing /opt/airflow/dags/weather_etl_dag.py took 0.052 seconds
[2025-12-26T02:16:34.773+0000] {processor.py:161} INFO - Started process (PID=1108) to work on /opt/airflow/dags/weather_etl_dag.py
[2025-12-26T02:16:34.774+0000] {processor.py:830} INFO - Processing file /opt/airflow/dags/weather_etl_dag.py for tasks to queue
[2025-12-26T02:16:34.774+0000] {logging_mixin.py:188} INFO - [2025-12-26T02:16:34.774+0000] {dagbag.py:545} INFO - Filling up the DagBag from /opt/airflow/dags/weather_etl_dag.py
[2025-12-26T02:16:34.782+0000] {processor.py:840} INFO - DAG(s) 'weather_pipeline' retrieved from /opt/airflow/dags/weather_etl_dag.py
[2025-12-26T02:16:34.798+0000] {logging_mixin.py:188} INFO - [2025-12-26T02:16:34.798+0000] {dag.py:3096} INFO - Sync 1 DAGs
[2025-12-26T02:16:34.809+0000] {logging_mixin.py:188} INFO - [2025-12-26T02:16:34.809+0000] {dag.py:3954} INFO - Setting next_dagrun for weather_pipeline to 2025-12-25 00:00:00+00:00, run_after=2025-12-26 00:00:00+00:00
[2025-12-26T02:16:34.817+0000] {processor.py:183} INFO - Processing /opt/airflow/dags/weather_etl_dag.py took 0.047 seconds
[2025-12-26T02:17:05.086+0000] {processor.py:161} INFO - Started process (PID=1113) to work on /opt/airflow/dags/weather_etl_dag.py
[2025-12-26T02:17:05.087+0000] {processor.py:830} INFO - Processing file /opt/airflow/dags/weather_etl_dag.py for tasks to queue
[2025-12-26T02:17:05.087+0000] {logging_mixin.py:188} INFO - [2025-12-26T02:17:05.087+0000] {dagbag.py:545} INFO - Filling up the DagBag from /opt/airflow/dags/weather_etl_dag.py
[2025-12-26T02:17:05.096+0000] {processor.py:840} INFO - DAG(s) 'weather_pipeline' retrieved from /opt/airflow/dags/weather_etl_dag.py
[2025-12-26T02:17:05.113+0000] {logging_mixin.py:188} INFO - [2025-12-26T02:17:05.113+0000] {dag.py:3096} INFO - Sync 1 DAGs
[2025-12-26T02:17:05.123+0000] {logging_mixin.py:188} INFO - [2025-12-26T02:17:05.123+0000] {dag.py:3954} INFO - Setting next_dagrun for weather_pipeline to 2025-12-25 00:00:00+00:00, run_after=2025-12-26 00:00:00+00:00
[2025-12-26T02:17:05.129+0000] {processor.py:183} INFO - Processing /opt/airflow/dags/weather_etl_dag.py took 0.048 seconds
[2025-12-26T02:17:35.402+0000] {processor.py:161} INFO - Started process (PID=1118) to work on /opt/airflow/dags/weather_etl_dag.py
[2025-12-26T02:17:35.403+0000] {processor.py:830} INFO - Processing file /opt/airflow/dags/weather_etl_dag.py for tasks to queue
[2025-12-26T02:17:35.403+0000] {logging_mixin.py:188} INFO - [2025-12-26T02:17:35.403+0000] {dagbag.py:545} INFO - Filling up the DagBag from /opt/airflow/dags/weather_etl_dag.py
[2025-12-26T02:17:35.413+0000] {processor.py:840} INFO - DAG(s) 'weather_pipeline' retrieved from /opt/airflow/dags/weather_etl_dag.py
[2025-12-26T02:17:35.438+0000] {logging_mixin.py:188} INFO - [2025-12-26T02:17:35.437+0000] {dag.py:3096} INFO - Sync 1 DAGs
[2025-12-26T02:17:35.448+0000] {logging_mixin.py:188} INFO - [2025-12-26T02:17:35.448+0000] {dag.py:3954} INFO - Setting next_dagrun for weather_pipeline to 2025-12-25 00:00:00+00:00, run_after=2025-12-26 00:00:00+00:00
[2025-12-26T02:17:35.455+0000] {processor.py:183} INFO - Processing /opt/airflow/dags/weather_etl_dag.py took 0.059 seconds
[2025-12-26T02:18:05.727+0000] {processor.py:161} INFO - Started process (PID=1123) to work on /opt/airflow/dags/weather_etl_dag.py
[2025-12-26T02:18:05.728+0000] {processor.py:830} INFO - Processing file /opt/airflow/dags/weather_etl_dag.py for tasks to queue
[2025-12-26T02:18:05.729+0000] {logging_mixin.py:188} INFO - [2025-12-26T02:18:05.728+0000] {dagbag.py:545} INFO - Filling up the DagBag from /opt/airflow/dags/weather_etl_dag.py
[2025-12-26T02:18:05.739+0000] {processor.py:840} INFO - DAG(s) 'weather_pipeline' retrieved from /opt/airflow/dags/weather_etl_dag.py
[2025-12-26T02:18:05.758+0000] {logging_mixin.py:188} INFO - [2025-12-26T02:18:05.758+0000] {dag.py:3096} INFO - Sync 1 DAGs
[2025-12-26T02:18:05.769+0000] {logging_mixin.py:188} INFO - [2025-12-26T02:18:05.769+0000] {dag.py:3954} INFO - Setting next_dagrun for weather_pipeline to 2025-12-25 00:00:00+00:00, run_after=2025-12-26 00:00:00+00:00
[2025-12-26T02:18:05.776+0000] {processor.py:183} INFO - Processing /opt/airflow/dags/weather_etl_dag.py took 0.055 seconds
[2025-12-26T02:18:36.036+0000] {processor.py:161} INFO - Started process (PID=1128) to work on /opt/airflow/dags/weather_etl_dag.py
[2025-12-26T02:18:36.037+0000] {processor.py:830} INFO - Processing file /opt/airflow/dags/weather_etl_dag.py for tasks to queue
[2025-12-26T02:18:36.038+0000] {logging_mixin.py:188} INFO - [2025-12-26T02:18:36.038+0000] {dagbag.py:545} INFO - Filling up the DagBag from /opt/airflow/dags/weather_etl_dag.py
[2025-12-26T02:18:36.049+0000] {processor.py:840} INFO - DAG(s) 'weather_pipeline' retrieved from /opt/airflow/dags/weather_etl_dag.py
[2025-12-26T02:18:36.067+0000] {logging_mixin.py:188} INFO - [2025-12-26T02:18:36.067+0000] {dag.py:3096} INFO - Sync 1 DAGs
[2025-12-26T02:18:36.076+0000] {logging_mixin.py:188} INFO - [2025-12-26T02:18:36.076+0000] {dag.py:3954} INFO - Setting next_dagrun for weather_pipeline to 2025-12-25 00:00:00+00:00, run_after=2025-12-26 00:00:00+00:00
[2025-12-26T02:18:36.083+0000] {processor.py:183} INFO - Processing /opt/airflow/dags/weather_etl_dag.py took 0.052 seconds
[2025-12-26T02:19:06.345+0000] {processor.py:161} INFO - Started process (PID=1133) to work on /opt/airflow/dags/weather_etl_dag.py
[2025-12-26T02:19:06.346+0000] {processor.py:830} INFO - Processing file /opt/airflow/dags/weather_etl_dag.py for tasks to queue
[2025-12-26T02:19:06.346+0000] {logging_mixin.py:188} INFO - [2025-12-26T02:19:06.346+0000] {dagbag.py:545} INFO - Filling up the DagBag from /opt/airflow/dags/weather_etl_dag.py
[2025-12-26T02:19:06.357+0000] {processor.py:840} INFO - DAG(s) 'weather_pipeline' retrieved from /opt/airflow/dags/weather_etl_dag.py
[2025-12-26T02:19:06.376+0000] {logging_mixin.py:188} INFO - [2025-12-26T02:19:06.376+0000] {dag.py:3096} INFO - Sync 1 DAGs
[2025-12-26T02:19:06.386+0000] {logging_mixin.py:188} INFO - [2025-12-26T02:19:06.386+0000] {dag.py:3954} INFO - Setting next_dagrun for weather_pipeline to 2025-12-25 00:00:00+00:00, run_after=2025-12-26 00:00:00+00:00
[2025-12-26T02:19:06.393+0000] {processor.py:183} INFO - Processing /opt/airflow/dags/weather_etl_dag.py took 0.054 seconds
[2025-12-26T02:19:36.654+0000] {processor.py:161} INFO - Started process (PID=1138) to work on /opt/airflow/dags/weather_etl_dag.py
[2025-12-26T02:19:36.655+0000] {processor.py:830} INFO - Processing file /opt/airflow/dags/weather_etl_dag.py for tasks to queue
[2025-12-26T02:19:36.656+0000] {logging_mixin.py:188} INFO - [2025-12-26T02:19:36.656+0000] {dagbag.py:545} INFO - Filling up the DagBag from /opt/airflow/dags/weather_etl_dag.py
[2025-12-26T02:19:36.666+0000] {processor.py:840} INFO - DAG(s) 'weather_pipeline' retrieved from /opt/airflow/dags/weather_etl_dag.py
[2025-12-26T02:19:36.685+0000] {logging_mixin.py:188} INFO - [2025-12-26T02:19:36.685+0000] {dag.py:3096} INFO - Sync 1 DAGs
[2025-12-26T02:19:36.696+0000] {logging_mixin.py:188} INFO - [2025-12-26T02:19:36.696+0000] {dag.py:3954} INFO - Setting next_dagrun for weather_pipeline to 2025-12-25 00:00:00+00:00, run_after=2025-12-26 00:00:00+00:00
[2025-12-26T02:19:36.702+0000] {processor.py:183} INFO - Processing /opt/airflow/dags/weather_etl_dag.py took 0.053 seconds
[2025-12-26T02:20:06.969+0000] {processor.py:161} INFO - Started process (PID=1143) to work on /opt/airflow/dags/weather_etl_dag.py
[2025-12-26T02:20:06.970+0000] {processor.py:830} INFO - Processing file /opt/airflow/dags/weather_etl_dag.py for tasks to queue
[2025-12-26T02:20:06.970+0000] {logging_mixin.py:188} INFO - [2025-12-26T02:20:06.970+0000] {dagbag.py:545} INFO - Filling up the DagBag from /opt/airflow/dags/weather_etl_dag.py
[2025-12-26T02:20:06.981+0000] {processor.py:840} INFO - DAG(s) 'weather_pipeline' retrieved from /opt/airflow/dags/weather_etl_dag.py
[2025-12-26T02:20:07.000+0000] {logging_mixin.py:188} INFO - [2025-12-26T02:20:07.000+0000] {dag.py:3096} INFO - Sync 1 DAGs
[2025-12-26T02:20:07.010+0000] {logging_mixin.py:188} INFO - [2025-12-26T02:20:07.010+0000] {dag.py:3954} INFO - Setting next_dagrun for weather_pipeline to 2025-12-25 00:00:00+00:00, run_after=2025-12-26 00:00:00+00:00
[2025-12-26T02:20:07.017+0000] {processor.py:183} INFO - Processing /opt/airflow/dags/weather_etl_dag.py took 0.054 seconds
[2025-12-26T02:20:37.267+0000] {processor.py:161} INFO - Started process (PID=1148) to work on /opt/airflow/dags/weather_etl_dag.py
[2025-12-26T02:20:37.268+0000] {processor.py:830} INFO - Processing file /opt/airflow/dags/weather_etl_dag.py for tasks to queue
[2025-12-26T02:20:37.268+0000] {logging_mixin.py:188} INFO - [2025-12-26T02:20:37.268+0000] {dagbag.py:545} INFO - Filling up the DagBag from /opt/airflow/dags/weather_etl_dag.py
[2025-12-26T02:20:37.278+0000] {processor.py:840} INFO - DAG(s) 'weather_pipeline' retrieved from /opt/airflow/dags/weather_etl_dag.py
[2025-12-26T02:20:37.294+0000] {logging_mixin.py:188} INFO - [2025-12-26T02:20:37.294+0000] {dag.py:3096} INFO - Sync 1 DAGs
[2025-12-26T02:20:37.303+0000] {logging_mixin.py:188} INFO - [2025-12-26T02:20:37.303+0000] {dag.py:3954} INFO - Setting next_dagrun for weather_pipeline to 2025-12-25 00:00:00+00:00, run_after=2025-12-26 00:00:00+00:00
[2025-12-26T02:20:37.310+0000] {processor.py:183} INFO - Processing /opt/airflow/dags/weather_etl_dag.py took 0.048 seconds
[2025-12-26T02:21:07.555+0000] {processor.py:161} INFO - Started process (PID=1153) to work on /opt/airflow/dags/weather_etl_dag.py
[2025-12-26T02:21:07.555+0000] {processor.py:830} INFO - Processing file /opt/airflow/dags/weather_etl_dag.py for tasks to queue
[2025-12-26T02:21:07.556+0000] {logging_mixin.py:188} INFO - [2025-12-26T02:21:07.556+0000] {dagbag.py:545} INFO - Filling up the DagBag from /opt/airflow/dags/weather_etl_dag.py
[2025-12-26T02:21:07.571+0000] {processor.py:840} INFO - DAG(s) 'weather_pipeline' retrieved from /opt/airflow/dags/weather_etl_dag.py
[2025-12-26T02:21:07.588+0000] {logging_mixin.py:188} INFO - [2025-12-26T02:21:07.588+0000] {dag.py:3096} INFO - Sync 1 DAGs
[2025-12-26T02:21:07.597+0000] {logging_mixin.py:188} INFO - [2025-12-26T02:21:07.597+0000] {dag.py:3954} INFO - Setting next_dagrun for weather_pipeline to 2025-12-25 00:00:00+00:00, run_after=2025-12-26 00:00:00+00:00
[2025-12-26T02:21:07.604+0000] {processor.py:183} INFO - Processing /opt/airflow/dags/weather_etl_dag.py took 0.053 seconds
[2025-12-26T02:21:37.863+0000] {processor.py:161} INFO - Started process (PID=1158) to work on /opt/airflow/dags/weather_etl_dag.py
[2025-12-26T02:21:37.863+0000] {processor.py:830} INFO - Processing file /opt/airflow/dags/weather_etl_dag.py for tasks to queue
[2025-12-26T02:21:37.864+0000] {logging_mixin.py:188} INFO - [2025-12-26T02:21:37.864+0000] {dagbag.py:545} INFO - Filling up the DagBag from /opt/airflow/dags/weather_etl_dag.py
[2025-12-26T02:21:37.873+0000] {processor.py:840} INFO - DAG(s) 'weather_pipeline' retrieved from /opt/airflow/dags/weather_etl_dag.py
[2025-12-26T02:21:37.890+0000] {logging_mixin.py:188} INFO - [2025-12-26T02:21:37.890+0000] {dag.py:3096} INFO - Sync 1 DAGs
[2025-12-26T02:21:37.898+0000] {logging_mixin.py:188} INFO - [2025-12-26T02:21:37.898+0000] {dag.py:3954} INFO - Setting next_dagrun for weather_pipeline to 2025-12-25 00:00:00+00:00, run_after=2025-12-26 00:00:00+00:00
[2025-12-26T02:21:37.905+0000] {processor.py:183} INFO - Processing /opt/airflow/dags/weather_etl_dag.py took 0.047 seconds
[2025-12-26T02:22:08.196+0000] {processor.py:161} INFO - Started process (PID=1163) to work on /opt/airflow/dags/weather_etl_dag.py
[2025-12-26T02:22:08.196+0000] {processor.py:830} INFO - Processing file /opt/airflow/dags/weather_etl_dag.py for tasks to queue
[2025-12-26T02:22:08.197+0000] {logging_mixin.py:188} INFO - [2025-12-26T02:22:08.197+0000] {dagbag.py:545} INFO - Filling up the DagBag from /opt/airflow/dags/weather_etl_dag.py
[2025-12-26T02:22:08.205+0000] {processor.py:840} INFO - DAG(s) 'weather_pipeline' retrieved from /opt/airflow/dags/weather_etl_dag.py
[2025-12-26T02:22:08.219+0000] {logging_mixin.py:188} INFO - [2025-12-26T02:22:08.219+0000] {dag.py:3096} INFO - Sync 1 DAGs
[2025-12-26T02:22:08.229+0000] {logging_mixin.py:188} INFO - [2025-12-26T02:22:08.229+0000] {dag.py:3954} INFO - Setting next_dagrun for weather_pipeline to 2025-12-25 00:00:00+00:00, run_after=2025-12-26 00:00:00+00:00
[2025-12-26T02:22:08.236+0000] {processor.py:183} INFO - Processing /opt/airflow/dags/weather_etl_dag.py took 0.044 seconds
[2025-12-26T02:22:38.477+0000] {processor.py:161} INFO - Started process (PID=1168) to work on /opt/airflow/dags/weather_etl_dag.py
[2025-12-26T02:22:38.477+0000] {processor.py:830} INFO - Processing file /opt/airflow/dags/weather_etl_dag.py for tasks to queue
[2025-12-26T02:22:38.478+0000] {logging_mixin.py:188} INFO - [2025-12-26T02:22:38.477+0000] {dagbag.py:545} INFO - Filling up the DagBag from /opt/airflow/dags/weather_etl_dag.py
[2025-12-26T02:22:38.483+0000] {processor.py:840} INFO - DAG(s) 'weather_pipeline' retrieved from /opt/airflow/dags/weather_etl_dag.py
[2025-12-26T02:22:38.494+0000] {logging_mixin.py:188} INFO - [2025-12-26T02:22:38.494+0000] {dag.py:3096} INFO - Sync 1 DAGs
[2025-12-26T02:22:38.503+0000] {logging_mixin.py:188} INFO - [2025-12-26T02:22:38.502+0000] {dag.py:3954} INFO - Setting next_dagrun for weather_pipeline to 2025-12-25 00:00:00+00:00, run_after=2025-12-26 00:00:00+00:00
[2025-12-26T02:22:38.509+0000] {processor.py:183} INFO - Processing /opt/airflow/dags/weather_etl_dag.py took 0.034 seconds
