[2025-12-28T23:23:41.250+0000] {processor.py:161} INFO - Started process (PID=166) to work on /opt/airflow/dags/weather_etl_dag.py
[2025-12-28T23:23:41.250+0000] {processor.py:830} INFO - Processing file /opt/airflow/dags/weather_etl_dag.py for tasks to queue
[2025-12-28T23:23:41.251+0000] {logging_mixin.py:188} INFO - [2025-12-28T23:23:41.250+0000] {dagbag.py:545} INFO - Filling up the DagBag from /opt/airflow/dags/weather_etl_dag.py
[2025-12-28T23:23:41.258+0000] {logging_mixin.py:188} INFO - [2025-12-28T23:23:41.257+0000] {dagbag.py:355} ERROR - Failed to import: /opt/airflow/dags/weather_etl_dag.py
Traceback (most recent call last):
  File "/home/airflow/.local/lib/python3.12/site-packages/airflow/models/dagbag.py", line 351, in parse
    loader.exec_module(new_module)
  File "<frozen importlib._bootstrap_external>", line 995, in exec_module
  File "<frozen importlib._bootstrap>", line 488, in _call_with_frames_removed
  File "/opt/airflow/dags/weather_etl_dag.py", line 7, in <module>
    from scripts.load_staging_data import load_staging_weather
ImportError: cannot import name 'load_staging_weather' from 'scripts.load_staging_data' (/opt/airflow/dags/scripts/load_staging_data.py). Did you mean: 'load_staging_data'?
[2025-12-28T23:23:41.258+0000] {processor.py:842} WARNING - No viable dags retrieved from /opt/airflow/dags/weather_etl_dag.py
[2025-12-28T23:23:41.266+0000] {processor.py:183} INFO - Processing /opt/airflow/dags/weather_etl_dag.py took 0.019 seconds
[2025-12-28T23:24:11.541+0000] {processor.py:161} INFO - Started process (PID=171) to work on /opt/airflow/dags/weather_etl_dag.py
[2025-12-28T23:24:11.541+0000] {processor.py:830} INFO - Processing file /opt/airflow/dags/weather_etl_dag.py for tasks to queue
[2025-12-28T23:24:11.543+0000] {logging_mixin.py:188} INFO - [2025-12-28T23:24:11.543+0000] {dagbag.py:545} INFO - Filling up the DagBag from /opt/airflow/dags/weather_etl_dag.py
[2025-12-28T23:24:11.548+0000] {logging_mixin.py:188} INFO - [2025-12-28T23:24:11.547+0000] {dagbag.py:355} ERROR - Failed to import: /opt/airflow/dags/weather_etl_dag.py
Traceback (most recent call last):
  File "/home/airflow/.local/lib/python3.12/site-packages/airflow/models/dagbag.py", line 351, in parse
    loader.exec_module(new_module)
  File "<frozen importlib._bootstrap_external>", line 995, in exec_module
  File "<frozen importlib._bootstrap>", line 488, in _call_with_frames_removed
  File "/opt/airflow/dags/weather_etl_dag.py", line 7, in <module>
    from scripts.load_staging_data import load_staging_weather
ImportError: cannot import name 'load_staging_weather' from 'scripts.load_staging_data' (/opt/airflow/dags/scripts/load_staging_data.py). Did you mean: 'load_staging_data'?
[2025-12-28T23:24:11.549+0000] {processor.py:842} WARNING - No viable dags retrieved from /opt/airflow/dags/weather_etl_dag.py
[2025-12-28T23:24:11.563+0000] {processor.py:183} INFO - Processing /opt/airflow/dags/weather_etl_dag.py took 0.027 seconds
[2025-12-28T23:24:41.831+0000] {processor.py:161} INFO - Started process (PID=176) to work on /opt/airflow/dags/weather_etl_dag.py
[2025-12-28T23:24:41.831+0000] {processor.py:830} INFO - Processing file /opt/airflow/dags/weather_etl_dag.py for tasks to queue
[2025-12-28T23:24:41.832+0000] {logging_mixin.py:188} INFO - [2025-12-28T23:24:41.832+0000] {dagbag.py:545} INFO - Filling up the DagBag from /opt/airflow/dags/weather_etl_dag.py
[2025-12-28T23:24:41.837+0000] {logging_mixin.py:188} INFO - [2025-12-28T23:24:41.836+0000] {dagbag.py:355} ERROR - Failed to import: /opt/airflow/dags/weather_etl_dag.py
Traceback (most recent call last):
  File "/home/airflow/.local/lib/python3.12/site-packages/airflow/models/dagbag.py", line 351, in parse
    loader.exec_module(new_module)
  File "<frozen importlib._bootstrap_external>", line 995, in exec_module
  File "<frozen importlib._bootstrap>", line 488, in _call_with_frames_removed
  File "/opt/airflow/dags/weather_etl_dag.py", line 7, in <module>
    from scripts.load_staging_data import load_staging_weather
ImportError: cannot import name 'load_staging_weather' from 'scripts.load_staging_data' (/opt/airflow/dags/scripts/load_staging_data.py). Did you mean: 'load_staging_data'?
[2025-12-28T23:24:41.838+0000] {processor.py:842} WARNING - No viable dags retrieved from /opt/airflow/dags/weather_etl_dag.py
[2025-12-28T23:24:41.850+0000] {processor.py:183} INFO - Processing /opt/airflow/dags/weather_etl_dag.py took 0.024 seconds
[2025-12-28T23:25:05.591+0000] {processor.py:161} INFO - Started process (PID=166) to work on /opt/airflow/dags/weather_etl_dag.py
[2025-12-28T23:25:05.591+0000] {processor.py:830} INFO - Processing file /opt/airflow/dags/weather_etl_dag.py for tasks to queue
[2025-12-28T23:25:05.592+0000] {logging_mixin.py:188} INFO - [2025-12-28T23:25:05.592+0000] {dagbag.py:545} INFO - Filling up the DagBag from /opt/airflow/dags/weather_etl_dag.py
[2025-12-28T23:25:05.611+0000] {processor.py:840} INFO - DAG(s) 'weather_etl_pipeline' retrieved from /opt/airflow/dags/weather_etl_dag.py
[2025-12-28T23:25:05.705+0000] {logging_mixin.py:188} INFO - [2025-12-28T23:25:05.705+0000] {override.py:1829} INFO - Created Permission View: can delete on DAG:weather_etl_pipeline
[2025-12-28T23:25:05.708+0000] {logging_mixin.py:188} INFO - [2025-12-28T23:25:05.708+0000] {override.py:1829} INFO - Created Permission View: can read on DAG:weather_etl_pipeline
[2025-12-28T23:25:05.709+0000] {logging_mixin.py:188} INFO - [2025-12-28T23:25:05.709+0000] {override.py:1829} INFO - Created Permission View: can edit on DAG:weather_etl_pipeline
[2025-12-28T23:25:05.709+0000] {logging_mixin.py:188} INFO - [2025-12-28T23:25:05.709+0000] {dag.py:3096} INFO - Sync 1 DAGs
[2025-12-28T23:25:05.713+0000] {logging_mixin.py:188} INFO - [2025-12-28T23:25:05.713+0000] {dag.py:3118} INFO - Creating ORM DAG for weather_etl_pipeline
[2025-12-28T23:25:05.717+0000] {logging_mixin.py:188} INFO - [2025-12-28T23:25:05.717+0000] {dag.py:3954} INFO - Setting next_dagrun for weather_etl_pipeline to 2025-12-27 00:00:00+00:00, run_after=2025-12-28 00:00:00+00:00
[2025-12-28T23:25:05.725+0000] {processor.py:183} INFO - Processing /opt/airflow/dags/weather_etl_dag.py took 0.136 seconds
[2025-12-28T23:25:35.840+0000] {processor.py:161} INFO - Started process (PID=175) to work on /opt/airflow/dags/weather_etl_dag.py
[2025-12-28T23:25:35.841+0000] {processor.py:830} INFO - Processing file /opt/airflow/dags/weather_etl_dag.py for tasks to queue
[2025-12-28T23:25:35.842+0000] {logging_mixin.py:188} INFO - [2025-12-28T23:25:35.842+0000] {dagbag.py:545} INFO - Filling up the DagBag from /opt/airflow/dags/weather_etl_dag.py
[2025-12-28T23:25:35.858+0000] {processor.py:840} INFO - DAG(s) 'weather_etl_pipeline' retrieved from /opt/airflow/dags/weather_etl_dag.py
[2025-12-28T23:25:35.876+0000] {logging_mixin.py:188} INFO - [2025-12-28T23:25:35.876+0000] {dag.py:3096} INFO - Sync 1 DAGs
[2025-12-28T23:25:35.886+0000] {logging_mixin.py:188} INFO - [2025-12-28T23:25:35.886+0000] {dag.py:3954} INFO - Setting next_dagrun for weather_etl_pipeline to 2025-12-28 00:00:00+00:00, run_after=2025-12-29 00:00:00+00:00
[2025-12-28T23:25:35.892+0000] {processor.py:183} INFO - Processing /opt/airflow/dags/weather_etl_dag.py took 0.058 seconds
[2025-12-28T23:26:06.105+0000] {processor.py:161} INFO - Started process (PID=180) to work on /opt/airflow/dags/weather_etl_dag.py
[2025-12-28T23:26:06.106+0000] {processor.py:830} INFO - Processing file /opt/airflow/dags/weather_etl_dag.py for tasks to queue
[2025-12-28T23:26:06.107+0000] {logging_mixin.py:188} INFO - [2025-12-28T23:26:06.107+0000] {dagbag.py:545} INFO - Filling up the DagBag from /opt/airflow/dags/weather_etl_dag.py
[2025-12-28T23:26:06.123+0000] {processor.py:840} INFO - DAG(s) 'weather_etl_pipeline' retrieved from /opt/airflow/dags/weather_etl_dag.py
[2025-12-28T23:26:06.140+0000] {logging_mixin.py:188} INFO - [2025-12-28T23:26:06.140+0000] {dag.py:3096} INFO - Sync 1 DAGs
[2025-12-28T23:26:06.149+0000] {logging_mixin.py:188} INFO - [2025-12-28T23:26:06.149+0000] {dag.py:3954} INFO - Setting next_dagrun for weather_etl_pipeline to 2025-12-28 00:00:00+00:00, run_after=2025-12-29 00:00:00+00:00
[2025-12-28T23:26:06.156+0000] {processor.py:183} INFO - Processing /opt/airflow/dags/weather_etl_dag.py took 0.056 seconds
[2025-12-28T23:26:36.326+0000] {processor.py:161} INFO - Started process (PID=185) to work on /opt/airflow/dags/weather_etl_dag.py
[2025-12-28T23:26:36.326+0000] {processor.py:830} INFO - Processing file /opt/airflow/dags/weather_etl_dag.py for tasks to queue
[2025-12-28T23:26:36.327+0000] {logging_mixin.py:188} INFO - [2025-12-28T23:26:36.327+0000] {dagbag.py:545} INFO - Filling up the DagBag from /opt/airflow/dags/weather_etl_dag.py
[2025-12-28T23:26:36.341+0000] {processor.py:840} INFO - DAG(s) 'weather_etl_pipeline' retrieved from /opt/airflow/dags/weather_etl_dag.py
[2025-12-28T23:26:36.354+0000] {logging_mixin.py:188} INFO - [2025-12-28T23:26:36.354+0000] {dag.py:3096} INFO - Sync 1 DAGs
[2025-12-28T23:26:36.363+0000] {logging_mixin.py:188} INFO - [2025-12-28T23:26:36.363+0000] {dag.py:3954} INFO - Setting next_dagrun for weather_etl_pipeline to 2025-12-28 00:00:00+00:00, run_after=2025-12-29 00:00:00+00:00
[2025-12-28T23:26:36.370+0000] {processor.py:183} INFO - Processing /opt/airflow/dags/weather_etl_dag.py took 0.048 seconds
[2025-12-28T23:27:06.604+0000] {processor.py:161} INFO - Started process (PID=190) to work on /opt/airflow/dags/weather_etl_dag.py
[2025-12-28T23:27:06.604+0000] {processor.py:830} INFO - Processing file /opt/airflow/dags/weather_etl_dag.py for tasks to queue
[2025-12-28T23:27:06.606+0000] {logging_mixin.py:188} INFO - [2025-12-28T23:27:06.605+0000] {dagbag.py:545} INFO - Filling up the DagBag from /opt/airflow/dags/weather_etl_dag.py
[2025-12-28T23:27:06.618+0000] {processor.py:840} INFO - DAG(s) 'weather_etl_pipeline' retrieved from /opt/airflow/dags/weather_etl_dag.py
[2025-12-28T23:27:06.632+0000] {logging_mixin.py:188} INFO - [2025-12-28T23:27:06.632+0000] {dag.py:3096} INFO - Sync 1 DAGs
[2025-12-28T23:27:06.641+0000] {logging_mixin.py:188} INFO - [2025-12-28T23:27:06.641+0000] {dag.py:3954} INFO - Setting next_dagrun for weather_etl_pipeline to 2025-12-28 00:00:00+00:00, run_after=2025-12-29 00:00:00+00:00
[2025-12-28T23:27:06.647+0000] {processor.py:183} INFO - Processing /opt/airflow/dags/weather_etl_dag.py took 0.047 seconds
[2025-12-28T23:27:36.913+0000] {processor.py:161} INFO - Started process (PID=195) to work on /opt/airflow/dags/weather_etl_dag.py
[2025-12-28T23:27:36.914+0000] {processor.py:830} INFO - Processing file /opt/airflow/dags/weather_etl_dag.py for tasks to queue
[2025-12-28T23:27:36.915+0000] {logging_mixin.py:188} INFO - [2025-12-28T23:27:36.915+0000] {dagbag.py:545} INFO - Filling up the DagBag from /opt/airflow/dags/weather_etl_dag.py
[2025-12-28T23:27:36.930+0000] {processor.py:840} INFO - DAG(s) 'weather_etl_pipeline' retrieved from /opt/airflow/dags/weather_etl_dag.py
[2025-12-28T23:27:36.943+0000] {logging_mixin.py:188} INFO - [2025-12-28T23:27:36.943+0000] {dag.py:3096} INFO - Sync 1 DAGs
[2025-12-28T23:27:36.953+0000] {logging_mixin.py:188} INFO - [2025-12-28T23:27:36.953+0000] {dag.py:3954} INFO - Setting next_dagrun for weather_etl_pipeline to 2025-12-28 00:00:00+00:00, run_after=2025-12-29 00:00:00+00:00
[2025-12-28T23:27:36.959+0000] {processor.py:183} INFO - Processing /opt/airflow/dags/weather_etl_dag.py took 0.052 seconds
[2025-12-28T23:28:07.173+0000] {processor.py:161} INFO - Started process (PID=200) to work on /opt/airflow/dags/weather_etl_dag.py
[2025-12-28T23:28:07.174+0000] {processor.py:830} INFO - Processing file /opt/airflow/dags/weather_etl_dag.py for tasks to queue
[2025-12-28T23:28:07.175+0000] {logging_mixin.py:188} INFO - [2025-12-28T23:28:07.175+0000] {dagbag.py:545} INFO - Filling up the DagBag from /opt/airflow/dags/weather_etl_dag.py
[2025-12-28T23:28:07.184+0000] {processor.py:840} INFO - DAG(s) 'weather_etl_pipeline' retrieved from /opt/airflow/dags/weather_etl_dag.py
[2025-12-28T23:28:07.195+0000] {logging_mixin.py:188} INFO - [2025-12-28T23:28:07.195+0000] {dag.py:3096} INFO - Sync 1 DAGs
[2025-12-28T23:28:07.204+0000] {logging_mixin.py:188} INFO - [2025-12-28T23:28:07.203+0000] {dag.py:3954} INFO - Setting next_dagrun for weather_etl_pipeline to 2025-12-28 00:00:00+00:00, run_after=2025-12-29 00:00:00+00:00
[2025-12-28T23:28:07.210+0000] {processor.py:183} INFO - Processing /opt/airflow/dags/weather_etl_dag.py took 0.040 seconds
[2025-12-28T23:28:37.417+0000] {processor.py:161} INFO - Started process (PID=205) to work on /opt/airflow/dags/weather_etl_dag.py
[2025-12-28T23:28:37.417+0000] {processor.py:830} INFO - Processing file /opt/airflow/dags/weather_etl_dag.py for tasks to queue
[2025-12-28T23:28:37.418+0000] {logging_mixin.py:188} INFO - [2025-12-28T23:28:37.418+0000] {dagbag.py:545} INFO - Filling up the DagBag from /opt/airflow/dags/weather_etl_dag.py
[2025-12-28T23:28:37.431+0000] {processor.py:840} INFO - DAG(s) 'weather_etl_pipeline' retrieved from /opt/airflow/dags/weather_etl_dag.py
[2025-12-28T23:28:37.445+0000] {logging_mixin.py:188} INFO - [2025-12-28T23:28:37.445+0000] {dag.py:3096} INFO - Sync 1 DAGs
[2025-12-28T23:28:37.456+0000] {logging_mixin.py:188} INFO - [2025-12-28T23:28:37.455+0000] {dag.py:3954} INFO - Setting next_dagrun for weather_etl_pipeline to 2025-12-28 00:00:00+00:00, run_after=2025-12-29 00:00:00+00:00
[2025-12-28T23:28:37.462+0000] {processor.py:183} INFO - Processing /opt/airflow/dags/weather_etl_dag.py took 0.051 seconds
[2025-12-28T23:29:07.719+0000] {processor.py:161} INFO - Started process (PID=210) to work on /opt/airflow/dags/weather_etl_dag.py
[2025-12-28T23:29:07.720+0000] {processor.py:830} INFO - Processing file /opt/airflow/dags/weather_etl_dag.py for tasks to queue
[2025-12-28T23:29:07.721+0000] {logging_mixin.py:188} INFO - [2025-12-28T23:29:07.721+0000] {dagbag.py:545} INFO - Filling up the DagBag from /opt/airflow/dags/weather_etl_dag.py
[2025-12-28T23:29:07.737+0000] {processor.py:840} INFO - DAG(s) 'weather_etl_pipeline' retrieved from /opt/airflow/dags/weather_etl_dag.py
[2025-12-28T23:29:07.754+0000] {logging_mixin.py:188} INFO - [2025-12-28T23:29:07.754+0000] {dag.py:3096} INFO - Sync 1 DAGs
[2025-12-28T23:29:07.764+0000] {logging_mixin.py:188} INFO - [2025-12-28T23:29:07.764+0000] {dag.py:3954} INFO - Setting next_dagrun for weather_etl_pipeline to 2025-12-28 00:00:00+00:00, run_after=2025-12-29 00:00:00+00:00
[2025-12-28T23:29:07.771+0000] {processor.py:183} INFO - Processing /opt/airflow/dags/weather_etl_dag.py took 0.057 seconds
[2025-12-28T23:29:38.055+0000] {processor.py:161} INFO - Started process (PID=215) to work on /opt/airflow/dags/weather_etl_dag.py
[2025-12-28T23:29:38.055+0000] {processor.py:830} INFO - Processing file /opt/airflow/dags/weather_etl_dag.py for tasks to queue
[2025-12-28T23:29:38.056+0000] {logging_mixin.py:188} INFO - [2025-12-28T23:29:38.056+0000] {dagbag.py:545} INFO - Filling up the DagBag from /opt/airflow/dags/weather_etl_dag.py
[2025-12-28T23:29:38.069+0000] {processor.py:840} INFO - DAG(s) 'weather_etl_pipeline' retrieved from /opt/airflow/dags/weather_etl_dag.py
[2025-12-28T23:29:38.083+0000] {logging_mixin.py:188} INFO - [2025-12-28T23:29:38.083+0000] {dag.py:3096} INFO - Sync 1 DAGs
[2025-12-28T23:29:38.092+0000] {logging_mixin.py:188} INFO - [2025-12-28T23:29:38.092+0000] {dag.py:3954} INFO - Setting next_dagrun for weather_etl_pipeline to 2025-12-28 00:00:00+00:00, run_after=2025-12-29 00:00:00+00:00
[2025-12-28T23:29:38.098+0000] {processor.py:183} INFO - Processing /opt/airflow/dags/weather_etl_dag.py took 0.048 seconds
[2025-12-28T23:42:46.811+0000] {processor.py:161} INFO - Started process (PID=224) to work on /opt/airflow/dags/weather_etl_dag.py
[2025-12-28T23:42:46.812+0000] {processor.py:830} INFO - Processing file /opt/airflow/dags/weather_etl_dag.py for tasks to queue
[2025-12-28T23:42:46.813+0000] {logging_mixin.py:188} INFO - [2025-12-28T23:42:46.813+0000] {dagbag.py:545} INFO - Filling up the DagBag from /opt/airflow/dags/weather_etl_dag.py
[2025-12-28T23:42:46.826+0000] {processor.py:840} INFO - DAG(s) 'weather_etl_pipeline' retrieved from /opt/airflow/dags/weather_etl_dag.py
[2025-12-28T23:42:46.840+0000] {logging_mixin.py:188} INFO - [2025-12-28T23:42:46.840+0000] {dag.py:3096} INFO - Sync 1 DAGs
[2025-12-28T23:42:46.849+0000] {logging_mixin.py:188} INFO - [2025-12-28T23:42:46.849+0000] {dag.py:3954} INFO - Setting next_dagrun for weather_etl_pipeline to 2025-12-28 00:00:00+00:00, run_after=2025-12-29 00:00:00+00:00
[2025-12-28T23:42:46.855+0000] {processor.py:183} INFO - Processing /opt/airflow/dags/weather_etl_dag.py took 0.048 seconds
[2025-12-28T23:45:14.587+0000] {processor.py:161} INFO - Started process (PID=229) to work on /opt/airflow/dags/weather_etl_dag.py
[2025-12-28T23:45:14.587+0000] {processor.py:830} INFO - Processing file /opt/airflow/dags/weather_etl_dag.py for tasks to queue
[2025-12-28T23:45:14.588+0000] {logging_mixin.py:188} INFO - [2025-12-28T23:45:14.588+0000] {dagbag.py:545} INFO - Filling up the DagBag from /opt/airflow/dags/weather_etl_dag.py
[2025-12-28T23:45:14.607+0000] {processor.py:840} INFO - DAG(s) 'weather_etl_pipeline' retrieved from /opt/airflow/dags/weather_etl_dag.py
[2025-12-28T23:45:14.634+0000] {logging_mixin.py:188} INFO - [2025-12-28T23:45:14.634+0000] {dag.py:3096} INFO - Sync 1 DAGs
[2025-12-28T23:45:14.645+0000] {logging_mixin.py:188} INFO - [2025-12-28T23:45:14.645+0000] {dag.py:3954} INFO - Setting next_dagrun for weather_etl_pipeline to 2025-12-28 00:00:00+00:00, run_after=2025-12-29 00:00:00+00:00
[2025-12-28T23:45:14.654+0000] {processor.py:183} INFO - Processing /opt/airflow/dags/weather_etl_dag.py took 0.070 seconds
[2025-12-28T23:45:50.589+0000] {processor.py:161} INFO - Started process (PID=166) to work on /opt/airflow/dags/weather_etl_dag.py
[2025-12-28T23:45:50.589+0000] {processor.py:830} INFO - Processing file /opt/airflow/dags/weather_etl_dag.py for tasks to queue
[2025-12-28T23:45:50.590+0000] {logging_mixin.py:188} INFO - [2025-12-28T23:45:50.590+0000] {dagbag.py:545} INFO - Filling up the DagBag from /opt/airflow/dags/weather_etl_dag.py
[2025-12-28T23:45:50.601+0000] {processor.py:840} INFO - DAG(s) 'weather_etl_pipeline' retrieved from /opt/airflow/dags/weather_etl_dag.py
[2025-12-28T23:45:50.623+0000] {logging_mixin.py:188} INFO - [2025-12-28T23:45:50.622+0000] {dag.py:3096} INFO - Sync 1 DAGs
[2025-12-28T23:45:50.631+0000] {logging_mixin.py:188} INFO - [2025-12-28T23:45:50.631+0000] {dag.py:3954} INFO - Setting next_dagrun for weather_etl_pipeline to 2025-12-28 00:00:00+00:00, run_after=2025-12-29 00:00:00+00:00
[2025-12-28T23:45:50.637+0000] {processor.py:183} INFO - Processing /opt/airflow/dags/weather_etl_dag.py took 0.050 seconds
[2025-12-28T23:46:20.857+0000] {processor.py:161} INFO - Started process (PID=171) to work on /opt/airflow/dags/weather_etl_dag.py
[2025-12-28T23:46:20.858+0000] {processor.py:830} INFO - Processing file /opt/airflow/dags/weather_etl_dag.py for tasks to queue
[2025-12-28T23:46:20.860+0000] {logging_mixin.py:188} INFO - [2025-12-28T23:46:20.859+0000] {dagbag.py:545} INFO - Filling up the DagBag from /opt/airflow/dags/weather_etl_dag.py
[2025-12-28T23:46:20.876+0000] {processor.py:840} INFO - DAG(s) 'weather_etl_pipeline' retrieved from /opt/airflow/dags/weather_etl_dag.py
[2025-12-28T23:46:20.892+0000] {logging_mixin.py:188} INFO - [2025-12-28T23:46:20.892+0000] {dag.py:3096} INFO - Sync 1 DAGs
[2025-12-28T23:46:20.902+0000] {logging_mixin.py:188} INFO - [2025-12-28T23:46:20.902+0000] {dag.py:3954} INFO - Setting next_dagrun for weather_etl_pipeline to 2025-12-28 00:00:00+00:00, run_after=2025-12-29 00:00:00+00:00
[2025-12-28T23:46:20.909+0000] {processor.py:183} INFO - Processing /opt/airflow/dags/weather_etl_dag.py took 0.057 seconds
[2025-12-28T23:46:51.133+0000] {processor.py:161} INFO - Started process (PID=178) to work on /opt/airflow/dags/weather_etl_dag.py
[2025-12-28T23:46:51.134+0000] {processor.py:830} INFO - Processing file /opt/airflow/dags/weather_etl_dag.py for tasks to queue
[2025-12-28T23:46:51.134+0000] {logging_mixin.py:188} INFO - [2025-12-28T23:46:51.134+0000] {dagbag.py:545} INFO - Filling up the DagBag from /opt/airflow/dags/weather_etl_dag.py
[2025-12-28T23:46:51.146+0000] {processor.py:840} INFO - DAG(s) 'weather_etl_pipeline' retrieved from /opt/airflow/dags/weather_etl_dag.py
[2025-12-28T23:46:51.159+0000] {logging_mixin.py:188} INFO - [2025-12-28T23:46:51.159+0000] {dag.py:3096} INFO - Sync 1 DAGs
[2025-12-28T23:46:51.168+0000] {logging_mixin.py:188} INFO - [2025-12-28T23:46:51.168+0000] {dag.py:3954} INFO - Setting next_dagrun for weather_etl_pipeline to 2025-12-28 00:00:00+00:00, run_after=2025-12-29 00:00:00+00:00
[2025-12-28T23:46:51.174+0000] {processor.py:183} INFO - Processing /opt/airflow/dags/weather_etl_dag.py took 0.044 seconds
[2025-12-28T23:47:21.359+0000] {processor.py:161} INFO - Started process (PID=193) to work on /opt/airflow/dags/weather_etl_dag.py
[2025-12-28T23:47:21.359+0000] {processor.py:830} INFO - Processing file /opt/airflow/dags/weather_etl_dag.py for tasks to queue
[2025-12-28T23:47:21.361+0000] {logging_mixin.py:188} INFO - [2025-12-28T23:47:21.360+0000] {dagbag.py:545} INFO - Filling up the DagBag from /opt/airflow/dags/weather_etl_dag.py
[2025-12-28T23:47:21.375+0000] {processor.py:840} INFO - DAG(s) 'weather_etl_pipeline' retrieved from /opt/airflow/dags/weather_etl_dag.py
[2025-12-28T23:47:21.391+0000] {logging_mixin.py:188} INFO - [2025-12-28T23:47:21.391+0000] {dag.py:3096} INFO - Sync 1 DAGs
[2025-12-28T23:47:21.400+0000] {logging_mixin.py:188} INFO - [2025-12-28T23:47:21.400+0000] {dag.py:3954} INFO - Setting next_dagrun for weather_etl_pipeline to 2025-12-28 00:00:00+00:00, run_after=2025-12-29 00:00:00+00:00
[2025-12-28T23:47:21.406+0000] {processor.py:183} INFO - Processing /opt/airflow/dags/weather_etl_dag.py took 0.052 seconds
[2025-12-28T23:47:51.615+0000] {processor.py:161} INFO - Started process (PID=214) to work on /opt/airflow/dags/weather_etl_dag.py
[2025-12-28T23:47:51.616+0000] {processor.py:830} INFO - Processing file /opt/airflow/dags/weather_etl_dag.py for tasks to queue
[2025-12-28T23:47:51.618+0000] {logging_mixin.py:188} INFO - [2025-12-28T23:47:51.618+0000] {dagbag.py:545} INFO - Filling up the DagBag from /opt/airflow/dags/weather_etl_dag.py
[2025-12-28T23:47:51.628+0000] {processor.py:840} INFO - DAG(s) 'weather_etl_pipeline' retrieved from /opt/airflow/dags/weather_etl_dag.py
[2025-12-28T23:47:51.641+0000] {logging_mixin.py:188} INFO - [2025-12-28T23:47:51.641+0000] {dag.py:3096} INFO - Sync 1 DAGs
[2025-12-28T23:47:51.651+0000] {logging_mixin.py:188} INFO - [2025-12-28T23:47:51.651+0000] {dag.py:3954} INFO - Setting next_dagrun for weather_etl_pipeline to 2025-12-28 00:00:00+00:00, run_after=2025-12-29 00:00:00+00:00
[2025-12-28T23:47:51.657+0000] {processor.py:183} INFO - Processing /opt/airflow/dags/weather_etl_dag.py took 0.044 seconds
[2025-12-28T23:48:21.929+0000] {processor.py:161} INFO - Started process (PID=227) to work on /opt/airflow/dags/weather_etl_dag.py
[2025-12-28T23:48:21.929+0000] {processor.py:830} INFO - Processing file /opt/airflow/dags/weather_etl_dag.py for tasks to queue
[2025-12-28T23:48:21.931+0000] {logging_mixin.py:188} INFO - [2025-12-28T23:48:21.931+0000] {dagbag.py:545} INFO - Filling up the DagBag from /opt/airflow/dags/weather_etl_dag.py
[2025-12-28T23:48:21.947+0000] {processor.py:840} INFO - DAG(s) 'weather_etl_pipeline' retrieved from /opt/airflow/dags/weather_etl_dag.py
[2025-12-28T23:48:21.960+0000] {logging_mixin.py:188} INFO - [2025-12-28T23:48:21.960+0000] {dag.py:3096} INFO - Sync 1 DAGs
[2025-12-28T23:48:21.970+0000] {logging_mixin.py:188} INFO - [2025-12-28T23:48:21.970+0000] {dag.py:3954} INFO - Setting next_dagrun for weather_etl_pipeline to 2025-12-28 00:00:00+00:00, run_after=2025-12-29 00:00:00+00:00
[2025-12-28T23:48:21.976+0000] {processor.py:183} INFO - Processing /opt/airflow/dags/weather_etl_dag.py took 0.054 seconds
[2025-12-28T23:48:52.186+0000] {processor.py:161} INFO - Started process (PID=232) to work on /opt/airflow/dags/weather_etl_dag.py
[2025-12-28T23:48:52.187+0000] {processor.py:830} INFO - Processing file /opt/airflow/dags/weather_etl_dag.py for tasks to queue
[2025-12-28T23:48:52.188+0000] {logging_mixin.py:188} INFO - [2025-12-28T23:48:52.188+0000] {dagbag.py:545} INFO - Filling up the DagBag from /opt/airflow/dags/weather_etl_dag.py
[2025-12-28T23:48:52.203+0000] {processor.py:840} INFO - DAG(s) 'weather_etl_pipeline' retrieved from /opt/airflow/dags/weather_etl_dag.py
[2025-12-28T23:48:52.217+0000] {logging_mixin.py:188} INFO - [2025-12-28T23:48:52.217+0000] {dag.py:3096} INFO - Sync 1 DAGs
[2025-12-28T23:48:52.227+0000] {logging_mixin.py:188} INFO - [2025-12-28T23:48:52.227+0000] {dag.py:3954} INFO - Setting next_dagrun for weather_etl_pipeline to 2025-12-28 00:00:00+00:00, run_after=2025-12-29 00:00:00+00:00
[2025-12-28T23:48:52.233+0000] {processor.py:183} INFO - Processing /opt/airflow/dags/weather_etl_dag.py took 0.052 seconds
[2025-12-28T23:49:22.470+0000] {processor.py:161} INFO - Started process (PID=237) to work on /opt/airflow/dags/weather_etl_dag.py
[2025-12-28T23:49:22.471+0000] {processor.py:830} INFO - Processing file /opt/airflow/dags/weather_etl_dag.py for tasks to queue
[2025-12-28T23:49:22.473+0000] {logging_mixin.py:188} INFO - [2025-12-28T23:49:22.473+0000] {dagbag.py:545} INFO - Filling up the DagBag from /opt/airflow/dags/weather_etl_dag.py
[2025-12-28T23:49:22.487+0000] {processor.py:840} INFO - DAG(s) 'weather_etl_pipeline' retrieved from /opt/airflow/dags/weather_etl_dag.py
[2025-12-28T23:49:22.501+0000] {logging_mixin.py:188} INFO - [2025-12-28T23:49:22.501+0000] {dag.py:3096} INFO - Sync 1 DAGs
[2025-12-28T23:49:22.511+0000] {logging_mixin.py:188} INFO - [2025-12-28T23:49:22.511+0000] {dag.py:3954} INFO - Setting next_dagrun for weather_etl_pipeline to 2025-12-28 00:00:00+00:00, run_after=2025-12-29 00:00:00+00:00
[2025-12-28T23:49:22.517+0000] {processor.py:183} INFO - Processing /opt/airflow/dags/weather_etl_dag.py took 0.053 seconds
[2025-12-28T23:49:52.715+0000] {processor.py:161} INFO - Started process (PID=242) to work on /opt/airflow/dags/weather_etl_dag.py
[2025-12-28T23:49:52.715+0000] {processor.py:830} INFO - Processing file /opt/airflow/dags/weather_etl_dag.py for tasks to queue
[2025-12-28T23:49:52.716+0000] {logging_mixin.py:188} INFO - [2025-12-28T23:49:52.716+0000] {dagbag.py:545} INFO - Filling up the DagBag from /opt/airflow/dags/weather_etl_dag.py
[2025-12-28T23:49:52.727+0000] {processor.py:840} INFO - DAG(s) 'weather_etl_pipeline' retrieved from /opt/airflow/dags/weather_etl_dag.py
[2025-12-28T23:49:52.741+0000] {logging_mixin.py:188} INFO - [2025-12-28T23:49:52.741+0000] {dag.py:3096} INFO - Sync 1 DAGs
[2025-12-28T23:49:52.751+0000] {logging_mixin.py:188} INFO - [2025-12-28T23:49:52.751+0000] {dag.py:3954} INFO - Setting next_dagrun for weather_etl_pipeline to 2025-12-28 00:00:00+00:00, run_after=2025-12-29 00:00:00+00:00
[2025-12-28T23:49:52.758+0000] {processor.py:183} INFO - Processing /opt/airflow/dags/weather_etl_dag.py took 0.047 seconds
[2025-12-28T23:50:22.992+0000] {processor.py:161} INFO - Started process (PID=247) to work on /opt/airflow/dags/weather_etl_dag.py
[2025-12-28T23:50:22.992+0000] {processor.py:830} INFO - Processing file /opt/airflow/dags/weather_etl_dag.py for tasks to queue
[2025-12-28T23:50:22.993+0000] {logging_mixin.py:188} INFO - [2025-12-28T23:50:22.993+0000] {dagbag.py:545} INFO - Filling up the DagBag from /opt/airflow/dags/weather_etl_dag.py
[2025-12-28T23:50:23.005+0000] {processor.py:840} INFO - DAG(s) 'weather_etl_pipeline' retrieved from /opt/airflow/dags/weather_etl_dag.py
[2025-12-28T23:50:23.016+0000] {logging_mixin.py:188} INFO - [2025-12-28T23:50:23.016+0000] {dag.py:3096} INFO - Sync 1 DAGs
[2025-12-28T23:50:23.025+0000] {logging_mixin.py:188} INFO - [2025-12-28T23:50:23.025+0000] {dag.py:3954} INFO - Setting next_dagrun for weather_etl_pipeline to 2025-12-28 00:00:00+00:00, run_after=2025-12-29 00:00:00+00:00
[2025-12-28T23:50:23.031+0000] {processor.py:183} INFO - Processing /opt/airflow/dags/weather_etl_dag.py took 0.042 seconds
[2025-12-28T23:50:53.299+0000] {processor.py:161} INFO - Started process (PID=252) to work on /opt/airflow/dags/weather_etl_dag.py
[2025-12-28T23:50:53.299+0000] {processor.py:830} INFO - Processing file /opt/airflow/dags/weather_etl_dag.py for tasks to queue
[2025-12-28T23:50:53.302+0000] {logging_mixin.py:188} INFO - [2025-12-28T23:50:53.301+0000] {dagbag.py:545} INFO - Filling up the DagBag from /opt/airflow/dags/weather_etl_dag.py
[2025-12-28T23:50:53.315+0000] {processor.py:840} INFO - DAG(s) 'weather_etl_pipeline' retrieved from /opt/airflow/dags/weather_etl_dag.py
[2025-12-28T23:50:53.328+0000] {logging_mixin.py:188} INFO - [2025-12-28T23:50:53.328+0000] {dag.py:3096} INFO - Sync 1 DAGs
[2025-12-28T23:50:53.337+0000] {logging_mixin.py:188} INFO - [2025-12-28T23:50:53.337+0000] {dag.py:3954} INFO - Setting next_dagrun for weather_etl_pipeline to 2025-12-28 00:00:00+00:00, run_after=2025-12-29 00:00:00+00:00
[2025-12-28T23:50:53.344+0000] {processor.py:183} INFO - Processing /opt/airflow/dags/weather_etl_dag.py took 0.050 seconds
[2025-12-28T23:51:23.564+0000] {processor.py:161} INFO - Started process (PID=257) to work on /opt/airflow/dags/weather_etl_dag.py
[2025-12-28T23:51:23.565+0000] {processor.py:830} INFO - Processing file /opt/airflow/dags/weather_etl_dag.py for tasks to queue
[2025-12-28T23:51:23.566+0000] {logging_mixin.py:188} INFO - [2025-12-28T23:51:23.565+0000] {dagbag.py:545} INFO - Filling up the DagBag from /opt/airflow/dags/weather_etl_dag.py
[2025-12-28T23:51:23.575+0000] {processor.py:840} INFO - DAG(s) 'weather_etl_pipeline' retrieved from /opt/airflow/dags/weather_etl_dag.py
[2025-12-28T23:51:23.585+0000] {logging_mixin.py:188} INFO - [2025-12-28T23:51:23.585+0000] {dag.py:3096} INFO - Sync 1 DAGs
[2025-12-28T23:51:23.594+0000] {logging_mixin.py:188} INFO - [2025-12-28T23:51:23.594+0000] {dag.py:3954} INFO - Setting next_dagrun for weather_etl_pipeline to 2025-12-28 00:00:00+00:00, run_after=2025-12-29 00:00:00+00:00
[2025-12-28T23:51:23.600+0000] {processor.py:183} INFO - Processing /opt/airflow/dags/weather_etl_dag.py took 0.040 seconds
[2025-12-28T23:51:53.807+0000] {processor.py:161} INFO - Started process (PID=262) to work on /opt/airflow/dags/weather_etl_dag.py
[2025-12-28T23:51:53.808+0000] {processor.py:830} INFO - Processing file /opt/airflow/dags/weather_etl_dag.py for tasks to queue
[2025-12-28T23:51:53.809+0000] {logging_mixin.py:188} INFO - [2025-12-28T23:51:53.809+0000] {dagbag.py:545} INFO - Filling up the DagBag from /opt/airflow/dags/weather_etl_dag.py
[2025-12-28T23:51:53.823+0000] {processor.py:840} INFO - DAG(s) 'weather_etl_pipeline' retrieved from /opt/airflow/dags/weather_etl_dag.py
[2025-12-28T23:51:53.836+0000] {logging_mixin.py:188} INFO - [2025-12-28T23:51:53.836+0000] {dag.py:3096} INFO - Sync 1 DAGs
[2025-12-28T23:51:53.845+0000] {logging_mixin.py:188} INFO - [2025-12-28T23:51:53.845+0000] {dag.py:3954} INFO - Setting next_dagrun for weather_etl_pipeline to 2025-12-28 00:00:00+00:00, run_after=2025-12-29 00:00:00+00:00
[2025-12-28T23:51:53.852+0000] {processor.py:183} INFO - Processing /opt/airflow/dags/weather_etl_dag.py took 0.051 seconds
[2025-12-28T23:52:24.090+0000] {processor.py:161} INFO - Started process (PID=269) to work on /opt/airflow/dags/weather_etl_dag.py
[2025-12-28T23:52:24.091+0000] {processor.py:830} INFO - Processing file /opt/airflow/dags/weather_etl_dag.py for tasks to queue
[2025-12-28T23:52:24.093+0000] {logging_mixin.py:188} INFO - [2025-12-28T23:52:24.092+0000] {dagbag.py:545} INFO - Filling up the DagBag from /opt/airflow/dags/weather_etl_dag.py
[2025-12-28T23:52:24.109+0000] {processor.py:840} INFO - DAG(s) 'weather_etl_pipeline' retrieved from /opt/airflow/dags/weather_etl_dag.py
[2025-12-28T23:52:24.125+0000] {logging_mixin.py:188} INFO - [2025-12-28T23:52:24.125+0000] {dag.py:3096} INFO - Sync 1 DAGs
[2025-12-28T23:52:24.136+0000] {logging_mixin.py:188} INFO - [2025-12-28T23:52:24.136+0000] {dag.py:3954} INFO - Setting next_dagrun for weather_etl_pipeline to 2025-12-28 00:00:00+00:00, run_after=2025-12-29 00:00:00+00:00
[2025-12-28T23:52:24.142+0000] {processor.py:183} INFO - Processing /opt/airflow/dags/weather_etl_dag.py took 0.058 seconds
[2025-12-28T23:52:54.412+0000] {processor.py:161} INFO - Started process (PID=278) to work on /opt/airflow/dags/weather_etl_dag.py
[2025-12-28T23:52:54.413+0000] {processor.py:830} INFO - Processing file /opt/airflow/dags/weather_etl_dag.py for tasks to queue
[2025-12-28T23:52:54.415+0000] {logging_mixin.py:188} INFO - [2025-12-28T23:52:54.415+0000] {dagbag.py:545} INFO - Filling up the DagBag from /opt/airflow/dags/weather_etl_dag.py
[2025-12-28T23:52:54.430+0000] {processor.py:840} INFO - DAG(s) 'weather_etl_pipeline' retrieved from /opt/airflow/dags/weather_etl_dag.py
[2025-12-28T23:52:54.446+0000] {logging_mixin.py:188} INFO - [2025-12-28T23:52:54.446+0000] {dag.py:3096} INFO - Sync 1 DAGs
[2025-12-28T23:52:54.456+0000] {logging_mixin.py:188} INFO - [2025-12-28T23:52:54.456+0000] {dag.py:3954} INFO - Setting next_dagrun for weather_etl_pipeline to 2025-12-28 00:00:00+00:00, run_after=2025-12-29 00:00:00+00:00
[2025-12-28T23:52:54.462+0000] {processor.py:183} INFO - Processing /opt/airflow/dags/weather_etl_dag.py took 0.055 seconds
[2025-12-28T23:53:24.697+0000] {processor.py:161} INFO - Started process (PID=283) to work on /opt/airflow/dags/weather_etl_dag.py
[2025-12-28T23:53:24.698+0000] {processor.py:830} INFO - Processing file /opt/airflow/dags/weather_etl_dag.py for tasks to queue
[2025-12-28T23:53:24.700+0000] {logging_mixin.py:188} INFO - [2025-12-28T23:53:24.699+0000] {dagbag.py:545} INFO - Filling up the DagBag from /opt/airflow/dags/weather_etl_dag.py
[2025-12-28T23:53:24.715+0000] {processor.py:840} INFO - DAG(s) 'weather_etl_pipeline' retrieved from /opt/airflow/dags/weather_etl_dag.py
[2025-12-28T23:53:24.731+0000] {logging_mixin.py:188} INFO - [2025-12-28T23:53:24.731+0000] {dag.py:3096} INFO - Sync 1 DAGs
[2025-12-28T23:53:24.741+0000] {logging_mixin.py:188} INFO - [2025-12-28T23:53:24.741+0000] {dag.py:3954} INFO - Setting next_dagrun for weather_etl_pipeline to 2025-12-28 00:00:00+00:00, run_after=2025-12-29 00:00:00+00:00
[2025-12-28T23:53:24.747+0000] {processor.py:183} INFO - Processing /opt/airflow/dags/weather_etl_dag.py took 0.055 seconds
[2025-12-28T23:53:54.947+0000] {processor.py:161} INFO - Started process (PID=288) to work on /opt/airflow/dags/weather_etl_dag.py
[2025-12-28T23:53:54.947+0000] {processor.py:830} INFO - Processing file /opt/airflow/dags/weather_etl_dag.py for tasks to queue
[2025-12-28T23:53:54.948+0000] {logging_mixin.py:188} INFO - [2025-12-28T23:53:54.948+0000] {dagbag.py:545} INFO - Filling up the DagBag from /opt/airflow/dags/weather_etl_dag.py
[2025-12-28T23:53:54.956+0000] {processor.py:840} INFO - DAG(s) 'weather_etl_pipeline' retrieved from /opt/airflow/dags/weather_etl_dag.py
[2025-12-28T23:53:54.968+0000] {logging_mixin.py:188} INFO - [2025-12-28T23:53:54.968+0000] {dag.py:3096} INFO - Sync 1 DAGs
[2025-12-28T23:53:54.979+0000] {logging_mixin.py:188} INFO - [2025-12-28T23:53:54.979+0000] {dag.py:3954} INFO - Setting next_dagrun for weather_etl_pipeline to 2025-12-28 00:00:00+00:00, run_after=2025-12-29 00:00:00+00:00
[2025-12-28T23:53:54.987+0000] {processor.py:183} INFO - Processing /opt/airflow/dags/weather_etl_dag.py took 0.043 seconds
[2025-12-28T23:54:25.233+0000] {processor.py:161} INFO - Started process (PID=293) to work on /opt/airflow/dags/weather_etl_dag.py
[2025-12-28T23:54:25.234+0000] {processor.py:830} INFO - Processing file /opt/airflow/dags/weather_etl_dag.py for tasks to queue
[2025-12-28T23:54:25.235+0000] {logging_mixin.py:188} INFO - [2025-12-28T23:54:25.235+0000] {dagbag.py:545} INFO - Filling up the DagBag from /opt/airflow/dags/weather_etl_dag.py
[2025-12-28T23:54:25.251+0000] {processor.py:840} INFO - DAG(s) 'weather_etl_pipeline' retrieved from /opt/airflow/dags/weather_etl_dag.py
[2025-12-28T23:54:25.268+0000] {logging_mixin.py:188} INFO - [2025-12-28T23:54:25.268+0000] {dag.py:3096} INFO - Sync 1 DAGs
[2025-12-28T23:54:25.277+0000] {logging_mixin.py:188} INFO - [2025-12-28T23:54:25.277+0000] {dag.py:3954} INFO - Setting next_dagrun for weather_etl_pipeline to 2025-12-28 00:00:00+00:00, run_after=2025-12-29 00:00:00+00:00
[2025-12-28T23:54:25.284+0000] {processor.py:183} INFO - Processing /opt/airflow/dags/weather_etl_dag.py took 0.057 seconds
[2025-12-28T23:54:55.528+0000] {processor.py:161} INFO - Started process (PID=298) to work on /opt/airflow/dags/weather_etl_dag.py
[2025-12-28T23:54:55.529+0000] {processor.py:830} INFO - Processing file /opt/airflow/dags/weather_etl_dag.py for tasks to queue
[2025-12-28T23:54:55.529+0000] {logging_mixin.py:188} INFO - [2025-12-28T23:54:55.529+0000] {dagbag.py:545} INFO - Filling up the DagBag from /opt/airflow/dags/weather_etl_dag.py
[2025-12-28T23:54:55.538+0000] {processor.py:840} INFO - DAG(s) 'weather_etl_pipeline' retrieved from /opt/airflow/dags/weather_etl_dag.py
[2025-12-28T23:54:55.549+0000] {logging_mixin.py:188} INFO - [2025-12-28T23:54:55.549+0000] {dag.py:3096} INFO - Sync 1 DAGs
[2025-12-28T23:54:55.558+0000] {logging_mixin.py:188} INFO - [2025-12-28T23:54:55.558+0000] {dag.py:3954} INFO - Setting next_dagrun for weather_etl_pipeline to 2025-12-28 00:00:00+00:00, run_after=2025-12-29 00:00:00+00:00
[2025-12-28T23:54:55.565+0000] {processor.py:183} INFO - Processing /opt/airflow/dags/weather_etl_dag.py took 0.039 seconds
[2025-12-28T23:55:25.802+0000] {processor.py:161} INFO - Started process (PID=303) to work on /opt/airflow/dags/weather_etl_dag.py
[2025-12-28T23:55:25.802+0000] {processor.py:830} INFO - Processing file /opt/airflow/dags/weather_etl_dag.py for tasks to queue
[2025-12-28T23:55:25.803+0000] {logging_mixin.py:188} INFO - [2025-12-28T23:55:25.803+0000] {dagbag.py:545} INFO - Filling up the DagBag from /opt/airflow/dags/weather_etl_dag.py
[2025-12-28T23:55:25.812+0000] {processor.py:840} INFO - DAG(s) 'weather_etl_pipeline' retrieved from /opt/airflow/dags/weather_etl_dag.py
[2025-12-28T23:55:25.824+0000] {logging_mixin.py:188} INFO - [2025-12-28T23:55:25.824+0000] {dag.py:3096} INFO - Sync 1 DAGs
[2025-12-28T23:55:25.833+0000] {logging_mixin.py:188} INFO - [2025-12-28T23:55:25.833+0000] {dag.py:3954} INFO - Setting next_dagrun for weather_etl_pipeline to 2025-12-28 00:00:00+00:00, run_after=2025-12-29 00:00:00+00:00
[2025-12-28T23:55:25.839+0000] {processor.py:183} INFO - Processing /opt/airflow/dags/weather_etl_dag.py took 0.041 seconds
[2025-12-28T23:55:56.126+0000] {processor.py:161} INFO - Started process (PID=308) to work on /opt/airflow/dags/weather_etl_dag.py
[2025-12-28T23:55:56.126+0000] {processor.py:830} INFO - Processing file /opt/airflow/dags/weather_etl_dag.py for tasks to queue
[2025-12-28T23:55:56.128+0000] {logging_mixin.py:188} INFO - [2025-12-28T23:55:56.127+0000] {dagbag.py:545} INFO - Filling up the DagBag from /opt/airflow/dags/weather_etl_dag.py
[2025-12-28T23:55:56.141+0000] {processor.py:840} INFO - DAG(s) 'weather_etl_pipeline' retrieved from /opt/airflow/dags/weather_etl_dag.py
[2025-12-28T23:55:56.156+0000] {logging_mixin.py:188} INFO - [2025-12-28T23:55:56.155+0000] {dag.py:3096} INFO - Sync 1 DAGs
[2025-12-28T23:55:56.166+0000] {logging_mixin.py:188} INFO - [2025-12-28T23:55:56.165+0000] {dag.py:3954} INFO - Setting next_dagrun for weather_etl_pipeline to 2025-12-28 00:00:00+00:00, run_after=2025-12-29 00:00:00+00:00
[2025-12-28T23:55:56.172+0000] {processor.py:183} INFO - Processing /opt/airflow/dags/weather_etl_dag.py took 0.051 seconds
