[2025-12-28T23:46:54.156+0000] {local_task_job_runner.py:120} INFO - ::group::Pre task execution logs
[2025-12-28T23:46:54.167+0000] {taskinstance.py:2076} INFO - Dependencies all met for dep_context=non-requeueable deps ti=<TaskInstance: weather_etl_pipeline.staging_quality_checks manual__2025-12-28T23:46:47.967705+00:00 [queued]>
[2025-12-28T23:46:54.169+0000] {taskinstance.py:2076} INFO - Dependencies all met for dep_context=requeueable deps ti=<TaskInstance: weather_etl_pipeline.staging_quality_checks manual__2025-12-28T23:46:47.967705+00:00 [queued]>
[2025-12-28T23:46:54.170+0000] {taskinstance.py:2306} INFO - Starting attempt 1 of 4
[2025-12-28T23:46:54.173+0000] {taskinstance.py:2330} INFO - Executing <Task(PythonOperator): staging_quality_checks> on 2025-12-28 23:46:47.967705+00:00
[2025-12-28T23:46:54.175+0000] {standard_task_runner.py:90} INFO - Running: ['***', 'tasks', 'run', 'weather_etl_pipeline', 'staging_quality_checks', 'manual__2025-12-28T23:46:47.967705+00:00', '--job-id', '15', '--raw', '--subdir', 'DAGS_FOLDER/weather_etl_dag.py', '--cfg-path', '/tmp/tmp1cjro958']
[2025-12-28T23:46:54.176+0000] {logging_mixin.py:188} WARNING - /home/***/.local/lib/python3.12/site-packages/***/task/task_runner/standard_task_runner.py:61 DeprecationWarning: This process (pid=185) is multi-threaded, use of fork() may lead to deadlocks in the child.
[2025-12-28T23:46:54.176+0000] {standard_task_runner.py:91} INFO - Job 15: Subtask staging_quality_checks
[2025-12-28T23:46:54.176+0000] {standard_task_runner.py:63} INFO - Started process 186 to run task
[2025-12-28T23:46:54.192+0000] {task_command.py:426} INFO - Running <TaskInstance: weather_etl_pipeline.staging_quality_checks manual__2025-12-28T23:46:47.967705+00:00 [running]> on host 841aa3db09c3
[2025-12-28T23:46:54.216+0000] {taskinstance.py:2648} INFO - Exporting env vars: AIRFLOW_CTX_DAG_OWNER='***' AIRFLOW_CTX_DAG_ID='weather_etl_pipeline' AIRFLOW_CTX_TASK_ID='staging_quality_checks' AIRFLOW_CTX_EXECUTION_DATE='2025-12-28T23:46:47.967705+00:00' AIRFLOW_CTX_TRY_NUMBER='1' AIRFLOW_CTX_DAG_RUN_ID='manual__2025-12-28T23:46:47.967705+00:00'
[2025-12-28T23:46:54.217+0000] {taskinstance.py:430} INFO - ::endgroup::
[2025-12-28T23:46:54.221+0000] {stage_quality_checks.py:8} INFO - Running staging quality checks
[2025-12-28T23:46:54.224+0000] {base.py:84} INFO - Using connection ID 'weather' for task execution.
[2025-12-28T23:46:54.231+0000] {stage_quality_checks.py:31} INFO - Latest retrieval time: 2025-12-27 14:31:19.143457
[2025-12-28T23:46:54.232+0000] {stage_quality_checks.py:46} INFO - Staging quality checks passed
[2025-12-28T23:46:54.232+0000] {python.py:237} INFO - Done. Returned value was: None
[2025-12-28T23:46:54.232+0000] {taskinstance.py:441} INFO - ::group::Post task execution logs
[2025-12-28T23:46:54.235+0000] {taskinstance.py:1206} INFO - Marking task as SUCCESS. dag_id=weather_etl_pipeline, task_id=staging_quality_checks, run_id=manual__2025-12-28T23:46:47.967705+00:00, execution_date=20251228T234647, start_date=20251228T234654, end_date=20251228T234654
[2025-12-28T23:46:54.277+0000] {local_task_job_runner.py:240} INFO - Task exited with return code 0
[2025-12-28T23:46:54.281+0000] {logging_mixin.py:188} WARNING - /home/***/.local/lib/python3.12/site-packages/***/models/baseoperator.py:1296 AirflowProviderDeprecationWarning: Call to deprecated class PostgresOperator. (Please use `***.providers.common.sql.operators.sql.SQLExecuteQueryOperator`.Also, you can provide `hook_params={'schema': <database>}`.)
[2025-12-28T23:46:54.287+0000] {taskinstance.py:3498} INFO - 1 downstream tasks scheduled from follow-on schedule check
[2025-12-28T23:46:54.288+0000] {local_task_job_runner.py:222} INFO - ::endgroup::
