[2025-12-27T19:08:36.373+0000] {processor.py:161} INFO - Started process (PID=166) to work on /opt/airflow/dags/weather_etl_dag.py
[2025-12-27T19:08:36.376+0000] {processor.py:830} INFO - Processing file /opt/airflow/dags/weather_etl_dag.py for tasks to queue
[2025-12-27T19:08:36.379+0000] {logging_mixin.py:188} INFO - [2025-12-27T19:08:36.379+0000] {dagbag.py:545} INFO - Filling up the DagBag from /opt/airflow/dags/weather_etl_dag.py
[2025-12-27T19:08:36.408+0000] {processor.py:840} INFO - DAG(s) 'weather_pipeline' retrieved from /opt/airflow/dags/weather_etl_dag.py
[2025-12-27T19:08:36.487+0000] {logging_mixin.py:188} INFO - [2025-12-27T19:08:36.487+0000] {dag.py:3096} INFO - Sync 1 DAGs
[2025-12-27T19:08:36.498+0000] {logging_mixin.py:188} INFO - [2025-12-27T19:08:36.498+0000] {dag.py:3954} INFO - Setting next_dagrun for weather_pipeline to 2025-12-26 00:00:00+00:00, run_after=2025-12-27 00:00:00+00:00
[2025-12-27T19:08:36.506+0000] {processor.py:183} INFO - Processing /opt/airflow/dags/weather_etl_dag.py took 0.136 seconds
[2025-12-27T19:09:06.672+0000] {processor.py:161} INFO - Started process (PID=171) to work on /opt/airflow/dags/weather_etl_dag.py
[2025-12-27T19:09:06.673+0000] {processor.py:830} INFO - Processing file /opt/airflow/dags/weather_etl_dag.py for tasks to queue
[2025-12-27T19:09:06.675+0000] {logging_mixin.py:188} INFO - [2025-12-27T19:09:06.675+0000] {dagbag.py:545} INFO - Filling up the DagBag from /opt/airflow/dags/weather_etl_dag.py
[2025-12-27T19:09:06.686+0000] {processor.py:840} INFO - DAG(s) 'weather_pipeline' retrieved from /opt/airflow/dags/weather_etl_dag.py
[2025-12-27T19:09:06.705+0000] {logging_mixin.py:188} INFO - [2025-12-27T19:09:06.705+0000] {dag.py:3096} INFO - Sync 1 DAGs
[2025-12-27T19:09:06.717+0000] {logging_mixin.py:188} INFO - [2025-12-27T19:09:06.717+0000] {dag.py:3954} INFO - Setting next_dagrun for weather_pipeline to 2025-12-26 00:00:00+00:00, run_after=2025-12-27 00:00:00+00:00
[2025-12-27T19:09:06.724+0000] {processor.py:183} INFO - Processing /opt/airflow/dags/weather_etl_dag.py took 0.057 seconds
[2025-12-27T19:09:36.969+0000] {processor.py:161} INFO - Started process (PID=176) to work on /opt/airflow/dags/weather_etl_dag.py
[2025-12-27T19:09:36.970+0000] {processor.py:830} INFO - Processing file /opt/airflow/dags/weather_etl_dag.py for tasks to queue
[2025-12-27T19:09:36.971+0000] {logging_mixin.py:188} INFO - [2025-12-27T19:09:36.971+0000] {dagbag.py:545} INFO - Filling up the DagBag from /opt/airflow/dags/weather_etl_dag.py
[2025-12-27T19:09:36.981+0000] {processor.py:840} INFO - DAG(s) 'weather_pipeline' retrieved from /opt/airflow/dags/weather_etl_dag.py
[2025-12-27T19:09:37.001+0000] {logging_mixin.py:188} INFO - [2025-12-27T19:09:37.001+0000] {dag.py:3096} INFO - Sync 1 DAGs
[2025-12-27T19:09:37.011+0000] {logging_mixin.py:188} INFO - [2025-12-27T19:09:37.011+0000] {dag.py:3954} INFO - Setting next_dagrun for weather_pipeline to 2025-12-26 00:00:00+00:00, run_after=2025-12-27 00:00:00+00:00
[2025-12-27T19:09:37.017+0000] {processor.py:183} INFO - Processing /opt/airflow/dags/weather_etl_dag.py took 0.054 seconds
[2025-12-27T19:10:07.260+0000] {processor.py:161} INFO - Started process (PID=181) to work on /opt/airflow/dags/weather_etl_dag.py
[2025-12-27T19:10:07.261+0000] {processor.py:830} INFO - Processing file /opt/airflow/dags/weather_etl_dag.py for tasks to queue
[2025-12-27T19:10:07.262+0000] {logging_mixin.py:188} INFO - [2025-12-27T19:10:07.262+0000] {dagbag.py:545} INFO - Filling up the DagBag from /opt/airflow/dags/weather_etl_dag.py
[2025-12-27T19:10:07.273+0000] {processor.py:840} INFO - DAG(s) 'weather_pipeline' retrieved from /opt/airflow/dags/weather_etl_dag.py
[2025-12-27T19:10:07.290+0000] {logging_mixin.py:188} INFO - [2025-12-27T19:10:07.290+0000] {dag.py:3096} INFO - Sync 1 DAGs
[2025-12-27T19:10:07.299+0000] {logging_mixin.py:188} INFO - [2025-12-27T19:10:07.299+0000] {dag.py:3954} INFO - Setting next_dagrun for weather_pipeline to 2025-12-26 00:00:00+00:00, run_after=2025-12-27 00:00:00+00:00
[2025-12-27T19:10:07.309+0000] {processor.py:183} INFO - Processing /opt/airflow/dags/weather_etl_dag.py took 0.054 seconds
[2025-12-27T19:10:37.578+0000] {processor.py:161} INFO - Started process (PID=186) to work on /opt/airflow/dags/weather_etl_dag.py
[2025-12-27T19:10:37.579+0000] {processor.py:830} INFO - Processing file /opt/airflow/dags/weather_etl_dag.py for tasks to queue
[2025-12-27T19:10:37.581+0000] {logging_mixin.py:188} INFO - [2025-12-27T19:10:37.580+0000] {dagbag.py:545} INFO - Filling up the DagBag from /opt/airflow/dags/weather_etl_dag.py
[2025-12-27T19:10:37.591+0000] {processor.py:840} INFO - DAG(s) 'weather_pipeline' retrieved from /opt/airflow/dags/weather_etl_dag.py
[2025-12-27T19:10:37.608+0000] {logging_mixin.py:188} INFO - [2025-12-27T19:10:37.608+0000] {dag.py:3096} INFO - Sync 1 DAGs
[2025-12-27T19:10:37.617+0000] {logging_mixin.py:188} INFO - [2025-12-27T19:10:37.617+0000] {dag.py:3954} INFO - Setting next_dagrun for weather_pipeline to 2025-12-26 00:00:00+00:00, run_after=2025-12-27 00:00:00+00:00
[2025-12-27T19:10:37.624+0000] {processor.py:183} INFO - Processing /opt/airflow/dags/weather_etl_dag.py took 0.052 seconds
[2025-12-27T19:11:07.894+0000] {processor.py:161} INFO - Started process (PID=191) to work on /opt/airflow/dags/weather_etl_dag.py
[2025-12-27T19:11:07.895+0000] {processor.py:830} INFO - Processing file /opt/airflow/dags/weather_etl_dag.py for tasks to queue
[2025-12-27T19:11:07.896+0000] {logging_mixin.py:188} INFO - [2025-12-27T19:11:07.896+0000] {dagbag.py:545} INFO - Filling up the DagBag from /opt/airflow/dags/weather_etl_dag.py
[2025-12-27T19:11:07.906+0000] {processor.py:840} INFO - DAG(s) 'weather_pipeline' retrieved from /opt/airflow/dags/weather_etl_dag.py
[2025-12-27T19:11:07.924+0000] {logging_mixin.py:188} INFO - [2025-12-27T19:11:07.924+0000] {dag.py:3096} INFO - Sync 1 DAGs
[2025-12-27T19:11:07.934+0000] {logging_mixin.py:188} INFO - [2025-12-27T19:11:07.934+0000] {dag.py:3954} INFO - Setting next_dagrun for weather_pipeline to 2025-12-26 00:00:00+00:00, run_after=2025-12-27 00:00:00+00:00
[2025-12-27T19:11:07.941+0000] {processor.py:183} INFO - Processing /opt/airflow/dags/weather_etl_dag.py took 0.055 seconds
[2025-12-27T19:11:38.157+0000] {processor.py:161} INFO - Started process (PID=196) to work on /opt/airflow/dags/weather_etl_dag.py
[2025-12-27T19:11:38.158+0000] {processor.py:830} INFO - Processing file /opt/airflow/dags/weather_etl_dag.py for tasks to queue
[2025-12-27T19:11:38.160+0000] {logging_mixin.py:188} INFO - [2025-12-27T19:11:38.159+0000] {dagbag.py:545} INFO - Filling up the DagBag from /opt/airflow/dags/weather_etl_dag.py
[2025-12-27T19:11:38.169+0000] {processor.py:840} INFO - DAG(s) 'weather_pipeline' retrieved from /opt/airflow/dags/weather_etl_dag.py
[2025-12-27T19:11:38.186+0000] {logging_mixin.py:188} INFO - [2025-12-27T19:11:38.186+0000] {dag.py:3096} INFO - Sync 1 DAGs
[2025-12-27T19:11:38.197+0000] {logging_mixin.py:188} INFO - [2025-12-27T19:11:38.197+0000] {dag.py:3954} INFO - Setting next_dagrun for weather_pipeline to 2025-12-26 00:00:00+00:00, run_after=2025-12-27 00:00:00+00:00
[2025-12-27T19:11:38.204+0000] {processor.py:183} INFO - Processing /opt/airflow/dags/weather_etl_dag.py took 0.052 seconds
[2025-12-27T19:12:08.449+0000] {processor.py:161} INFO - Started process (PID=201) to work on /opt/airflow/dags/weather_etl_dag.py
[2025-12-27T19:12:08.450+0000] {processor.py:830} INFO - Processing file /opt/airflow/dags/weather_etl_dag.py for tasks to queue
[2025-12-27T19:12:08.452+0000] {logging_mixin.py:188} INFO - [2025-12-27T19:12:08.451+0000] {dagbag.py:545} INFO - Filling up the DagBag from /opt/airflow/dags/weather_etl_dag.py
[2025-12-27T19:12:08.462+0000] {processor.py:840} INFO - DAG(s) 'weather_pipeline' retrieved from /opt/airflow/dags/weather_etl_dag.py
[2025-12-27T19:12:08.479+0000] {logging_mixin.py:188} INFO - [2025-12-27T19:12:08.479+0000] {dag.py:3096} INFO - Sync 1 DAGs
[2025-12-27T19:12:08.489+0000] {logging_mixin.py:188} INFO - [2025-12-27T19:12:08.489+0000] {dag.py:3954} INFO - Setting next_dagrun for weather_pipeline to 2025-12-26 00:00:00+00:00, run_after=2025-12-27 00:00:00+00:00
[2025-12-27T19:12:08.496+0000] {processor.py:183} INFO - Processing /opt/airflow/dags/weather_etl_dag.py took 0.053 seconds
[2025-12-27T19:12:38.758+0000] {processor.py:161} INFO - Started process (PID=206) to work on /opt/airflow/dags/weather_etl_dag.py
[2025-12-27T19:12:38.759+0000] {processor.py:830} INFO - Processing file /opt/airflow/dags/weather_etl_dag.py for tasks to queue
[2025-12-27T19:12:38.760+0000] {logging_mixin.py:188} INFO - [2025-12-27T19:12:38.760+0000] {dagbag.py:545} INFO - Filling up the DagBag from /opt/airflow/dags/weather_etl_dag.py
[2025-12-27T19:12:38.769+0000] {processor.py:840} INFO - DAG(s) 'weather_pipeline' retrieved from /opt/airflow/dags/weather_etl_dag.py
[2025-12-27T19:12:38.785+0000] {logging_mixin.py:188} INFO - [2025-12-27T19:12:38.785+0000] {dag.py:3096} INFO - Sync 1 DAGs
[2025-12-27T19:12:38.795+0000] {logging_mixin.py:188} INFO - [2025-12-27T19:12:38.795+0000] {dag.py:3954} INFO - Setting next_dagrun for weather_pipeline to 2025-12-26 00:00:00+00:00, run_after=2025-12-27 00:00:00+00:00
[2025-12-27T19:12:38.803+0000] {processor.py:183} INFO - Processing /opt/airflow/dags/weather_etl_dag.py took 0.049 seconds
[2025-12-27T19:13:09.047+0000] {processor.py:161} INFO - Started process (PID=211) to work on /opt/airflow/dags/weather_etl_dag.py
[2025-12-27T19:13:09.048+0000] {processor.py:830} INFO - Processing file /opt/airflow/dags/weather_etl_dag.py for tasks to queue
[2025-12-27T19:13:09.050+0000] {logging_mixin.py:188} INFO - [2025-12-27T19:13:09.050+0000] {dagbag.py:545} INFO - Filling up the DagBag from /opt/airflow/dags/weather_etl_dag.py
[2025-12-27T19:13:09.059+0000] {processor.py:840} INFO - DAG(s) 'weather_pipeline' retrieved from /opt/airflow/dags/weather_etl_dag.py
[2025-12-27T19:13:09.077+0000] {logging_mixin.py:188} INFO - [2025-12-27T19:13:09.077+0000] {dag.py:3096} INFO - Sync 1 DAGs
[2025-12-27T19:13:09.088+0000] {logging_mixin.py:188} INFO - [2025-12-27T19:13:09.088+0000] {dag.py:3954} INFO - Setting next_dagrun for weather_pipeline to 2025-12-26 00:00:00+00:00, run_after=2025-12-27 00:00:00+00:00
[2025-12-27T19:13:09.094+0000] {processor.py:183} INFO - Processing /opt/airflow/dags/weather_etl_dag.py took 0.053 seconds
[2025-12-27T19:13:39.346+0000] {processor.py:161} INFO - Started process (PID=216) to work on /opt/airflow/dags/weather_etl_dag.py
[2025-12-27T19:13:39.346+0000] {processor.py:830} INFO - Processing file /opt/airflow/dags/weather_etl_dag.py for tasks to queue
[2025-12-27T19:13:39.348+0000] {logging_mixin.py:188} INFO - [2025-12-27T19:13:39.348+0000] {dagbag.py:545} INFO - Filling up the DagBag from /opt/airflow/dags/weather_etl_dag.py
[2025-12-27T19:13:39.358+0000] {processor.py:840} INFO - DAG(s) 'weather_pipeline' retrieved from /opt/airflow/dags/weather_etl_dag.py
[2025-12-27T19:13:39.375+0000] {logging_mixin.py:188} INFO - [2025-12-27T19:13:39.375+0000] {dag.py:3096} INFO - Sync 1 DAGs
[2025-12-27T19:13:39.385+0000] {logging_mixin.py:188} INFO - [2025-12-27T19:13:39.385+0000] {dag.py:3954} INFO - Setting next_dagrun for weather_pipeline to 2025-12-26 00:00:00+00:00, run_after=2025-12-27 00:00:00+00:00
[2025-12-27T19:13:39.394+0000] {processor.py:183} INFO - Processing /opt/airflow/dags/weather_etl_dag.py took 0.053 seconds
[2025-12-27T19:14:09.637+0000] {processor.py:161} INFO - Started process (PID=221) to work on /opt/airflow/dags/weather_etl_dag.py
[2025-12-27T19:14:09.638+0000] {processor.py:830} INFO - Processing file /opt/airflow/dags/weather_etl_dag.py for tasks to queue
[2025-12-27T19:14:09.639+0000] {logging_mixin.py:188} INFO - [2025-12-27T19:14:09.639+0000] {dagbag.py:545} INFO - Filling up the DagBag from /opt/airflow/dags/weather_etl_dag.py
[2025-12-27T19:14:09.648+0000] {processor.py:840} INFO - DAG(s) 'weather_pipeline' retrieved from /opt/airflow/dags/weather_etl_dag.py
[2025-12-27T19:14:09.666+0000] {logging_mixin.py:188} INFO - [2025-12-27T19:14:09.665+0000] {dag.py:3096} INFO - Sync 1 DAGs
[2025-12-27T19:14:09.676+0000] {logging_mixin.py:188} INFO - [2025-12-27T19:14:09.676+0000] {dag.py:3954} INFO - Setting next_dagrun for weather_pipeline to 2025-12-26 00:00:00+00:00, run_after=2025-12-27 00:00:00+00:00
[2025-12-27T19:14:09.684+0000] {processor.py:183} INFO - Processing /opt/airflow/dags/weather_etl_dag.py took 0.051 seconds
[2025-12-27T19:14:39.938+0000] {processor.py:161} INFO - Started process (PID=226) to work on /opt/airflow/dags/weather_etl_dag.py
[2025-12-27T19:14:39.939+0000] {processor.py:830} INFO - Processing file /opt/airflow/dags/weather_etl_dag.py for tasks to queue
[2025-12-27T19:14:39.940+0000] {logging_mixin.py:188} INFO - [2025-12-27T19:14:39.940+0000] {dagbag.py:545} INFO - Filling up the DagBag from /opt/airflow/dags/weather_etl_dag.py
[2025-12-27T19:14:39.950+0000] {processor.py:840} INFO - DAG(s) 'weather_pipeline' retrieved from /opt/airflow/dags/weather_etl_dag.py
[2025-12-27T19:14:39.967+0000] {logging_mixin.py:188} INFO - [2025-12-27T19:14:39.967+0000] {dag.py:3096} INFO - Sync 1 DAGs
[2025-12-27T19:14:39.977+0000] {logging_mixin.py:188} INFO - [2025-12-27T19:14:39.976+0000] {dag.py:3954} INFO - Setting next_dagrun for weather_pipeline to 2025-12-26 00:00:00+00:00, run_after=2025-12-27 00:00:00+00:00
[2025-12-27T19:14:39.983+0000] {processor.py:183} INFO - Processing /opt/airflow/dags/weather_etl_dag.py took 0.051 seconds
[2025-12-27T19:15:10.257+0000] {processor.py:161} INFO - Started process (PID=231) to work on /opt/airflow/dags/weather_etl_dag.py
[2025-12-27T19:15:10.258+0000] {processor.py:830} INFO - Processing file /opt/airflow/dags/weather_etl_dag.py for tasks to queue
[2025-12-27T19:15:10.260+0000] {logging_mixin.py:188} INFO - [2025-12-27T19:15:10.259+0000] {dagbag.py:545} INFO - Filling up the DagBag from /opt/airflow/dags/weather_etl_dag.py
[2025-12-27T19:15:10.269+0000] {processor.py:840} INFO - DAG(s) 'weather_pipeline' retrieved from /opt/airflow/dags/weather_etl_dag.py
[2025-12-27T19:15:10.286+0000] {logging_mixin.py:188} INFO - [2025-12-27T19:15:10.286+0000] {dag.py:3096} INFO - Sync 1 DAGs
[2025-12-27T19:15:10.296+0000] {logging_mixin.py:188} INFO - [2025-12-27T19:15:10.296+0000] {dag.py:3954} INFO - Setting next_dagrun for weather_pipeline to 2025-12-26 00:00:00+00:00, run_after=2025-12-27 00:00:00+00:00
[2025-12-27T19:15:10.302+0000] {processor.py:183} INFO - Processing /opt/airflow/dags/weather_etl_dag.py took 0.051 seconds
[2025-12-27T19:15:40.537+0000] {processor.py:161} INFO - Started process (PID=236) to work on /opt/airflow/dags/weather_etl_dag.py
[2025-12-27T19:15:40.537+0000] {processor.py:830} INFO - Processing file /opt/airflow/dags/weather_etl_dag.py for tasks to queue
[2025-12-27T19:15:40.539+0000] {logging_mixin.py:188} INFO - [2025-12-27T19:15:40.539+0000] {dagbag.py:545} INFO - Filling up the DagBag from /opt/airflow/dags/weather_etl_dag.py
[2025-12-27T19:15:40.548+0000] {processor.py:840} INFO - DAG(s) 'weather_pipeline' retrieved from /opt/airflow/dags/weather_etl_dag.py
[2025-12-27T19:15:40.565+0000] {logging_mixin.py:188} INFO - [2025-12-27T19:15:40.565+0000] {dag.py:3096} INFO - Sync 1 DAGs
[2025-12-27T19:15:40.575+0000] {logging_mixin.py:188} INFO - [2025-12-27T19:15:40.575+0000] {dag.py:3954} INFO - Setting next_dagrun for weather_pipeline to 2025-12-26 00:00:00+00:00, run_after=2025-12-27 00:00:00+00:00
[2025-12-27T19:15:40.581+0000] {processor.py:183} INFO - Processing /opt/airflow/dags/weather_etl_dag.py took 0.049 seconds
[2025-12-27T19:16:10.853+0000] {processor.py:161} INFO - Started process (PID=241) to work on /opt/airflow/dags/weather_etl_dag.py
[2025-12-27T19:16:10.854+0000] {processor.py:830} INFO - Processing file /opt/airflow/dags/weather_etl_dag.py for tasks to queue
[2025-12-27T19:16:10.856+0000] {logging_mixin.py:188} INFO - [2025-12-27T19:16:10.856+0000] {dagbag.py:545} INFO - Filling up the DagBag from /opt/airflow/dags/weather_etl_dag.py
[2025-12-27T19:16:10.866+0000] {processor.py:840} INFO - DAG(s) 'weather_pipeline' retrieved from /opt/airflow/dags/weather_etl_dag.py
[2025-12-27T19:16:10.883+0000] {logging_mixin.py:188} INFO - [2025-12-27T19:16:10.883+0000] {dag.py:3096} INFO - Sync 1 DAGs
[2025-12-27T19:16:10.893+0000] {logging_mixin.py:188} INFO - [2025-12-27T19:16:10.893+0000] {dag.py:3954} INFO - Setting next_dagrun for weather_pipeline to 2025-12-26 00:00:00+00:00, run_after=2025-12-27 00:00:00+00:00
[2025-12-27T19:16:10.900+0000] {processor.py:183} INFO - Processing /opt/airflow/dags/weather_etl_dag.py took 0.052 seconds
[2025-12-27T19:16:41.168+0000] {processor.py:161} INFO - Started process (PID=246) to work on /opt/airflow/dags/weather_etl_dag.py
[2025-12-27T19:16:41.169+0000] {processor.py:830} INFO - Processing file /opt/airflow/dags/weather_etl_dag.py for tasks to queue
[2025-12-27T19:16:41.170+0000] {logging_mixin.py:188} INFO - [2025-12-27T19:16:41.170+0000] {dagbag.py:545} INFO - Filling up the DagBag from /opt/airflow/dags/weather_etl_dag.py
[2025-12-27T19:16:41.180+0000] {processor.py:840} INFO - DAG(s) 'weather_pipeline' retrieved from /opt/airflow/dags/weather_etl_dag.py
[2025-12-27T19:16:41.196+0000] {logging_mixin.py:188} INFO - [2025-12-27T19:16:41.196+0000] {dag.py:3096} INFO - Sync 1 DAGs
[2025-12-27T19:16:41.205+0000] {logging_mixin.py:188} INFO - [2025-12-27T19:16:41.205+0000] {dag.py:3954} INFO - Setting next_dagrun for weather_pipeline to 2025-12-26 00:00:00+00:00, run_after=2025-12-27 00:00:00+00:00
[2025-12-27T19:16:41.212+0000] {processor.py:183} INFO - Processing /opt/airflow/dags/weather_etl_dag.py took 0.050 seconds
[2025-12-27T19:17:11.443+0000] {processor.py:161} INFO - Started process (PID=251) to work on /opt/airflow/dags/weather_etl_dag.py
[2025-12-27T19:17:11.444+0000] {processor.py:830} INFO - Processing file /opt/airflow/dags/weather_etl_dag.py for tasks to queue
[2025-12-27T19:17:11.446+0000] {logging_mixin.py:188} INFO - [2025-12-27T19:17:11.445+0000] {dagbag.py:545} INFO - Filling up the DagBag from /opt/airflow/dags/weather_etl_dag.py
[2025-12-27T19:17:11.455+0000] {processor.py:840} INFO - DAG(s) 'weather_pipeline' retrieved from /opt/airflow/dags/weather_etl_dag.py
[2025-12-27T19:17:11.473+0000] {logging_mixin.py:188} INFO - [2025-12-27T19:17:11.473+0000] {dag.py:3096} INFO - Sync 1 DAGs
[2025-12-27T19:17:11.483+0000] {logging_mixin.py:188} INFO - [2025-12-27T19:17:11.483+0000] {dag.py:3954} INFO - Setting next_dagrun for weather_pipeline to 2025-12-26 00:00:00+00:00, run_after=2025-12-27 00:00:00+00:00
[2025-12-27T19:17:11.489+0000] {processor.py:183} INFO - Processing /opt/airflow/dags/weather_etl_dag.py took 0.052 seconds
[2025-12-27T19:17:41.722+0000] {processor.py:161} INFO - Started process (PID=256) to work on /opt/airflow/dags/weather_etl_dag.py
[2025-12-27T19:17:41.722+0000] {processor.py:830} INFO - Processing file /opt/airflow/dags/weather_etl_dag.py for tasks to queue
[2025-12-27T19:17:41.723+0000] {logging_mixin.py:188} INFO - [2025-12-27T19:17:41.723+0000] {dagbag.py:545} INFO - Filling up the DagBag from /opt/airflow/dags/weather_etl_dag.py
[2025-12-27T19:17:41.732+0000] {processor.py:840} INFO - DAG(s) 'weather_pipeline' retrieved from /opt/airflow/dags/weather_etl_dag.py
[2025-12-27T19:17:41.748+0000] {logging_mixin.py:188} INFO - [2025-12-27T19:17:41.748+0000] {dag.py:3096} INFO - Sync 1 DAGs
[2025-12-27T19:17:41.758+0000] {logging_mixin.py:188} INFO - [2025-12-27T19:17:41.758+0000] {dag.py:3954} INFO - Setting next_dagrun for weather_pipeline to 2025-12-26 00:00:00+00:00, run_after=2025-12-27 00:00:00+00:00
[2025-12-27T19:17:41.765+0000] {processor.py:183} INFO - Processing /opt/airflow/dags/weather_etl_dag.py took 0.047 seconds
[2025-12-27T19:18:12.001+0000] {processor.py:161} INFO - Started process (PID=261) to work on /opt/airflow/dags/weather_etl_dag.py
[2025-12-27T19:18:12.002+0000] {processor.py:830} INFO - Processing file /opt/airflow/dags/weather_etl_dag.py for tasks to queue
[2025-12-27T19:18:12.003+0000] {logging_mixin.py:188} INFO - [2025-12-27T19:18:12.003+0000] {dagbag.py:545} INFO - Filling up the DagBag from /opt/airflow/dags/weather_etl_dag.py
[2025-12-27T19:18:12.013+0000] {processor.py:840} INFO - DAG(s) 'weather_pipeline' retrieved from /opt/airflow/dags/weather_etl_dag.py
[2025-12-27T19:18:12.034+0000] {logging_mixin.py:188} INFO - [2025-12-27T19:18:12.033+0000] {dag.py:3096} INFO - Sync 1 DAGs
[2025-12-27T19:18:12.046+0000] {logging_mixin.py:188} INFO - [2025-12-27T19:18:12.046+0000] {dag.py:3954} INFO - Setting next_dagrun for weather_pipeline to 2025-12-26 00:00:00+00:00, run_after=2025-12-27 00:00:00+00:00
[2025-12-27T19:18:12.057+0000] {processor.py:183} INFO - Processing /opt/airflow/dags/weather_etl_dag.py took 0.062 seconds
[2025-12-27T19:18:42.304+0000] {processor.py:161} INFO - Started process (PID=266) to work on /opt/airflow/dags/weather_etl_dag.py
[2025-12-27T19:18:42.305+0000] {processor.py:830} INFO - Processing file /opt/airflow/dags/weather_etl_dag.py for tasks to queue
[2025-12-27T19:18:42.306+0000] {logging_mixin.py:188} INFO - [2025-12-27T19:18:42.306+0000] {dagbag.py:545} INFO - Filling up the DagBag from /opt/airflow/dags/weather_etl_dag.py
[2025-12-27T19:18:42.314+0000] {processor.py:840} INFO - DAG(s) 'weather_pipeline' retrieved from /opt/airflow/dags/weather_etl_dag.py
[2025-12-27T19:18:42.330+0000] {logging_mixin.py:188} INFO - [2025-12-27T19:18:42.330+0000] {dag.py:3096} INFO - Sync 1 DAGs
[2025-12-27T19:18:42.340+0000] {logging_mixin.py:188} INFO - [2025-12-27T19:18:42.340+0000] {dag.py:3954} INFO - Setting next_dagrun for weather_pipeline to 2025-12-26 00:00:00+00:00, run_after=2025-12-27 00:00:00+00:00
[2025-12-27T19:18:42.346+0000] {processor.py:183} INFO - Processing /opt/airflow/dags/weather_etl_dag.py took 0.046 seconds
[2025-12-27T19:19:12.590+0000] {processor.py:161} INFO - Started process (PID=271) to work on /opt/airflow/dags/weather_etl_dag.py
[2025-12-27T19:19:12.591+0000] {processor.py:830} INFO - Processing file /opt/airflow/dags/weather_etl_dag.py for tasks to queue
[2025-12-27T19:19:12.591+0000] {logging_mixin.py:188} INFO - [2025-12-27T19:19:12.591+0000] {dagbag.py:545} INFO - Filling up the DagBag from /opt/airflow/dags/weather_etl_dag.py
[2025-12-27T19:19:12.596+0000] {processor.py:840} INFO - DAG(s) 'weather_pipeline' retrieved from /opt/airflow/dags/weather_etl_dag.py
[2025-12-27T19:19:12.606+0000] {logging_mixin.py:188} INFO - [2025-12-27T19:19:12.606+0000] {dag.py:3096} INFO - Sync 1 DAGs
[2025-12-27T19:19:12.614+0000] {logging_mixin.py:188} INFO - [2025-12-27T19:19:12.614+0000] {dag.py:3954} INFO - Setting next_dagrun for weather_pipeline to 2025-12-26 00:00:00+00:00, run_after=2025-12-27 00:00:00+00:00
[2025-12-27T19:19:12.620+0000] {processor.py:183} INFO - Processing /opt/airflow/dags/weather_etl_dag.py took 0.032 seconds
[2025-12-27T19:19:42.895+0000] {processor.py:161} INFO - Started process (PID=276) to work on /opt/airflow/dags/weather_etl_dag.py
[2025-12-27T19:19:42.896+0000] {processor.py:830} INFO - Processing file /opt/airflow/dags/weather_etl_dag.py for tasks to queue
[2025-12-27T19:19:42.898+0000] {logging_mixin.py:188} INFO - [2025-12-27T19:19:42.897+0000] {dagbag.py:545} INFO - Filling up the DagBag from /opt/airflow/dags/weather_etl_dag.py
[2025-12-27T19:19:42.907+0000] {processor.py:840} INFO - DAG(s) 'weather_pipeline' retrieved from /opt/airflow/dags/weather_etl_dag.py
[2025-12-27T19:19:42.924+0000] {logging_mixin.py:188} INFO - [2025-12-27T19:19:42.924+0000] {dag.py:3096} INFO - Sync 1 DAGs
[2025-12-27T19:19:42.934+0000] {logging_mixin.py:188} INFO - [2025-12-27T19:19:42.934+0000] {dag.py:3954} INFO - Setting next_dagrun for weather_pipeline to 2025-12-26 00:00:00+00:00, run_after=2025-12-27 00:00:00+00:00
[2025-12-27T19:19:42.941+0000] {processor.py:183} INFO - Processing /opt/airflow/dags/weather_etl_dag.py took 0.051 seconds
[2025-12-27T19:20:13.170+0000] {processor.py:161} INFO - Started process (PID=281) to work on /opt/airflow/dags/weather_etl_dag.py
[2025-12-27T19:20:13.171+0000] {processor.py:830} INFO - Processing file /opt/airflow/dags/weather_etl_dag.py for tasks to queue
[2025-12-27T19:20:13.173+0000] {logging_mixin.py:188} INFO - [2025-12-27T19:20:13.172+0000] {dagbag.py:545} INFO - Filling up the DagBag from /opt/airflow/dags/weather_etl_dag.py
[2025-12-27T19:20:13.182+0000] {processor.py:840} INFO - DAG(s) 'weather_pipeline' retrieved from /opt/airflow/dags/weather_etl_dag.py
[2025-12-27T19:20:13.199+0000] {logging_mixin.py:188} INFO - [2025-12-27T19:20:13.199+0000] {dag.py:3096} INFO - Sync 1 DAGs
[2025-12-27T19:20:13.209+0000] {logging_mixin.py:188} INFO - [2025-12-27T19:20:13.209+0000] {dag.py:3954} INFO - Setting next_dagrun for weather_pipeline to 2025-12-26 00:00:00+00:00, run_after=2025-12-27 00:00:00+00:00
[2025-12-27T19:20:13.215+0000] {processor.py:183} INFO - Processing /opt/airflow/dags/weather_etl_dag.py took 0.050 seconds
[2025-12-27T19:20:43.463+0000] {processor.py:161} INFO - Started process (PID=286) to work on /opt/airflow/dags/weather_etl_dag.py
[2025-12-27T19:20:43.464+0000] {processor.py:830} INFO - Processing file /opt/airflow/dags/weather_etl_dag.py for tasks to queue
[2025-12-27T19:20:43.466+0000] {logging_mixin.py:188} INFO - [2025-12-27T19:20:43.465+0000] {dagbag.py:545} INFO - Filling up the DagBag from /opt/airflow/dags/weather_etl_dag.py
[2025-12-27T19:20:43.475+0000] {processor.py:840} INFO - DAG(s) 'weather_pipeline' retrieved from /opt/airflow/dags/weather_etl_dag.py
[2025-12-27T19:20:43.492+0000] {logging_mixin.py:188} INFO - [2025-12-27T19:20:43.492+0000] {dag.py:3096} INFO - Sync 1 DAGs
[2025-12-27T19:20:43.502+0000] {logging_mixin.py:188} INFO - [2025-12-27T19:20:43.502+0000] {dag.py:3954} INFO - Setting next_dagrun for weather_pipeline to 2025-12-26 00:00:00+00:00, run_after=2025-12-27 00:00:00+00:00
[2025-12-27T19:20:43.509+0000] {processor.py:183} INFO - Processing /opt/airflow/dags/weather_etl_dag.py took 0.051 seconds
[2025-12-27T19:21:13.766+0000] {processor.py:161} INFO - Started process (PID=291) to work on /opt/airflow/dags/weather_etl_dag.py
[2025-12-27T19:21:13.767+0000] {processor.py:830} INFO - Processing file /opt/airflow/dags/weather_etl_dag.py for tasks to queue
[2025-12-27T19:21:13.769+0000] {logging_mixin.py:188} INFO - [2025-12-27T19:21:13.768+0000] {dagbag.py:545} INFO - Filling up the DagBag from /opt/airflow/dags/weather_etl_dag.py
[2025-12-27T19:21:13.778+0000] {processor.py:840} INFO - DAG(s) 'weather_pipeline' retrieved from /opt/airflow/dags/weather_etl_dag.py
[2025-12-27T19:21:13.797+0000] {logging_mixin.py:188} INFO - [2025-12-27T19:21:13.796+0000] {dag.py:3096} INFO - Sync 1 DAGs
[2025-12-27T19:21:13.808+0000] {logging_mixin.py:188} INFO - [2025-12-27T19:21:13.807+0000] {dag.py:3954} INFO - Setting next_dagrun for weather_pipeline to 2025-12-26 00:00:00+00:00, run_after=2025-12-27 00:00:00+00:00
[2025-12-27T19:21:13.814+0000] {processor.py:183} INFO - Processing /opt/airflow/dags/weather_etl_dag.py took 0.054 seconds
[2025-12-27T19:21:44.068+0000] {processor.py:161} INFO - Started process (PID=296) to work on /opt/airflow/dags/weather_etl_dag.py
[2025-12-27T19:21:44.069+0000] {processor.py:830} INFO - Processing file /opt/airflow/dags/weather_etl_dag.py for tasks to queue
[2025-12-27T19:21:44.070+0000] {logging_mixin.py:188} INFO - [2025-12-27T19:21:44.070+0000] {dagbag.py:545} INFO - Filling up the DagBag from /opt/airflow/dags/weather_etl_dag.py
[2025-12-27T19:21:44.080+0000] {processor.py:840} INFO - DAG(s) 'weather_pipeline' retrieved from /opt/airflow/dags/weather_etl_dag.py
[2025-12-27T19:21:44.097+0000] {logging_mixin.py:188} INFO - [2025-12-27T19:21:44.097+0000] {dag.py:3096} INFO - Sync 1 DAGs
[2025-12-27T19:21:44.106+0000] {logging_mixin.py:188} INFO - [2025-12-27T19:21:44.106+0000] {dag.py:3954} INFO - Setting next_dagrun for weather_pipeline to 2025-12-26 00:00:00+00:00, run_after=2025-12-27 00:00:00+00:00
[2025-12-27T19:21:44.113+0000] {processor.py:183} INFO - Processing /opt/airflow/dags/weather_etl_dag.py took 0.051 seconds
[2025-12-27T19:22:14.345+0000] {processor.py:161} INFO - Started process (PID=301) to work on /opt/airflow/dags/weather_etl_dag.py
[2025-12-27T19:22:14.345+0000] {processor.py:830} INFO - Processing file /opt/airflow/dags/weather_etl_dag.py for tasks to queue
[2025-12-27T19:22:14.346+0000] {logging_mixin.py:188} INFO - [2025-12-27T19:22:14.346+0000] {dagbag.py:545} INFO - Filling up the DagBag from /opt/airflow/dags/weather_etl_dag.py
[2025-12-27T19:22:14.351+0000] {processor.py:840} INFO - DAG(s) 'weather_pipeline' retrieved from /opt/airflow/dags/weather_etl_dag.py
[2025-12-27T19:22:14.364+0000] {logging_mixin.py:188} INFO - [2025-12-27T19:22:14.364+0000] {dag.py:3096} INFO - Sync 1 DAGs
[2025-12-27T19:22:14.373+0000] {logging_mixin.py:188} INFO - [2025-12-27T19:22:14.373+0000] {dag.py:3954} INFO - Setting next_dagrun for weather_pipeline to 2025-12-26 00:00:00+00:00, run_after=2025-12-27 00:00:00+00:00
[2025-12-27T19:22:14.380+0000] {processor.py:183} INFO - Processing /opt/airflow/dags/weather_etl_dag.py took 0.038 seconds
[2025-12-27T19:22:44.648+0000] {processor.py:161} INFO - Started process (PID=306) to work on /opt/airflow/dags/weather_etl_dag.py
[2025-12-27T19:22:44.649+0000] {processor.py:830} INFO - Processing file /opt/airflow/dags/weather_etl_dag.py for tasks to queue
[2025-12-27T19:22:44.650+0000] {logging_mixin.py:188} INFO - [2025-12-27T19:22:44.650+0000] {dagbag.py:545} INFO - Filling up the DagBag from /opt/airflow/dags/weather_etl_dag.py
[2025-12-27T19:22:44.660+0000] {processor.py:840} INFO - DAG(s) 'weather_pipeline' retrieved from /opt/airflow/dags/weather_etl_dag.py
[2025-12-27T19:22:44.677+0000] {logging_mixin.py:188} INFO - [2025-12-27T19:22:44.677+0000] {dag.py:3096} INFO - Sync 1 DAGs
[2025-12-27T19:22:44.686+0000] {logging_mixin.py:188} INFO - [2025-12-27T19:22:44.686+0000] {dag.py:3954} INFO - Setting next_dagrun for weather_pipeline to 2025-12-26 00:00:00+00:00, run_after=2025-12-27 00:00:00+00:00
[2025-12-27T19:22:44.693+0000] {processor.py:183} INFO - Processing /opt/airflow/dags/weather_etl_dag.py took 0.051 seconds
[2025-12-27T19:23:14.917+0000] {processor.py:161} INFO - Started process (PID=311) to work on /opt/airflow/dags/weather_etl_dag.py
[2025-12-27T19:23:14.918+0000] {processor.py:830} INFO - Processing file /opt/airflow/dags/weather_etl_dag.py for tasks to queue
[2025-12-27T19:23:14.919+0000] {logging_mixin.py:188} INFO - [2025-12-27T19:23:14.919+0000] {dagbag.py:545} INFO - Filling up the DagBag from /opt/airflow/dags/weather_etl_dag.py
[2025-12-27T19:23:14.929+0000] {processor.py:840} INFO - DAG(s) 'weather_pipeline' retrieved from /opt/airflow/dags/weather_etl_dag.py
[2025-12-27T19:23:14.946+0000] {logging_mixin.py:188} INFO - [2025-12-27T19:23:14.946+0000] {dag.py:3096} INFO - Sync 1 DAGs
[2025-12-27T19:23:14.956+0000] {logging_mixin.py:188} INFO - [2025-12-27T19:23:14.955+0000] {dag.py:3954} INFO - Setting next_dagrun for weather_pipeline to 2025-12-26 00:00:00+00:00, run_after=2025-12-27 00:00:00+00:00
[2025-12-27T19:23:14.962+0000] {processor.py:183} INFO - Processing /opt/airflow/dags/weather_etl_dag.py took 0.051 seconds
[2025-12-27T19:23:45.206+0000] {processor.py:161} INFO - Started process (PID=316) to work on /opt/airflow/dags/weather_etl_dag.py
[2025-12-27T19:23:45.207+0000] {processor.py:830} INFO - Processing file /opt/airflow/dags/weather_etl_dag.py for tasks to queue
[2025-12-27T19:23:45.209+0000] {logging_mixin.py:188} INFO - [2025-12-27T19:23:45.209+0000] {dagbag.py:545} INFO - Filling up the DagBag from /opt/airflow/dags/weather_etl_dag.py
[2025-12-27T19:23:45.219+0000] {processor.py:840} INFO - DAG(s) 'weather_pipeline' retrieved from /opt/airflow/dags/weather_etl_dag.py
[2025-12-27T19:23:45.236+0000] {logging_mixin.py:188} INFO - [2025-12-27T19:23:45.236+0000] {dag.py:3096} INFO - Sync 1 DAGs
[2025-12-27T19:23:45.246+0000] {logging_mixin.py:188} INFO - [2025-12-27T19:23:45.246+0000] {dag.py:3954} INFO - Setting next_dagrun for weather_pipeline to 2025-12-26 00:00:00+00:00, run_after=2025-12-27 00:00:00+00:00
[2025-12-27T19:23:45.253+0000] {processor.py:183} INFO - Processing /opt/airflow/dags/weather_etl_dag.py took 0.052 seconds
[2025-12-27T19:24:15.506+0000] {processor.py:161} INFO - Started process (PID=321) to work on /opt/airflow/dags/weather_etl_dag.py
[2025-12-27T19:24:15.506+0000] {processor.py:830} INFO - Processing file /opt/airflow/dags/weather_etl_dag.py for tasks to queue
[2025-12-27T19:24:15.508+0000] {logging_mixin.py:188} INFO - [2025-12-27T19:24:15.508+0000] {dagbag.py:545} INFO - Filling up the DagBag from /opt/airflow/dags/weather_etl_dag.py
[2025-12-27T19:24:15.518+0000] {processor.py:840} INFO - DAG(s) 'weather_pipeline' retrieved from /opt/airflow/dags/weather_etl_dag.py
[2025-12-27T19:24:15.536+0000] {logging_mixin.py:188} INFO - [2025-12-27T19:24:15.535+0000] {dag.py:3096} INFO - Sync 1 DAGs
[2025-12-27T19:24:15.546+0000] {logging_mixin.py:188} INFO - [2025-12-27T19:24:15.546+0000] {dag.py:3954} INFO - Setting next_dagrun for weather_pipeline to 2025-12-26 00:00:00+00:00, run_after=2025-12-27 00:00:00+00:00
[2025-12-27T19:24:15.552+0000] {processor.py:183} INFO - Processing /opt/airflow/dags/weather_etl_dag.py took 0.052 seconds
[2025-12-27T19:24:45.783+0000] {processor.py:161} INFO - Started process (PID=326) to work on /opt/airflow/dags/weather_etl_dag.py
[2025-12-27T19:24:45.784+0000] {processor.py:830} INFO - Processing file /opt/airflow/dags/weather_etl_dag.py for tasks to queue
[2025-12-27T19:24:45.786+0000] {logging_mixin.py:188} INFO - [2025-12-27T19:24:45.785+0000] {dagbag.py:545} INFO - Filling up the DagBag from /opt/airflow/dags/weather_etl_dag.py
[2025-12-27T19:24:45.795+0000] {processor.py:840} INFO - DAG(s) 'weather_pipeline' retrieved from /opt/airflow/dags/weather_etl_dag.py
[2025-12-27T19:24:45.812+0000] {logging_mixin.py:188} INFO - [2025-12-27T19:24:45.812+0000] {dag.py:3096} INFO - Sync 1 DAGs
[2025-12-27T19:24:45.821+0000] {logging_mixin.py:188} INFO - [2025-12-27T19:24:45.821+0000] {dag.py:3954} INFO - Setting next_dagrun for weather_pipeline to 2025-12-26 00:00:00+00:00, run_after=2025-12-27 00:00:00+00:00
[2025-12-27T19:24:45.828+0000] {processor.py:183} INFO - Processing /opt/airflow/dags/weather_etl_dag.py took 0.050 seconds
[2025-12-27T19:25:16.097+0000] {processor.py:161} INFO - Started process (PID=331) to work on /opt/airflow/dags/weather_etl_dag.py
[2025-12-27T19:25:16.098+0000] {processor.py:830} INFO - Processing file /opt/airflow/dags/weather_etl_dag.py for tasks to queue
[2025-12-27T19:25:16.099+0000] {logging_mixin.py:188} INFO - [2025-12-27T19:25:16.099+0000] {dagbag.py:545} INFO - Filling up the DagBag from /opt/airflow/dags/weather_etl_dag.py
[2025-12-27T19:25:16.107+0000] {processor.py:840} INFO - DAG(s) 'weather_pipeline' retrieved from /opt/airflow/dags/weather_etl_dag.py
[2025-12-27T19:25:16.123+0000] {logging_mixin.py:188} INFO - [2025-12-27T19:25:16.122+0000] {dag.py:3096} INFO - Sync 1 DAGs
[2025-12-27T19:25:16.132+0000] {logging_mixin.py:188} INFO - [2025-12-27T19:25:16.132+0000] {dag.py:3954} INFO - Setting next_dagrun for weather_pipeline to 2025-12-26 00:00:00+00:00, run_after=2025-12-27 00:00:00+00:00
[2025-12-27T19:25:16.138+0000] {processor.py:183} INFO - Processing /opt/airflow/dags/weather_etl_dag.py took 0.045 seconds
[2025-12-27T19:25:46.388+0000] {processor.py:161} INFO - Started process (PID=336) to work on /opt/airflow/dags/weather_etl_dag.py
[2025-12-27T19:25:46.389+0000] {processor.py:830} INFO - Processing file /opt/airflow/dags/weather_etl_dag.py for tasks to queue
[2025-12-27T19:25:46.390+0000] {logging_mixin.py:188} INFO - [2025-12-27T19:25:46.390+0000] {dagbag.py:545} INFO - Filling up the DagBag from /opt/airflow/dags/weather_etl_dag.py
[2025-12-27T19:25:46.400+0000] {processor.py:840} INFO - DAG(s) 'weather_pipeline' retrieved from /opt/airflow/dags/weather_etl_dag.py
[2025-12-27T19:25:46.417+0000] {logging_mixin.py:188} INFO - [2025-12-27T19:25:46.417+0000] {dag.py:3096} INFO - Sync 1 DAGs
[2025-12-27T19:25:46.426+0000] {logging_mixin.py:188} INFO - [2025-12-27T19:25:46.426+0000] {dag.py:3954} INFO - Setting next_dagrun for weather_pipeline to 2025-12-26 00:00:00+00:00, run_after=2025-12-27 00:00:00+00:00
[2025-12-27T19:25:46.433+0000] {processor.py:183} INFO - Processing /opt/airflow/dags/weather_etl_dag.py took 0.050 seconds
[2025-12-27T19:26:16.702+0000] {processor.py:161} INFO - Started process (PID=341) to work on /opt/airflow/dags/weather_etl_dag.py
[2025-12-27T19:26:16.703+0000] {processor.py:830} INFO - Processing file /opt/airflow/dags/weather_etl_dag.py for tasks to queue
[2025-12-27T19:26:16.704+0000] {logging_mixin.py:188} INFO - [2025-12-27T19:26:16.704+0000] {dagbag.py:545} INFO - Filling up the DagBag from /opt/airflow/dags/weather_etl_dag.py
[2025-12-27T19:26:16.714+0000] {processor.py:840} INFO - DAG(s) 'weather_pipeline' retrieved from /opt/airflow/dags/weather_etl_dag.py
[2025-12-27T19:26:16.733+0000] {logging_mixin.py:188} INFO - [2025-12-27T19:26:16.733+0000] {dag.py:3096} INFO - Sync 1 DAGs
[2025-12-27T19:26:16.743+0000] {logging_mixin.py:188} INFO - [2025-12-27T19:26:16.743+0000] {dag.py:3954} INFO - Setting next_dagrun for weather_pipeline to 2025-12-26 00:00:00+00:00, run_after=2025-12-27 00:00:00+00:00
[2025-12-27T19:26:16.751+0000] {processor.py:183} INFO - Processing /opt/airflow/dags/weather_etl_dag.py took 0.055 seconds
[2025-12-27T19:26:46.978+0000] {processor.py:161} INFO - Started process (PID=346) to work on /opt/airflow/dags/weather_etl_dag.py
[2025-12-27T19:26:46.979+0000] {processor.py:830} INFO - Processing file /opt/airflow/dags/weather_etl_dag.py for tasks to queue
[2025-12-27T19:26:46.981+0000] {logging_mixin.py:188} INFO - [2025-12-27T19:26:46.981+0000] {dagbag.py:545} INFO - Filling up the DagBag from /opt/airflow/dags/weather_etl_dag.py
[2025-12-27T19:26:46.990+0000] {processor.py:840} INFO - DAG(s) 'weather_pipeline' retrieved from /opt/airflow/dags/weather_etl_dag.py
[2025-12-27T19:26:47.008+0000] {logging_mixin.py:188} INFO - [2025-12-27T19:26:47.008+0000] {dag.py:3096} INFO - Sync 1 DAGs
[2025-12-27T19:26:47.019+0000] {logging_mixin.py:188} INFO - [2025-12-27T19:26:47.019+0000] {dag.py:3954} INFO - Setting next_dagrun for weather_pipeline to 2025-12-26 00:00:00+00:00, run_after=2025-12-27 00:00:00+00:00
[2025-12-27T19:26:47.026+0000] {processor.py:183} INFO - Processing /opt/airflow/dags/weather_etl_dag.py took 0.053 seconds
[2025-12-27T19:27:17.260+0000] {processor.py:161} INFO - Started process (PID=351) to work on /opt/airflow/dags/weather_etl_dag.py
[2025-12-27T19:27:17.260+0000] {processor.py:830} INFO - Processing file /opt/airflow/dags/weather_etl_dag.py for tasks to queue
[2025-12-27T19:27:17.261+0000] {logging_mixin.py:188} INFO - [2025-12-27T19:27:17.261+0000] {dagbag.py:545} INFO - Filling up the DagBag from /opt/airflow/dags/weather_etl_dag.py
[2025-12-27T19:27:17.267+0000] {processor.py:840} INFO - DAG(s) 'weather_pipeline' retrieved from /opt/airflow/dags/weather_etl_dag.py
[2025-12-27T19:27:17.281+0000] {logging_mixin.py:188} INFO - [2025-12-27T19:27:17.281+0000] {dag.py:3096} INFO - Sync 1 DAGs
[2025-12-27T19:27:17.292+0000] {logging_mixin.py:188} INFO - [2025-12-27T19:27:17.292+0000] {dag.py:3954} INFO - Setting next_dagrun for weather_pipeline to 2025-12-26 00:00:00+00:00, run_after=2025-12-27 00:00:00+00:00
[2025-12-27T19:27:17.299+0000] {processor.py:183} INFO - Processing /opt/airflow/dags/weather_etl_dag.py took 0.042 seconds
[2025-12-27T19:27:47.567+0000] {processor.py:161} INFO - Started process (PID=356) to work on /opt/airflow/dags/weather_etl_dag.py
[2025-12-27T19:27:47.567+0000] {processor.py:830} INFO - Processing file /opt/airflow/dags/weather_etl_dag.py for tasks to queue
[2025-12-27T19:27:47.569+0000] {logging_mixin.py:188} INFO - [2025-12-27T19:27:47.568+0000] {dagbag.py:545} INFO - Filling up the DagBag from /opt/airflow/dags/weather_etl_dag.py
[2025-12-27T19:27:47.578+0000] {processor.py:840} INFO - DAG(s) 'weather_pipeline' retrieved from /opt/airflow/dags/weather_etl_dag.py
[2025-12-27T19:27:47.594+0000] {logging_mixin.py:188} INFO - [2025-12-27T19:27:47.594+0000] {dag.py:3096} INFO - Sync 1 DAGs
[2025-12-27T19:27:47.603+0000] {logging_mixin.py:188} INFO - [2025-12-27T19:27:47.603+0000] {dag.py:3954} INFO - Setting next_dagrun for weather_pipeline to 2025-12-26 00:00:00+00:00, run_after=2025-12-27 00:00:00+00:00
[2025-12-27T19:27:47.609+0000] {processor.py:183} INFO - Processing /opt/airflow/dags/weather_etl_dag.py took 0.048 seconds
[2025-12-27T19:28:17.824+0000] {processor.py:161} INFO - Started process (PID=361) to work on /opt/airflow/dags/weather_etl_dag.py
[2025-12-27T19:28:17.825+0000] {processor.py:830} INFO - Processing file /opt/airflow/dags/weather_etl_dag.py for tasks to queue
[2025-12-27T19:28:17.826+0000] {logging_mixin.py:188} INFO - [2025-12-27T19:28:17.826+0000] {dagbag.py:545} INFO - Filling up the DagBag from /opt/airflow/dags/weather_etl_dag.py
[2025-12-27T19:28:17.835+0000] {processor.py:840} INFO - DAG(s) 'weather_pipeline' retrieved from /opt/airflow/dags/weather_etl_dag.py
[2025-12-27T19:28:17.850+0000] {logging_mixin.py:188} INFO - [2025-12-27T19:28:17.850+0000] {dag.py:3096} INFO - Sync 1 DAGs
[2025-12-27T19:28:17.860+0000] {logging_mixin.py:188} INFO - [2025-12-27T19:28:17.860+0000] {dag.py:3954} INFO - Setting next_dagrun for weather_pipeline to 2025-12-26 00:00:00+00:00, run_after=2025-12-27 00:00:00+00:00
[2025-12-27T19:28:17.867+0000] {processor.py:183} INFO - Processing /opt/airflow/dags/weather_etl_dag.py took 0.047 seconds
[2025-12-27T19:28:48.119+0000] {processor.py:161} INFO - Started process (PID=366) to work on /opt/airflow/dags/weather_etl_dag.py
[2025-12-27T19:28:48.119+0000] {processor.py:830} INFO - Processing file /opt/airflow/dags/weather_etl_dag.py for tasks to queue
[2025-12-27T19:28:48.121+0000] {logging_mixin.py:188} INFO - [2025-12-27T19:28:48.121+0000] {dagbag.py:545} INFO - Filling up the DagBag from /opt/airflow/dags/weather_etl_dag.py
[2025-12-27T19:28:48.131+0000] {processor.py:840} INFO - DAG(s) 'weather_pipeline' retrieved from /opt/airflow/dags/weather_etl_dag.py
[2025-12-27T19:28:48.149+0000] {logging_mixin.py:188} INFO - [2025-12-27T19:28:48.149+0000] {dag.py:3096} INFO - Sync 1 DAGs
[2025-12-27T19:28:48.158+0000] {logging_mixin.py:188} INFO - [2025-12-27T19:28:48.158+0000] {dag.py:3954} INFO - Setting next_dagrun for weather_pipeline to 2025-12-26 00:00:00+00:00, run_after=2025-12-27 00:00:00+00:00
[2025-12-27T19:28:48.165+0000] {processor.py:183} INFO - Processing /opt/airflow/dags/weather_etl_dag.py took 0.052 seconds
[2025-12-27T19:29:18.367+0000] {processor.py:161} INFO - Started process (PID=371) to work on /opt/airflow/dags/weather_etl_dag.py
[2025-12-27T19:29:18.368+0000] {processor.py:830} INFO - Processing file /opt/airflow/dags/weather_etl_dag.py for tasks to queue
[2025-12-27T19:29:18.370+0000] {logging_mixin.py:188} INFO - [2025-12-27T19:29:18.370+0000] {dagbag.py:545} INFO - Filling up the DagBag from /opt/airflow/dags/weather_etl_dag.py
[2025-12-27T19:29:18.380+0000] {processor.py:840} INFO - DAG(s) 'weather_pipeline' retrieved from /opt/airflow/dags/weather_etl_dag.py
[2025-12-27T19:29:18.397+0000] {logging_mixin.py:188} INFO - [2025-12-27T19:29:18.397+0000] {dag.py:3096} INFO - Sync 1 DAGs
[2025-12-27T19:29:18.407+0000] {logging_mixin.py:188} INFO - [2025-12-27T19:29:18.406+0000] {dag.py:3954} INFO - Setting next_dagrun for weather_pipeline to 2025-12-26 00:00:00+00:00, run_after=2025-12-27 00:00:00+00:00
[2025-12-27T19:29:18.413+0000] {processor.py:183} INFO - Processing /opt/airflow/dags/weather_etl_dag.py took 0.051 seconds
[2025-12-27T19:29:48.623+0000] {processor.py:161} INFO - Started process (PID=376) to work on /opt/airflow/dags/weather_etl_dag.py
[2025-12-27T19:29:48.624+0000] {processor.py:830} INFO - Processing file /opt/airflow/dags/weather_etl_dag.py for tasks to queue
[2025-12-27T19:29:48.626+0000] {logging_mixin.py:188} INFO - [2025-12-27T19:29:48.625+0000] {dagbag.py:545} INFO - Filling up the DagBag from /opt/airflow/dags/weather_etl_dag.py
[2025-12-27T19:29:48.635+0000] {processor.py:840} INFO - DAG(s) 'weather_pipeline' retrieved from /opt/airflow/dags/weather_etl_dag.py
[2025-12-27T19:29:48.653+0000] {logging_mixin.py:188} INFO - [2025-12-27T19:29:48.652+0000] {dag.py:3096} INFO - Sync 1 DAGs
[2025-12-27T19:29:48.663+0000] {logging_mixin.py:188} INFO - [2025-12-27T19:29:48.663+0000] {dag.py:3954} INFO - Setting next_dagrun for weather_pipeline to 2025-12-26 00:00:00+00:00, run_after=2025-12-27 00:00:00+00:00
[2025-12-27T19:29:48.669+0000] {processor.py:183} INFO - Processing /opt/airflow/dags/weather_etl_dag.py took 0.051 seconds
[2025-12-27T19:30:18.894+0000] {processor.py:161} INFO - Started process (PID=381) to work on /opt/airflow/dags/weather_etl_dag.py
[2025-12-27T19:30:18.895+0000] {processor.py:830} INFO - Processing file /opt/airflow/dags/weather_etl_dag.py for tasks to queue
[2025-12-27T19:30:18.897+0000] {logging_mixin.py:188} INFO - [2025-12-27T19:30:18.896+0000] {dagbag.py:545} INFO - Filling up the DagBag from /opt/airflow/dags/weather_etl_dag.py
[2025-12-27T19:30:18.906+0000] {processor.py:840} INFO - DAG(s) 'weather_pipeline' retrieved from /opt/airflow/dags/weather_etl_dag.py
[2025-12-27T19:30:18.924+0000] {logging_mixin.py:188} INFO - [2025-12-27T19:30:18.924+0000] {dag.py:3096} INFO - Sync 1 DAGs
[2025-12-27T19:30:18.934+0000] {logging_mixin.py:188} INFO - [2025-12-27T19:30:18.934+0000] {dag.py:3954} INFO - Setting next_dagrun for weather_pipeline to 2025-12-26 00:00:00+00:00, run_after=2025-12-27 00:00:00+00:00
[2025-12-27T19:30:18.941+0000] {processor.py:183} INFO - Processing /opt/airflow/dags/weather_etl_dag.py took 0.053 seconds
[2025-12-27T19:30:49.189+0000] {processor.py:161} INFO - Started process (PID=386) to work on /opt/airflow/dags/weather_etl_dag.py
[2025-12-27T19:30:49.190+0000] {processor.py:830} INFO - Processing file /opt/airflow/dags/weather_etl_dag.py for tasks to queue
[2025-12-27T19:30:49.191+0000] {logging_mixin.py:188} INFO - [2025-12-27T19:30:49.191+0000] {dagbag.py:545} INFO - Filling up the DagBag from /opt/airflow/dags/weather_etl_dag.py
[2025-12-27T19:30:49.200+0000] {processor.py:840} INFO - DAG(s) 'weather_pipeline' retrieved from /opt/airflow/dags/weather_etl_dag.py
[2025-12-27T19:30:49.215+0000] {logging_mixin.py:188} INFO - [2025-12-27T19:30:49.215+0000] {dag.py:3096} INFO - Sync 1 DAGs
[2025-12-27T19:30:49.224+0000] {logging_mixin.py:188} INFO - [2025-12-27T19:30:49.224+0000] {dag.py:3954} INFO - Setting next_dagrun for weather_pipeline to 2025-12-26 00:00:00+00:00, run_after=2025-12-27 00:00:00+00:00
[2025-12-27T19:30:49.231+0000] {processor.py:183} INFO - Processing /opt/airflow/dags/weather_etl_dag.py took 0.045 seconds
[2025-12-27T19:31:19.447+0000] {processor.py:161} INFO - Started process (PID=391) to work on /opt/airflow/dags/weather_etl_dag.py
[2025-12-27T19:31:19.448+0000] {processor.py:830} INFO - Processing file /opt/airflow/dags/weather_etl_dag.py for tasks to queue
[2025-12-27T19:31:19.449+0000] {logging_mixin.py:188} INFO - [2025-12-27T19:31:19.449+0000] {dagbag.py:545} INFO - Filling up the DagBag from /opt/airflow/dags/weather_etl_dag.py
[2025-12-27T19:31:19.457+0000] {processor.py:840} INFO - DAG(s) 'weather_pipeline' retrieved from /opt/airflow/dags/weather_etl_dag.py
[2025-12-27T19:31:19.472+0000] {logging_mixin.py:188} INFO - [2025-12-27T19:31:19.472+0000] {dag.py:3096} INFO - Sync 1 DAGs
[2025-12-27T19:31:19.481+0000] {logging_mixin.py:188} INFO - [2025-12-27T19:31:19.481+0000] {dag.py:3954} INFO - Setting next_dagrun for weather_pipeline to 2025-12-26 00:00:00+00:00, run_after=2025-12-27 00:00:00+00:00
[2025-12-27T19:31:19.488+0000] {processor.py:183} INFO - Processing /opt/airflow/dags/weather_etl_dag.py took 0.045 seconds
[2025-12-27T19:31:49.723+0000] {processor.py:161} INFO - Started process (PID=396) to work on /opt/airflow/dags/weather_etl_dag.py
[2025-12-27T19:31:49.724+0000] {processor.py:830} INFO - Processing file /opt/airflow/dags/weather_etl_dag.py for tasks to queue
[2025-12-27T19:31:49.726+0000] {logging_mixin.py:188} INFO - [2025-12-27T19:31:49.725+0000] {dagbag.py:545} INFO - Filling up the DagBag from /opt/airflow/dags/weather_etl_dag.py
[2025-12-27T19:31:49.735+0000] {processor.py:840} INFO - DAG(s) 'weather_pipeline' retrieved from /opt/airflow/dags/weather_etl_dag.py
[2025-12-27T19:31:49.754+0000] {logging_mixin.py:188} INFO - [2025-12-27T19:31:49.753+0000] {dag.py:3096} INFO - Sync 1 DAGs
[2025-12-27T19:31:49.764+0000] {logging_mixin.py:188} INFO - [2025-12-27T19:31:49.764+0000] {dag.py:3954} INFO - Setting next_dagrun for weather_pipeline to 2025-12-26 00:00:00+00:00, run_after=2025-12-27 00:00:00+00:00
[2025-12-27T19:31:49.771+0000] {processor.py:183} INFO - Processing /opt/airflow/dags/weather_etl_dag.py took 0.053 seconds
[2025-12-27T19:32:20.018+0000] {processor.py:161} INFO - Started process (PID=401) to work on /opt/airflow/dags/weather_etl_dag.py
[2025-12-27T19:32:20.019+0000] {processor.py:830} INFO - Processing file /opt/airflow/dags/weather_etl_dag.py for tasks to queue
[2025-12-27T19:32:20.020+0000] {logging_mixin.py:188} INFO - [2025-12-27T19:32:20.020+0000] {dagbag.py:545} INFO - Filling up the DagBag from /opt/airflow/dags/weather_etl_dag.py
[2025-12-27T19:32:20.030+0000] {processor.py:840} INFO - DAG(s) 'weather_pipeline' retrieved from /opt/airflow/dags/weather_etl_dag.py
[2025-12-27T19:32:20.047+0000] {logging_mixin.py:188} INFO - [2025-12-27T19:32:20.047+0000] {dag.py:3096} INFO - Sync 1 DAGs
[2025-12-27T19:32:20.057+0000] {logging_mixin.py:188} INFO - [2025-12-27T19:32:20.057+0000] {dag.py:3954} INFO - Setting next_dagrun for weather_pipeline to 2025-12-26 00:00:00+00:00, run_after=2025-12-27 00:00:00+00:00
[2025-12-27T19:32:20.064+0000] {processor.py:183} INFO - Processing /opt/airflow/dags/weather_etl_dag.py took 0.051 seconds
[2025-12-27T19:32:50.309+0000] {processor.py:161} INFO - Started process (PID=406) to work on /opt/airflow/dags/weather_etl_dag.py
[2025-12-27T19:32:50.310+0000] {processor.py:830} INFO - Processing file /opt/airflow/dags/weather_etl_dag.py for tasks to queue
[2025-12-27T19:32:50.313+0000] {logging_mixin.py:188} INFO - [2025-12-27T19:32:50.312+0000] {dagbag.py:545} INFO - Filling up the DagBag from /opt/airflow/dags/weather_etl_dag.py
[2025-12-27T19:32:50.323+0000] {processor.py:840} INFO - DAG(s) 'weather_pipeline' retrieved from /opt/airflow/dags/weather_etl_dag.py
[2025-12-27T19:32:50.341+0000] {logging_mixin.py:188} INFO - [2025-12-27T19:32:50.341+0000] {dag.py:3096} INFO - Sync 1 DAGs
[2025-12-27T19:32:50.352+0000] {logging_mixin.py:188} INFO - [2025-12-27T19:32:50.351+0000] {dag.py:3954} INFO - Setting next_dagrun for weather_pipeline to 2025-12-26 00:00:00+00:00, run_after=2025-12-27 00:00:00+00:00
[2025-12-27T19:32:50.358+0000] {processor.py:183} INFO - Processing /opt/airflow/dags/weather_etl_dag.py took 0.055 seconds
[2025-12-27T19:33:20.609+0000] {processor.py:161} INFO - Started process (PID=411) to work on /opt/airflow/dags/weather_etl_dag.py
[2025-12-27T19:33:20.610+0000] {processor.py:830} INFO - Processing file /opt/airflow/dags/weather_etl_dag.py for tasks to queue
[2025-12-27T19:33:20.611+0000] {logging_mixin.py:188} INFO - [2025-12-27T19:33:20.611+0000] {dagbag.py:545} INFO - Filling up the DagBag from /opt/airflow/dags/weather_etl_dag.py
[2025-12-27T19:33:20.621+0000] {processor.py:840} INFO - DAG(s) 'weather_pipeline' retrieved from /opt/airflow/dags/weather_etl_dag.py
[2025-12-27T19:33:20.638+0000] {logging_mixin.py:188} INFO - [2025-12-27T19:33:20.638+0000] {dag.py:3096} INFO - Sync 1 DAGs
[2025-12-27T19:33:20.648+0000] {logging_mixin.py:188} INFO - [2025-12-27T19:33:20.648+0000] {dag.py:3954} INFO - Setting next_dagrun for weather_pipeline to 2025-12-26 00:00:00+00:00, run_after=2025-12-27 00:00:00+00:00
[2025-12-27T19:33:20.655+0000] {processor.py:183} INFO - Processing /opt/airflow/dags/weather_etl_dag.py took 0.051 seconds
[2025-12-27T19:33:50.868+0000] {processor.py:161} INFO - Started process (PID=416) to work on /opt/airflow/dags/weather_etl_dag.py
[2025-12-27T19:33:50.869+0000] {processor.py:830} INFO - Processing file /opt/airflow/dags/weather_etl_dag.py for tasks to queue
[2025-12-27T19:33:50.870+0000] {logging_mixin.py:188} INFO - [2025-12-27T19:33:50.870+0000] {dagbag.py:545} INFO - Filling up the DagBag from /opt/airflow/dags/weather_etl_dag.py
[2025-12-27T19:33:50.875+0000] {processor.py:840} INFO - DAG(s) 'weather_pipeline' retrieved from /opt/airflow/dags/weather_etl_dag.py
[2025-12-27T19:33:50.886+0000] {logging_mixin.py:188} INFO - [2025-12-27T19:33:50.886+0000] {dag.py:3096} INFO - Sync 1 DAGs
[2025-12-27T19:33:50.895+0000] {logging_mixin.py:188} INFO - [2025-12-27T19:33:50.895+0000] {dag.py:3954} INFO - Setting next_dagrun for weather_pipeline to 2025-12-26 00:00:00+00:00, run_after=2025-12-27 00:00:00+00:00
[2025-12-27T19:33:50.904+0000] {processor.py:183} INFO - Processing /opt/airflow/dags/weather_etl_dag.py took 0.039 seconds
[2025-12-27T19:34:21.148+0000] {processor.py:161} INFO - Started process (PID=421) to work on /opt/airflow/dags/weather_etl_dag.py
[2025-12-27T19:34:21.149+0000] {processor.py:830} INFO - Processing file /opt/airflow/dags/weather_etl_dag.py for tasks to queue
[2025-12-27T19:34:21.150+0000] {logging_mixin.py:188} INFO - [2025-12-27T19:34:21.150+0000] {dagbag.py:545} INFO - Filling up the DagBag from /opt/airflow/dags/weather_etl_dag.py
[2025-12-27T19:34:21.161+0000] {processor.py:840} INFO - DAG(s) 'weather_pipeline' retrieved from /opt/airflow/dags/weather_etl_dag.py
[2025-12-27T19:34:21.181+0000] {logging_mixin.py:188} INFO - [2025-12-27T19:34:21.181+0000] {dag.py:3096} INFO - Sync 1 DAGs
[2025-12-27T19:34:21.192+0000] {logging_mixin.py:188} INFO - [2025-12-27T19:34:21.192+0000] {dag.py:3954} INFO - Setting next_dagrun for weather_pipeline to 2025-12-26 00:00:00+00:00, run_after=2025-12-27 00:00:00+00:00
[2025-12-27T19:34:21.200+0000] {processor.py:183} INFO - Processing /opt/airflow/dags/weather_etl_dag.py took 0.058 seconds
[2025-12-27T19:34:51.432+0000] {processor.py:161} INFO - Started process (PID=426) to work on /opt/airflow/dags/weather_etl_dag.py
[2025-12-27T19:34:51.433+0000] {processor.py:830} INFO - Processing file /opt/airflow/dags/weather_etl_dag.py for tasks to queue
[2025-12-27T19:34:51.434+0000] {logging_mixin.py:188} INFO - [2025-12-27T19:34:51.434+0000] {dagbag.py:545} INFO - Filling up the DagBag from /opt/airflow/dags/weather_etl_dag.py
[2025-12-27T19:34:51.444+0000] {processor.py:840} INFO - DAG(s) 'weather_pipeline' retrieved from /opt/airflow/dags/weather_etl_dag.py
[2025-12-27T19:34:51.462+0000] {logging_mixin.py:188} INFO - [2025-12-27T19:34:51.462+0000] {dag.py:3096} INFO - Sync 1 DAGs
[2025-12-27T19:34:51.472+0000] {logging_mixin.py:188} INFO - [2025-12-27T19:34:51.472+0000] {dag.py:3954} INFO - Setting next_dagrun for weather_pipeline to 2025-12-26 00:00:00+00:00, run_after=2025-12-27 00:00:00+00:00
[2025-12-27T19:34:51.479+0000] {processor.py:183} INFO - Processing /opt/airflow/dags/weather_etl_dag.py took 0.052 seconds
[2025-12-27T19:35:21.731+0000] {processor.py:161} INFO - Started process (PID=431) to work on /opt/airflow/dags/weather_etl_dag.py
[2025-12-27T19:35:21.732+0000] {processor.py:830} INFO - Processing file /opt/airflow/dags/weather_etl_dag.py for tasks to queue
[2025-12-27T19:35:21.734+0000] {logging_mixin.py:188} INFO - [2025-12-27T19:35:21.733+0000] {dagbag.py:545} INFO - Filling up the DagBag from /opt/airflow/dags/weather_etl_dag.py
[2025-12-27T19:35:21.743+0000] {processor.py:840} INFO - DAG(s) 'weather_pipeline' retrieved from /opt/airflow/dags/weather_etl_dag.py
[2025-12-27T19:35:21.762+0000] {logging_mixin.py:188} INFO - [2025-12-27T19:35:21.761+0000] {dag.py:3096} INFO - Sync 1 DAGs
[2025-12-27T19:35:21.773+0000] {logging_mixin.py:188} INFO - [2025-12-27T19:35:21.773+0000] {dag.py:3954} INFO - Setting next_dagrun for weather_pipeline to 2025-12-26 00:00:00+00:00, run_after=2025-12-27 00:00:00+00:00
[2025-12-27T19:35:21.779+0000] {processor.py:183} INFO - Processing /opt/airflow/dags/weather_etl_dag.py took 0.054 seconds
[2025-12-27T19:35:52.046+0000] {processor.py:161} INFO - Started process (PID=436) to work on /opt/airflow/dags/weather_etl_dag.py
[2025-12-27T19:35:52.047+0000] {processor.py:830} INFO - Processing file /opt/airflow/dags/weather_etl_dag.py for tasks to queue
[2025-12-27T19:35:52.048+0000] {logging_mixin.py:188} INFO - [2025-12-27T19:35:52.048+0000] {dagbag.py:545} INFO - Filling up the DagBag from /opt/airflow/dags/weather_etl_dag.py
[2025-12-27T19:35:52.057+0000] {processor.py:840} INFO - DAG(s) 'weather_pipeline' retrieved from /opt/airflow/dags/weather_etl_dag.py
[2025-12-27T19:35:52.075+0000] {logging_mixin.py:188} INFO - [2025-12-27T19:35:52.075+0000] {dag.py:3096} INFO - Sync 1 DAGs
[2025-12-27T19:35:52.086+0000] {logging_mixin.py:188} INFO - [2025-12-27T19:35:52.086+0000] {dag.py:3954} INFO - Setting next_dagrun for weather_pipeline to 2025-12-26 00:00:00+00:00, run_after=2025-12-27 00:00:00+00:00
[2025-12-27T19:35:52.093+0000] {processor.py:183} INFO - Processing /opt/airflow/dags/weather_etl_dag.py took 0.052 seconds
[2025-12-27T19:36:22.359+0000] {processor.py:161} INFO - Started process (PID=441) to work on /opt/airflow/dags/weather_etl_dag.py
[2025-12-27T19:36:22.360+0000] {processor.py:830} INFO - Processing file /opt/airflow/dags/weather_etl_dag.py for tasks to queue
[2025-12-27T19:36:22.361+0000] {logging_mixin.py:188} INFO - [2025-12-27T19:36:22.361+0000] {dagbag.py:545} INFO - Filling up the DagBag from /opt/airflow/dags/weather_etl_dag.py
[2025-12-27T19:36:22.370+0000] {processor.py:840} INFO - DAG(s) 'weather_pipeline' retrieved from /opt/airflow/dags/weather_etl_dag.py
[2025-12-27T19:36:22.387+0000] {logging_mixin.py:188} INFO - [2025-12-27T19:36:22.387+0000] {dag.py:3096} INFO - Sync 1 DAGs
[2025-12-27T19:36:22.397+0000] {logging_mixin.py:188} INFO - [2025-12-27T19:36:22.397+0000] {dag.py:3954} INFO - Setting next_dagrun for weather_pipeline to 2025-12-26 00:00:00+00:00, run_after=2025-12-27 00:00:00+00:00
[2025-12-27T19:36:22.404+0000] {processor.py:183} INFO - Processing /opt/airflow/dags/weather_etl_dag.py took 0.050 seconds
[2025-12-27T19:36:52.642+0000] {processor.py:161} INFO - Started process (PID=446) to work on /opt/airflow/dags/weather_etl_dag.py
[2025-12-27T19:36:52.643+0000] {processor.py:830} INFO - Processing file /opt/airflow/dags/weather_etl_dag.py for tasks to queue
[2025-12-27T19:36:52.645+0000] {logging_mixin.py:188} INFO - [2025-12-27T19:36:52.644+0000] {dagbag.py:545} INFO - Filling up the DagBag from /opt/airflow/dags/weather_etl_dag.py
[2025-12-27T19:36:52.654+0000] {processor.py:840} INFO - DAG(s) 'weather_pipeline' retrieved from /opt/airflow/dags/weather_etl_dag.py
[2025-12-27T19:36:52.669+0000] {logging_mixin.py:188} INFO - [2025-12-27T19:36:52.669+0000] {dag.py:3096} INFO - Sync 1 DAGs
[2025-12-27T19:36:52.679+0000] {logging_mixin.py:188} INFO - [2025-12-27T19:36:52.679+0000] {dag.py:3954} INFO - Setting next_dagrun for weather_pipeline to 2025-12-26 00:00:00+00:00, run_after=2025-12-27 00:00:00+00:00
[2025-12-27T19:36:52.685+0000] {processor.py:183} INFO - Processing /opt/airflow/dags/weather_etl_dag.py took 0.048 seconds
[2025-12-27T19:37:22.923+0000] {processor.py:161} INFO - Started process (PID=451) to work on /opt/airflow/dags/weather_etl_dag.py
[2025-12-27T19:37:22.923+0000] {processor.py:830} INFO - Processing file /opt/airflow/dags/weather_etl_dag.py for tasks to queue
[2025-12-27T19:37:22.925+0000] {logging_mixin.py:188} INFO - [2025-12-27T19:37:22.925+0000] {dagbag.py:545} INFO - Filling up the DagBag from /opt/airflow/dags/weather_etl_dag.py
[2025-12-27T19:37:22.934+0000] {processor.py:840} INFO - DAG(s) 'weather_pipeline' retrieved from /opt/airflow/dags/weather_etl_dag.py
[2025-12-27T19:37:22.951+0000] {logging_mixin.py:188} INFO - [2025-12-27T19:37:22.950+0000] {dag.py:3096} INFO - Sync 1 DAGs
[2025-12-27T19:37:22.960+0000] {logging_mixin.py:188} INFO - [2025-12-27T19:37:22.960+0000] {dag.py:3954} INFO - Setting next_dagrun for weather_pipeline to 2025-12-26 00:00:00+00:00, run_after=2025-12-27 00:00:00+00:00
[2025-12-27T19:37:22.967+0000] {processor.py:183} INFO - Processing /opt/airflow/dags/weather_etl_dag.py took 0.049 seconds
[2025-12-27T19:37:53.239+0000] {processor.py:161} INFO - Started process (PID=456) to work on /opt/airflow/dags/weather_etl_dag.py
[2025-12-27T19:37:53.240+0000] {processor.py:830} INFO - Processing file /opt/airflow/dags/weather_etl_dag.py for tasks to queue
[2025-12-27T19:37:53.241+0000] {logging_mixin.py:188} INFO - [2025-12-27T19:37:53.241+0000] {dagbag.py:545} INFO - Filling up the DagBag from /opt/airflow/dags/weather_etl_dag.py
[2025-12-27T19:37:53.251+0000] {processor.py:840} INFO - DAG(s) 'weather_pipeline' retrieved from /opt/airflow/dags/weather_etl_dag.py
[2025-12-27T19:37:53.268+0000] {logging_mixin.py:188} INFO - [2025-12-27T19:37:53.268+0000] {dag.py:3096} INFO - Sync 1 DAGs
[2025-12-27T19:37:53.278+0000] {logging_mixin.py:188} INFO - [2025-12-27T19:37:53.278+0000] {dag.py:3954} INFO - Setting next_dagrun for weather_pipeline to 2025-12-26 00:00:00+00:00, run_after=2025-12-27 00:00:00+00:00
[2025-12-27T19:37:53.284+0000] {processor.py:183} INFO - Processing /opt/airflow/dags/weather_etl_dag.py took 0.051 seconds
[2025-12-27T19:38:23.535+0000] {processor.py:161} INFO - Started process (PID=461) to work on /opt/airflow/dags/weather_etl_dag.py
[2025-12-27T19:38:23.536+0000] {processor.py:830} INFO - Processing file /opt/airflow/dags/weather_etl_dag.py for tasks to queue
[2025-12-27T19:38:23.537+0000] {logging_mixin.py:188} INFO - [2025-12-27T19:38:23.537+0000] {dagbag.py:545} INFO - Filling up the DagBag from /opt/airflow/dags/weather_etl_dag.py
[2025-12-27T19:38:23.546+0000] {processor.py:840} INFO - DAG(s) 'weather_pipeline' retrieved from /opt/airflow/dags/weather_etl_dag.py
[2025-12-27T19:38:23.562+0000] {logging_mixin.py:188} INFO - [2025-12-27T19:38:23.562+0000] {dag.py:3096} INFO - Sync 1 DAGs
[2025-12-27T19:38:23.572+0000] {logging_mixin.py:188} INFO - [2025-12-27T19:38:23.572+0000] {dag.py:3954} INFO - Setting next_dagrun for weather_pipeline to 2025-12-26 00:00:00+00:00, run_after=2025-12-27 00:00:00+00:00
[2025-12-27T19:38:23.579+0000] {processor.py:183} INFO - Processing /opt/airflow/dags/weather_etl_dag.py took 0.049 seconds
[2025-12-27T19:38:53.833+0000] {processor.py:161} INFO - Started process (PID=466) to work on /opt/airflow/dags/weather_etl_dag.py
[2025-12-27T19:38:53.834+0000] {processor.py:830} INFO - Processing file /opt/airflow/dags/weather_etl_dag.py for tasks to queue
[2025-12-27T19:38:53.835+0000] {logging_mixin.py:188} INFO - [2025-12-27T19:38:53.835+0000] {dagbag.py:545} INFO - Filling up the DagBag from /opt/airflow/dags/weather_etl_dag.py
[2025-12-27T19:38:53.845+0000] {processor.py:840} INFO - DAG(s) 'weather_pipeline' retrieved from /opt/airflow/dags/weather_etl_dag.py
[2025-12-27T19:38:53.862+0000] {logging_mixin.py:188} INFO - [2025-12-27T19:38:53.862+0000] {dag.py:3096} INFO - Sync 1 DAGs
[2025-12-27T19:38:53.872+0000] {logging_mixin.py:188} INFO - [2025-12-27T19:38:53.871+0000] {dag.py:3954} INFO - Setting next_dagrun for weather_pipeline to 2025-12-26 00:00:00+00:00, run_after=2025-12-27 00:00:00+00:00
[2025-12-27T19:38:53.878+0000] {processor.py:183} INFO - Processing /opt/airflow/dags/weather_etl_dag.py took 0.050 seconds
[2025-12-27T19:39:24.165+0000] {processor.py:161} INFO - Started process (PID=471) to work on /opt/airflow/dags/weather_etl_dag.py
[2025-12-27T19:39:24.166+0000] {processor.py:830} INFO - Processing file /opt/airflow/dags/weather_etl_dag.py for tasks to queue
[2025-12-27T19:39:24.167+0000] {logging_mixin.py:188} INFO - [2025-12-27T19:39:24.167+0000] {dagbag.py:545} INFO - Filling up the DagBag from /opt/airflow/dags/weather_etl_dag.py
[2025-12-27T19:39:24.177+0000] {processor.py:840} INFO - DAG(s) 'weather_pipeline' retrieved from /opt/airflow/dags/weather_etl_dag.py
[2025-12-27T19:39:24.194+0000] {logging_mixin.py:188} INFO - [2025-12-27T19:39:24.194+0000] {dag.py:3096} INFO - Sync 1 DAGs
[2025-12-27T19:39:24.204+0000] {logging_mixin.py:188} INFO - [2025-12-27T19:39:24.204+0000] {dag.py:3954} INFO - Setting next_dagrun for weather_pipeline to 2025-12-26 00:00:00+00:00, run_after=2025-12-27 00:00:00+00:00
[2025-12-27T19:39:24.210+0000] {processor.py:183} INFO - Processing /opt/airflow/dags/weather_etl_dag.py took 0.050 seconds
[2025-12-27T19:39:54.470+0000] {processor.py:161} INFO - Started process (PID=476) to work on /opt/airflow/dags/weather_etl_dag.py
[2025-12-27T19:39:54.471+0000] {processor.py:830} INFO - Processing file /opt/airflow/dags/weather_etl_dag.py for tasks to queue
[2025-12-27T19:39:54.473+0000] {logging_mixin.py:188} INFO - [2025-12-27T19:39:54.472+0000] {dagbag.py:545} INFO - Filling up the DagBag from /opt/airflow/dags/weather_etl_dag.py
[2025-12-27T19:39:54.482+0000] {processor.py:840} INFO - DAG(s) 'weather_pipeline' retrieved from /opt/airflow/dags/weather_etl_dag.py
[2025-12-27T19:39:54.501+0000] {logging_mixin.py:188} INFO - [2025-12-27T19:39:54.501+0000] {dag.py:3096} INFO - Sync 1 DAGs
[2025-12-27T19:39:54.512+0000] {logging_mixin.py:188} INFO - [2025-12-27T19:39:54.512+0000] {dag.py:3954} INFO - Setting next_dagrun for weather_pipeline to 2025-12-26 00:00:00+00:00, run_after=2025-12-27 00:00:00+00:00
[2025-12-27T19:39:54.519+0000] {processor.py:183} INFO - Processing /opt/airflow/dags/weather_etl_dag.py took 0.054 seconds
[2025-12-27T19:40:24.736+0000] {processor.py:161} INFO - Started process (PID=481) to work on /opt/airflow/dags/weather_etl_dag.py
[2025-12-27T19:40:24.736+0000] {processor.py:830} INFO - Processing file /opt/airflow/dags/weather_etl_dag.py for tasks to queue
[2025-12-27T19:40:24.737+0000] {logging_mixin.py:188} INFO - [2025-12-27T19:40:24.737+0000] {dagbag.py:545} INFO - Filling up the DagBag from /opt/airflow/dags/weather_etl_dag.py
[2025-12-27T19:40:24.744+0000] {processor.py:840} INFO - DAG(s) 'weather_pipeline' retrieved from /opt/airflow/dags/weather_etl_dag.py
[2025-12-27T19:40:24.758+0000] {logging_mixin.py:188} INFO - [2025-12-27T19:40:24.758+0000] {dag.py:3096} INFO - Sync 1 DAGs
[2025-12-27T19:40:24.768+0000] {logging_mixin.py:188} INFO - [2025-12-27T19:40:24.767+0000] {dag.py:3954} INFO - Setting next_dagrun for weather_pipeline to 2025-12-26 00:00:00+00:00, run_after=2025-12-27 00:00:00+00:00
[2025-12-27T19:40:24.775+0000] {processor.py:183} INFO - Processing /opt/airflow/dags/weather_etl_dag.py took 0.042 seconds
[2025-12-27T19:40:55.019+0000] {processor.py:161} INFO - Started process (PID=486) to work on /opt/airflow/dags/weather_etl_dag.py
[2025-12-27T19:40:55.020+0000] {processor.py:830} INFO - Processing file /opt/airflow/dags/weather_etl_dag.py for tasks to queue
[2025-12-27T19:40:55.022+0000] {logging_mixin.py:188} INFO - [2025-12-27T19:40:55.022+0000] {dagbag.py:545} INFO - Filling up the DagBag from /opt/airflow/dags/weather_etl_dag.py
[2025-12-27T19:40:55.031+0000] {processor.py:840} INFO - DAG(s) 'weather_pipeline' retrieved from /opt/airflow/dags/weather_etl_dag.py
[2025-12-27T19:40:55.049+0000] {logging_mixin.py:188} INFO - [2025-12-27T19:40:55.048+0000] {dag.py:3096} INFO - Sync 1 DAGs
[2025-12-27T19:40:55.058+0000] {logging_mixin.py:188} INFO - [2025-12-27T19:40:55.058+0000] {dag.py:3954} INFO - Setting next_dagrun for weather_pipeline to 2025-12-26 00:00:00+00:00, run_after=2025-12-27 00:00:00+00:00
[2025-12-27T19:40:55.064+0000] {processor.py:183} INFO - Processing /opt/airflow/dags/weather_etl_dag.py took 0.050 seconds
[2025-12-27T19:46:40.166+0000] {processor.py:161} INFO - Started process (PID=491) to work on /opt/airflow/dags/weather_etl_dag.py
[2025-12-27T19:46:40.168+0000] {processor.py:830} INFO - Processing file /opt/airflow/dags/weather_etl_dag.py for tasks to queue
[2025-12-27T19:46:40.179+0000] {logging_mixin.py:188} INFO - [2025-12-27T19:46:40.178+0000] {dagbag.py:545} INFO - Filling up the DagBag from /opt/airflow/dags/weather_etl_dag.py
[2025-12-27T19:46:40.188+0000] {processor.py:840} INFO - DAG(s) 'weather_pipeline' retrieved from /opt/airflow/dags/weather_etl_dag.py
[2025-12-27T19:46:40.203+0000] {logging_mixin.py:188} INFO - [2025-12-27T19:46:40.203+0000] {dag.py:3096} INFO - Sync 1 DAGs
[2025-12-27T19:46:40.212+0000] {logging_mixin.py:188} INFO - [2025-12-27T19:46:40.212+0000] {dag.py:3954} INFO - Setting next_dagrun for weather_pipeline to 2025-12-26 00:00:00+00:00, run_after=2025-12-27 00:00:00+00:00
[2025-12-27T19:46:40.219+0000] {processor.py:183} INFO - Processing /opt/airflow/dags/weather_etl_dag.py took 0.058 seconds
[2025-12-27T19:47:10.487+0000] {processor.py:161} INFO - Started process (PID=496) to work on /opt/airflow/dags/weather_etl_dag.py
[2025-12-27T19:47:10.488+0000] {processor.py:830} INFO - Processing file /opt/airflow/dags/weather_etl_dag.py for tasks to queue
[2025-12-27T19:47:10.489+0000] {logging_mixin.py:188} INFO - [2025-12-27T19:47:10.489+0000] {dagbag.py:545} INFO - Filling up the DagBag from /opt/airflow/dags/weather_etl_dag.py
[2025-12-27T19:47:10.499+0000] {processor.py:840} INFO - DAG(s) 'weather_pipeline' retrieved from /opt/airflow/dags/weather_etl_dag.py
[2025-12-27T19:47:10.515+0000] {logging_mixin.py:188} INFO - [2025-12-27T19:47:10.515+0000] {dag.py:3096} INFO - Sync 1 DAGs
[2025-12-27T19:47:10.525+0000] {logging_mixin.py:188} INFO - [2025-12-27T19:47:10.525+0000] {dag.py:3954} INFO - Setting next_dagrun for weather_pipeline to 2025-12-26 00:00:00+00:00, run_after=2025-12-27 00:00:00+00:00
[2025-12-27T19:47:10.533+0000] {processor.py:183} INFO - Processing /opt/airflow/dags/weather_etl_dag.py took 0.052 seconds
[2025-12-27T19:47:40.806+0000] {processor.py:161} INFO - Started process (PID=501) to work on /opt/airflow/dags/weather_etl_dag.py
[2025-12-27T19:47:40.806+0000] {processor.py:830} INFO - Processing file /opt/airflow/dags/weather_etl_dag.py for tasks to queue
[2025-12-27T19:47:40.808+0000] {logging_mixin.py:188} INFO - [2025-12-27T19:47:40.808+0000] {dagbag.py:545} INFO - Filling up the DagBag from /opt/airflow/dags/weather_etl_dag.py
[2025-12-27T19:47:40.817+0000] {processor.py:840} INFO - DAG(s) 'weather_pipeline' retrieved from /opt/airflow/dags/weather_etl_dag.py
[2025-12-27T19:47:40.835+0000] {logging_mixin.py:188} INFO - [2025-12-27T19:47:40.835+0000] {dag.py:3096} INFO - Sync 1 DAGs
[2025-12-27T19:47:40.846+0000] {logging_mixin.py:188} INFO - [2025-12-27T19:47:40.846+0000] {dag.py:3954} INFO - Setting next_dagrun for weather_pipeline to 2025-12-26 00:00:00+00:00, run_after=2025-12-27 00:00:00+00:00
[2025-12-27T19:47:40.853+0000] {processor.py:183} INFO - Processing /opt/airflow/dags/weather_etl_dag.py took 0.053 seconds
[2025-12-27T19:48:11.098+0000] {processor.py:161} INFO - Started process (PID=506) to work on /opt/airflow/dags/weather_etl_dag.py
[2025-12-27T19:48:11.098+0000] {processor.py:830} INFO - Processing file /opt/airflow/dags/weather_etl_dag.py for tasks to queue
[2025-12-27T19:48:11.099+0000] {logging_mixin.py:188} INFO - [2025-12-27T19:48:11.099+0000] {dagbag.py:545} INFO - Filling up the DagBag from /opt/airflow/dags/weather_etl_dag.py
[2025-12-27T19:48:11.106+0000] {processor.py:840} INFO - DAG(s) 'weather_pipeline' retrieved from /opt/airflow/dags/weather_etl_dag.py
[2025-12-27T19:48:11.120+0000] {logging_mixin.py:188} INFO - [2025-12-27T19:48:11.120+0000] {dag.py:3096} INFO - Sync 1 DAGs
[2025-12-27T19:48:11.130+0000] {logging_mixin.py:188} INFO - [2025-12-27T19:48:11.130+0000] {dag.py:3954} INFO - Setting next_dagrun for weather_pipeline to 2025-12-26 00:00:00+00:00, run_after=2025-12-27 00:00:00+00:00
[2025-12-27T19:48:11.137+0000] {processor.py:183} INFO - Processing /opt/airflow/dags/weather_etl_dag.py took 0.043 seconds
[2025-12-27T19:48:41.418+0000] {processor.py:161} INFO - Started process (PID=511) to work on /opt/airflow/dags/weather_etl_dag.py
[2025-12-27T19:48:41.419+0000] {processor.py:830} INFO - Processing file /opt/airflow/dags/weather_etl_dag.py for tasks to queue
[2025-12-27T19:48:41.421+0000] {logging_mixin.py:188} INFO - [2025-12-27T19:48:41.421+0000] {dagbag.py:545} INFO - Filling up the DagBag from /opt/airflow/dags/weather_etl_dag.py
[2025-12-27T19:48:41.430+0000] {processor.py:840} INFO - DAG(s) 'weather_pipeline' retrieved from /opt/airflow/dags/weather_etl_dag.py
[2025-12-27T19:48:41.447+0000] {logging_mixin.py:188} INFO - [2025-12-27T19:48:41.447+0000] {dag.py:3096} INFO - Sync 1 DAGs
[2025-12-27T19:48:41.456+0000] {logging_mixin.py:188} INFO - [2025-12-27T19:48:41.456+0000] {dag.py:3954} INFO - Setting next_dagrun for weather_pipeline to 2025-12-26 00:00:00+00:00, run_after=2025-12-27 00:00:00+00:00
[2025-12-27T19:48:41.463+0000] {processor.py:183} INFO - Processing /opt/airflow/dags/weather_etl_dag.py took 0.050 seconds
[2025-12-27T19:49:11.722+0000] {processor.py:161} INFO - Started process (PID=516) to work on /opt/airflow/dags/weather_etl_dag.py
[2025-12-27T19:49:11.724+0000] {processor.py:830} INFO - Processing file /opt/airflow/dags/weather_etl_dag.py for tasks to queue
[2025-12-27T19:49:11.725+0000] {logging_mixin.py:188} INFO - [2025-12-27T19:49:11.725+0000] {dagbag.py:545} INFO - Filling up the DagBag from /opt/airflow/dags/weather_etl_dag.py
[2025-12-27T19:49:11.735+0000] {processor.py:840} INFO - DAG(s) 'weather_pipeline' retrieved from /opt/airflow/dags/weather_etl_dag.py
[2025-12-27T19:49:11.752+0000] {logging_mixin.py:188} INFO - [2025-12-27T19:49:11.752+0000] {dag.py:3096} INFO - Sync 1 DAGs
[2025-12-27T19:49:11.761+0000] {logging_mixin.py:188} INFO - [2025-12-27T19:49:11.761+0000] {dag.py:3954} INFO - Setting next_dagrun for weather_pipeline to 2025-12-26 00:00:00+00:00, run_after=2025-12-27 00:00:00+00:00
[2025-12-27T19:49:11.769+0000] {processor.py:183} INFO - Processing /opt/airflow/dags/weather_etl_dag.py took 0.052 seconds
[2025-12-27T19:49:42.041+0000] {processor.py:161} INFO - Started process (PID=521) to work on /opt/airflow/dags/weather_etl_dag.py
[2025-12-27T19:49:42.042+0000] {processor.py:830} INFO - Processing file /opt/airflow/dags/weather_etl_dag.py for tasks to queue
[2025-12-27T19:49:42.044+0000] {logging_mixin.py:188} INFO - [2025-12-27T19:49:42.043+0000] {dagbag.py:545} INFO - Filling up the DagBag from /opt/airflow/dags/weather_etl_dag.py
[2025-12-27T19:49:42.052+0000] {processor.py:840} INFO - DAG(s) 'weather_pipeline' retrieved from /opt/airflow/dags/weather_etl_dag.py
[2025-12-27T19:49:42.069+0000] {logging_mixin.py:188} INFO - [2025-12-27T19:49:42.069+0000] {dag.py:3096} INFO - Sync 1 DAGs
[2025-12-27T19:49:42.079+0000] {logging_mixin.py:188} INFO - [2025-12-27T19:49:42.079+0000] {dag.py:3954} INFO - Setting next_dagrun for weather_pipeline to 2025-12-26 00:00:00+00:00, run_after=2025-12-27 00:00:00+00:00
[2025-12-27T19:49:42.085+0000] {processor.py:183} INFO - Processing /opt/airflow/dags/weather_etl_dag.py took 0.049 seconds
[2025-12-27T19:50:12.341+0000] {processor.py:161} INFO - Started process (PID=526) to work on /opt/airflow/dags/weather_etl_dag.py
[2025-12-27T19:50:12.342+0000] {processor.py:830} INFO - Processing file /opt/airflow/dags/weather_etl_dag.py for tasks to queue
[2025-12-27T19:50:12.344+0000] {logging_mixin.py:188} INFO - [2025-12-27T19:50:12.344+0000] {dagbag.py:545} INFO - Filling up the DagBag from /opt/airflow/dags/weather_etl_dag.py
[2025-12-27T19:50:12.353+0000] {processor.py:840} INFO - DAG(s) 'weather_pipeline' retrieved from /opt/airflow/dags/weather_etl_dag.py
[2025-12-27T19:50:12.371+0000] {logging_mixin.py:188} INFO - [2025-12-27T19:50:12.371+0000] {dag.py:3096} INFO - Sync 1 DAGs
[2025-12-27T19:50:12.381+0000] {logging_mixin.py:188} INFO - [2025-12-27T19:50:12.381+0000] {dag.py:3954} INFO - Setting next_dagrun for weather_pipeline to 2025-12-26 00:00:00+00:00, run_after=2025-12-27 00:00:00+00:00
[2025-12-27T19:50:12.388+0000] {processor.py:183} INFO - Processing /opt/airflow/dags/weather_etl_dag.py took 0.053 seconds
[2025-12-27T19:50:42.636+0000] {processor.py:161} INFO - Started process (PID=531) to work on /opt/airflow/dags/weather_etl_dag.py
[2025-12-27T19:50:42.637+0000] {processor.py:830} INFO - Processing file /opt/airflow/dags/weather_etl_dag.py for tasks to queue
[2025-12-27T19:50:42.638+0000] {logging_mixin.py:188} INFO - [2025-12-27T19:50:42.638+0000] {dagbag.py:545} INFO - Filling up the DagBag from /opt/airflow/dags/weather_etl_dag.py
[2025-12-27T19:50:42.647+0000] {processor.py:840} INFO - DAG(s) 'weather_pipeline' retrieved from /opt/airflow/dags/weather_etl_dag.py
[2025-12-27T19:50:42.664+0000] {logging_mixin.py:188} INFO - [2025-12-27T19:50:42.664+0000] {dag.py:3096} INFO - Sync 1 DAGs
[2025-12-27T19:50:42.674+0000] {logging_mixin.py:188} INFO - [2025-12-27T19:50:42.674+0000] {dag.py:3954} INFO - Setting next_dagrun for weather_pipeline to 2025-12-26 00:00:00+00:00, run_after=2025-12-27 00:00:00+00:00
[2025-12-27T19:50:42.681+0000] {processor.py:183} INFO - Processing /opt/airflow/dags/weather_etl_dag.py took 0.050 seconds
[2025-12-27T19:51:12.904+0000] {processor.py:161} INFO - Started process (PID=536) to work on /opt/airflow/dags/weather_etl_dag.py
[2025-12-27T19:51:12.904+0000] {processor.py:830} INFO - Processing file /opt/airflow/dags/weather_etl_dag.py for tasks to queue
[2025-12-27T19:51:12.905+0000] {logging_mixin.py:188} INFO - [2025-12-27T19:51:12.905+0000] {dagbag.py:545} INFO - Filling up the DagBag from /opt/airflow/dags/weather_etl_dag.py
[2025-12-27T19:51:12.910+0000] {processor.py:840} INFO - DAG(s) 'weather_pipeline' retrieved from /opt/airflow/dags/weather_etl_dag.py
[2025-12-27T19:51:12.921+0000] {logging_mixin.py:188} INFO - [2025-12-27T19:51:12.921+0000] {dag.py:3096} INFO - Sync 1 DAGs
[2025-12-27T19:51:12.930+0000] {logging_mixin.py:188} INFO - [2025-12-27T19:51:12.930+0000] {dag.py:3954} INFO - Setting next_dagrun for weather_pipeline to 2025-12-26 00:00:00+00:00, run_after=2025-12-27 00:00:00+00:00
[2025-12-27T19:51:12.936+0000] {processor.py:183} INFO - Processing /opt/airflow/dags/weather_etl_dag.py took 0.036 seconds
[2025-12-27T19:51:43.219+0000] {processor.py:161} INFO - Started process (PID=541) to work on /opt/airflow/dags/weather_etl_dag.py
[2025-12-27T19:51:43.220+0000] {processor.py:830} INFO - Processing file /opt/airflow/dags/weather_etl_dag.py for tasks to queue
[2025-12-27T19:51:43.222+0000] {logging_mixin.py:188} INFO - [2025-12-27T19:51:43.222+0000] {dagbag.py:545} INFO - Filling up the DagBag from /opt/airflow/dags/weather_etl_dag.py
[2025-12-27T19:51:43.230+0000] {processor.py:840} INFO - DAG(s) 'weather_pipeline' retrieved from /opt/airflow/dags/weather_etl_dag.py
[2025-12-27T19:51:43.245+0000] {logging_mixin.py:188} INFO - [2025-12-27T19:51:43.245+0000] {dag.py:3096} INFO - Sync 1 DAGs
[2025-12-27T19:51:43.254+0000] {logging_mixin.py:188} INFO - [2025-12-27T19:51:43.254+0000] {dag.py:3954} INFO - Setting next_dagrun for weather_pipeline to 2025-12-26 00:00:00+00:00, run_after=2025-12-27 00:00:00+00:00
[2025-12-27T19:51:43.261+0000] {processor.py:183} INFO - Processing /opt/airflow/dags/weather_etl_dag.py took 0.046 seconds
[2025-12-27T19:52:13.530+0000] {processor.py:161} INFO - Started process (PID=546) to work on /opt/airflow/dags/weather_etl_dag.py
[2025-12-27T19:52:13.531+0000] {processor.py:830} INFO - Processing file /opt/airflow/dags/weather_etl_dag.py for tasks to queue
[2025-12-27T19:52:13.532+0000] {logging_mixin.py:188} INFO - [2025-12-27T19:52:13.532+0000] {dagbag.py:545} INFO - Filling up the DagBag from /opt/airflow/dags/weather_etl_dag.py
[2025-12-27T19:52:13.541+0000] {processor.py:840} INFO - DAG(s) 'weather_pipeline' retrieved from /opt/airflow/dags/weather_etl_dag.py
[2025-12-27T19:52:13.559+0000] {logging_mixin.py:188} INFO - [2025-12-27T19:52:13.559+0000] {dag.py:3096} INFO - Sync 1 DAGs
[2025-12-27T19:52:13.570+0000] {logging_mixin.py:188} INFO - [2025-12-27T19:52:13.570+0000] {dag.py:3954} INFO - Setting next_dagrun for weather_pipeline to 2025-12-26 00:00:00+00:00, run_after=2025-12-27 00:00:00+00:00
[2025-12-27T19:52:13.577+0000] {processor.py:183} INFO - Processing /opt/airflow/dags/weather_etl_dag.py took 0.053 seconds
[2025-12-27T19:52:43.858+0000] {processor.py:161} INFO - Started process (PID=551) to work on /opt/airflow/dags/weather_etl_dag.py
[2025-12-27T19:52:43.859+0000] {processor.py:830} INFO - Processing file /opt/airflow/dags/weather_etl_dag.py for tasks to queue
[2025-12-27T19:52:43.861+0000] {logging_mixin.py:188} INFO - [2025-12-27T19:52:43.860+0000] {dagbag.py:545} INFO - Filling up the DagBag from /opt/airflow/dags/weather_etl_dag.py
[2025-12-27T19:52:43.870+0000] {processor.py:840} INFO - DAG(s) 'weather_pipeline' retrieved from /opt/airflow/dags/weather_etl_dag.py
[2025-12-27T19:52:43.888+0000] {logging_mixin.py:188} INFO - [2025-12-27T19:52:43.888+0000] {dag.py:3096} INFO - Sync 1 DAGs
[2025-12-27T19:52:43.898+0000] {logging_mixin.py:188} INFO - [2025-12-27T19:52:43.898+0000] {dag.py:3954} INFO - Setting next_dagrun for weather_pipeline to 2025-12-26 00:00:00+00:00, run_after=2025-12-27 00:00:00+00:00
[2025-12-27T19:52:43.905+0000] {processor.py:183} INFO - Processing /opt/airflow/dags/weather_etl_dag.py took 0.053 seconds
[2025-12-27T19:53:14.122+0000] {processor.py:161} INFO - Started process (PID=556) to work on /opt/airflow/dags/weather_etl_dag.py
[2025-12-27T19:53:14.122+0000] {processor.py:830} INFO - Processing file /opt/airflow/dags/weather_etl_dag.py for tasks to queue
[2025-12-27T19:53:14.124+0000] {logging_mixin.py:188} INFO - [2025-12-27T19:53:14.124+0000] {dagbag.py:545} INFO - Filling up the DagBag from /opt/airflow/dags/weather_etl_dag.py
[2025-12-27T19:53:14.129+0000] {processor.py:840} INFO - DAG(s) 'weather_pipeline' retrieved from /opt/airflow/dags/weather_etl_dag.py
[2025-12-27T19:53:14.139+0000] {logging_mixin.py:188} INFO - [2025-12-27T19:53:14.139+0000] {dag.py:3096} INFO - Sync 1 DAGs
[2025-12-27T19:53:14.148+0000] {logging_mixin.py:188} INFO - [2025-12-27T19:53:14.148+0000] {dag.py:3954} INFO - Setting next_dagrun for weather_pipeline to 2025-12-26 00:00:00+00:00, run_after=2025-12-27 00:00:00+00:00
[2025-12-27T19:53:14.155+0000] {processor.py:183} INFO - Processing /opt/airflow/dags/weather_etl_dag.py took 0.037 seconds
[2025-12-27T19:53:44.424+0000] {processor.py:161} INFO - Started process (PID=561) to work on /opt/airflow/dags/weather_etl_dag.py
[2025-12-27T19:53:44.424+0000] {processor.py:830} INFO - Processing file /opt/airflow/dags/weather_etl_dag.py for tasks to queue
[2025-12-27T19:53:44.426+0000] {logging_mixin.py:188} INFO - [2025-12-27T19:53:44.426+0000] {dagbag.py:545} INFO - Filling up the DagBag from /opt/airflow/dags/weather_etl_dag.py
[2025-12-27T19:53:44.435+0000] {processor.py:840} INFO - DAG(s) 'weather_pipeline' retrieved from /opt/airflow/dags/weather_etl_dag.py
[2025-12-27T19:53:44.453+0000] {logging_mixin.py:188} INFO - [2025-12-27T19:53:44.453+0000] {dag.py:3096} INFO - Sync 1 DAGs
[2025-12-27T19:53:44.463+0000] {logging_mixin.py:188} INFO - [2025-12-27T19:53:44.463+0000] {dag.py:3954} INFO - Setting next_dagrun for weather_pipeline to 2025-12-26 00:00:00+00:00, run_after=2025-12-27 00:00:00+00:00
[2025-12-27T19:53:44.470+0000] {processor.py:183} INFO - Processing /opt/airflow/dags/weather_etl_dag.py took 0.052 seconds
[2025-12-27T19:54:14.690+0000] {processor.py:161} INFO - Started process (PID=566) to work on /opt/airflow/dags/weather_etl_dag.py
[2025-12-27T19:54:14.691+0000] {processor.py:830} INFO - Processing file /opt/airflow/dags/weather_etl_dag.py for tasks to queue
[2025-12-27T19:54:14.692+0000] {logging_mixin.py:188} INFO - [2025-12-27T19:54:14.692+0000] {dagbag.py:545} INFO - Filling up the DagBag from /opt/airflow/dags/weather_etl_dag.py
[2025-12-27T19:54:14.701+0000] {processor.py:840} INFO - DAG(s) 'weather_pipeline' retrieved from /opt/airflow/dags/weather_etl_dag.py
[2025-12-27T19:54:14.714+0000] {logging_mixin.py:188} INFO - [2025-12-27T19:54:14.714+0000] {dag.py:3096} INFO - Sync 1 DAGs
[2025-12-27T19:54:14.723+0000] {logging_mixin.py:188} INFO - [2025-12-27T19:54:14.723+0000] {dag.py:3954} INFO - Setting next_dagrun for weather_pipeline to 2025-12-26 00:00:00+00:00, run_after=2025-12-27 00:00:00+00:00
[2025-12-27T19:54:14.730+0000] {processor.py:183} INFO - Processing /opt/airflow/dags/weather_etl_dag.py took 0.044 seconds
[2025-12-27T19:54:44.979+0000] {processor.py:161} INFO - Started process (PID=571) to work on /opt/airflow/dags/weather_etl_dag.py
[2025-12-27T19:54:44.979+0000] {processor.py:830} INFO - Processing file /opt/airflow/dags/weather_etl_dag.py for tasks to queue
[2025-12-27T19:54:44.980+0000] {logging_mixin.py:188} INFO - [2025-12-27T19:54:44.980+0000] {dagbag.py:545} INFO - Filling up the DagBag from /opt/airflow/dags/weather_etl_dag.py
[2025-12-27T19:54:44.984+0000] {processor.py:840} INFO - DAG(s) 'weather_pipeline' retrieved from /opt/airflow/dags/weather_etl_dag.py
[2025-12-27T19:54:44.995+0000] {logging_mixin.py:188} INFO - [2025-12-27T19:54:44.995+0000] {dag.py:3096} INFO - Sync 1 DAGs
[2025-12-27T19:54:45.003+0000] {logging_mixin.py:188} INFO - [2025-12-27T19:54:45.003+0000] {dag.py:3954} INFO - Setting next_dagrun for weather_pipeline to 2025-12-26 00:00:00+00:00, run_after=2025-12-27 00:00:00+00:00
[2025-12-27T19:54:45.009+0000] {processor.py:183} INFO - Processing /opt/airflow/dags/weather_etl_dag.py took 0.034 seconds
[2025-12-27T19:55:15.239+0000] {processor.py:161} INFO - Started process (PID=576) to work on /opt/airflow/dags/weather_etl_dag.py
[2025-12-27T19:55:15.240+0000] {processor.py:830} INFO - Processing file /opt/airflow/dags/weather_etl_dag.py for tasks to queue
[2025-12-27T19:55:15.241+0000] {logging_mixin.py:188} INFO - [2025-12-27T19:55:15.241+0000] {dagbag.py:545} INFO - Filling up the DagBag from /opt/airflow/dags/weather_etl_dag.py
[2025-12-27T19:55:15.250+0000] {processor.py:840} INFO - DAG(s) 'weather_pipeline' retrieved from /opt/airflow/dags/weather_etl_dag.py
[2025-12-27T19:55:15.265+0000] {logging_mixin.py:188} INFO - [2025-12-27T19:55:15.265+0000] {dag.py:3096} INFO - Sync 1 DAGs
[2025-12-27T19:55:15.275+0000] {logging_mixin.py:188} INFO - [2025-12-27T19:55:15.274+0000] {dag.py:3954} INFO - Setting next_dagrun for weather_pipeline to 2025-12-26 00:00:00+00:00, run_after=2025-12-27 00:00:00+00:00
[2025-12-27T19:55:15.281+0000] {processor.py:183} INFO - Processing /opt/airflow/dags/weather_etl_dag.py took 0.046 seconds
[2025-12-27T19:55:45.489+0000] {processor.py:161} INFO - Started process (PID=581) to work on /opt/airflow/dags/weather_etl_dag.py
[2025-12-27T19:55:45.489+0000] {processor.py:830} INFO - Processing file /opt/airflow/dags/weather_etl_dag.py for tasks to queue
[2025-12-27T19:55:45.490+0000] {logging_mixin.py:188} INFO - [2025-12-27T19:55:45.490+0000] {dagbag.py:545} INFO - Filling up the DagBag from /opt/airflow/dags/weather_etl_dag.py
[2025-12-27T19:55:45.495+0000] {processor.py:840} INFO - DAG(s) 'weather_pipeline' retrieved from /opt/airflow/dags/weather_etl_dag.py
[2025-12-27T19:55:45.505+0000] {logging_mixin.py:188} INFO - [2025-12-27T19:55:45.505+0000] {dag.py:3096} INFO - Sync 1 DAGs
[2025-12-27T19:55:45.513+0000] {logging_mixin.py:188} INFO - [2025-12-27T19:55:45.513+0000] {dag.py:3954} INFO - Setting next_dagrun for weather_pipeline to 2025-12-26 00:00:00+00:00, run_after=2025-12-27 00:00:00+00:00
[2025-12-27T19:55:45.520+0000] {processor.py:183} INFO - Processing /opt/airflow/dags/weather_etl_dag.py took 0.033 seconds
[2025-12-27T19:56:15.721+0000] {processor.py:161} INFO - Started process (PID=586) to work on /opt/airflow/dags/weather_etl_dag.py
[2025-12-27T19:56:15.722+0000] {processor.py:830} INFO - Processing file /opt/airflow/dags/weather_etl_dag.py for tasks to queue
[2025-12-27T19:56:15.724+0000] {logging_mixin.py:188} INFO - [2025-12-27T19:56:15.723+0000] {dagbag.py:545} INFO - Filling up the DagBag from /opt/airflow/dags/weather_etl_dag.py
[2025-12-27T19:56:15.733+0000] {processor.py:840} INFO - DAG(s) 'weather_pipeline' retrieved from /opt/airflow/dags/weather_etl_dag.py
[2025-12-27T19:56:15.750+0000] {logging_mixin.py:188} INFO - [2025-12-27T19:56:15.750+0000] {dag.py:3096} INFO - Sync 1 DAGs
[2025-12-27T19:56:15.760+0000] {logging_mixin.py:188} INFO - [2025-12-27T19:56:15.760+0000] {dag.py:3954} INFO - Setting next_dagrun for weather_pipeline to 2025-12-26 00:00:00+00:00, run_after=2025-12-27 00:00:00+00:00
[2025-12-27T19:56:15.767+0000] {processor.py:183} INFO - Processing /opt/airflow/dags/weather_etl_dag.py took 0.052 seconds
[2025-12-27T19:56:46.047+0000] {processor.py:161} INFO - Started process (PID=591) to work on /opt/airflow/dags/weather_etl_dag.py
[2025-12-27T19:56:46.048+0000] {processor.py:830} INFO - Processing file /opt/airflow/dags/weather_etl_dag.py for tasks to queue
[2025-12-27T19:56:46.050+0000] {logging_mixin.py:188} INFO - [2025-12-27T19:56:46.050+0000] {dagbag.py:545} INFO - Filling up the DagBag from /opt/airflow/dags/weather_etl_dag.py
[2025-12-27T19:56:46.060+0000] {processor.py:840} INFO - DAG(s) 'weather_pipeline' retrieved from /opt/airflow/dags/weather_etl_dag.py
[2025-12-27T19:56:46.077+0000] {logging_mixin.py:188} INFO - [2025-12-27T19:56:46.077+0000] {dag.py:3096} INFO - Sync 1 DAGs
[2025-12-27T19:56:46.089+0000] {logging_mixin.py:188} INFO - [2025-12-27T19:56:46.088+0000] {dag.py:3954} INFO - Setting next_dagrun for weather_pipeline to 2025-12-26 00:00:00+00:00, run_after=2025-12-27 00:00:00+00:00
[2025-12-27T19:56:46.095+0000] {processor.py:183} INFO - Processing /opt/airflow/dags/weather_etl_dag.py took 0.053 seconds
[2025-12-27T19:57:16.326+0000] {processor.py:161} INFO - Started process (PID=596) to work on /opt/airflow/dags/weather_etl_dag.py
[2025-12-27T19:57:16.327+0000] {processor.py:830} INFO - Processing file /opt/airflow/dags/weather_etl_dag.py for tasks to queue
[2025-12-27T19:57:16.329+0000] {logging_mixin.py:188} INFO - [2025-12-27T19:57:16.329+0000] {dagbag.py:545} INFO - Filling up the DagBag from /opt/airflow/dags/weather_etl_dag.py
[2025-12-27T19:57:16.339+0000] {processor.py:840} INFO - DAG(s) 'weather_pipeline' retrieved from /opt/airflow/dags/weather_etl_dag.py
[2025-12-27T19:57:16.356+0000] {logging_mixin.py:188} INFO - [2025-12-27T19:57:16.356+0000] {dag.py:3096} INFO - Sync 1 DAGs
[2025-12-27T19:57:16.367+0000] {logging_mixin.py:188} INFO - [2025-12-27T19:57:16.367+0000] {dag.py:3954} INFO - Setting next_dagrun for weather_pipeline to 2025-12-26 00:00:00+00:00, run_after=2025-12-27 00:00:00+00:00
[2025-12-27T19:57:16.374+0000] {processor.py:183} INFO - Processing /opt/airflow/dags/weather_etl_dag.py took 0.053 seconds
[2025-12-27T19:57:46.633+0000] {processor.py:161} INFO - Started process (PID=601) to work on /opt/airflow/dags/weather_etl_dag.py
[2025-12-27T19:57:46.633+0000] {processor.py:830} INFO - Processing file /opt/airflow/dags/weather_etl_dag.py for tasks to queue
[2025-12-27T19:57:46.636+0000] {logging_mixin.py:188} INFO - [2025-12-27T19:57:46.635+0000] {dagbag.py:545} INFO - Filling up the DagBag from /opt/airflow/dags/weather_etl_dag.py
[2025-12-27T19:57:46.645+0000] {processor.py:840} INFO - DAG(s) 'weather_pipeline' retrieved from /opt/airflow/dags/weather_etl_dag.py
[2025-12-27T19:57:46.662+0000] {logging_mixin.py:188} INFO - [2025-12-27T19:57:46.662+0000] {dag.py:3096} INFO - Sync 1 DAGs
[2025-12-27T19:57:46.673+0000] {logging_mixin.py:188} INFO - [2025-12-27T19:57:46.672+0000] {dag.py:3954} INFO - Setting next_dagrun for weather_pipeline to 2025-12-26 00:00:00+00:00, run_after=2025-12-27 00:00:00+00:00
[2025-12-27T19:57:46.679+0000] {processor.py:183} INFO - Processing /opt/airflow/dags/weather_etl_dag.py took 0.052 seconds
[2025-12-27T19:58:16.931+0000] {processor.py:161} INFO - Started process (PID=606) to work on /opt/airflow/dags/weather_etl_dag.py
[2025-12-27T19:58:16.932+0000] {processor.py:830} INFO - Processing file /opt/airflow/dags/weather_etl_dag.py for tasks to queue
[2025-12-27T19:58:16.934+0000] {logging_mixin.py:188} INFO - [2025-12-27T19:58:16.934+0000] {dagbag.py:545} INFO - Filling up the DagBag from /opt/airflow/dags/weather_etl_dag.py
[2025-12-27T19:58:16.943+0000] {processor.py:840} INFO - DAG(s) 'weather_pipeline' retrieved from /opt/airflow/dags/weather_etl_dag.py
[2025-12-27T19:58:16.960+0000] {logging_mixin.py:188} INFO - [2025-12-27T19:58:16.960+0000] {dag.py:3096} INFO - Sync 1 DAGs
[2025-12-27T19:58:16.971+0000] {logging_mixin.py:188} INFO - [2025-12-27T19:58:16.971+0000] {dag.py:3954} INFO - Setting next_dagrun for weather_pipeline to 2025-12-26 00:00:00+00:00, run_after=2025-12-27 00:00:00+00:00
[2025-12-27T19:58:16.978+0000] {processor.py:183} INFO - Processing /opt/airflow/dags/weather_etl_dag.py took 0.052 seconds
[2025-12-27T19:58:47.225+0000] {processor.py:161} INFO - Started process (PID=611) to work on /opt/airflow/dags/weather_etl_dag.py
[2025-12-27T19:58:47.225+0000] {processor.py:830} INFO - Processing file /opt/airflow/dags/weather_etl_dag.py for tasks to queue
[2025-12-27T19:58:47.227+0000] {logging_mixin.py:188} INFO - [2025-12-27T19:58:47.227+0000] {dagbag.py:545} INFO - Filling up the DagBag from /opt/airflow/dags/weather_etl_dag.py
[2025-12-27T19:58:47.237+0000] {processor.py:840} INFO - DAG(s) 'weather_pipeline' retrieved from /opt/airflow/dags/weather_etl_dag.py
[2025-12-27T19:58:47.254+0000] {logging_mixin.py:188} INFO - [2025-12-27T19:58:47.254+0000] {dag.py:3096} INFO - Sync 1 DAGs
[2025-12-27T19:58:47.265+0000] {logging_mixin.py:188} INFO - [2025-12-27T19:58:47.265+0000] {dag.py:3954} INFO - Setting next_dagrun for weather_pipeline to 2025-12-26 00:00:00+00:00, run_after=2025-12-27 00:00:00+00:00
[2025-12-27T19:58:47.272+0000] {processor.py:183} INFO - Processing /opt/airflow/dags/weather_etl_dag.py took 0.052 seconds
[2025-12-27T19:59:17.518+0000] {processor.py:161} INFO - Started process (PID=616) to work on /opt/airflow/dags/weather_etl_dag.py
[2025-12-27T19:59:17.519+0000] {processor.py:830} INFO - Processing file /opt/airflow/dags/weather_etl_dag.py for tasks to queue
[2025-12-27T19:59:17.520+0000] {logging_mixin.py:188} INFO - [2025-12-27T19:59:17.520+0000] {dagbag.py:545} INFO - Filling up the DagBag from /opt/airflow/dags/weather_etl_dag.py
[2025-12-27T19:59:17.530+0000] {processor.py:840} INFO - DAG(s) 'weather_pipeline' retrieved from /opt/airflow/dags/weather_etl_dag.py
[2025-12-27T19:59:17.547+0000] {logging_mixin.py:188} INFO - [2025-12-27T19:59:17.547+0000] {dag.py:3096} INFO - Sync 1 DAGs
[2025-12-27T19:59:17.557+0000] {logging_mixin.py:188} INFO - [2025-12-27T19:59:17.557+0000] {dag.py:3954} INFO - Setting next_dagrun for weather_pipeline to 2025-12-26 00:00:00+00:00, run_after=2025-12-27 00:00:00+00:00
[2025-12-27T19:59:17.564+0000] {processor.py:183} INFO - Processing /opt/airflow/dags/weather_etl_dag.py took 0.052 seconds
