[2025-12-29T01:26:26.314+0000] {local_task_job_runner.py:120} INFO - ::group::Pre task execution logs
[2025-12-29T01:26:26.327+0000] {taskinstance.py:2076} INFO - Dependencies all met for dep_context=non-requeueable deps ti=<TaskInstance: weather_etl_pipeline.load_fact_weather manual__2025-12-29T01:26:17.061855+00:00 [queued]>
[2025-12-29T01:26:26.330+0000] {taskinstance.py:2076} INFO - Dependencies all met for dep_context=requeueable deps ti=<TaskInstance: weather_etl_pipeline.load_fact_weather manual__2025-12-29T01:26:17.061855+00:00 [queued]>
[2025-12-29T01:26:26.331+0000] {taskinstance.py:2306} INFO - Starting attempt 1 of 4
[2025-12-29T01:26:26.334+0000] {taskinstance.py:2330} INFO - Executing <Task(PostgresOperator): load_fact_weather> on 2025-12-29 01:26:17.061855+00:00
[2025-12-29T01:26:26.337+0000] {standard_task_runner.py:90} INFO - Running: ['***', 'tasks', 'run', 'weather_etl_pipeline', 'load_fact_weather', 'manual__2025-12-29T01:26:17.061855+00:00', '--job-id', '71', '--raw', '--subdir', 'DAGS_FOLDER/weather_etl_dag.py', '--cfg-path', '/tmp/tmph5crnqek']
[2025-12-29T01:26:26.337+0000] {logging_mixin.py:188} WARNING - /home/***/.local/lib/python3.12/site-packages/***/task/task_runner/standard_task_runner.py:61 DeprecationWarning: This process (pid=188) is multi-threaded, use of fork() may lead to deadlocks in the child.
[2025-12-29T01:26:26.338+0000] {standard_task_runner.py:91} INFO - Job 71: Subtask load_fact_weather
[2025-12-29T01:26:26.338+0000] {standard_task_runner.py:63} INFO - Started process 189 to run task
[2025-12-29T01:26:26.354+0000] {task_command.py:426} INFO - Running <TaskInstance: weather_etl_pipeline.load_fact_weather manual__2025-12-29T01:26:17.061855+00:00 [running]> on host ebef5e238a54
[2025-12-29T01:26:26.381+0000] {taskinstance.py:2648} INFO - Exporting env vars: AIRFLOW_CTX_DAG_OWNER='***' AIRFLOW_CTX_DAG_ID='weather_etl_pipeline' AIRFLOW_CTX_TASK_ID='load_fact_weather' AIRFLOW_CTX_EXECUTION_DATE='2025-12-29T01:26:17.061855+00:00' AIRFLOW_CTX_TRY_NUMBER='1' AIRFLOW_CTX_DAG_RUN_ID='manual__2025-12-29T01:26:17.061855+00:00'
[2025-12-29T01:26:26.381+0000] {taskinstance.py:430} INFO - ::endgroup::
[2025-12-29T01:26:26.386+0000] {sql.py:276} INFO - Executing: INSERT INTO fact_weather (
    city_id,
    datetime_id,

    temperature,
    feels_like,
    temp_min,
    temp_max,

    pressure,
    humidity,
    visibility,

    wind_speed,
    wind_deg,
    wind_gust,

    cloud_coverage,

    weather_id,
    weather_main,
    weather_description
)
SELECT
    sw.city_id,
    (sw.weather_json->>'dt')::BIGINT AS datetime_id,

    (sw.weather_json->'main'->>'temp')::DOUBLE PRECISION,
    (sw.weather_json->'main'->>'feels_like')::DOUBLE PRECISION,
    (sw.weather_json->'main'->>'temp_min')::DOUBLE PRECISION,
    (sw.weather_json->'main'->>'temp_max')::DOUBLE PRECISION,

    (sw.weather_json->'main'->>'pressure')::INT,
    (sw.weather_json->'main'->>'humidity')::INT,
    (sw.weather_json->>'visibility')::INT,

    (sw.weather_json->'wind'->>'speed')::DOUBLE PRECISION,
    (sw.weather_json->'wind'->>'deg')::INT,
    (sw.weather_json->'wind'->>'gust')::DOUBLE PRECISION,

    (sw.weather_json->'clouds'->>'all')::INT,

    (sw.weather_json->'weather'->0->>'id')::INT,
    sw.weather_json->'weather'->0->>'main',
    sw.weather_json->'weather'->0->>'description'
FROM staging_weather sw
ON CONFLICT (city_id, datetime_id) DO NOTHING;
[2025-12-29T01:26:26.389+0000] {base.py:84} INFO - Using connection ID 'weather' for task execution.
[2025-12-29T01:26:26.392+0000] {base.py:84} INFO - Using connection ID 'weather' for task execution.
[2025-12-29T01:26:26.394+0000] {sql.py:470} INFO - Running statement: INSERT INTO fact_weather (
    city_id,
    datetime_id,

    temperature,
    feels_like,
    temp_min,
    temp_max,

    pressure,
    humidity,
    visibility,

    wind_speed,
    wind_deg,
    wind_gust,

    cloud_coverage,

    weather_id,
    weather_main,
    weather_description
)
SELECT
    sw.city_id,
    (sw.weather_json->>'dt')::BIGINT AS datetime_id,

    (sw.weather_json->'main'->>'temp')::DOUBLE PRECISION,
    (sw.weather_json->'main'->>'feels_like')::DOUBLE PRECISION,
    (sw.weather_json->'main'->>'temp_min')::DOUBLE PRECISION,
    (sw.weather_json->'main'->>'temp_max')::DOUBLE PRECISION,

    (sw.weather_json->'main'->>'pressure')::INT,
    (sw.weather_json->'main'->>'humidity')::INT,
    (sw.weather_json->>'visibility')::INT,

    (sw.weather_json->'wind'->>'speed')::DOUBLE PRECISION,
    (sw.weather_json->'wind'->>'deg')::INT,
    (sw.weather_json->'wind'->>'gust')::DOUBLE PRECISION,

    (sw.weather_json->'clouds'->>'all')::INT,

    (sw.weather_json->'weather'->0->>'id')::INT,
    sw.weather_json->'weather'->0->>'main',
    sw.weather_json->'weather'->0->>'description'
FROM staging_weather sw
ON CONFLICT (city_id, datetime_id) DO NOTHING;, parameters: None
[2025-12-29T01:26:26.395+0000] {sql.py:479} INFO - Rows affected: 0
[2025-12-29T01:26:26.395+0000] {taskinstance.py:441} INFO - ::group::Post task execution logs
[2025-12-29T01:26:26.399+0000] {taskinstance.py:1206} INFO - Marking task as SUCCESS. dag_id=weather_etl_pipeline, task_id=load_fact_weather, run_id=manual__2025-12-29T01:26:17.061855+00:00, execution_date=20251229T012617, start_date=20251229T012626, end_date=20251229T012626
[2025-12-29T01:26:26.436+0000] {local_task_job_runner.py:240} INFO - Task exited with return code 0
[2025-12-29T01:26:26.441+0000] {logging_mixin.py:188} WARNING - /home/***/.local/lib/python3.12/site-packages/***/models/baseoperator.py:1296 AirflowProviderDeprecationWarning: Call to deprecated class PostgresOperator. (Please use `***.providers.common.sql.operators.sql.SQLExecuteQueryOperator`.Also, you can provide `hook_params={'schema': <database>}`.)
[2025-12-29T01:26:26.446+0000] {taskinstance.py:3498} INFO - 1 downstream tasks scheduled from follow-on schedule check
[2025-12-29T01:26:26.446+0000] {local_task_job_runner.py:222} INFO - ::endgroup::
