[2025-12-29T01:21:57.039+0000] {local_task_job_runner.py:120} INFO - ::group::Pre task execution logs
[2025-12-29T01:21:57.051+0000] {taskinstance.py:2076} INFO - Dependencies all met for dep_context=non-requeueable deps ti=<TaskInstance: weather_etl_pipeline.load_historical_data manual__2025-12-29T01:21:52.771325+00:00 [queued]>
[2025-12-29T01:21:57.053+0000] {taskinstance.py:2076} INFO - Dependencies all met for dep_context=requeueable deps ti=<TaskInstance: weather_etl_pipeline.load_historical_data manual__2025-12-29T01:21:52.771325+00:00 [queued]>
[2025-12-29T01:21:57.053+0000] {taskinstance.py:2306} INFO - Starting attempt 1 of 4
[2025-12-29T01:21:57.056+0000] {taskinstance.py:2330} INFO - Executing <Task(PythonOperator): load_historical_data> on 2025-12-29 01:21:52.771325+00:00
[2025-12-29T01:21:57.059+0000] {logging_mixin.py:188} WARNING - /home/***/.local/lib/python3.12/site-packages/***/task/task_runner/standard_task_runner.py:61 DeprecationWarning: This process (pid=188) is multi-threaded, use of fork() may lead to deadlocks in the child.
[2025-12-29T01:21:57.059+0000] {standard_task_runner.py:90} INFO - Running: ['***', 'tasks', 'run', 'weather_etl_pipeline', 'load_historical_data', 'manual__2025-12-29T01:21:52.771325+00:00', '--job-id', '61', '--raw', '--subdir', 'DAGS_FOLDER/weather_etl_dag.py', '--cfg-path', '/tmp/tmpkjvi72gj']
[2025-12-29T01:21:57.060+0000] {standard_task_runner.py:63} INFO - Started process 189 to run task
[2025-12-29T01:21:57.060+0000] {standard_task_runner.py:91} INFO - Job 61: Subtask load_historical_data
[2025-12-29T01:21:57.076+0000] {task_command.py:426} INFO - Running <TaskInstance: weather_etl_pipeline.load_historical_data manual__2025-12-29T01:21:52.771325+00:00 [running]> on host f59bdb88f7f1
[2025-12-29T01:21:57.101+0000] {taskinstance.py:2648} INFO - Exporting env vars: AIRFLOW_CTX_DAG_OWNER='***' AIRFLOW_CTX_DAG_ID='weather_etl_pipeline' AIRFLOW_CTX_TASK_ID='load_historical_data' AIRFLOW_CTX_EXECUTION_DATE='2025-12-29T01:21:52.771325+00:00' AIRFLOW_CTX_TRY_NUMBER='1' AIRFLOW_CTX_DAG_RUN_ID='manual__2025-12-29T01:21:52.771325+00:00'
[2025-12-29T01:21:57.102+0000] {taskinstance.py:430} INFO - ::endgroup::
[2025-12-29T01:21:57.107+0000] {load_historical_data.py:12} INFO - Starting historical weather load
[2025-12-29T01:21:57.110+0000] {base.py:84} INFO - Using connection ID 'weather' for task execution.
[2025-12-29T01:21:57.114+0000] {load_historical_data.py:48} INFO - Fetching weather for Tampa, FL
[2025-12-29T01:21:57.281+0000] {load_historical_data.py:57} ERROR - Failed for Tampa: {"cod":401, "message": "Invalid API key. Please see https://openweathermap.org/faq#error401 for more info."}
[2025-12-29T01:21:57.282+0000] {load_historical_data.py:48} INFO - Fetching weather for Indianapolis, IN
[2025-12-29T01:21:57.474+0000] {load_historical_data.py:57} ERROR - Failed for Indianapolis: {"cod":401, "message": "Invalid API key. Please see https://openweathermap.org/faq#error401 for more info."}
[2025-12-29T01:21:57.474+0000] {load_historical_data.py:48} INFO - Fetching weather for Charlotte, NC
[2025-12-29T01:21:57.669+0000] {load_historical_data.py:57} ERROR - Failed for Charlotte: {"cod":401, "message": "Invalid API key. Please see https://openweathermap.org/faq#error401 for more info."}
[2025-12-29T01:21:57.670+0000] {load_historical_data.py:48} INFO - Fetching weather for Houston, TX
[2025-12-29T01:21:57.865+0000] {load_historical_data.py:57} ERROR - Failed for Houston: {"cod":401, "message": "Invalid API key. Please see https://openweathermap.org/faq#error401 for more info."}
[2025-12-29T01:21:57.865+0000] {load_historical_data.py:48} INFO - Fetching weather for Chicago, IL
[2025-12-29T01:21:58.064+0000] {load_historical_data.py:57} ERROR - Failed for Chicago: {"cod":401, "message": "Invalid API key. Please see https://openweathermap.org/faq#error401 for more info."}
[2025-12-29T01:21:58.065+0000] {load_historical_data.py:48} INFO - Fetching weather for Jasper, IN
[2025-12-29T01:21:58.276+0000] {load_historical_data.py:57} ERROR - Failed for Jasper: {"cod":401, "message": "Invalid API key. Please see https://openweathermap.org/faq#error401 for more info."}
[2025-12-29T01:21:58.278+0000] {load_historical_data.py:48} INFO - Fetching weather for Austin, TX
[2025-12-29T01:21:58.480+0000] {load_historical_data.py:57} ERROR - Failed for Austin: {"cod":401, "message": "Invalid API key. Please see https://openweathermap.org/faq#error401 for more info."}
[2025-12-29T01:21:58.481+0000] {load_historical_data.py:48} INFO - Fetching weather for Miami, FL
[2025-12-29T01:21:58.672+0000] {load_historical_data.py:57} ERROR - Failed for Miami: {"cod":401, "message": "Invalid API key. Please see https://openweathermap.org/faq#error401 for more info."}
[2025-12-29T01:21:58.673+0000] {load_historical_data.py:48} INFO - Fetching weather for Raleigh, NC
[2025-12-29T01:21:58.870+0000] {load_historical_data.py:57} ERROR - Failed for Raleigh: {"cod":401, "message": "Invalid API key. Please see https://openweathermap.org/faq#error401 for more info."}
[2025-12-29T01:21:58.870+0000] {load_historical_data.py:48} INFO - Fetching weather for Elgin, IL
[2025-12-29T01:21:59.060+0000] {load_historical_data.py:57} ERROR - Failed for Elgin: {"cod":401, "message": "Invalid API key. Please see https://openweathermap.org/faq#error401 for more info."}
[2025-12-29T01:21:59.064+0000] {python.py:237} INFO - Done. Returned value was: {'records_inserted': 0}
[2025-12-29T01:21:59.065+0000] {taskinstance.py:441} INFO - ::group::Post task execution logs
[2025-12-29T01:21:59.089+0000] {taskinstance.py:1206} INFO - Marking task as SUCCESS. dag_id=weather_etl_pipeline, task_id=load_historical_data, run_id=manual__2025-12-29T01:21:52.771325+00:00, execution_date=20251229T012152, start_date=20251229T012157, end_date=20251229T012159
[2025-12-29T01:21:59.107+0000] {local_task_job_runner.py:240} INFO - Task exited with return code 0
[2025-12-29T01:21:59.114+0000] {logging_mixin.py:188} WARNING - /home/***/.local/lib/python3.12/site-packages/***/models/baseoperator.py:1296 AirflowProviderDeprecationWarning: Call to deprecated class PostgresOperator. (Please use `***.providers.common.sql.operators.sql.SQLExecuteQueryOperator`.Also, you can provide `hook_params={'schema': <database>}`.)
[2025-12-29T01:21:59.121+0000] {taskinstance.py:3498} INFO - 1 downstream tasks scheduled from follow-on schedule check
[2025-12-29T01:21:59.122+0000] {local_task_job_runner.py:222} INFO - ::endgroup::
