[2025-12-29T01:52:10.793+0000] {local_task_job_runner.py:120} INFO - ::group::Pre task execution logs
[2025-12-29T01:52:10.805+0000] {taskinstance.py:2076} INFO - Dependencies all met for dep_context=non-requeueable deps ti=<TaskInstance: weather_etl_pipeline.load_staging_data manual__2025-12-29T01:52:10.445691+00:00 [queued]>
[2025-12-29T01:52:10.808+0000] {taskinstance.py:2076} INFO - Dependencies all met for dep_context=requeueable deps ti=<TaskInstance: weather_etl_pipeline.load_staging_data manual__2025-12-29T01:52:10.445691+00:00 [queued]>
[2025-12-29T01:52:10.808+0000] {taskinstance.py:2306} INFO - Starting attempt 1 of 4
[2025-12-29T01:52:10.811+0000] {taskinstance.py:2330} INFO - Executing <Task(PythonOperator): load_staging_data> on 2025-12-29 01:52:10.445691+00:00
[2025-12-29T01:52:10.814+0000] {standard_task_runner.py:90} INFO - Running: ['***', 'tasks', 'run', 'weather_etl_pipeline', 'load_staging_data', 'manual__2025-12-29T01:52:10.445691+00:00', '--job-id', '87', '--raw', '--subdir', 'DAGS_FOLDER/weather_etl_dag.py', '--cfg-path', '/tmp/tmptwueq0mw']
[2025-12-29T01:52:10.815+0000] {logging_mixin.py:188} WARNING - /home/***/.local/lib/python3.12/site-packages/***/task/task_runner/standard_task_runner.py:61 DeprecationWarning: This process (pid=181) is multi-threaded, use of fork() may lead to deadlocks in the child.
[2025-12-29T01:52:10.815+0000] {standard_task_runner.py:91} INFO - Job 87: Subtask load_staging_data
[2025-12-29T01:52:10.815+0000] {standard_task_runner.py:63} INFO - Started process 182 to run task
[2025-12-29T01:52:10.831+0000] {task_command.py:426} INFO - Running <TaskInstance: weather_etl_pipeline.load_staging_data manual__2025-12-29T01:52:10.445691+00:00 [running]> on host d9239c5ab4b5
[2025-12-29T01:52:10.858+0000] {taskinstance.py:2648} INFO - Exporting env vars: AIRFLOW_CTX_DAG_OWNER='***' AIRFLOW_CTX_DAG_ID='weather_etl_pipeline' AIRFLOW_CTX_TASK_ID='load_staging_data' AIRFLOW_CTX_EXECUTION_DATE='2025-12-29T01:52:10.445691+00:00' AIRFLOW_CTX_TRY_NUMBER='1' AIRFLOW_CTX_DAG_RUN_ID='manual__2025-12-29T01:52:10.445691+00:00'
[2025-12-29T01:52:10.858+0000] {taskinstance.py:430} INFO - ::endgroup::
[2025-12-29T01:52:10.868+0000] {load_staging_data.py:12} INFO - Starting staging weather load
[2025-12-29T01:52:10.872+0000] {base.py:84} INFO - Using connection ID 'weather' for task execution.
[2025-12-29T01:52:10.877+0000] {load_staging_data.py:48} INFO - Fetching weather for Tampa, FL
[2025-12-29T01:52:11.067+0000] {load_staging_data.py:83} INFO - Inserted/Updated Tampa at 2025-12-29 01:52:11.061637
[2025-12-29T01:52:11.067+0000] {load_staging_data.py:48} INFO - Fetching weather for Indianapolis, IN
[2025-12-29T01:52:11.247+0000] {load_staging_data.py:83} INFO - Inserted/Updated Indianapolis at 2025-12-29 01:52:11.246635
[2025-12-29T01:52:11.248+0000] {load_staging_data.py:48} INFO - Fetching weather for Charlotte, NC
[2025-12-29T01:52:11.435+0000] {load_staging_data.py:83} INFO - Inserted/Updated Charlotte at 2025-12-29 01:52:11.434727
[2025-12-29T01:52:11.436+0000] {load_staging_data.py:48} INFO - Fetching weather for Houston, TX
[2025-12-29T01:52:11.650+0000] {load_staging_data.py:83} INFO - Inserted/Updated Houston at 2025-12-29 01:52:11.650055
[2025-12-29T01:52:11.651+0000] {load_staging_data.py:48} INFO - Fetching weather for Chicago, IL
[2025-12-29T01:52:11.856+0000] {load_staging_data.py:83} INFO - Inserted/Updated Chicago at 2025-12-29 01:52:11.855841
[2025-12-29T01:52:11.857+0000] {load_staging_data.py:48} INFO - Fetching weather for Jasper, IN
[2025-12-29T01:52:12.053+0000] {load_staging_data.py:83} INFO - Inserted/Updated Jasper at 2025-12-29 01:52:12.052971
[2025-12-29T01:52:12.054+0000] {load_staging_data.py:48} INFO - Fetching weather for Austin, TX
[2025-12-29T01:52:12.236+0000] {load_staging_data.py:83} INFO - Inserted/Updated Austin at 2025-12-29 01:52:12.235996
[2025-12-29T01:52:12.237+0000] {load_staging_data.py:48} INFO - Fetching weather for Miami, FL
[2025-12-29T01:52:12.447+0000] {load_staging_data.py:83} INFO - Inserted/Updated Miami at 2025-12-29 01:52:12.446522
[2025-12-29T01:52:12.448+0000] {load_staging_data.py:48} INFO - Fetching weather for Raleigh, NC
[2025-12-29T01:52:12.647+0000] {load_staging_data.py:83} INFO - Inserted/Updated Raleigh at 2025-12-29 01:52:12.645024
[2025-12-29T01:52:12.649+0000] {load_staging_data.py:48} INFO - Fetching weather for Elgin, IL
[2025-12-29T01:52:12.851+0000] {load_staging_data.py:83} INFO - Inserted/Updated Elgin at 2025-12-29 01:52:12.850476
[2025-12-29T01:52:12.853+0000] {load_staging_data.py:88} INFO - Staging weather load complete. Total records processed: 10
[2025-12-29T01:52:12.856+0000] {python.py:237} INFO - Done. Returned value was: {'city_count': 10, 'records_inserted': 10}
[2025-12-29T01:52:12.857+0000] {taskinstance.py:441} INFO - ::group::Post task execution logs
[2025-12-29T01:52:12.880+0000] {taskinstance.py:1206} INFO - Marking task as SUCCESS. dag_id=weather_etl_pipeline, task_id=load_staging_data, run_id=manual__2025-12-29T01:52:10.445691+00:00, execution_date=20251229T015210, start_date=20251229T015210, end_date=20251229T015212
[2025-12-29T01:52:12.912+0000] {local_task_job_runner.py:240} INFO - Task exited with return code 0
[2025-12-29T01:52:12.920+0000] {logging_mixin.py:188} WARNING - /home/***/.local/lib/python3.12/site-packages/***/models/baseoperator.py:1296 AirflowProviderDeprecationWarning: Call to deprecated class PostgresOperator. (Please use `***.providers.common.sql.operators.sql.SQLExecuteQueryOperator`.Also, you can provide `hook_params={'schema': <database>}`.)
[2025-12-29T01:52:12.928+0000] {taskinstance.py:3498} INFO - 1 downstream tasks scheduled from follow-on schedule check
[2025-12-29T01:52:12.928+0000] {local_task_job_runner.py:222} INFO - ::endgroup::
