[2025-12-29T01:26:21.200+0000] {local_task_job_runner.py:120} INFO - ::group::Pre task execution logs
[2025-12-29T01:26:21.211+0000] {taskinstance.py:2076} INFO - Dependencies all met for dep_context=non-requeueable deps ti=<TaskInstance: weather_etl_pipeline.load_historical_data manual__2025-12-29T01:26:17.061855+00:00 [queued]>
[2025-12-29T01:26:21.213+0000] {taskinstance.py:2076} INFO - Dependencies all met for dep_context=requeueable deps ti=<TaskInstance: weather_etl_pipeline.load_historical_data manual__2025-12-29T01:26:17.061855+00:00 [queued]>
[2025-12-29T01:26:21.214+0000] {taskinstance.py:2306} INFO - Starting attempt 1 of 4
[2025-12-29T01:26:21.217+0000] {taskinstance.py:2330} INFO - Executing <Task(PythonOperator): load_historical_data> on 2025-12-29 01:26:17.061855+00:00
[2025-12-29T01:26:21.220+0000] {logging_mixin.py:188} WARNING - /home/***/.local/lib/python3.12/site-packages/***/task/task_runner/standard_task_runner.py:61 DeprecationWarning: This process (pid=182) is multi-threaded, use of fork() may lead to deadlocks in the child.
[2025-12-29T01:26:21.219+0000] {standard_task_runner.py:90} INFO - Running: ['***', 'tasks', 'run', 'weather_etl_pipeline', 'load_historical_data', 'manual__2025-12-29T01:26:17.061855+00:00', '--job-id', '68', '--raw', '--subdir', 'DAGS_FOLDER/weather_etl_dag.py', '--cfg-path', '/tmp/tmp9p45qnk3']
[2025-12-29T01:26:21.220+0000] {standard_task_runner.py:63} INFO - Started process 183 to run task
[2025-12-29T01:26:21.220+0000] {standard_task_runner.py:91} INFO - Job 68: Subtask load_historical_data
[2025-12-29T01:26:21.236+0000] {task_command.py:426} INFO - Running <TaskInstance: weather_etl_pipeline.load_historical_data manual__2025-12-29T01:26:17.061855+00:00 [running]> on host ebef5e238a54
[2025-12-29T01:26:21.261+0000] {taskinstance.py:2648} INFO - Exporting env vars: AIRFLOW_CTX_DAG_OWNER='***' AIRFLOW_CTX_DAG_ID='weather_etl_pipeline' AIRFLOW_CTX_TASK_ID='load_historical_data' AIRFLOW_CTX_EXECUTION_DATE='2025-12-29T01:26:17.061855+00:00' AIRFLOW_CTX_TRY_NUMBER='1' AIRFLOW_CTX_DAG_RUN_ID='manual__2025-12-29T01:26:17.061855+00:00'
[2025-12-29T01:26:21.261+0000] {taskinstance.py:430} INFO - ::endgroup::
[2025-12-29T01:26:21.266+0000] {load_historical_data.py:12} INFO - Starting historical weather load
[2025-12-29T01:26:21.270+0000] {base.py:84} INFO - Using connection ID 'weather' for task execution.
[2025-12-29T01:26:21.274+0000] {load_historical_data.py:48} INFO - Fetching weather for Tampa, FL
[2025-12-29T01:26:21.451+0000] {load_historical_data.py:57} ERROR - Failed for Tampa: {"cod":401, "message": "Invalid API key. Please see https://openweathermap.org/faq#error401 for more info."}
[2025-12-29T01:26:21.452+0000] {load_historical_data.py:48} INFO - Fetching weather for Indianapolis, IN
[2025-12-29T01:26:21.626+0000] {load_historical_data.py:57} ERROR - Failed for Indianapolis: {"cod":401, "message": "Invalid API key. Please see https://openweathermap.org/faq#error401 for more info."}
[2025-12-29T01:26:21.628+0000] {load_historical_data.py:48} INFO - Fetching weather for Charlotte, NC
[2025-12-29T01:26:21.828+0000] {load_historical_data.py:57} ERROR - Failed for Charlotte: {"cod":401, "message": "Invalid API key. Please see https://openweathermap.org/faq#error401 for more info."}
[2025-12-29T01:26:21.830+0000] {load_historical_data.py:48} INFO - Fetching weather for Houston, TX
[2025-12-29T01:26:22.023+0000] {load_historical_data.py:57} ERROR - Failed for Houston: {"cod":401, "message": "Invalid API key. Please see https://openweathermap.org/faq#error401 for more info."}
[2025-12-29T01:26:22.024+0000] {load_historical_data.py:48} INFO - Fetching weather for Chicago, IL
[2025-12-29T01:26:22.207+0000] {load_historical_data.py:57} ERROR - Failed for Chicago: {"cod":401, "message": "Invalid API key. Please see https://openweathermap.org/faq#error401 for more info."}
[2025-12-29T01:26:22.208+0000] {load_historical_data.py:48} INFO - Fetching weather for Jasper, IN
[2025-12-29T01:26:22.406+0000] {load_historical_data.py:57} ERROR - Failed for Jasper: {"cod":401, "message": "Invalid API key. Please see https://openweathermap.org/faq#error401 for more info."}
[2025-12-29T01:26:22.408+0000] {load_historical_data.py:48} INFO - Fetching weather for Austin, TX
[2025-12-29T01:26:22.594+0000] {load_historical_data.py:57} ERROR - Failed for Austin: {"cod":401, "message": "Invalid API key. Please see https://openweathermap.org/faq#error401 for more info."}
[2025-12-29T01:26:22.596+0000] {load_historical_data.py:48} INFO - Fetching weather for Miami, FL
[2025-12-29T01:26:22.795+0000] {load_historical_data.py:57} ERROR - Failed for Miami: {"cod":401, "message": "Invalid API key. Please see https://openweathermap.org/faq#error401 for more info."}
[2025-12-29T01:26:22.796+0000] {load_historical_data.py:48} INFO - Fetching weather for Raleigh, NC
[2025-12-29T01:26:22.985+0000] {load_historical_data.py:57} ERROR - Failed for Raleigh: {"cod":401, "message": "Invalid API key. Please see https://openweathermap.org/faq#error401 for more info."}
[2025-12-29T01:26:22.986+0000] {load_historical_data.py:48} INFO - Fetching weather for Elgin, IL
[2025-12-29T01:26:23.175+0000] {load_historical_data.py:57} ERROR - Failed for Elgin: {"cod":401, "message": "Invalid API key. Please see https://openweathermap.org/faq#error401 for more info."}
[2025-12-29T01:26:23.176+0000] {python.py:237} INFO - Done. Returned value was: {'records_inserted': 0}
[2025-12-29T01:26:23.176+0000] {taskinstance.py:441} INFO - ::group::Post task execution logs
[2025-12-29T01:26:23.189+0000] {taskinstance.py:1206} INFO - Marking task as SUCCESS. dag_id=weather_etl_pipeline, task_id=load_historical_data, run_id=manual__2025-12-29T01:26:17.061855+00:00, execution_date=20251229T012617, start_date=20251229T012621, end_date=20251229T012623
[2025-12-29T01:26:23.204+0000] {local_task_job_runner.py:240} INFO - Task exited with return code 0
[2025-12-29T01:26:23.210+0000] {logging_mixin.py:188} WARNING - /home/***/.local/lib/python3.12/site-packages/***/models/baseoperator.py:1296 AirflowProviderDeprecationWarning: Call to deprecated class PostgresOperator. (Please use `***.providers.common.sql.operators.sql.SQLExecuteQueryOperator`.Also, you can provide `hook_params={'schema': <database>}`.)
[2025-12-29T01:26:23.216+0000] {taskinstance.py:3498} INFO - 1 downstream tasks scheduled from follow-on schedule check
[2025-12-29T01:26:23.217+0000] {local_task_job_runner.py:222} INFO - ::endgroup::
