[2025-12-29T01:52:13.180+0000] {local_task_job_runner.py:120} INFO - ::group::Pre task execution logs
[2025-12-29T01:52:13.191+0000] {taskinstance.py:2076} INFO - Dependencies all met for dep_context=non-requeueable deps ti=<TaskInstance: weather_etl_pipeline.load_historical_data manual__2025-12-29T01:52:10.445691+00:00 [queued]>
[2025-12-29T01:52:13.193+0000] {taskinstance.py:2076} INFO - Dependencies all met for dep_context=requeueable deps ti=<TaskInstance: weather_etl_pipeline.load_historical_data manual__2025-12-29T01:52:10.445691+00:00 [queued]>
[2025-12-29T01:52:13.194+0000] {taskinstance.py:2306} INFO - Starting attempt 1 of 4
[2025-12-29T01:52:13.197+0000] {taskinstance.py:2330} INFO - Executing <Task(PythonOperator): load_historical_data> on 2025-12-29 01:52:10.445691+00:00
[2025-12-29T01:52:13.199+0000] {standard_task_runner.py:90} INFO - Running: ['***', 'tasks', 'run', 'weather_etl_pipeline', 'load_historical_data', 'manual__2025-12-29T01:52:10.445691+00:00', '--job-id', '88', '--raw', '--subdir', 'DAGS_FOLDER/weather_etl_dag.py', '--cfg-path', '/tmp/tmpv60ce2et']
[2025-12-29T01:52:13.200+0000] {logging_mixin.py:188} WARNING - /home/***/.local/lib/python3.12/site-packages/***/task/task_runner/standard_task_runner.py:61 DeprecationWarning: This process (pid=183) is multi-threaded, use of fork() may lead to deadlocks in the child.
[2025-12-29T01:52:13.200+0000] {standard_task_runner.py:91} INFO - Job 88: Subtask load_historical_data
[2025-12-29T01:52:13.200+0000] {standard_task_runner.py:63} INFO - Started process 184 to run task
[2025-12-29T01:52:13.215+0000] {task_command.py:426} INFO - Running <TaskInstance: weather_etl_pipeline.load_historical_data manual__2025-12-29T01:52:10.445691+00:00 [running]> on host d9239c5ab4b5
[2025-12-29T01:52:13.240+0000] {taskinstance.py:2648} INFO - Exporting env vars: AIRFLOW_CTX_DAG_OWNER='***' AIRFLOW_CTX_DAG_ID='weather_etl_pipeline' AIRFLOW_CTX_TASK_ID='load_historical_data' AIRFLOW_CTX_EXECUTION_DATE='2025-12-29T01:52:10.445691+00:00' AIRFLOW_CTX_TRY_NUMBER='1' AIRFLOW_CTX_DAG_RUN_ID='manual__2025-12-29T01:52:10.445691+00:00'
[2025-12-29T01:52:13.240+0000] {taskinstance.py:430} INFO - ::endgroup::
[2025-12-29T01:52:13.245+0000] {load_historical_data.py:12} INFO - Starting historical weather load
[2025-12-29T01:52:13.248+0000] {base.py:84} INFO - Using connection ID 'weather' for task execution.
[2025-12-29T01:52:13.252+0000] {load_historical_data.py:46} INFO - Fetching weather for Tampa, FL
[2025-12-29T01:52:13.419+0000] {load_historical_data.py:79} INFO - Inserted historical weather for Tampa
[2025-12-29T01:52:13.420+0000] {load_historical_data.py:46} INFO - Fetching weather for Indianapolis, IN
[2025-12-29T01:52:13.601+0000] {load_historical_data.py:79} INFO - Inserted historical weather for Indianapolis
[2025-12-29T01:52:13.603+0000] {load_historical_data.py:46} INFO - Fetching weather for Charlotte, NC
[2025-12-29T01:52:13.814+0000] {load_historical_data.py:79} INFO - Inserted historical weather for Charlotte
[2025-12-29T01:52:13.815+0000] {load_historical_data.py:46} INFO - Fetching weather for Houston, TX
[2025-12-29T01:52:14.002+0000] {load_historical_data.py:79} INFO - Inserted historical weather for Houston
[2025-12-29T01:52:14.003+0000] {load_historical_data.py:46} INFO - Fetching weather for Chicago, IL
[2025-12-29T01:52:14.199+0000] {load_historical_data.py:79} INFO - Inserted historical weather for Chicago
[2025-12-29T01:52:14.199+0000] {load_historical_data.py:46} INFO - Fetching weather for Jasper, IN
[2025-12-29T01:52:14.383+0000] {load_historical_data.py:79} INFO - Inserted historical weather for Jasper
[2025-12-29T01:52:14.384+0000] {load_historical_data.py:46} INFO - Fetching weather for Austin, TX
[2025-12-29T01:52:14.592+0000] {load_historical_data.py:79} INFO - Inserted historical weather for Austin
[2025-12-29T01:52:14.595+0000] {load_historical_data.py:46} INFO - Fetching weather for Miami, FL
[2025-12-29T01:52:14.797+0000] {load_historical_data.py:79} INFO - Inserted historical weather for Miami
[2025-12-29T01:52:14.799+0000] {load_historical_data.py:46} INFO - Fetching weather for Raleigh, NC
[2025-12-29T01:52:15.009+0000] {load_historical_data.py:79} INFO - Inserted historical weather for Raleigh
[2025-12-29T01:52:15.011+0000] {load_historical_data.py:46} INFO - Fetching weather for Elgin, IL
[2025-12-29T01:52:15.226+0000] {load_historical_data.py:79} INFO - Inserted historical weather for Elgin
[2025-12-29T01:52:15.228+0000] {load_historical_data.py:89} INFO - Historical weather load complete. Total records inserted: 10
[2025-12-29T01:52:15.231+0000] {python.py:237} INFO - Done. Returned value was: {'records_inserted': 10}
[2025-12-29T01:52:15.232+0000] {taskinstance.py:441} INFO - ::group::Post task execution logs
[2025-12-29T01:52:15.249+0000] {taskinstance.py:1206} INFO - Marking task as SUCCESS. dag_id=weather_etl_pipeline, task_id=load_historical_data, run_id=manual__2025-12-29T01:52:10.445691+00:00, execution_date=20251229T015210, start_date=20251229T015213, end_date=20251229T015215
[2025-12-29T01:52:15.260+0000] {local_task_job_runner.py:240} INFO - Task exited with return code 0
[2025-12-29T01:52:15.269+0000] {logging_mixin.py:188} WARNING - /home/***/.local/lib/python3.12/site-packages/***/models/baseoperator.py:1296 AirflowProviderDeprecationWarning: Call to deprecated class PostgresOperator. (Please use `***.providers.common.sql.operators.sql.SQLExecuteQueryOperator`.Also, you can provide `hook_params={'schema': <database>}`.)
[2025-12-29T01:52:15.278+0000] {taskinstance.py:3498} INFO - 1 downstream tasks scheduled from follow-on schedule check
[2025-12-29T01:52:15.278+0000] {local_task_job_runner.py:222} INFO - ::endgroup::
