[2025-12-29T01:21:53.896+0000] {local_task_job_runner.py:120} INFO - ::group::Pre task execution logs
[2025-12-29T01:21:53.908+0000] {taskinstance.py:2076} INFO - Dependencies all met for dep_context=non-requeueable deps ti=<TaskInstance: weather_etl_pipeline.load_staging_data manual__2025-12-29T01:21:52.771325+00:00 [queued]>
[2025-12-29T01:21:53.910+0000] {taskinstance.py:2076} INFO - Dependencies all met for dep_context=requeueable deps ti=<TaskInstance: weather_etl_pipeline.load_staging_data manual__2025-12-29T01:21:52.771325+00:00 [queued]>
[2025-12-29T01:21:53.911+0000] {taskinstance.py:2306} INFO - Starting attempt 1 of 4
[2025-12-29T01:21:53.914+0000] {taskinstance.py:2330} INFO - Executing <Task(PythonOperator): load_staging_data> on 2025-12-29 01:21:52.771325+00:00
[2025-12-29T01:21:53.917+0000] {standard_task_runner.py:90} INFO - Running: ['***', 'tasks', 'run', 'weather_etl_pipeline', 'load_staging_data', 'manual__2025-12-29T01:21:52.771325+00:00', '--job-id', '60', '--raw', '--subdir', 'DAGS_FOLDER/weather_etl_dag.py', '--cfg-path', '/tmp/tmpmshto3x1']
[2025-12-29T01:21:53.918+0000] {standard_task_runner.py:91} INFO - Job 60: Subtask load_staging_data
[2025-12-29T01:21:53.918+0000] {logging_mixin.py:188} WARNING - /home/***/.local/lib/python3.12/site-packages/***/task/task_runner/standard_task_runner.py:61 DeprecationWarning: This process (pid=186) is multi-threaded, use of fork() may lead to deadlocks in the child.
[2025-12-29T01:21:53.918+0000] {standard_task_runner.py:63} INFO - Started process 187 to run task
[2025-12-29T01:21:53.933+0000] {task_command.py:426} INFO - Running <TaskInstance: weather_etl_pipeline.load_staging_data manual__2025-12-29T01:21:52.771325+00:00 [running]> on host f59bdb88f7f1
[2025-12-29T01:21:53.960+0000] {taskinstance.py:2648} INFO - Exporting env vars: AIRFLOW_CTX_DAG_OWNER='***' AIRFLOW_CTX_DAG_ID='weather_etl_pipeline' AIRFLOW_CTX_TASK_ID='load_staging_data' AIRFLOW_CTX_EXECUTION_DATE='2025-12-29T01:21:52.771325+00:00' AIRFLOW_CTX_TRY_NUMBER='1' AIRFLOW_CTX_DAG_RUN_ID='manual__2025-12-29T01:21:52.771325+00:00'
[2025-12-29T01:21:53.961+0000] {taskinstance.py:430} INFO - ::endgroup::
[2025-12-29T01:21:53.975+0000] {base.py:84} INFO - Using connection ID 'weather' for task execution.
[2025-12-29T01:21:53.979+0000] {load_staging_data.py:46} INFO - Fetching weather for Tampa, FL
[2025-12-29T01:21:54.186+0000] {load_staging_data.py:52} ERROR - Failed for Tampa: {"cod":401, "message": "Invalid API key. Please see https://openweathermap.org/faq#error401 for more info."}
[2025-12-29T01:21:54.187+0000] {load_staging_data.py:46} INFO - Fetching weather for Indianapolis, IN
[2025-12-29T01:21:54.378+0000] {load_staging_data.py:52} ERROR - Failed for Indianapolis: {"cod":401, "message": "Invalid API key. Please see https://openweathermap.org/faq#error401 for more info."}
[2025-12-29T01:21:54.380+0000] {load_staging_data.py:46} INFO - Fetching weather for Charlotte, NC
[2025-12-29T01:21:54.571+0000] {load_staging_data.py:52} ERROR - Failed for Charlotte: {"cod":401, "message": "Invalid API key. Please see https://openweathermap.org/faq#error401 for more info."}
[2025-12-29T01:21:54.572+0000] {load_staging_data.py:46} INFO - Fetching weather for Houston, TX
[2025-12-29T01:21:54.759+0000] {load_staging_data.py:52} ERROR - Failed for Houston: {"cod":401, "message": "Invalid API key. Please see https://openweathermap.org/faq#error401 for more info."}
[2025-12-29T01:21:54.760+0000] {load_staging_data.py:46} INFO - Fetching weather for Chicago, IL
[2025-12-29T01:21:54.946+0000] {load_staging_data.py:52} ERROR - Failed for Chicago: {"cod":401, "message": "Invalid API key. Please see https://openweathermap.org/faq#error401 for more info."}
[2025-12-29T01:21:54.947+0000] {load_staging_data.py:46} INFO - Fetching weather for Jasper, IN
[2025-12-29T01:21:55.127+0000] {load_staging_data.py:52} ERROR - Failed for Jasper: {"cod":401, "message": "Invalid API key. Please see https://openweathermap.org/faq#error401 for more info."}
[2025-12-29T01:21:55.128+0000] {load_staging_data.py:46} INFO - Fetching weather for Austin, TX
[2025-12-29T01:21:55.327+0000] {load_staging_data.py:52} ERROR - Failed for Austin: {"cod":401, "message": "Invalid API key. Please see https://openweathermap.org/faq#error401 for more info."}
[2025-12-29T01:21:55.329+0000] {load_staging_data.py:46} INFO - Fetching weather for Miami, FL
[2025-12-29T01:21:55.517+0000] {load_staging_data.py:52} ERROR - Failed for Miami: {"cod":401, "message": "Invalid API key. Please see https://openweathermap.org/faq#error401 for more info."}
[2025-12-29T01:21:55.518+0000] {load_staging_data.py:46} INFO - Fetching weather for Raleigh, NC
[2025-12-29T01:21:55.720+0000] {load_staging_data.py:52} ERROR - Failed for Raleigh: {"cod":401, "message": "Invalid API key. Please see https://openweathermap.org/faq#error401 for more info."}
[2025-12-29T01:21:55.721+0000] {load_staging_data.py:46} INFO - Fetching weather for Elgin, IL
[2025-12-29T01:21:55.906+0000] {load_staging_data.py:52} ERROR - Failed for Elgin: {"cod":401, "message": "Invalid API key. Please see https://openweathermap.org/faq#error401 for more info."}
[2025-12-29T01:21:55.908+0000] {load_staging_data.py:83} INFO - Loaded 0 staging weather records
[2025-12-29T01:21:55.910+0000] {python.py:237} INFO - Done. Returned value was: {'city_count': 0, 'records_inserted': 0}
[2025-12-29T01:21:55.912+0000] {taskinstance.py:441} INFO - ::group::Post task execution logs
[2025-12-29T01:21:55.935+0000] {taskinstance.py:1206} INFO - Marking task as SUCCESS. dag_id=weather_etl_pipeline, task_id=load_staging_data, run_id=manual__2025-12-29T01:21:52.771325+00:00, execution_date=20251229T012152, start_date=20251229T012153, end_date=20251229T012155
[2025-12-29T01:21:55.945+0000] {local_task_job_runner.py:240} INFO - Task exited with return code 0
[2025-12-29T01:21:55.951+0000] {logging_mixin.py:188} WARNING - /home/***/.local/lib/python3.12/site-packages/***/models/baseoperator.py:1296 AirflowProviderDeprecationWarning: Call to deprecated class PostgresOperator. (Please use `***.providers.common.sql.operators.sql.SQLExecuteQueryOperator`.Also, you can provide `hook_params={'schema': <database>}`.)
[2025-12-29T01:21:55.958+0000] {taskinstance.py:3498} INFO - 1 downstream tasks scheduled from follow-on schedule check
[2025-12-29T01:21:55.958+0000] {local_task_job_runner.py:222} INFO - ::endgroup::
