[2025-12-29T02:00:39.823+0000] {local_task_job_runner.py:120} INFO - ::group::Pre task execution logs
[2025-12-29T02:00:39.835+0000] {taskinstance.py:2076} INFO - Dependencies all met for dep_context=non-requeueable deps ti=<TaskInstance: weather_etl_pipeline.fact_quality_checks manual__2025-12-29T01:52:10.445691+00:00 [queued]>
[2025-12-29T02:00:39.838+0000] {taskinstance.py:2076} INFO - Dependencies all met for dep_context=requeueable deps ti=<TaskInstance: weather_etl_pipeline.fact_quality_checks manual__2025-12-29T01:52:10.445691+00:00 [queued]>
[2025-12-29T02:00:39.838+0000] {taskinstance.py:2306} INFO - Starting attempt 2 of 4
[2025-12-29T02:00:39.842+0000] {taskinstance.py:2330} INFO - Executing <Task(PythonOperator): fact_quality_checks> on 2025-12-29 01:52:10.445691+00:00
[2025-12-29T02:00:39.846+0000] {logging_mixin.py:188} WARNING - /home/***/.local/lib/python3.12/site-packages/***/task/task_runner/standard_task_runner.py:61 DeprecationWarning: This process (pid=241) is multi-threaded, use of fork() may lead to deadlocks in the child.
[2025-12-29T02:00:39.845+0000] {standard_task_runner.py:90} INFO - Running: ['***', 'tasks', 'run', 'weather_etl_pipeline', 'fact_quality_checks', 'manual__2025-12-29T01:52:10.445691+00:00', '--job-id', '94', '--raw', '--subdir', 'DAGS_FOLDER/weather_etl_dag.py', '--cfg-path', '/tmp/tmpldfi2tk3']
[2025-12-29T02:00:39.846+0000] {standard_task_runner.py:63} INFO - Started process 243 to run task
[2025-12-29T02:00:39.846+0000] {standard_task_runner.py:91} INFO - Job 94: Subtask fact_quality_checks
[2025-12-29T02:00:39.866+0000] {task_command.py:426} INFO - Running <TaskInstance: weather_etl_pipeline.fact_quality_checks manual__2025-12-29T01:52:10.445691+00:00 [running]> on host d9239c5ab4b5
[2025-12-29T02:00:39.897+0000] {taskinstance.py:2648} INFO - Exporting env vars: AIRFLOW_CTX_DAG_OWNER='***' AIRFLOW_CTX_DAG_ID='weather_etl_pipeline' AIRFLOW_CTX_TASK_ID='fact_quality_checks' AIRFLOW_CTX_EXECUTION_DATE='2025-12-29T01:52:10.445691+00:00' AIRFLOW_CTX_TRY_NUMBER='2' AIRFLOW_CTX_DAG_RUN_ID='manual__2025-12-29T01:52:10.445691+00:00'
[2025-12-29T02:00:39.897+0000] {taskinstance.py:430} INFO - ::endgroup::
[2025-12-29T02:00:39.903+0000] {fact_quality_checks.py:8} INFO - Starting fact table quality checks
[2025-12-29T02:00:39.907+0000] {base.py:84} INFO - Using connection ID 'weather' for task execution.
[2025-12-29T02:00:39.909+0000] {taskinstance.py:441} INFO - ::group::Post task execution logs
[2025-12-29T02:00:39.910+0000] {taskinstance.py:2905} ERROR - Task failed with exception
Traceback (most recent call last):
  File "/home/airflow/.local/lib/python3.12/site-packages/airflow/models/taskinstance.py", line 465, in _execute_task
    result = _execute_callable(context=context, **execute_callable_kwargs)
             ^^^^^^^^^^^^^^^^^^^^^^^^^^^^^^^^^^^^^^^^^^^^^^^^^^^^^^^^^^^^^
  File "/home/airflow/.local/lib/python3.12/site-packages/airflow/models/taskinstance.py", line 432, in _execute_callable
    return execute_callable(context=context, **execute_callable_kwargs)
           ^^^^^^^^^^^^^^^^^^^^^^^^^^^^^^^^^^^^^^^^^^^^^^^^^^^^^^^^^^^^
  File "/home/airflow/.local/lib/python3.12/site-packages/airflow/models/baseoperator.py", line 400, in wrapper
    return func(self, *args, **kwargs)
           ^^^^^^^^^^^^^^^^^^^^^^^^^^^
  File "/home/airflow/.local/lib/python3.12/site-packages/airflow/operators/python.py", line 235, in execute
    return_value = self.execute_callable()
                   ^^^^^^^^^^^^^^^^^^^^^^^
  File "/home/airflow/.local/lib/python3.12/site-packages/airflow/operators/python.py", line 252, in execute_callable
    return self.python_callable(*self.op_args, **self.op_kwargs)
           ^^^^^^^^^^^^^^^^^^^^^^^^^^^^^^^^^^^^^^^^^^^^^^^^^^^^^
  File "/opt/airflow/dags/scripts/fact_quality_checks.py", line 54, in fact_checks
    cur.execute(sql)
psycopg2.errors.UndefinedFunction: function count(integer, bigint) does not exist
LINE 2:             SELECT COUNT(*) - COUNT(DISTINCT city_id, dateti...
                                      ^
HINT:  No function matches the given name and argument types. You might need to add explicit type casts.

[2025-12-29T02:00:39.914+0000] {taskinstance.py:1206} INFO - Marking task as UP_FOR_RETRY. dag_id=weather_etl_pipeline, task_id=fact_quality_checks, run_id=manual__2025-12-29T01:52:10.445691+00:00, execution_date=20251229T015210, start_date=20251229T020039, end_date=20251229T020039
[2025-12-29T02:00:39.919+0000] {standard_task_runner.py:110} ERROR - Failed to execute job 94 for task fact_quality_checks (function count(integer, bigint) does not exist
LINE 2:             SELECT COUNT(*) - COUNT(DISTINCT city_id, dateti...
                                      ^
HINT:  No function matches the given name and argument types. You might need to add explicit type casts.
; 243)
[2025-12-29T02:00:39.947+0000] {local_task_job_runner.py:240} INFO - Task exited with return code 1
[2025-12-29T02:00:39.956+0000] {taskinstance.py:3498} INFO - 0 downstream tasks scheduled from follow-on schedule check
[2025-12-29T02:00:39.957+0000] {local_task_job_runner.py:222} INFO - ::endgroup::
