[2025-12-29T02:45:58.584+0000] {local_task_job_runner.py:120} INFO - ::group::Pre task execution logs
[2025-12-29T02:45:58.596+0000] {taskinstance.py:2076} INFO - Dependencies all met for dep_context=non-requeueable deps ti=<TaskInstance: weather_etl_pipeline.fact_quality_checks manual__2025-12-29T01:52:10.445691+00:00 [queued]>
[2025-12-29T02:45:58.598+0000] {taskinstance.py:2076} INFO - Dependencies all met for dep_context=requeueable deps ti=<TaskInstance: weather_etl_pipeline.fact_quality_checks manual__2025-12-29T01:52:10.445691+00:00 [queued]>
[2025-12-29T02:45:58.599+0000] {taskinstance.py:2306} INFO - Starting attempt 4 of 4
[2025-12-29T02:45:58.602+0000] {taskinstance.py:2330} INFO - Executing <Task(PythonOperator): fact_quality_checks> on 2025-12-29 01:52:10.445691+00:00
[2025-12-29T02:45:58.605+0000] {standard_task_runner.py:90} INFO - Running: ['***', 'tasks', 'run', 'weather_etl_pipeline', 'fact_quality_checks', 'manual__2025-12-29T01:52:10.445691+00:00', '--job-id', '98', '--raw', '--subdir', 'DAGS_FOLDER/weather_etl_dag.py', '--cfg-path', '/tmp/tmpxt9nwsuu']
[2025-12-29T02:45:58.605+0000] {logging_mixin.py:188} WARNING - /home/***/.local/lib/python3.12/site-packages/***/task/task_runner/standard_task_runner.py:61 DeprecationWarning: This process (pid=348) is multi-threaded, use of fork() may lead to deadlocks in the child.
[2025-12-29T02:45:58.606+0000] {standard_task_runner.py:91} INFO - Job 98: Subtask fact_quality_checks
[2025-12-29T02:45:58.606+0000] {standard_task_runner.py:63} INFO - Started process 349 to run task
[2025-12-29T02:45:58.621+0000] {task_command.py:426} INFO - Running <TaskInstance: weather_etl_pipeline.fact_quality_checks manual__2025-12-29T01:52:10.445691+00:00 [running]> on host d9239c5ab4b5
[2025-12-29T02:45:58.654+0000] {taskinstance.py:2648} INFO - Exporting env vars: AIRFLOW_CTX_DAG_OWNER='***' AIRFLOW_CTX_DAG_ID='weather_etl_pipeline' AIRFLOW_CTX_TASK_ID='fact_quality_checks' AIRFLOW_CTX_EXECUTION_DATE='2025-12-29T01:52:10.445691+00:00' AIRFLOW_CTX_TRY_NUMBER='4' AIRFLOW_CTX_DAG_RUN_ID='manual__2025-12-29T01:52:10.445691+00:00'
[2025-12-29T02:45:58.654+0000] {taskinstance.py:430} INFO - ::endgroup::
[2025-12-29T02:45:58.659+0000] {fact_quality_checks.py:8} INFO - Starting fact table quality checks
[2025-12-29T02:45:58.663+0000] {base.py:84} INFO - Using connection ID 'weather' for task execution.
[2025-12-29T02:45:58.666+0000] {fact_quality_checks.py:66} INFO - Duplicate records check passed
[2025-12-29T02:45:58.667+0000] {fact_quality_checks.py:66} INFO - Temperature out of range check passed
[2025-12-29T02:45:58.667+0000] {fact_quality_checks.py:66} INFO - Humidity out of range check passed
[2025-12-29T02:45:58.669+0000] {fact_quality_checks.py:66} INFO - Orphan records check passed
[2025-12-29T02:45:58.669+0000] {fact_quality_checks.py:72} INFO - All fact quality checks passed
[2025-12-29T02:45:58.669+0000] {python.py:237} INFO - Done. Returned value was: None
[2025-12-29T02:45:58.669+0000] {taskinstance.py:441} INFO - ::group::Post task execution logs
[2025-12-29T02:45:58.675+0000] {taskinstance.py:1206} INFO - Marking task as SUCCESS. dag_id=weather_etl_pipeline, task_id=fact_quality_checks, run_id=manual__2025-12-29T01:52:10.445691+00:00, execution_date=20251229T015210, start_date=20251229T024558, end_date=20251229T024558
[2025-12-29T02:45:58.705+0000] {local_task_job_runner.py:240} INFO - Task exited with return code 0
[2025-12-29T02:45:58.713+0000] {taskinstance.py:3498} INFO - 1 downstream tasks scheduled from follow-on schedule check
[2025-12-29T02:45:58.714+0000] {local_task_job_runner.py:222} INFO - ::endgroup::
