[2025-12-29T01:47:58.525+0000] {local_task_job_runner.py:120} INFO - ::group::Pre task execution logs
[2025-12-29T01:47:58.537+0000] {taskinstance.py:2076} INFO - Dependencies all met for dep_context=non-requeueable deps ti=<TaskInstance: weather_etl_pipeline.load_historical_data manual__2025-12-29T01:47:54.884457+00:00 [queued]>
[2025-12-29T01:47:58.539+0000] {taskinstance.py:2076} INFO - Dependencies all met for dep_context=requeueable deps ti=<TaskInstance: weather_etl_pipeline.load_historical_data manual__2025-12-29T01:47:54.884457+00:00 [queued]>
[2025-12-29T01:47:58.540+0000] {taskinstance.py:2306} INFO - Starting attempt 1 of 4
[2025-12-29T01:47:58.543+0000] {taskinstance.py:2330} INFO - Executing <Task(PythonOperator): load_historical_data> on 2025-12-29 01:47:54.884457+00:00
[2025-12-29T01:47:58.546+0000] {standard_task_runner.py:90} INFO - Running: ['***', 'tasks', 'run', 'weather_etl_pipeline', 'load_historical_data', 'manual__2025-12-29T01:47:54.884457+00:00', '--job-id', '81', '--raw', '--subdir', 'DAGS_FOLDER/weather_etl_dag.py', '--cfg-path', '/tmp/tmp2xurc918']
[2025-12-29T01:47:58.546+0000] {logging_mixin.py:188} WARNING - /home/***/.local/lib/python3.12/site-packages/***/task/task_runner/standard_task_runner.py:61 DeprecationWarning: This process (pid=178) is multi-threaded, use of fork() may lead to deadlocks in the child.
[2025-12-29T01:47:58.546+0000] {standard_task_runner.py:91} INFO - Job 81: Subtask load_historical_data
[2025-12-29T01:47:58.547+0000] {standard_task_runner.py:63} INFO - Started process 179 to run task
[2025-12-29T01:47:58.562+0000] {task_command.py:426} INFO - Running <TaskInstance: weather_etl_pipeline.load_historical_data manual__2025-12-29T01:47:54.884457+00:00 [running]> on host 9b5856dea965
[2025-12-29T01:47:58.586+0000] {taskinstance.py:2648} INFO - Exporting env vars: AIRFLOW_CTX_DAG_OWNER='***' AIRFLOW_CTX_DAG_ID='weather_etl_pipeline' AIRFLOW_CTX_TASK_ID='load_historical_data' AIRFLOW_CTX_EXECUTION_DATE='2025-12-29T01:47:54.884457+00:00' AIRFLOW_CTX_TRY_NUMBER='1' AIRFLOW_CTX_DAG_RUN_ID='manual__2025-12-29T01:47:54.884457+00:00'
[2025-12-29T01:47:58.587+0000] {taskinstance.py:430} INFO - ::endgroup::
[2025-12-29T01:47:58.591+0000] {load_historical_data.py:12} INFO - Starting historical weather load
[2025-12-29T01:47:58.594+0000] {base.py:84} INFO - Using connection ID 'weather' for task execution.
[2025-12-29T01:47:58.598+0000] {load_historical_data.py:46} INFO - Fetching weather for Tampa, FL
[2025-12-29T01:47:58.780+0000] {load_historical_data.py:54} ERROR - HTTP request failed for Tampa: 401 Client Error: Unauthorized for url: https://api.openweathermap.org/data/2.5/weather?id=4174757&appid=***&units=imperial
[2025-12-29T01:47:58.781+0000] {load_historical_data.py:46} INFO - Fetching weather for Indianapolis, IN
[2025-12-29T01:47:58.969+0000] {load_historical_data.py:54} ERROR - HTTP request failed for Indianapolis: 401 Client Error: Unauthorized for url: https://api.openweathermap.org/data/2.5/weather?id=4259418&appid=***&units=imperial
[2025-12-29T01:47:58.971+0000] {load_historical_data.py:46} INFO - Fetching weather for Charlotte, NC
[2025-12-29T01:47:59.157+0000] {load_historical_data.py:54} ERROR - HTTP request failed for Charlotte: 401 Client Error: Unauthorized for url: https://api.openweathermap.org/data/2.5/weather?id=4460243&appid=***&units=imperial
[2025-12-29T01:47:59.158+0000] {load_historical_data.py:46} INFO - Fetching weather for Houston, TX
[2025-12-29T01:47:59.343+0000] {load_historical_data.py:54} ERROR - HTTP request failed for Houston: 401 Client Error: Unauthorized for url: https://api.openweathermap.org/data/2.5/weather?id=4699066&appid=***&units=imperial
[2025-12-29T01:47:59.344+0000] {load_historical_data.py:46} INFO - Fetching weather for Chicago, IL
[2025-12-29T01:47:59.534+0000] {load_historical_data.py:54} ERROR - HTTP request failed for Chicago: 401 Client Error: Unauthorized for url: https://api.openweathermap.org/data/2.5/weather?id=4887398&appid=***&units=imperial
[2025-12-29T01:47:59.535+0000] {load_historical_data.py:46} INFO - Fetching weather for Jasper, IN
[2025-12-29T01:47:59.725+0000] {load_historical_data.py:54} ERROR - HTTP request failed for Jasper: 401 Client Error: Unauthorized for url: https://api.openweathermap.org/data/2.5/weather?id=4259640&appid=***&units=imperial
[2025-12-29T01:47:59.726+0000] {load_historical_data.py:46} INFO - Fetching weather for Austin, TX
[2025-12-29T01:47:59.914+0000] {load_historical_data.py:54} ERROR - HTTP request failed for Austin: 401 Client Error: Unauthorized for url: https://api.openweathermap.org/data/2.5/weather?id=4671654&appid=***&units=imperial
[2025-12-29T01:47:59.915+0000] {load_historical_data.py:46} INFO - Fetching weather for Miami, FL
[2025-12-29T01:48:00.113+0000] {load_historical_data.py:54} ERROR - HTTP request failed for Miami: 401 Client Error: Unauthorized for url: https://api.openweathermap.org/data/2.5/weather?id=4164138&appid=***&units=imperial
[2025-12-29T01:48:00.115+0000] {load_historical_data.py:46} INFO - Fetching weather for Raleigh, NC
[2025-12-29T01:48:00.304+0000] {load_historical_data.py:54} ERROR - HTTP request failed for Raleigh: 401 Client Error: Unauthorized for url: https://api.openweathermap.org/data/2.5/weather?id=4487042&appid=***&units=imperial
[2025-12-29T01:48:00.306+0000] {load_historical_data.py:46} INFO - Fetching weather for Elgin, IL
[2025-12-29T01:48:00.505+0000] {load_historical_data.py:54} ERROR - HTTP request failed for Elgin: 401 Client Error: Unauthorized for url: https://api.openweathermap.org/data/2.5/weather?id=4890864&appid=***&units=imperial
[2025-12-29T01:48:00.507+0000] {load_historical_data.py:89} INFO - Historical weather load complete. Total records inserted: 0
[2025-12-29T01:48:00.509+0000] {python.py:237} INFO - Done. Returned value was: {'records_inserted': 0}
[2025-12-29T01:48:00.511+0000] {taskinstance.py:441} INFO - ::group::Post task execution logs
[2025-12-29T01:48:00.535+0000] {taskinstance.py:1206} INFO - Marking task as SUCCESS. dag_id=weather_etl_pipeline, task_id=load_historical_data, run_id=manual__2025-12-29T01:47:54.884457+00:00, execution_date=20251229T014754, start_date=20251229T014758, end_date=20251229T014800
[2025-12-29T01:48:00.579+0000] {local_task_job_runner.py:240} INFO - Task exited with return code 0
[2025-12-29T01:48:00.584+0000] {logging_mixin.py:188} WARNING - /home/***/.local/lib/python3.12/site-packages/***/models/baseoperator.py:1296 AirflowProviderDeprecationWarning: Call to deprecated class PostgresOperator. (Please use `***.providers.common.sql.operators.sql.SQLExecuteQueryOperator`.Also, you can provide `hook_params={'schema': <database>}`.)
[2025-12-29T01:48:00.589+0000] {taskinstance.py:3498} INFO - 0 downstream tasks scheduled from follow-on schedule check
[2025-12-29T01:48:00.589+0000] {local_task_job_runner.py:222} INFO - ::endgroup::
