[2025-12-29T01:52:17.200+0000] {local_task_job_runner.py:120} INFO - ::group::Pre task execution logs
[2025-12-29T01:52:17.212+0000] {taskinstance.py:2076} INFO - Dependencies all met for dep_context=non-requeueable deps ti=<TaskInstance: weather_etl_pipeline.load_fact_weather manual__2025-12-29T01:52:10.445691+00:00 [queued]>
[2025-12-29T01:52:17.215+0000] {taskinstance.py:2076} INFO - Dependencies all met for dep_context=requeueable deps ti=<TaskInstance: weather_etl_pipeline.load_fact_weather manual__2025-12-29T01:52:10.445691+00:00 [queued]>
[2025-12-29T01:52:17.215+0000] {taskinstance.py:2306} INFO - Starting attempt 1 of 4
[2025-12-29T01:52:17.218+0000] {taskinstance.py:2330} INFO - Executing <Task(PostgresOperator): load_fact_weather> on 2025-12-29 01:52:10.445691+00:00
[2025-12-29T01:52:17.222+0000] {logging_mixin.py:188} WARNING - /home/***/.local/lib/python3.12/site-packages/***/task/task_runner/standard_task_runner.py:61 DeprecationWarning: This process (pid=189) is multi-threaded, use of fork() may lead to deadlocks in the child.
[2025-12-29T01:52:17.221+0000] {standard_task_runner.py:90} INFO - Running: ['***', 'tasks', 'run', 'weather_etl_pipeline', 'load_fact_weather', 'manual__2025-12-29T01:52:10.445691+00:00', '--job-id', '91', '--raw', '--subdir', 'DAGS_FOLDER/weather_etl_dag.py', '--cfg-path', '/tmp/tmpyerhyoeg']
[2025-12-29T01:52:17.222+0000] {standard_task_runner.py:63} INFO - Started process 190 to run task
[2025-12-29T01:52:17.222+0000] {standard_task_runner.py:91} INFO - Job 91: Subtask load_fact_weather
[2025-12-29T01:52:17.240+0000] {task_command.py:426} INFO - Running <TaskInstance: weather_etl_pipeline.load_fact_weather manual__2025-12-29T01:52:10.445691+00:00 [running]> on host d9239c5ab4b5
[2025-12-29T01:52:17.267+0000] {taskinstance.py:2648} INFO - Exporting env vars: AIRFLOW_CTX_DAG_OWNER='***' AIRFLOW_CTX_DAG_ID='weather_etl_pipeline' AIRFLOW_CTX_TASK_ID='load_fact_weather' AIRFLOW_CTX_EXECUTION_DATE='2025-12-29T01:52:10.445691+00:00' AIRFLOW_CTX_TRY_NUMBER='1' AIRFLOW_CTX_DAG_RUN_ID='manual__2025-12-29T01:52:10.445691+00:00'
[2025-12-29T01:52:17.267+0000] {taskinstance.py:430} INFO - ::endgroup::
[2025-12-29T01:52:17.272+0000] {sql.py:276} INFO - Executing: INSERT INTO fact_weather (
    city_id,
    datetime_id,

    temperature,
    feels_like,
    temp_min,
    temp_max,

    pressure,
    humidity,
    visibility,

    wind_speed,
    wind_deg,
    wind_gust,

    cloud_coverage,

    weather_id,
    weather_main,
    weather_description
)
SELECT
    sw.city_id,
    (sw.weather_json->>'dt')::BIGINT AS datetime_id,

    (sw.weather_json->'main'->>'temp')::DOUBLE PRECISION,
    (sw.weather_json->'main'->>'feels_like')::DOUBLE PRECISION,
    (sw.weather_json->'main'->>'temp_min')::DOUBLE PRECISION,
    (sw.weather_json->'main'->>'temp_max')::DOUBLE PRECISION,

    (sw.weather_json->'main'->>'pressure')::INT,
    (sw.weather_json->'main'->>'humidity')::INT,
    (sw.weather_json->>'visibility')::INT,

    (sw.weather_json->'wind'->>'speed')::DOUBLE PRECISION,
    (sw.weather_json->'wind'->>'deg')::INT,
    (sw.weather_json->'wind'->>'gust')::DOUBLE PRECISION,

    (sw.weather_json->'clouds'->>'all')::INT,

    (sw.weather_json->'weather'->0->>'id')::INT,
    sw.weather_json->'weather'->0->>'main',
    sw.weather_json->'weather'->0->>'description'
FROM staging_weather sw
ON CONFLICT (city_id, datetime_id) DO NOTHING;
[2025-12-29T01:52:17.276+0000] {base.py:84} INFO - Using connection ID 'weather' for task execution.
[2025-12-29T01:52:17.279+0000] {base.py:84} INFO - Using connection ID 'weather' for task execution.
[2025-12-29T01:52:17.281+0000] {sql.py:470} INFO - Running statement: INSERT INTO fact_weather (
    city_id,
    datetime_id,

    temperature,
    feels_like,
    temp_min,
    temp_max,

    pressure,
    humidity,
    visibility,

    wind_speed,
    wind_deg,
    wind_gust,

    cloud_coverage,

    weather_id,
    weather_main,
    weather_description
)
SELECT
    sw.city_id,
    (sw.weather_json->>'dt')::BIGINT AS datetime_id,

    (sw.weather_json->'main'->>'temp')::DOUBLE PRECISION,
    (sw.weather_json->'main'->>'feels_like')::DOUBLE PRECISION,
    (sw.weather_json->'main'->>'temp_min')::DOUBLE PRECISION,
    (sw.weather_json->'main'->>'temp_max')::DOUBLE PRECISION,

    (sw.weather_json->'main'->>'pressure')::INT,
    (sw.weather_json->'main'->>'humidity')::INT,
    (sw.weather_json->>'visibility')::INT,

    (sw.weather_json->'wind'->>'speed')::DOUBLE PRECISION,
    (sw.weather_json->'wind'->>'deg')::INT,
    (sw.weather_json->'wind'->>'gust')::DOUBLE PRECISION,

    (sw.weather_json->'clouds'->>'all')::INT,

    (sw.weather_json->'weather'->0->>'id')::INT,
    sw.weather_json->'weather'->0->>'main',
    sw.weather_json->'weather'->0->>'description'
FROM staging_weather sw
ON CONFLICT (city_id, datetime_id) DO NOTHING;, parameters: None
[2025-12-29T01:52:17.287+0000] {sql.py:479} INFO - Rows affected: 10
[2025-12-29T01:52:17.288+0000] {taskinstance.py:441} INFO - ::group::Post task execution logs
[2025-12-29T01:52:17.291+0000] {taskinstance.py:1206} INFO - Marking task as SUCCESS. dag_id=weather_etl_pipeline, task_id=load_fact_weather, run_id=manual__2025-12-29T01:52:10.445691+00:00, execution_date=20251229T015210, start_date=20251229T015217, end_date=20251229T015217
[2025-12-29T01:52:17.323+0000] {local_task_job_runner.py:240} INFO - Task exited with return code 0
[2025-12-29T01:52:17.332+0000] {logging_mixin.py:188} WARNING - /home/***/.local/lib/python3.12/site-packages/***/models/baseoperator.py:1296 AirflowProviderDeprecationWarning: Call to deprecated class PostgresOperator. (Please use `***.providers.common.sql.operators.sql.SQLExecuteQueryOperator`.Also, you can provide `hook_params={'schema': <database>}`.)
[2025-12-29T01:52:17.338+0000] {taskinstance.py:3498} INFO - 1 downstream tasks scheduled from follow-on schedule check
[2025-12-29T01:52:17.339+0000] {local_task_job_runner.py:222} INFO - ::endgroup::
