[2025-12-29T02:45:59.664+0000] {local_task_job_runner.py:120} INFO - ::group::Pre task execution logs
[2025-12-29T02:45:59.679+0000] {taskinstance.py:2076} INFO - Dependencies all met for dep_context=non-requeueable deps ti=<TaskInstance: weather_etl_pipeline.write_weather_audit manual__2025-12-29T01:52:10.445691+00:00 [queued]>
[2025-12-29T02:45:59.681+0000] {taskinstance.py:2076} INFO - Dependencies all met for dep_context=requeueable deps ti=<TaskInstance: weather_etl_pipeline.write_weather_audit manual__2025-12-29T01:52:10.445691+00:00 [queued]>
[2025-12-29T02:45:59.682+0000] {taskinstance.py:2306} INFO - Starting attempt 1 of 4
[2025-12-29T02:45:59.685+0000] {taskinstance.py:2330} INFO - Executing <Task(PythonOperator): write_weather_audit> on 2025-12-29 01:52:10.445691+00:00
[2025-12-29T02:45:59.689+0000] {logging_mixin.py:188} WARNING - /home/***/.local/lib/python3.12/site-packages/***/task/task_runner/standard_task_runner.py:61 DeprecationWarning: This process (pid=350) is multi-threaded, use of fork() may lead to deadlocks in the child.
[2025-12-29T02:45:59.688+0000] {standard_task_runner.py:90} INFO - Running: ['***', 'tasks', 'run', 'weather_etl_pipeline', 'write_weather_audit', 'manual__2025-12-29T01:52:10.445691+00:00', '--job-id', '99', '--raw', '--subdir', 'DAGS_FOLDER/weather_etl_dag.py', '--cfg-path', '/tmp/tmpyt6sq3pu']
[2025-12-29T02:45:59.690+0000] {standard_task_runner.py:63} INFO - Started process 351 to run task
[2025-12-29T02:45:59.690+0000] {standard_task_runner.py:91} INFO - Job 99: Subtask write_weather_audit
[2025-12-29T02:45:59.712+0000] {task_command.py:426} INFO - Running <TaskInstance: weather_etl_pipeline.write_weather_audit manual__2025-12-29T01:52:10.445691+00:00 [running]> on host d9239c5ab4b5
[2025-12-29T02:45:59.745+0000] {taskinstance.py:2648} INFO - Exporting env vars: AIRFLOW_CTX_DAG_OWNER='***' AIRFLOW_CTX_DAG_ID='weather_etl_pipeline' AIRFLOW_CTX_TASK_ID='write_weather_audit' AIRFLOW_CTX_EXECUTION_DATE='2025-12-29T01:52:10.445691+00:00' AIRFLOW_CTX_TRY_NUMBER='1' AIRFLOW_CTX_DAG_RUN_ID='manual__2025-12-29T01:52:10.445691+00:00'
[2025-12-29T02:45:59.746+0000] {taskinstance.py:430} INFO - ::endgroup::
[2025-12-29T02:45:59.755+0000] {base.py:84} INFO - Using connection ID 'weather' for task execution.
[2025-12-29T02:45:59.766+0000] {write_audit_log.py:37} INFO - Audit written: city_count=10 records_inserted=10
[2025-12-29T02:45:59.766+0000] {python.py:237} INFO - Done. Returned value was: None
[2025-12-29T02:45:59.766+0000] {taskinstance.py:441} INFO - ::group::Post task execution logs
[2025-12-29T02:45:59.769+0000] {taskinstance.py:1206} INFO - Marking task as SUCCESS. dag_id=weather_etl_pipeline, task_id=write_weather_audit, run_id=manual__2025-12-29T01:52:10.445691+00:00, execution_date=20251229T015210, start_date=20251229T024559, end_date=20251229T024559
[2025-12-29T02:45:59.791+0000] {local_task_job_runner.py:240} INFO - Task exited with return code 0
[2025-12-29T02:45:59.798+0000] {taskinstance.py:3498} INFO - 0 downstream tasks scheduled from follow-on schedule check
[2025-12-29T02:45:59.798+0000] {local_task_job_runner.py:222} INFO - ::endgroup::
