[2025-12-28T23:46:49.107+0000] {local_task_job_runner.py:120} INFO - ::group::Pre task execution logs
[2025-12-28T23:46:49.118+0000] {taskinstance.py:2076} INFO - Dependencies all met for dep_context=non-requeueable deps ti=<TaskInstance: weather_etl_pipeline.load_staging_data manual__2025-12-28T23:46:47.967705+00:00 [queued]>
[2025-12-28T23:46:49.120+0000] {taskinstance.py:2076} INFO - Dependencies all met for dep_context=requeueable deps ti=<TaskInstance: weather_etl_pipeline.load_staging_data manual__2025-12-28T23:46:47.967705+00:00 [queued]>
[2025-12-28T23:46:49.121+0000] {taskinstance.py:2306} INFO - Starting attempt 1 of 4
[2025-12-28T23:46:49.124+0000] {taskinstance.py:2330} INFO - Executing <Task(PythonOperator): load_staging_data> on 2025-12-28 23:46:47.967705+00:00
[2025-12-28T23:46:49.126+0000] {standard_task_runner.py:90} INFO - Running: ['***', 'tasks', 'run', 'weather_etl_pipeline', 'load_staging_data', 'manual__2025-12-28T23:46:47.967705+00:00', '--job-id', '13', '--raw', '--subdir', 'DAGS_FOLDER/weather_etl_dag.py', '--cfg-path', '/tmp/tmpv_36cajp']
[2025-12-28T23:46:49.127+0000] {logging_mixin.py:188} WARNING - /home/***/.local/lib/python3.12/site-packages/***/task/task_runner/standard_task_runner.py:61 DeprecationWarning: This process (pid=176) is multi-threaded, use of fork() may lead to deadlocks in the child.
[2025-12-28T23:46:49.127+0000] {standard_task_runner.py:91} INFO - Job 13: Subtask load_staging_data
[2025-12-28T23:46:49.127+0000] {standard_task_runner.py:63} INFO - Started process 177 to run task
[2025-12-28T23:46:49.142+0000] {task_command.py:426} INFO - Running <TaskInstance: weather_etl_pipeline.load_staging_data manual__2025-12-28T23:46:47.967705+00:00 [running]> on host 841aa3db09c3
[2025-12-28T23:46:49.168+0000] {taskinstance.py:2648} INFO - Exporting env vars: AIRFLOW_CTX_DAG_OWNER='***' AIRFLOW_CTX_DAG_ID='weather_etl_pipeline' AIRFLOW_CTX_TASK_ID='load_staging_data' AIRFLOW_CTX_EXECUTION_DATE='2025-12-28T23:46:47.967705+00:00' AIRFLOW_CTX_TRY_NUMBER='1' AIRFLOW_CTX_DAG_RUN_ID='manual__2025-12-28T23:46:47.967705+00:00'
[2025-12-28T23:46:49.169+0000] {taskinstance.py:430} INFO - ::endgroup::
[2025-12-28T23:46:49.182+0000] {base.py:84} INFO - Using connection ID 'weather' for task execution.
[2025-12-28T23:46:49.186+0000] {load_staging_data.py:46} INFO - Fetching weather for Tampa, FL
[2025-12-28T23:46:49.385+0000] {load_staging_data.py:52} ERROR - Failed for Tampa: {"cod":401, "message": "Invalid API key. Please see https://openweathermap.org/faq#error401 for more info."}
[2025-12-28T23:46:49.385+0000] {load_staging_data.py:46} INFO - Fetching weather for Indianapolis, IN
[2025-12-28T23:46:49.575+0000] {load_staging_data.py:52} ERROR - Failed for Indianapolis: {"cod":401, "message": "Invalid API key. Please see https://openweathermap.org/faq#error401 for more info."}
[2025-12-28T23:46:49.576+0000] {load_staging_data.py:46} INFO - Fetching weather for Charlotte, NC
[2025-12-28T23:46:49.785+0000] {load_staging_data.py:52} ERROR - Failed for Charlotte: {"cod":401, "message": "Invalid API key. Please see https://openweathermap.org/faq#error401 for more info."}
[2025-12-28T23:46:49.786+0000] {load_staging_data.py:46} INFO - Fetching weather for Houston, TX
[2025-12-28T23:46:50.078+0000] {load_staging_data.py:52} ERROR - Failed for Houston: {"cod":401, "message": "Invalid API key. Please see https://openweathermap.org/faq#error401 for more info."}
[2025-12-28T23:46:50.080+0000] {load_staging_data.py:46} INFO - Fetching weather for Chicago, IL
[2025-12-28T23:46:50.272+0000] {load_staging_data.py:52} ERROR - Failed for Chicago: {"cod":401, "message": "Invalid API key. Please see https://openweathermap.org/faq#error401 for more info."}
[2025-12-28T23:46:50.273+0000] {load_staging_data.py:46} INFO - Fetching weather for Jasper, IN
[2025-12-28T23:46:50.455+0000] {load_staging_data.py:52} ERROR - Failed for Jasper: {"cod":401, "message": "Invalid API key. Please see https://openweathermap.org/faq#error401 for more info."}
[2025-12-28T23:46:50.457+0000] {load_staging_data.py:46} INFO - Fetching weather for Austin, TX
[2025-12-28T23:46:50.653+0000] {load_staging_data.py:52} ERROR - Failed for Austin: {"cod":401, "message": "Invalid API key. Please see https://openweathermap.org/faq#error401 for more info."}
[2025-12-28T23:46:50.653+0000] {load_staging_data.py:46} INFO - Fetching weather for Miami, FL
[2025-12-28T23:46:50.842+0000] {load_staging_data.py:52} ERROR - Failed for Miami: {"cod":401, "message": "Invalid API key. Please see https://openweathermap.org/faq#error401 for more info."}
[2025-12-28T23:46:50.843+0000] {load_staging_data.py:46} INFO - Fetching weather for Raleigh, NC
[2025-12-28T23:46:51.032+0000] {load_staging_data.py:52} ERROR - Failed for Raleigh: {"cod":401, "message": "Invalid API key. Please see https://openweathermap.org/faq#error401 for more info."}
[2025-12-28T23:46:51.034+0000] {load_staging_data.py:46} INFO - Fetching weather for Elgin, IL
[2025-12-28T23:46:51.228+0000] {load_staging_data.py:52} ERROR - Failed for Elgin: {"cod":401, "message": "Invalid API key. Please see https://openweathermap.org/faq#error401 for more info."}
[2025-12-28T23:46:51.228+0000] {load_staging_data.py:83} INFO - Loaded 0 staging weather records
[2025-12-28T23:46:51.229+0000] {python.py:237} INFO - Done. Returned value was: {'city_count': 0, 'records_inserted': 0}
[2025-12-28T23:46:51.229+0000] {taskinstance.py:441} INFO - ::group::Post task execution logs
[2025-12-28T23:46:51.240+0000] {taskinstance.py:1206} INFO - Marking task as SUCCESS. dag_id=weather_etl_pipeline, task_id=load_staging_data, run_id=manual__2025-12-28T23:46:47.967705+00:00, execution_date=20251228T234647, start_date=20251228T234649, end_date=20251228T234651
[2025-12-28T23:46:51.246+0000] {local_task_job_runner.py:240} INFO - Task exited with return code 0
[2025-12-28T23:46:51.251+0000] {logging_mixin.py:188} WARNING - /home/***/.local/lib/python3.12/site-packages/***/models/baseoperator.py:1296 AirflowProviderDeprecationWarning: Call to deprecated class PostgresOperator. (Please use `***.providers.common.sql.operators.sql.SQLExecuteQueryOperator`.Also, you can provide `hook_params={'schema': <database>}`.)
[2025-12-28T23:46:51.257+0000] {taskinstance.py:3498} INFO - 1 downstream tasks scheduled from follow-on schedule check
[2025-12-28T23:46:51.257+0000] {local_task_job_runner.py:222} INFO - ::endgroup::
