[2025-12-28T23:47:48.698+0000] {local_task_job_runner.py:120} INFO - ::group::Pre task execution logs
[2025-12-28T23:47:48.710+0000] {taskinstance.py:2076} INFO - Dependencies all met for dep_context=non-requeueable deps ti=<TaskInstance: weather_etl_pipeline.load_historical_data scheduled__2025-12-27T00:00:00+00:00 [queued]>
[2025-12-28T23:47:48.713+0000] {taskinstance.py:2076} INFO - Dependencies all met for dep_context=requeueable deps ti=<TaskInstance: weather_etl_pipeline.load_historical_data scheduled__2025-12-27T00:00:00+00:00 [queued]>
[2025-12-28T23:47:48.713+0000] {taskinstance.py:2306} INFO - Starting attempt 1 of 4
[2025-12-28T23:47:48.718+0000] {taskinstance.py:2330} INFO - Executing <Task(PythonOperator): load_historical_data> on 2025-12-27 00:00:00+00:00
[2025-12-28T23:47:48.721+0000] {logging_mixin.py:188} WARNING - /home/***/.local/lib/python3.12/site-packages/***/task/task_runner/standard_task_runner.py:61 DeprecationWarning: This process (pid=202) is multi-threaded, use of fork() may lead to deadlocks in the child.
[2025-12-28T23:47:48.720+0000] {standard_task_runner.py:90} INFO - Running: ['***', 'tasks', 'run', 'weather_etl_pipeline', 'load_historical_data', 'scheduled__2025-12-27T00:00:00+00:00', '--job-id', '22', '--raw', '--subdir', 'DAGS_FOLDER/weather_etl_dag.py', '--cfg-path', '/tmp/tmpu8w8c_zd']
[2025-12-28T23:47:48.721+0000] {standard_task_runner.py:63} INFO - Started process 205 to run task
[2025-12-28T23:47:48.721+0000] {standard_task_runner.py:91} INFO - Job 22: Subtask load_historical_data
[2025-12-28T23:47:48.740+0000] {task_command.py:426} INFO - Running <TaskInstance: weather_etl_pipeline.load_historical_data scheduled__2025-12-27T00:00:00+00:00 [running]> on host 841aa3db09c3
[2025-12-28T23:47:48.768+0000] {taskinstance.py:2648} INFO - Exporting env vars: AIRFLOW_CTX_DAG_OWNER='***' AIRFLOW_CTX_DAG_ID='weather_etl_pipeline' AIRFLOW_CTX_TASK_ID='load_historical_data' AIRFLOW_CTX_EXECUTION_DATE='2025-12-27T00:00:00+00:00' AIRFLOW_CTX_TRY_NUMBER='1' AIRFLOW_CTX_DAG_RUN_ID='scheduled__2025-12-27T00:00:00+00:00'
[2025-12-28T23:47:48.769+0000] {taskinstance.py:430} INFO - ::endgroup::
[2025-12-28T23:47:48.774+0000] {load_historical_data.py:12} INFO - Starting historical weather load
[2025-12-28T23:47:48.778+0000] {base.py:84} INFO - Using connection ID 'weather' for task execution.
[2025-12-28T23:47:48.783+0000] {load_historical_data.py:48} INFO - Fetching weather for Tampa, FL
[2025-12-28T23:47:48.962+0000] {load_historical_data.py:57} ERROR - Failed for Tampa: {"cod":401, "message": "Invalid API key. Please see https://openweathermap.org/faq#error401 for more info."}
[2025-12-28T23:47:48.962+0000] {load_historical_data.py:48} INFO - Fetching weather for Indianapolis, IN
[2025-12-28T23:47:49.145+0000] {load_historical_data.py:57} ERROR - Failed for Indianapolis: {"cod":401, "message": "Invalid API key. Please see https://openweathermap.org/faq#error401 for more info."}
[2025-12-28T23:47:49.145+0000] {load_historical_data.py:48} INFO - Fetching weather for Charlotte, NC
[2025-12-28T23:47:49.322+0000] {load_historical_data.py:57} ERROR - Failed for Charlotte: {"cod":401, "message": "Invalid API key. Please see https://openweathermap.org/faq#error401 for more info."}
[2025-12-28T23:47:49.323+0000] {load_historical_data.py:48} INFO - Fetching weather for Houston, TX
[2025-12-28T23:47:49.511+0000] {load_historical_data.py:57} ERROR - Failed for Houston: {"cod":401, "message": "Invalid API key. Please see https://openweathermap.org/faq#error401 for more info."}
[2025-12-28T23:47:49.512+0000] {load_historical_data.py:48} INFO - Fetching weather for Chicago, IL
[2025-12-28T23:47:49.699+0000] {load_historical_data.py:57} ERROR - Failed for Chicago: {"cod":401, "message": "Invalid API key. Please see https://openweathermap.org/faq#error401 for more info."}
[2025-12-28T23:47:49.699+0000] {load_historical_data.py:48} INFO - Fetching weather for Jasper, IN
[2025-12-28T23:47:49.885+0000] {load_historical_data.py:57} ERROR - Failed for Jasper: {"cod":401, "message": "Invalid API key. Please see https://openweathermap.org/faq#error401 for more info."}
[2025-12-28T23:47:49.886+0000] {load_historical_data.py:48} INFO - Fetching weather for Austin, TX
[2025-12-28T23:47:50.066+0000] {load_historical_data.py:57} ERROR - Failed for Austin: {"cod":401, "message": "Invalid API key. Please see https://openweathermap.org/faq#error401 for more info."}
[2025-12-28T23:47:50.066+0000] {load_historical_data.py:48} INFO - Fetching weather for Miami, FL
[2025-12-28T23:47:50.243+0000] {load_historical_data.py:57} ERROR - Failed for Miami: {"cod":401, "message": "Invalid API key. Please see https://openweathermap.org/faq#error401 for more info."}
[2025-12-28T23:47:50.244+0000] {load_historical_data.py:48} INFO - Fetching weather for Raleigh, NC
[2025-12-28T23:47:50.417+0000] {load_historical_data.py:57} ERROR - Failed for Raleigh: {"cod":401, "message": "Invalid API key. Please see https://openweathermap.org/faq#error401 for more info."}
[2025-12-28T23:47:50.417+0000] {load_historical_data.py:48} INFO - Fetching weather for Elgin, IL
[2025-12-28T23:47:50.590+0000] {load_historical_data.py:57} ERROR - Failed for Elgin: {"cod":401, "message": "Invalid API key. Please see https://openweathermap.org/faq#error401 for more info."}
[2025-12-28T23:47:50.590+0000] {python.py:237} INFO - Done. Returned value was: {'records_inserted': 0}
[2025-12-28T23:47:50.591+0000] {taskinstance.py:441} INFO - ::group::Post task execution logs
[2025-12-28T23:47:50.601+0000] {taskinstance.py:1206} INFO - Marking task as SUCCESS. dag_id=weather_etl_pipeline, task_id=load_historical_data, run_id=scheduled__2025-12-27T00:00:00+00:00, execution_date=20251227T000000, start_date=20251228T234748, end_date=20251228T234750
[2025-12-28T23:47:50.623+0000] {local_task_job_runner.py:240} INFO - Task exited with return code 0
[2025-12-28T23:47:50.628+0000] {logging_mixin.py:188} WARNING - /home/***/.local/lib/python3.12/site-packages/***/models/baseoperator.py:1296 AirflowProviderDeprecationWarning: Call to deprecated class PostgresOperator. (Please use `***.providers.common.sql.operators.sql.SQLExecuteQueryOperator`.Also, you can provide `hook_params={'schema': <database>}`.)
[2025-12-28T23:47:50.634+0000] {taskinstance.py:3498} INFO - 1 downstream tasks scheduled from follow-on schedule check
[2025-12-28T23:47:50.634+0000] {local_task_job_runner.py:222} INFO - ::endgroup::
