[2025-12-29T00:59:50.371+0000] {local_task_job_runner.py:120} INFO - ::group::Pre task execution logs
[2025-12-29T00:59:50.381+0000] {taskinstance.py:2076} INFO - Dependencies all met for dep_context=non-requeueable deps ti=<TaskInstance: weather_etl_pipeline.load_dim_datetime scheduled__2025-12-28T00:00:00+00:00 [queued]>
[2025-12-29T00:59:50.384+0000] {taskinstance.py:2076} INFO - Dependencies all met for dep_context=requeueable deps ti=<TaskInstance: weather_etl_pipeline.load_dim_datetime scheduled__2025-12-28T00:00:00+00:00 [queued]>
[2025-12-29T00:59:50.384+0000] {taskinstance.py:2306} INFO - Starting attempt 1 of 4
[2025-12-29T00:59:50.387+0000] {taskinstance.py:2330} INFO - Executing <Task(PostgresOperator): load_dim_datetime> on 2025-12-28 00:00:00+00:00
[2025-12-29T00:59:50.390+0000] {logging_mixin.py:188} WARNING - /home/***/.local/lib/python3.12/site-packages/***/task/task_runner/standard_task_runner.py:61 DeprecationWarning: This process (pid=183) is multi-threaded, use of fork() may lead to deadlocks in the child.
[2025-12-29T00:59:50.389+0000] {standard_task_runner.py:90} INFO - Running: ['***', 'tasks', 'run', 'weather_etl_pipeline', 'load_dim_datetime', 'scheduled__2025-12-28T00:00:00+00:00', '--job-id', '41', '--raw', '--subdir', 'DAGS_FOLDER/weather_etl_dag.py', '--cfg-path', '/tmp/tmpohjy2hzq']
[2025-12-29T00:59:50.390+0000] {standard_task_runner.py:63} INFO - Started process 184 to run task
[2025-12-29T00:59:50.390+0000] {standard_task_runner.py:91} INFO - Job 41: Subtask load_dim_datetime
[2025-12-29T00:59:50.407+0000] {task_command.py:426} INFO - Running <TaskInstance: weather_etl_pipeline.load_dim_datetime scheduled__2025-12-28T00:00:00+00:00 [running]> on host 841aa3db09c3
[2025-12-29T00:59:50.433+0000] {taskinstance.py:2648} INFO - Exporting env vars: AIRFLOW_CTX_DAG_OWNER='***' AIRFLOW_CTX_DAG_ID='weather_etl_pipeline' AIRFLOW_CTX_TASK_ID='load_dim_datetime' AIRFLOW_CTX_EXECUTION_DATE='2025-12-28T00:00:00+00:00' AIRFLOW_CTX_TRY_NUMBER='1' AIRFLOW_CTX_DAG_RUN_ID='scheduled__2025-12-28T00:00:00+00:00'
[2025-12-29T00:59:50.433+0000] {taskinstance.py:430} INFO - ::endgroup::
[2025-12-29T00:59:50.437+0000] {sql.py:276} INFO - Executing: INSERT INTO dim_datetime (
    datetime_id,
    observed_at,
    date,
    hour,
    day,
    month,
    year
)
SELECT DISTINCT
    (weather_json->>'dt')::BIGINT                     AS datetime_id,
    to_timestamp((weather_json->>'dt')::BIGINT)       AS observed_at,
    DATE(to_timestamp((weather_json->>'dt')::BIGINT)) AS date,
    EXTRACT(HOUR  FROM to_timestamp((weather_json->>'dt')::BIGINT))::INT AS hour,
    EXTRACT(DAY   FROM to_timestamp((weather_json->>'dt')::BIGINT))::INT AS day,
    EXTRACT(MONTH FROM to_timestamp((weather_json->>'dt')::BIGINT))::INT AS month,
    EXTRACT(YEAR  FROM to_timestamp((weather_json->>'dt')::BIGINT))::INT AS year
FROM staging_weather
ON CONFLICT (datetime_id) DO NOTHING;
[2025-12-29T00:59:50.440+0000] {base.py:84} INFO - Using connection ID 'weather' for task execution.
[2025-12-29T00:59:50.443+0000] {base.py:84} INFO - Using connection ID 'weather' for task execution.
[2025-12-29T00:59:50.445+0000] {sql.py:470} INFO - Running statement: INSERT INTO dim_datetime (
    datetime_id,
    observed_at,
    date,
    hour,
    day,
    month,
    year
)
SELECT DISTINCT
    (weather_json->>'dt')::BIGINT                     AS datetime_id,
    to_timestamp((weather_json->>'dt')::BIGINT)       AS observed_at,
    DATE(to_timestamp((weather_json->>'dt')::BIGINT)) AS date,
    EXTRACT(HOUR  FROM to_timestamp((weather_json->>'dt')::BIGINT))::INT AS hour,
    EXTRACT(DAY   FROM to_timestamp((weather_json->>'dt')::BIGINT))::INT AS day,
    EXTRACT(MONTH FROM to_timestamp((weather_json->>'dt')::BIGINT))::INT AS month,
    EXTRACT(YEAR  FROM to_timestamp((weather_json->>'dt')::BIGINT))::INT AS year
FROM staging_weather
ON CONFLICT (datetime_id) DO NOTHING;, parameters: None
[2025-12-29T00:59:50.447+0000] {sql.py:479} INFO - Rows affected: 0
[2025-12-29T00:59:50.447+0000] {taskinstance.py:441} INFO - ::group::Post task execution logs
[2025-12-29T00:59:50.450+0000] {taskinstance.py:1206} INFO - Marking task as SUCCESS. dag_id=weather_etl_pipeline, task_id=load_dim_datetime, run_id=scheduled__2025-12-28T00:00:00+00:00, execution_date=20251228T000000, start_date=20251229T005950, end_date=20251229T005950
[2025-12-29T00:59:50.491+0000] {local_task_job_runner.py:240} INFO - Task exited with return code 0
[2025-12-29T00:59:50.495+0000] {logging_mixin.py:188} WARNING - /home/***/.local/lib/python3.12/site-packages/***/models/baseoperator.py:1296 AirflowProviderDeprecationWarning: Call to deprecated class PostgresOperator. (Please use `***.providers.common.sql.operators.sql.SQLExecuteQueryOperator`.Also, you can provide `hook_params={'schema': <database>}`.)
[2025-12-29T00:59:50.501+0000] {taskinstance.py:3498} INFO - 1 downstream tasks scheduled from follow-on schedule check
[2025-12-29T00:59:50.501+0000] {local_task_job_runner.py:222} INFO - ::endgroup::
