[2025-12-29T00:59:47.545+0000] {local_task_job_runner.py:120} INFO - ::group::Pre task execution logs
[2025-12-29T00:59:47.556+0000] {taskinstance.py:2076} INFO - Dependencies all met for dep_context=non-requeueable deps ti=<TaskInstance: weather_etl_pipeline.load_historical_data scheduled__2025-12-28T00:00:00+00:00 [queued]>
[2025-12-29T00:59:47.558+0000] {taskinstance.py:2076} INFO - Dependencies all met for dep_context=requeueable deps ti=<TaskInstance: weather_etl_pipeline.load_historical_data scheduled__2025-12-28T00:00:00+00:00 [queued]>
[2025-12-29T00:59:47.559+0000] {taskinstance.py:2306} INFO - Starting attempt 1 of 4
[2025-12-29T00:59:47.562+0000] {taskinstance.py:2330} INFO - Executing <Task(PythonOperator): load_historical_data> on 2025-12-28 00:00:00+00:00
[2025-12-29T00:59:47.564+0000] {standard_task_runner.py:90} INFO - Running: ['***', 'tasks', 'run', 'weather_etl_pipeline', 'load_historical_data', 'scheduled__2025-12-28T00:00:00+00:00', '--job-id', '39', '--raw', '--subdir', 'DAGS_FOLDER/weather_etl_dag.py', '--cfg-path', '/tmp/tmp4z8x5ccd']
[2025-12-29T00:59:47.565+0000] {logging_mixin.py:188} WARNING - /home/***/.local/lib/python3.12/site-packages/***/task/task_runner/standard_task_runner.py:61 DeprecationWarning: This process (pid=179) is multi-threaded, use of fork() may lead to deadlocks in the child.
[2025-12-29T00:59:47.565+0000] {standard_task_runner.py:91} INFO - Job 39: Subtask load_historical_data
[2025-12-29T00:59:47.565+0000] {standard_task_runner.py:63} INFO - Started process 180 to run task
[2025-12-29T00:59:47.582+0000] {task_command.py:426} INFO - Running <TaskInstance: weather_etl_pipeline.load_historical_data scheduled__2025-12-28T00:00:00+00:00 [running]> on host 841aa3db09c3
[2025-12-29T00:59:47.608+0000] {taskinstance.py:2648} INFO - Exporting env vars: AIRFLOW_CTX_DAG_OWNER='***' AIRFLOW_CTX_DAG_ID='weather_etl_pipeline' AIRFLOW_CTX_TASK_ID='load_historical_data' AIRFLOW_CTX_EXECUTION_DATE='2025-12-28T00:00:00+00:00' AIRFLOW_CTX_TRY_NUMBER='1' AIRFLOW_CTX_DAG_RUN_ID='scheduled__2025-12-28T00:00:00+00:00'
[2025-12-29T00:59:47.608+0000] {taskinstance.py:430} INFO - ::endgroup::
[2025-12-29T00:59:47.612+0000] {load_historical_data.py:12} INFO - Starting historical weather load
[2025-12-29T00:59:47.615+0000] {base.py:84} INFO - Using connection ID 'weather' for task execution.
[2025-12-29T00:59:47.619+0000] {load_historical_data.py:48} INFO - Fetching weather for Tampa, FL
[2025-12-29T00:59:47.783+0000] {load_historical_data.py:57} ERROR - Failed for Tampa: {"cod":401, "message": "Invalid API key. Please see https://openweathermap.org/faq#error401 for more info."}
[2025-12-29T00:59:47.784+0000] {load_historical_data.py:48} INFO - Fetching weather for Indianapolis, IN
[2025-12-29T00:59:47.962+0000] {load_historical_data.py:57} ERROR - Failed for Indianapolis: {"cod":401, "message": "Invalid API key. Please see https://openweathermap.org/faq#error401 for more info."}
[2025-12-29T00:59:47.963+0000] {load_historical_data.py:48} INFO - Fetching weather for Charlotte, NC
[2025-12-29T00:59:48.173+0000] {load_historical_data.py:57} ERROR - Failed for Charlotte: {"cod":401, "message": "Invalid API key. Please see https://openweathermap.org/faq#error401 for more info."}
[2025-12-29T00:59:48.175+0000] {load_historical_data.py:48} INFO - Fetching weather for Houston, TX
[2025-12-29T00:59:48.362+0000] {load_historical_data.py:57} ERROR - Failed for Houston: {"cod":401, "message": "Invalid API key. Please see https://openweathermap.org/faq#error401 for more info."}
[2025-12-29T00:59:48.363+0000] {load_historical_data.py:48} INFO - Fetching weather for Chicago, IL
[2025-12-29T00:59:48.555+0000] {load_historical_data.py:57} ERROR - Failed for Chicago: {"cod":401, "message": "Invalid API key. Please see https://openweathermap.org/faq#error401 for more info."}
[2025-12-29T00:59:48.555+0000] {load_historical_data.py:48} INFO - Fetching weather for Jasper, IN
[2025-12-29T00:59:48.730+0000] {load_historical_data.py:57} ERROR - Failed for Jasper: {"cod":401, "message": "Invalid API key. Please see https://openweathermap.org/faq#error401 for more info."}
[2025-12-29T00:59:48.732+0000] {load_historical_data.py:48} INFO - Fetching weather for Austin, TX
[2025-12-29T00:59:48.928+0000] {load_historical_data.py:57} ERROR - Failed for Austin: {"cod":401, "message": "Invalid API key. Please see https://openweathermap.org/faq#error401 for more info."}
[2025-12-29T00:59:48.929+0000] {load_historical_data.py:48} INFO - Fetching weather for Miami, FL
[2025-12-29T00:59:49.134+0000] {load_historical_data.py:57} ERROR - Failed for Miami: {"cod":401, "message": "Invalid API key. Please see https://openweathermap.org/faq#error401 for more info."}
[2025-12-29T00:59:49.136+0000] {load_historical_data.py:48} INFO - Fetching weather for Raleigh, NC
[2025-12-29T00:59:49.318+0000] {load_historical_data.py:57} ERROR - Failed for Raleigh: {"cod":401, "message": "Invalid API key. Please see https://openweathermap.org/faq#error401 for more info."}
[2025-12-29T00:59:49.319+0000] {load_historical_data.py:48} INFO - Fetching weather for Elgin, IL
[2025-12-29T00:59:49.512+0000] {load_historical_data.py:57} ERROR - Failed for Elgin: {"cod":401, "message": "Invalid API key. Please see https://openweathermap.org/faq#error401 for more info."}
[2025-12-29T00:59:49.516+0000] {python.py:237} INFO - Done. Returned value was: {'records_inserted': 0}
[2025-12-29T00:59:49.517+0000] {taskinstance.py:441} INFO - ::group::Post task execution logs
[2025-12-29T00:59:49.541+0000] {taskinstance.py:1206} INFO - Marking task as SUCCESS. dag_id=weather_etl_pipeline, task_id=load_historical_data, run_id=scheduled__2025-12-28T00:00:00+00:00, execution_date=20251228T000000, start_date=20251229T005947, end_date=20251229T005949
[2025-12-29T00:59:49.571+0000] {local_task_job_runner.py:240} INFO - Task exited with return code 0
[2025-12-29T00:59:49.578+0000] {local_task_job_runner.py:222} INFO - ::endgroup::
