[2025-12-29T01:00:52.055+0000] {local_task_job_runner.py:120} INFO - ::group::Pre task execution logs
[2025-12-29T01:00:52.066+0000] {taskinstance.py:2076} INFO - Dependencies all met for dep_context=non-requeueable deps ti=<TaskInstance: weather_etl_pipeline.load_staging_data manual__2025-12-29T01:00:51.546635+00:00 [queued]>
[2025-12-29T01:00:52.069+0000] {taskinstance.py:2076} INFO - Dependencies all met for dep_context=requeueable deps ti=<TaskInstance: weather_etl_pipeline.load_staging_data manual__2025-12-29T01:00:51.546635+00:00 [queued]>
[2025-12-29T01:00:52.069+0000] {taskinstance.py:2306} INFO - Starting attempt 1 of 4
[2025-12-29T01:00:52.072+0000] {taskinstance.py:2330} INFO - Executing <Task(PythonOperator): load_staging_data> on 2025-12-29 01:00:51.546635+00:00
[2025-12-29T01:00:52.075+0000] {standard_task_runner.py:90} INFO - Running: ['***', 'tasks', 'run', 'weather_etl_pipeline', 'load_staging_data', 'manual__2025-12-29T01:00:51.546635+00:00', '--job-id', '44', '--raw', '--subdir', 'DAGS_FOLDER/weather_etl_dag.py', '--cfg-path', '/tmp/tmpn8jkbuf6']
[2025-12-29T01:00:52.076+0000] {standard_task_runner.py:91} INFO - Job 44: Subtask load_staging_data
[2025-12-29T01:00:52.076+0000] {logging_mixin.py:188} WARNING - /home/***/.local/lib/python3.12/site-packages/***/task/task_runner/standard_task_runner.py:61 DeprecationWarning: This process (pid=199) is multi-threaded, use of fork() may lead to deadlocks in the child.
[2025-12-29T01:00:52.076+0000] {standard_task_runner.py:63} INFO - Started process 200 to run task
[2025-12-29T01:00:52.091+0000] {task_command.py:426} INFO - Running <TaskInstance: weather_etl_pipeline.load_staging_data manual__2025-12-29T01:00:51.546635+00:00 [running]> on host 841aa3db09c3
[2025-12-29T01:00:52.117+0000] {taskinstance.py:2648} INFO - Exporting env vars: AIRFLOW_CTX_DAG_OWNER='***' AIRFLOW_CTX_DAG_ID='weather_etl_pipeline' AIRFLOW_CTX_TASK_ID='load_staging_data' AIRFLOW_CTX_EXECUTION_DATE='2025-12-29T01:00:51.546635+00:00' AIRFLOW_CTX_TRY_NUMBER='1' AIRFLOW_CTX_DAG_RUN_ID='manual__2025-12-29T01:00:51.546635+00:00'
[2025-12-29T01:00:52.118+0000] {taskinstance.py:430} INFO - ::endgroup::
[2025-12-29T01:00:52.125+0000] {base.py:84} INFO - Using connection ID 'weather' for task execution.
[2025-12-29T01:00:52.129+0000] {load_staging_data.py:46} INFO - Fetching weather for Tampa, FL
[2025-12-29T01:00:52.299+0000] {load_staging_data.py:52} ERROR - Failed for Tampa: {"cod":401, "message": "Invalid API key. Please see https://openweathermap.org/faq#error401 for more info."}
[2025-12-29T01:00:52.299+0000] {load_staging_data.py:46} INFO - Fetching weather for Indianapolis, IN
[2025-12-29T01:00:52.476+0000] {load_staging_data.py:52} ERROR - Failed for Indianapolis: {"cod":401, "message": "Invalid API key. Please see https://openweathermap.org/faq#error401 for more info."}
[2025-12-29T01:00:52.478+0000] {load_staging_data.py:46} INFO - Fetching weather for Charlotte, NC
[2025-12-29T01:00:52.675+0000] {load_staging_data.py:52} ERROR - Failed for Charlotte: {"cod":401, "message": "Invalid API key. Please see https://openweathermap.org/faq#error401 for more info."}
[2025-12-29T01:00:52.676+0000] {load_staging_data.py:46} INFO - Fetching weather for Houston, TX
[2025-12-29T01:00:52.860+0000] {load_staging_data.py:52} ERROR - Failed for Houston: {"cod":401, "message": "Invalid API key. Please see https://openweathermap.org/faq#error401 for more info."}
[2025-12-29T01:00:52.862+0000] {load_staging_data.py:46} INFO - Fetching weather for Chicago, IL
[2025-12-29T01:00:53.051+0000] {load_staging_data.py:52} ERROR - Failed for Chicago: {"cod":401, "message": "Invalid API key. Please see https://openweathermap.org/faq#error401 for more info."}
[2025-12-29T01:00:53.052+0000] {load_staging_data.py:46} INFO - Fetching weather for Jasper, IN
[2025-12-29T01:00:53.234+0000] {load_staging_data.py:52} ERROR - Failed for Jasper: {"cod":401, "message": "Invalid API key. Please see https://openweathermap.org/faq#error401 for more info."}
[2025-12-29T01:00:53.235+0000] {load_staging_data.py:46} INFO - Fetching weather for Austin, TX
[2025-12-29T01:00:53.418+0000] {load_staging_data.py:52} ERROR - Failed for Austin: {"cod":401, "message": "Invalid API key. Please see https://openweathermap.org/faq#error401 for more info."}
[2025-12-29T01:00:53.420+0000] {load_staging_data.py:46} INFO - Fetching weather for Miami, FL
[2025-12-29T01:00:53.609+0000] {load_staging_data.py:52} ERROR - Failed for Miami: {"cod":401, "message": "Invalid API key. Please see https://openweathermap.org/faq#error401 for more info."}
[2025-12-29T01:00:53.610+0000] {load_staging_data.py:46} INFO - Fetching weather for Raleigh, NC
[2025-12-29T01:00:53.790+0000] {load_staging_data.py:52} ERROR - Failed for Raleigh: {"cod":401, "message": "Invalid API key. Please see https://openweathermap.org/faq#error401 for more info."}
[2025-12-29T01:00:53.791+0000] {load_staging_data.py:46} INFO - Fetching weather for Elgin, IL
[2025-12-29T01:00:54.004+0000] {load_staging_data.py:52} ERROR - Failed for Elgin: {"cod":401, "message": "Invalid API key. Please see https://openweathermap.org/faq#error401 for more info."}
[2025-12-29T01:00:54.006+0000] {load_staging_data.py:83} INFO - Loaded 0 staging weather records
[2025-12-29T01:00:54.008+0000] {python.py:237} INFO - Done. Returned value was: {'city_count': 0, 'records_inserted': 0}
[2025-12-29T01:00:54.009+0000] {taskinstance.py:441} INFO - ::group::Post task execution logs
[2025-12-29T01:00:54.035+0000] {taskinstance.py:1206} INFO - Marking task as SUCCESS. dag_id=weather_etl_pipeline, task_id=load_staging_data, run_id=manual__2025-12-29T01:00:51.546635+00:00, execution_date=20251229T010051, start_date=20251229T010052, end_date=20251229T010054
[2025-12-29T01:00:54.068+0000] {local_task_job_runner.py:240} INFO - Task exited with return code 0
[2025-12-29T01:00:54.075+0000] {logging_mixin.py:188} WARNING - /home/***/.local/lib/python3.12/site-packages/***/models/baseoperator.py:1296 AirflowProviderDeprecationWarning: Call to deprecated class PostgresOperator. (Please use `***.providers.common.sql.operators.sql.SQLExecuteQueryOperator`.Also, you can provide `hook_params={'schema': <database>}`.)
[2025-12-29T01:00:54.083+0000] {taskinstance.py:3498} INFO - 1 downstream tasks scheduled from follow-on schedule check
[2025-12-29T01:00:54.083+0000] {local_task_job_runner.py:222} INFO - ::endgroup::
