[2025-12-28T23:47:46.619+0000] {local_task_job_runner.py:120} INFO - ::group::Pre task execution logs
[2025-12-28T23:47:46.632+0000] {taskinstance.py:2076} INFO - Dependencies all met for dep_context=non-requeueable deps ti=<TaskInstance: weather_etl_pipeline.load_staging_data manual__2025-12-28T23:25:18.313179+00:00 [queued]>
[2025-12-28T23:47:46.634+0000] {taskinstance.py:2076} INFO - Dependencies all met for dep_context=requeueable deps ti=<TaskInstance: weather_etl_pipeline.load_staging_data manual__2025-12-28T23:25:18.313179+00:00 [queued]>
[2025-12-28T23:47:46.634+0000] {taskinstance.py:2306} INFO - Starting attempt 3 of 4
[2025-12-28T23:47:46.639+0000] {taskinstance.py:2330} INFO - Executing <Task(PythonOperator): load_staging_data> on 2025-12-28 23:25:18.313179+00:00
[2025-12-28T23:47:46.641+0000] {standard_task_runner.py:90} INFO - Running: ['***', 'tasks', 'run', 'weather_etl_pipeline', 'load_staging_data', 'manual__2025-12-28T23:25:18.313179+00:00', '--job-id', '20', '--raw', '--subdir', 'DAGS_FOLDER/weather_etl_dag.py', '--cfg-path', '/tmp/tmpcc50ddgi']
[2025-12-28T23:47:46.642+0000] {logging_mixin.py:188} WARNING - /home/***/.local/lib/python3.12/site-packages/***/task/task_runner/standard_task_runner.py:61 DeprecationWarning: This process (pid=199) is multi-threaded, use of fork() may lead to deadlocks in the child.
[2025-12-28T23:47:46.642+0000] {standard_task_runner.py:91} INFO - Job 20: Subtask load_staging_data
[2025-12-28T23:47:46.642+0000] {standard_task_runner.py:63} INFO - Started process 201 to run task
[2025-12-28T23:47:46.660+0000] {task_command.py:426} INFO - Running <TaskInstance: weather_etl_pipeline.load_staging_data manual__2025-12-28T23:25:18.313179+00:00 [running]> on host 841aa3db09c3
[2025-12-28T23:47:46.694+0000] {taskinstance.py:2648} INFO - Exporting env vars: AIRFLOW_CTX_DAG_OWNER='***' AIRFLOW_CTX_DAG_ID='weather_etl_pipeline' AIRFLOW_CTX_TASK_ID='load_staging_data' AIRFLOW_CTX_EXECUTION_DATE='2025-12-28T23:25:18.313179+00:00' AIRFLOW_CTX_TRY_NUMBER='3' AIRFLOW_CTX_DAG_RUN_ID='manual__2025-12-28T23:25:18.313179+00:00'
[2025-12-28T23:47:46.695+0000] {taskinstance.py:430} INFO - ::endgroup::
[2025-12-28T23:47:46.703+0000] {base.py:84} INFO - Using connection ID 'weather' for task execution.
[2025-12-28T23:47:46.709+0000] {load_staging_data.py:46} INFO - Fetching weather for Tampa, FL
[2025-12-28T23:47:46.878+0000] {load_staging_data.py:52} ERROR - Failed for Tampa: {"cod":401, "message": "Invalid API key. Please see https://openweathermap.org/faq#error401 for more info."}
[2025-12-28T23:47:46.878+0000] {load_staging_data.py:46} INFO - Fetching weather for Indianapolis, IN
[2025-12-28T23:47:47.064+0000] {load_staging_data.py:52} ERROR - Failed for Indianapolis: {"cod":401, "message": "Invalid API key. Please see https://openweathermap.org/faq#error401 for more info."}
[2025-12-28T23:47:47.064+0000] {load_staging_data.py:46} INFO - Fetching weather for Charlotte, NC
[2025-12-28T23:47:47.241+0000] {load_staging_data.py:52} ERROR - Failed for Charlotte: {"cod":401, "message": "Invalid API key. Please see https://openweathermap.org/faq#error401 for more info."}
[2025-12-28T23:47:47.243+0000] {load_staging_data.py:46} INFO - Fetching weather for Houston, TX
[2025-12-28T23:47:47.429+0000] {load_staging_data.py:52} ERROR - Failed for Houston: {"cod":401, "message": "Invalid API key. Please see https://openweathermap.org/faq#error401 for more info."}
[2025-12-28T23:47:47.430+0000] {load_staging_data.py:46} INFO - Fetching weather for Chicago, IL
[2025-12-28T23:47:47.589+0000] {load_staging_data.py:52} ERROR - Failed for Chicago: {"cod":401, "message": "Invalid API key. Please see https://openweathermap.org/faq#error401 for more info."}
[2025-12-28T23:47:47.589+0000] {load_staging_data.py:46} INFO - Fetching weather for Jasper, IN
[2025-12-28T23:47:47.770+0000] {load_staging_data.py:52} ERROR - Failed for Jasper: {"cod":401, "message": "Invalid API key. Please see https://openweathermap.org/faq#error401 for more info."}
[2025-12-28T23:47:47.771+0000] {load_staging_data.py:46} INFO - Fetching weather for Austin, TX
[2025-12-28T23:47:47.947+0000] {load_staging_data.py:52} ERROR - Failed for Austin: {"cod":401, "message": "Invalid API key. Please see https://openweathermap.org/faq#error401 for more info."}
[2025-12-28T23:47:47.948+0000] {load_staging_data.py:46} INFO - Fetching weather for Miami, FL
[2025-12-28T23:47:48.138+0000] {load_staging_data.py:52} ERROR - Failed for Miami: {"cod":401, "message": "Invalid API key. Please see https://openweathermap.org/faq#error401 for more info."}
[2025-12-28T23:47:48.139+0000] {load_staging_data.py:46} INFO - Fetching weather for Raleigh, NC
[2025-12-28T23:47:48.338+0000] {load_staging_data.py:52} ERROR - Failed for Raleigh: {"cod":401, "message": "Invalid API key. Please see https://openweathermap.org/faq#error401 for more info."}
[2025-12-28T23:47:48.340+0000] {load_staging_data.py:46} INFO - Fetching weather for Elgin, IL
[2025-12-28T23:47:48.532+0000] {load_staging_data.py:52} ERROR - Failed for Elgin: {"cod":401, "message": "Invalid API key. Please see https://openweathermap.org/faq#error401 for more info."}
[2025-12-28T23:47:48.533+0000] {load_staging_data.py:83} INFO - Loaded 0 staging weather records
[2025-12-28T23:47:48.536+0000] {python.py:237} INFO - Done. Returned value was: {'city_count': 0, 'records_inserted': 0}
[2025-12-28T23:47:48.537+0000] {taskinstance.py:441} INFO - ::group::Post task execution logs
[2025-12-28T23:47:48.557+0000] {taskinstance.py:1206} INFO - Marking task as SUCCESS. dag_id=weather_etl_pipeline, task_id=load_staging_data, run_id=manual__2025-12-28T23:25:18.313179+00:00, execution_date=20251228T232518, start_date=20251228T234746, end_date=20251228T234748
[2025-12-28T23:47:48.587+0000] {local_task_job_runner.py:240} INFO - Task exited with return code 0
[2025-12-28T23:47:48.594+0000] {logging_mixin.py:188} WARNING - /home/***/.local/lib/python3.12/site-packages/***/models/baseoperator.py:1296 AirflowProviderDeprecationWarning: Call to deprecated class PostgresOperator. (Please use `***.providers.common.sql.operators.sql.SQLExecuteQueryOperator`.Also, you can provide `hook_params={'schema': <database>}`.)
[2025-12-28T23:47:48.601+0000] {taskinstance.py:3498} INFO - 1 downstream tasks scheduled from follow-on schedule check
[2025-12-28T23:47:48.602+0000] {local_task_job_runner.py:222} INFO - ::endgroup::
