[2025-12-29T01:52:15.780+0000] {local_task_job_runner.py:120} INFO - ::group::Pre task execution logs
[2025-12-29T01:52:15.791+0000] {taskinstance.py:2076} INFO - Dependencies all met for dep_context=non-requeueable deps ti=<TaskInstance: weather_etl_pipeline.staging_quality_checks manual__2025-12-29T01:52:10.445691+00:00 [queued]>
[2025-12-29T01:52:15.794+0000] {taskinstance.py:2076} INFO - Dependencies all met for dep_context=requeueable deps ti=<TaskInstance: weather_etl_pipeline.staging_quality_checks manual__2025-12-29T01:52:10.445691+00:00 [queued]>
[2025-12-29T01:52:15.794+0000] {taskinstance.py:2306} INFO - Starting attempt 1 of 4
[2025-12-29T01:52:15.798+0000] {taskinstance.py:2330} INFO - Executing <Task(PythonOperator): staging_quality_checks> on 2025-12-29 01:52:10.445691+00:00
[2025-12-29T01:52:15.801+0000] {logging_mixin.py:188} WARNING - /home/***/.local/lib/python3.12/site-packages/***/task/task_runner/standard_task_runner.py:61 DeprecationWarning: This process (pid=185) is multi-threaded, use of fork() may lead to deadlocks in the child.
[2025-12-29T01:52:15.800+0000] {standard_task_runner.py:90} INFO - Running: ['***', 'tasks', 'run', 'weather_etl_pipeline', 'staging_quality_checks', 'manual__2025-12-29T01:52:10.445691+00:00', '--job-id', '89', '--raw', '--subdir', 'DAGS_FOLDER/weather_etl_dag.py', '--cfg-path', '/tmp/tmps0u0uikq']
[2025-12-29T01:52:15.801+0000] {standard_task_runner.py:63} INFO - Started process 186 to run task
[2025-12-29T01:52:15.801+0000] {standard_task_runner.py:91} INFO - Job 89: Subtask staging_quality_checks
[2025-12-29T01:52:15.817+0000] {task_command.py:426} INFO - Running <TaskInstance: weather_etl_pipeline.staging_quality_checks manual__2025-12-29T01:52:10.445691+00:00 [running]> on host d9239c5ab4b5
[2025-12-29T01:52:15.843+0000] {taskinstance.py:2648} INFO - Exporting env vars: AIRFLOW_CTX_DAG_OWNER='***' AIRFLOW_CTX_DAG_ID='weather_etl_pipeline' AIRFLOW_CTX_TASK_ID='staging_quality_checks' AIRFLOW_CTX_EXECUTION_DATE='2025-12-29T01:52:10.445691+00:00' AIRFLOW_CTX_TRY_NUMBER='1' AIRFLOW_CTX_DAG_RUN_ID='manual__2025-12-29T01:52:10.445691+00:00'
[2025-12-29T01:52:15.843+0000] {taskinstance.py:430} INFO - ::endgroup::
[2025-12-29T01:52:15.848+0000] {stage_quality_checks.py:8} INFO - Running staging quality checks
[2025-12-29T01:52:15.851+0000] {base.py:84} INFO - Using connection ID 'weather' for task execution.
[2025-12-29T01:52:15.855+0000] {stage_quality_checks.py:31} INFO - Latest retrieval time: 2025-12-29 01:52:12.850476
[2025-12-29T01:52:15.856+0000] {stage_quality_checks.py:46} INFO - Staging quality checks passed
[2025-12-29T01:52:15.856+0000] {python.py:237} INFO - Done. Returned value was: None
[2025-12-29T01:52:15.856+0000] {taskinstance.py:441} INFO - ::group::Post task execution logs
[2025-12-29T01:52:15.859+0000] {taskinstance.py:1206} INFO - Marking task as SUCCESS. dag_id=weather_etl_pipeline, task_id=staging_quality_checks, run_id=manual__2025-12-29T01:52:10.445691+00:00, execution_date=20251229T015210, start_date=20251229T015215, end_date=20251229T015215
[2025-12-29T01:52:15.907+0000] {local_task_job_runner.py:240} INFO - Task exited with return code 0
[2025-12-29T01:52:15.912+0000] {logging_mixin.py:188} WARNING - /home/***/.local/lib/python3.12/site-packages/***/models/baseoperator.py:1296 AirflowProviderDeprecationWarning: Call to deprecated class PostgresOperator. (Please use `***.providers.common.sql.operators.sql.SQLExecuteQueryOperator`.Also, you can provide `hook_params={'schema': <database>}`.)
[2025-12-29T01:52:15.918+0000] {taskinstance.py:3498} INFO - 1 downstream tasks scheduled from follow-on schedule check
[2025-12-29T01:52:15.918+0000] {local_task_job_runner.py:222} INFO - ::endgroup::
