[2025-12-29T01:00:58.209+0000] {local_task_job_runner.py:120} INFO - ::group::Pre task execution logs
[2025-12-29T01:00:58.219+0000] {taskinstance.py:2076} INFO - Dependencies all met for dep_context=non-requeueable deps ti=<TaskInstance: weather_etl_pipeline.load_dim_datetime manual__2025-12-29T01:00:51.546635+00:00 [queued]>
[2025-12-29T01:00:58.222+0000] {taskinstance.py:2076} INFO - Dependencies all met for dep_context=requeueable deps ti=<TaskInstance: weather_etl_pipeline.load_dim_datetime manual__2025-12-29T01:00:51.546635+00:00 [queued]>
[2025-12-29T01:00:58.222+0000] {taskinstance.py:2306} INFO - Starting attempt 1 of 4
[2025-12-29T01:00:58.225+0000] {taskinstance.py:2330} INFO - Executing <Task(PostgresOperator): load_dim_datetime> on 2025-12-29 01:00:51.546635+00:00
[2025-12-29T01:00:58.227+0000] {standard_task_runner.py:90} INFO - Running: ['***', 'tasks', 'run', 'weather_etl_pipeline', 'load_dim_datetime', 'manual__2025-12-29T01:00:51.546635+00:00', '--job-id', '47', '--raw', '--subdir', 'DAGS_FOLDER/weather_etl_dag.py', '--cfg-path', '/tmp/tmppo3wswdl']
[2025-12-29T01:00:58.228+0000] {standard_task_runner.py:91} INFO - Job 47: Subtask load_dim_datetime
[2025-12-29T01:00:58.228+0000] {logging_mixin.py:188} WARNING - /home/***/.local/lib/python3.12/site-packages/***/task/task_runner/standard_task_runner.py:61 DeprecationWarning: This process (pid=205) is multi-threaded, use of fork() may lead to deadlocks in the child.
[2025-12-29T01:00:58.228+0000] {standard_task_runner.py:63} INFO - Started process 206 to run task
[2025-12-29T01:00:58.243+0000] {task_command.py:426} INFO - Running <TaskInstance: weather_etl_pipeline.load_dim_datetime manual__2025-12-29T01:00:51.546635+00:00 [running]> on host 841aa3db09c3
[2025-12-29T01:00:58.270+0000] {taskinstance.py:2648} INFO - Exporting env vars: AIRFLOW_CTX_DAG_OWNER='***' AIRFLOW_CTX_DAG_ID='weather_etl_pipeline' AIRFLOW_CTX_TASK_ID='load_dim_datetime' AIRFLOW_CTX_EXECUTION_DATE='2025-12-29T01:00:51.546635+00:00' AIRFLOW_CTX_TRY_NUMBER='1' AIRFLOW_CTX_DAG_RUN_ID='manual__2025-12-29T01:00:51.546635+00:00'
[2025-12-29T01:00:58.270+0000] {taskinstance.py:430} INFO - ::endgroup::
[2025-12-29T01:00:58.274+0000] {sql.py:276} INFO - Executing: INSERT INTO dim_datetime (
    datetime_id,
    observed_at,
    date,
    hour,
    day,
    month,
    year
)
SELECT DISTINCT
    (weather_json->>'dt')::BIGINT                     AS datetime_id,
    to_timestamp((weather_json->>'dt')::BIGINT)       AS observed_at,
    DATE(to_timestamp((weather_json->>'dt')::BIGINT)) AS date,
    EXTRACT(HOUR  FROM to_timestamp((weather_json->>'dt')::BIGINT))::INT AS hour,
    EXTRACT(DAY   FROM to_timestamp((weather_json->>'dt')::BIGINT))::INT AS day,
    EXTRACT(MONTH FROM to_timestamp((weather_json->>'dt')::BIGINT))::INT AS month,
    EXTRACT(YEAR  FROM to_timestamp((weather_json->>'dt')::BIGINT))::INT AS year
FROM staging_weather
ON CONFLICT (datetime_id) DO NOTHING;
[2025-12-29T01:00:58.277+0000] {base.py:84} INFO - Using connection ID 'weather' for task execution.
[2025-12-29T01:00:58.280+0000] {base.py:84} INFO - Using connection ID 'weather' for task execution.
[2025-12-29T01:00:58.282+0000] {sql.py:470} INFO - Running statement: INSERT INTO dim_datetime (
    datetime_id,
    observed_at,
    date,
    hour,
    day,
    month,
    year
)
SELECT DISTINCT
    (weather_json->>'dt')::BIGINT                     AS datetime_id,
    to_timestamp((weather_json->>'dt')::BIGINT)       AS observed_at,
    DATE(to_timestamp((weather_json->>'dt')::BIGINT)) AS date,
    EXTRACT(HOUR  FROM to_timestamp((weather_json->>'dt')::BIGINT))::INT AS hour,
    EXTRACT(DAY   FROM to_timestamp((weather_json->>'dt')::BIGINT))::INT AS day,
    EXTRACT(MONTH FROM to_timestamp((weather_json->>'dt')::BIGINT))::INT AS month,
    EXTRACT(YEAR  FROM to_timestamp((weather_json->>'dt')::BIGINT))::INT AS year
FROM staging_weather
ON CONFLICT (datetime_id) DO NOTHING;, parameters: None
[2025-12-29T01:00:58.282+0000] {sql.py:479} INFO - Rows affected: 0
[2025-12-29T01:00:58.283+0000] {taskinstance.py:441} INFO - ::group::Post task execution logs
[2025-12-29T01:00:58.286+0000] {taskinstance.py:1206} INFO - Marking task as SUCCESS. dag_id=weather_etl_pipeline, task_id=load_dim_datetime, run_id=manual__2025-12-29T01:00:51.546635+00:00, execution_date=20251229T010051, start_date=20251229T010058, end_date=20251229T010058
[2025-12-29T01:00:58.329+0000] {local_task_job_runner.py:240} INFO - Task exited with return code 0
[2025-12-29T01:00:58.334+0000] {logging_mixin.py:188} WARNING - /home/***/.local/lib/python3.12/site-packages/***/models/baseoperator.py:1296 AirflowProviderDeprecationWarning: Call to deprecated class PostgresOperator. (Please use `***.providers.common.sql.operators.sql.SQLExecuteQueryOperator`.Also, you can provide `hook_params={'schema': <database>}`.)
[2025-12-29T01:00:58.339+0000] {taskinstance.py:3498} INFO - 1 downstream tasks scheduled from follow-on schedule check
[2025-12-29T01:00:58.340+0000] {local_task_job_runner.py:222} INFO - ::endgroup::
